*** Darwin 8x8 ***
Turn = 0.
  01234567
0 f.......
1 ........
2 ........
3 ...hh...
4 ...hh...
5 ........
6 ........
7 .......f

Turn = 1.
  01234567
0 f.......
1 ........
2 ...h....
3 .....h..
4 ..h.....
5 ....h...
6 ........
7 .......f

Turn = 2.
  01234567
0 f.......
1 ...h....
2 ........
3 ......h.
4 .h......
5 ........
6 ....h...
7 .......f

Turn = 3.
  01234567
0 f..h....
1 ........
2 ........
3 .......h
4 h.......
5 ........
6 ........
7 ....h..f

Turn = 4.
  01234567
0 f..h....
1 ........
2 ........
3 .......h
4 h.......
5 ........
6 ........
7 ....h..f

Turn = 5.
  01234567
0 f..h....
1 ........
2 ........
3 .......h
4 h.......
5 ........
6 ........
7 ....h..f

*** Darwin 7x9 ***
Turn = 0.
  012345678
0 t........
1 .........
2 .........
3 ..h......
4 .........
5 ....r....
6 ........t

Turn = 1.
  012345678
0 t........
1 .........
2 .........
3 ...h.....
4 ....r....
5 .........
6 ........t

Turn = 2.
  012345678
0 t........
1 .........
2 .........
3 ....r....
4 ....r....
5 .........
6 ........t

Turn = 3.
  012345678
0 t........
1 .........
2 .........
3 ....rr...
4 .........
5 .........
6 ........t

Turn = 4.
  012345678
0 t........
1 .........
2 ....r....
3 ......r..
4 .........
5 .........
6 ........t

Turn = 5.
  012345678
0 t........
1 ....r....
2 .........
3 .......r.
4 .........
5 .........
6 ........t

*** Darwin 1x5 ***
Turn = 0.
  01234
0 thhht

Turn = 1.
  01234
0 tthtt

Turn = 2.
  01234
0 tthtt

Turn = 3.
  01234
0 ttttt

Turn = 4.
  01234
0 ttttt

Turn = 5.
  01234
0 ttttt

*** Darwin 1x5 ***
Turn = 0.
  01234
0 thhht

Turn = 1.
  01234
0 thhht

Turn = 2.
  01234
0 thhtt

Turn = 3.
  01234
0 tthtt

Turn = 4.
  01234
0 ttttt

Turn = 5.
  01234
0 ttttt

*** Darwin 15x15 ***
Turn = 0.
  012345678901234
0 tffffrf........
1 ...............
2 ...............
3 ...............
4 ...............
5 ...............
6 ...............
7 ...............
8 ...............
9 ...............
0 ..........r....
1 ..........ff...
2 ............f..
3 .............r.
4 ...............

Turn = 1.
  012345678901234
0 tffffrf........
1 ...............
2 ...............
3 ...............
4 ...............
5 ...............
6 ...............
7 ...............
8 ...............
9 ...............
0 ...........r...
1 ..........ff...
2 ............f..
3 ..............r
4 ...............

Turn = 2.
  012345678901234
0 tffffrr........
1 ...............
2 ...............
3 ...............
4 ...............
5 ...............
6 ...............
7 ...............
8 ...............
9 ...............
0 ............r..
1 ..........ff...
2 ............f..
3 ..............r
4 ...............

Turn = 3.
  012345678901234
0 tffffr.........
1 ......r........
2 ...............
3 ...............
4 ...............
5 ...............
6 ...............
7 ...............
8 ...............
9 ...............
0 .............r.
1 ..........ff...
2 ............f..
3 ...............
4 ..............r

Turn = 4.
  012345678901234
0 tttttt.........
1 ...............
2 ......r........
3 ...............
4 ...............
5 ...............
6 ...............
7 ...............
8 ...............
9 ...............
0 ..............r
1 ..........ff...
2 ............f..
3 ...............
4 ..............r

Turn = 5.
  012345678901234
0 tttttt.........
1 ...............
2 ...............
3 ......r........
4 ...............
5 ...............
6 ...............
7 ...............
8 ...............
9 ...............
0 ..............r
1 ..........ff...
2 ............f..
3 ...............
4 .............r.

Turn = 6.
  012345678901234
0 tttttt.........
1 ...............
2 ...............
3 ...............
4 ......r........
5 ...............
6 ...............
7 ...............
8 ...............
9 ...............
0 ...............
1 ..........ff..r
2 ............f..
3 ...............
4 ............r..

Turn = 7.
  012345678901234
0 tttttt.........
1 ...............
2 ...............
3 ...............
4 ...............
5 ......r........
6 ...............
7 ...............
8 ...............
9 ...............
0 ...............
1 ..........ff...
2 ............f.r
3 ...............
4 ...........r...

Turn = 8.
  012345678901234
0 tttttt.........
1 ...............
2 ...............
3 ...............
4 ...............
5 ...............
6 ......r........
7 ...............
8 ...............
9 ...............
0 ...............
1 ..........ff...
2 ............f..
3 ..............r
4 ..........r....

Turn = 9.
  012345678901234
0 tttttt.........
1 ...............
2 ...............
3 ...............
4 ...............
5 ...............
6 ...............
7 ......r........
8 ...............
9 ...............
0 ...............
1 ..........ff...
2 ............f..
3 ...............
4 .........r....r

Turn = 10.
  012345678901234
0 tttttt.........
1 ...............
2 ...............
3 ...............
4 ...............
5 ...............
6 ...............
7 ...............
8 ......r........
9 ...............
0 ...............
1 ..........ff...
2 ............f..
3 ...............
4 ........r.....r

*** Darwin 20x20 ***
Turn = 0.
  01234567890123456789
0 rffffrrrrtttttffffff
1 ....................
2 ....................
3 ....................
4 ....................
5 .....hhhhhhhhh......
6 .....rrrttttt.......
7 ....................
8 ....................
9 ....................
0 ..........tttttt....
1 ....................
2 ....................
3 ....................
4 ....................
5 ....................
6 ....................
7 .................hhh
8 ..................hh
9 ...................h

Turn = 1.
  01234567890123456789
0 rrfffrrrrrrrrrrfffff
1 ....................
2 ....................
3 ....................
4 ....................
5 .....rrrthhhh.......
6 .....rrrttttth......
7 ....................
8 ....................
9 ....................
0 ..........tttttt....
1 ....................
2 ....................
3 ....................
4 ....................
5 ....................
6 ....................
7 ..................hh
8 .................h.h
9 ..................hh

Turn = 2.
  01234567890123456789
0 rrrffr..rrrrrrrrffff
1 ......rr............
2 ....................
3 ....................
4 ....................
5 .....rrrthhth.......
6 .....rrrttttt.......
7 .............h......
8 ....................
9 ....................
0 ..........tttttt....
1 ....................
2 ....................
3 ....................
4 ....................
5 ....................
6 ....................
7 ...................h
8 ..................hh
9 .................hhh

Turn = 3.
  01234567890123456789
0 .r.frr....r.r.rrffff
1 r.r.....rr.r.r......
2 ......rr............
3 ....................
4 ....................
5 .....rrrrrtth.......
6 ....rr.rrrttt.......
7 ....................
8 .............h......
9 ....................
0 ..........tttttt....
1 ....................
2 ....................
3 ....................
4 ....................
5 ....................
6 ....................
7 ...................h
8 ..................hh
9 .................hhh

Turn = 4.
  01234567890123456789
0 .r.frr.....r.rrrffff
1 ....................
2 r.r.....rr.r.r......
3 ......rr............
4 .....r..............
5 .......rrrrtt.......
6 ...rr.rrrrttt.......
7 ....................
8 ....................
9 .............h......
0 ..........tttttt....
1 ....................
2 ....................
3 ....................
4 ....................
5 ....................
6 ....................
7 ...................h
8 ..................hh
9 .................hhh

Turn = 5.
  01234567890123456789
0 ..rfr.......rrrrffff
1 .....r..............
2 ....................
3 r.r..r..rr.r.r......
4 ......rr............
5 .......rrrrr.r......
6 ..rr...r.rttt.......
7 ......rr............
8 ....................
9 .............h......
0 ..........tttttt....
1 ....................
2 ....................
3 ....................
4 ....................
5 ....................
6 ....................
7 ...................h
8 ..................hh
9 .................hhh

Turn = 6.
  01234567890123456789
0 ..rr.r......r.rrrfff
1 .............r......
2 .....r..............
3 .....r..............
4 r.r....rrr.r.r......
5 ......rrrrr.r.r.....
6 .rr...r..rttt.......
7 ....................
8 ......rr............
9 .............t......
0 ..........tttttt....
1 ....................
2 ....................
3 ....................
4 ....................
5 ....................
6 ....................
7 ...................h
8 ..................hh
9 .................hhh

Turn = 7.
  01234567890123456789
0 ..rr..r.....r.rr.fff
1 ................r...
2 .....r.......r......
3 ......r.............
4 .......rrrr.........
5 r.r...rrrr.rrr.r....
6 rr...r...r.tt.......
7 ..........r.........
8 ....................
9 ......rr.....t......
0 ..........tttttt....
1 ....................
2 ....................
3 ....................
4 ....................
5 ....................
6 ....................
7 ...................h
8 ..................hh
9 .................hhh

Turn = 8.
  01234567890123456789
0 ....r..r.....rr..fff
1 ..r............r....
2 ......r.........r...
3 .......r..r..r......
4 .......rrr..r.......
5 r....r.rrr.r....r...
6 rrr.r.....r.tr......
7 ...........r........
8 ..........r.........
9 .............t......
0 ......rr..tttttt....
1 ....................
2 ....................
3 ....................
4 ....................
5 ....................
6 ....................
7 ...................h
8 ..................hh
9 .................hhh

Turn = 9.
  01234567890123456789
0 .....r..r....r.r.fff
1 ....................
2 ..r....r..r....r....
3 ........r...r...r...
4 .......rrr...r......
5 .r..r.....r......r..
6 ...r...rr.rtt.......
7 rrr..........r......
8 ...........r........
9 ..........r..t......
0 ..........tttttt....
1 ......rr............
2 ....................
3 ....................
4 ....................
5 ....................
6 ....................
7 ...................h
8 ..................hh
9 .................hhh

*** Darwin 8x10 ***
Turn = 0.
  0123456789
0 hhhtrrft..
1 hhhtrrft..
2 hhftrtft..
3 hhhfrrf...
4 hhhtrrf...
5 hhhthrf...
6 hhhtrrf...
7 hhhtrrfr..

Turn = 2.
  0123456789
0 hhttrrtt..
1 hhtrrttt..
2 hhfttrtt..
3 hhttrrf...
4 hhttrrr...
5 hhttrttr..
6 hhhtttt...
7 hhhrrrf...

Turn = 4.
  0123456789
0 htttrttt..
1 httttttt..
2 hhttrrtt..
3 hhttrrrr..
4 htttrrr...
5 htttttt...
6 hhrrrrt...
7 hhhrrrt...

Turn = 6.
  0123456789
0 tttttttt..
1 tttttrtr..
2 httrrrtr..
3 httttrrr..
4 tttttrt...
5 ttttttt...
6 hhtrrtt...
7 hhhrrtt...

Turn = 8.
  0123456789
0 tttttttt..
1 ttttrrrr..
2 tttttrrrr.
3 tttttrr...
4 tttttrr...
5 ttttttt...
6 htttttt...
7 hhhtttt...

Turn = 10.
  0123456789
0 tttttttt..
1 ttttttrr..
2 ttttttr.rr
3 ttttttt...
4 ttttttr...
5 tttttt.r..
6 tttttt.r..
7 htttttt...

Turn = 12.
  0123456789
0 tttttttt..
1 ttttttttr.
2 tttttt.r..
3 ttttttt...
4 tttttt...r
5 ttttttt..r
6 tttttt...r
7 ttttttt...

Turn = 14.
  0123456789
0 ttttttttr.
1 tttttttt..
2 tttttt.t..
3 ttttttt...
4 tttttt...r
5 ttttttt..r
6 tttttt...r
7 ttttttt...