*** Darwin 2x11 ***
Turn = 0.
  01234567890
0 ..f.fh.r.ht
1 .rhr..ft.t.

Turn = 1.
  01234567890
0 .rf.f..r.ht
1 ..hr.hft.t.

Turn = 2.
  01234567890
0 .rf.f...rtt
1 ..h.rhft.t.

*** Darwin 8x15 ***
Turn = 0.
  012345678901234
0 ..f......r....f
1 ...t...........
2 f..............
3 ..............r
4 ...........r...
5 ..f...t........
6 ..........r....
7 r....f.f.......

Turn = 5.
  012345678901234
0 ..f.r.........r
1 ...t..........r
2 f..............
3 r..............
4 ......r........
5 ..f...t........
6 ......t........
7 .....f.f.......

*** Darwin 1x4 ***
Turn = 0.
  0123
0 .ff.

*** Darwin 2x11 ***
Turn = 0.
  01234567890
0 h.rft.thft.
1 ..hh.....t.

*** Darwin 10x14 ***
Turn = 0.
  01234567890123
0 ..t...h...r.h.
1 .....r.r..ft..
2 .ft..tf..t...f
3 t..trt..ht.f..
4 .t.....tr.trt.
5 f...r.....f...
6 .fr...hffrrhr.
7 rrf..f.hff.tf.
8 hr..tf...hrr..
9 ht..f..rf..h..

Turn = 3.
  01234567890123
0 ..th........r.
1 ..r......r.rt.
2 .tt..tt..ttr.f
3 tr..rth.tt.r..
4 .tt.r..tttt.t.
5 rr........t...
6 .f.....ff.th..
7 .r...t.hfrr.fr
8 rr..tt...r..r.
9 rrr.rr..f.rh..

Turn = 6.
  01234567890123
0 ..tt..........
1 r.........rttr
2 .tt..t.r.tr..f
3 rt...t.ttt.r.r
4 ttrrr..ttrt.t.
5 ..r......rt...
6 .f.....ff.tt..
7 r....t.hr...f.
8 r..rrr..r..r..
9 rr.rrr..rr.hrr

Turn = 9.
  01234567890123
0 .rtt..........
1 ..........r.tt
2 .tt..t...rrrrr
3 tt...t.tttr...
4 trr....tttrtt.
5 .r.......r....
6 r......rr.tt.r
7 .r.rrt.rrr..f.
8 r.rrrrrrr....r
9 ..rr.r.....rrr

*** Darwin 1x1 ***
Turn = 0.
  0
0 r

Turn = 5.
  0
0 r

*** Darwin 9x9 ***
Turn = 0.
  012345678
0 fhfh..fth
1 ....ttf.h
2 ththh...f
3 t.fhrfr.r
4 fthhhh..t
5 t..tf.tt.
6 .f..hrhhh
7 hh.r..t..
8 hf..rrf.t

Turn = 1.
  012345678
0 f.fh..ftt
1 .h..ttf.t
2 thttr...f
3 t.thrf.rr
4 ttthhh..r
5 t..tfrtt.
6 .f.rh.hhh
7 h.h...t..
8 hf.rr.t.t

Turn = 2.
  012345678
0 f.fh..ftt
1 .t..ttf.t
2 ttttr...f
3 t.ttrf.rr
4 tttthr..r
5 t..tfrtt.
6 .f.th.thh
7 h..h..t..
8 hfrr..t.t

Turn = 3.
  012345678
0 f.fh..ttt
1 .t..ttt.t
2 ttttt..rf
3 t.tttf.r.
4 ttttrr...
5 t..tfrttr
6 .f.th.tth
7 h...h.t..
8 hrrr..t.t

Turn = 4.
  012345678
0 f.fh..ttt
1 .t..tttrt
2 ttttt...t
3 t.ttrfr..
4 ttttrr...
5 t..ttrrrr
6 .f.tt.trr
7 h..r.ht..
8 hrr...t.t

*** Darwin 12x1 ***
Turn = 0.
  0
0 .
1 .
2 .
3 .
4 .
5 .
6 h
7 .
8 .
9 .
0 .
1 .

Turn = 3.
  0
0 .
1 .
2 .
3 .
4 .
5 .
6 h
7 .
8 .
9 .
0 .
1 .

Turn = 6.
  0
0 .
1 .
2 .
3 .
4 .
5 .
6 h
7 .
8 .
9 .
0 .
1 .

*** Darwin 13x4 ***
Turn = 0.
  0123
0 ....
1 ....
2 ..h.
3 ....
4 ....
5 ....
6 ..r.
7 ....
8 h...
9 ....
0 ....
1 ..h.
2 ...r

Turn = 3.
  0123
0 ....
1 ....
2 h...
3 ..r.
4 ....
5 h...
6 ....
7 ....
8 ..h.
9 ....
0 ....
1 ....
2 r...

Turn = 6.
  0123
0 ..r.
1 ....
2 h...
3 h...
4 ....
5 ..h.
6 ....
7 ....
8 ....
9 ....
0 r...
1 ....
2 ....

Turn = 9.
  0123
0 r...
1 ....
2 h.h.
3 h...
4 ....
5 ....
6 ....
7 r...
8 ....
9 ....
0 ....
1 ....
2 ....

*** Darwin 13x12 ***
Turn = 0.
  012345678901
0 .h...h..f.h.
1 r.hh.th.....
2 ...h..f..fr.
3 r.f......rrh
4 ...t.h.r....
5 ...........t
6 r.rr.r.h...t
7 h.t.........
8 .ht...h...f.
9 ...r....f.fr
0 ...h.rh.....
1 f.....t..h..
2 ...r..t..f..

Turn = 4.
  012345678901
0 .r...tt.f.rh
1 .rrr.t......
2 ..r..tt..f.r
3 ..f..h.....r
4 ...t........
5 ..rr.......t
6 .........rtr
7 ...........r
8 ..rrh..r..f.
9 rr......f.f.
0 rrrr..t.....
1 ......th....
2 rr...rr..f..

*** Darwin 2x15 ***
Turn = 0.
  012345678901234
0 ............t..
1 .t.............

Turn = 4.
  012345678901234
0 ............t..
1 .t.............

*** Darwin 16x7 ***
Turn = 0.
  0123456
0 .t..t..
1 ..rf.h.
2 ...r..h
3 rffh...
4 hfh.r.f
5 ..th..t
6 ..t..f.
7 r..f..t
8 ...fh.h
9 ....htf
0 ......r
1 ...f.h.
2 ..r..rf
3 t..f..r
4 fr.....
5 .fh..h.

Turn = 3.
  0123456
0 .t.rt..
1 r..f..h
2 ......h
3 .ftt..r
4 hftt..t
5 ..th..t
6 ..t..f.
7 ...f..t
8 ...ft.t
9 ..r.tr.
0 r....rr
1 ...fh..
2 ..r...f
3 t..rr..
4 tt.....
5 .t...hh

Turn = 6.
  0123456
0 rt...rr
1 ...f..h
2 ......h
3 .ttt..t
4 httt..t
5 ..tt..t
6 ..r..f.
7 ..rt..t
8 ...tt.t
9 ..r.t..
0 .......
1 ...fh.r
2 r.....r
3 rrr..r.
4 rt.....
5 .t.r.hh

*** Darwin 10x11 ***
Turn = 0.
  01234567890
0 ...........
1 ...........
2 ...........
3 ...........
4 .......t...
5 .r.........
6 ...........
7 .......r...
8 ...........
9 ......t...f

Turn = 1.
  01234567890
0 ...........
1 ...........
2 ...........
3 ...........
4 .......t...
5 r..........
6 ...........
7 ...........
8 .......r...
9 ......t...f

Turn = 2.
  01234567890
0 ...........
1 ...........
2 ...........
3 ...........
4 .......t...
5 r..........
6 ...........
7 ...........
8 ...........
9 ......tr..f

Turn = 3.
  01234567890
0 ...........
1 ...........
2 ...........
3 ...........
4 r......t...
5 ...........
6 ...........
7 ...........
8 ...........
9 ......tt..f

Turn = 4.
  01234567890
0 ...........
1 ...........
2 ...........
3 r..........
4 .......t...
5 ...........
6 ...........
7 ...........
8 ...........
9 ......tt..f

Turn = 5.
  01234567890
0 ...........
1 ...........
2 r..........
3 ...........
4 .......t...
5 ...........
6 ...........
7 ...........
8 ...........
9 ......tt..f

Turn = 6.
  01234567890
0 ...........
1 r..........
2 ...........
3 ...........
4 .......t...
5 ...........
6 ...........
7 ...........
8 ...........
9 ......tt..f

*** Darwin 13x4 ***
Turn = 0.
  0123
0 ....
1 ....
2 ....
3 ....
4 ....
5 ..f.
6 ....
7 ....
8 ....
9 ....
0 ....
1 ....
2 ....

Turn = 2.
  0123
0 ....
1 ....
2 ....
3 ....
4 ....
5 ..f.
6 ....
7 ....
8 ....
9 ....
0 ....
1 ....
2 ....

*** Darwin 9x16 ***
Turn = 0.
  0123456789012345
0 fr...h.t.r.t..r.
1 ......fr..h.f..h
2 .rrf...r.f...f.r
3 ..tt............
4 rhr.f.r...h....t
5 ...rr......t....
6 .tt......h.f..t.
7 .hr...tt.hrt...t
8 tt..f.r..t.rt...

Turn = 1.
  0123456789012345
0 rr...h.t...t.r.h
1 ......f.rrh.f...
2 r.rf.....f...f..
3 ..rr...r.......r
4 rr.rf..........t
5 ...r..r...tt....
6 .tt.r...h..f..t.
7 .t....tthr.t...t
8 ttt.f.t..t.tt...

Turn = 2.
  0123456789012345
0 rr...h.t...tr..h
1 ......f.rrh.f...
2 r.rr.........f..
3 ..rr.....r.....r
4 r..rr..r.......r
5 .r........tt....
6 .ttr..rh...f..t.
7 .t..r.ttrr.t...t
8 ttt.f.t..t.tt...

Turn = 3.
  0123456789012345
0 rr...h.t...tt..h
1 ...r..f..h..f...
2 ..rr....rr...f..
3 r..............r
4 ..rr.....r......
5 rr..r..r..tt...r
6 .rr...rh...t..t.
7 .t.rr.rrrt.t...t
8 ttt.r.t..t.tt...

Turn = 4.
  0123456789012345
0 r.rr.h.t...tt..h
1 ...r..f.h...t...
2 .............f..
3 ..rr....rr.....r
4 r...............
5 .rr....r.rtt....
6 rtr.r.rr...t..tr
7 .t..r.rr.t.t...t
8 tttr.rt.rt.tt...

Turn = 5.
  0123456789012345
0 .rrr.h.t...tt..h
1 ...r..fh....t...
2 ...r.........f..
3 ................
4 ..r.....rr.....r
5 rtr....r..tt....
6 .tr.rr.r.r.t..tt
7 rt.r..rr.t.t...t
8 tttr.rr.tt.tt...

Turn = 6.
  0123456789012345
0 .rrr.h.t...tt..h
1 ...rr.fh....t...
2 .............f..
3 ................
4 ..r.............
5 .tr....rrrtt...r
6 rtrrr.rr.r.t..tt
7 rtr...r..r.t...t
8 rrrr.r.rtt.tt...

Turn = 7.
  0123456789012345
0 .r.r.h.t...tt..h
1 .r.r.rtt....t...
2 .............f..
3 ................
4 .r.....r........
5 .tt....r.rtt...r
6 rtrrrr..rr.t..tr
7 rrrr.r...r.t...t
8 rrr...rrrr.tt...

Turn = 8.
  0123456789012345
0 r...rh.t...tt..h
1 ....rrrr....t...
2 .r...........f..
3 .......r........
4 r......r..r.....
5 .tt.r....r.t...r
6 rrtrr...r..t..tr
7 rrrrr...rr.t...t
8 rrr...rrrr.tt...

Turn = 9.
  0123456789012345
0 r...rr.r...tt..h
1 ....rrrr....t...
2 .......r.....f..
3 .r.....r..r.....
4 r...r...........
5 .tt.......rt..rr
6 rrrrr..r...t..t.
7 rrrrr..rr.tt...t
8 rr.r..rr.r.tt...

*** Darwin 6x2 ***
Turn = 0.
  01
0 r.
1 ..
2 t.
3 .h
4 f.
5 ..

Turn = 5.
  01
0 ..
1 ..
2 tt
3 t.
4 t.
5 ..

*** Darwin 8x14 ***
Turn = 0.
  01234567890123
0 ....t..tt...h.
1 fh.....f......
2 tr..rh...f....
3 .rh.t......f..
4 ..t.....t....t
5 ..t.t..t.r.f..
6 .h....f.r.f...
7 h.....tf.hhf.f

Turn = 3.
  01234567890123
0 ....t..tt.....
1 f.h....f......
2 tt.rr....f....
3 .r.........fh.
4 r.t.t...t....t
5 ..t.t..tt..f..
6 h.....t..rr...
7 h.....tf.hhf.f

*** Darwin 7x6 ***
Turn = 0.
  012345
0 h.hrh.
1 .hrfhr
2 ff..tf
3 .t..t.
4 rr...f
5 ..r...
6 .f.fh.

Turn = 3.
  012345
0 .rrh.r
1 rrr.t.
2 rf.ttf
3 .t..t.
4 .t.rhf
5 r.....
6 .f.f..

Turn = 6.
  012345
0 rtrh..
1 rt.tt.
2 rt.ttt
3 .t..tr
4 .t..tr
5 ......
6 .rrr..

*** Darwin 7x12 ***
Turn = 0.
  012345678901
0 ..t..hh....f
1 .f.........h
2 ...h...h....
3 ...f.h......
4 .........tr.
5 t....f.fh.t.
6 .t..f.rfrt.t

Turn = 3.
  012345678901
0 ..thh..h...f
1 .f..........
2 ...h........
3 ...f........
4 .....h.r.tth
5 t....f.r..t.
6 .t..rr.rtt.t

Turn = 6.
  012345678901
0 ..tth..h...f
1 .f.....r....
2 ...h........
3 ...f........
4 .....h...tt.
5 t...rr....tt
6 .rrrr...tt.t

*** Darwin 10x14 ***
Turn = 0.
  01234567890123
0 r.............
1 .r............
2 ...r..........
3 ...ht.......f.
4 ..............
5 ....r....t...f
6 .....h...t....
7 ..............
8 ..............
9 ..t...........

Turn = 4.
  01234567890123
0 ..rr..........
1 ..............
2 ....r.........
3 ..r.r.......f.
4 ..............
5 .r.......t...f
6 ........ht....
7 ..............
8 ..............
9 ..t...........

Turn = 8.
  01234567890123
0 .r............
1 ..............
2 r.............
3 ..rr...r....f.
4 ..............
5 .........t...f
6 ........tt....
7 ..............
8 ..............
9 .rt...........
