*** Darwin 8x8 ***
Turn = 0.
  01234567
0 f.......
1 ........
2 ........
3 ...hh...
4 ...hh...
5 ........
6 ........
7 .......f

Turn = 1.
  01234567
0 f.......
1 ........
2 ...h....
3 .....h..
4 ..h.....
5 ....h...
6 ........
7 .......f

Turn = 2.
  01234567
0 f.......
1 ...h....
2 ........
3 ......h.
4 .h......
5 ........
6 ....h...
7 .......f

Turn = 3.
  01234567
0 f..h....
1 ........
2 ........
3 .......h
4 h.......
5 ........
6 ........
7 ....h..f

Turn = 4.
  01234567
0 f..h....
1 ........
2 ........
3 .......h
4 h.......
5 ........
6 ........
7 ....h..f

Turn = 5.
  01234567
0 f..h....
1 ........
2 ........
3 .......h
4 h.......
5 ........
6 ........
7 ....h..f

*** Darwin 7x9 ***
Turn = 0.
  012345678
0 t........
1 .........
2 .........
3 ..h......
4 .........
5 ....r....
6 ........t

Turn = 1.
  012345678
0 t........
1 .........
2 .........
3 ...h.....
4 ....r....
5 .........
6 ........t

Turn = 2.
  012345678
0 t........
1 .........
2 .........
3 ....r....
4 ....r....
5 .........
6 ........t

Turn = 3.
  012345678
0 t........
1 .........
2 .........
3 ....rr...
4 .........
5 .........
6 ........t

Turn = 4.
  012345678
0 t........
1 .........
2 ....r....
3 ......r..
4 .........
5 .........
6 ........t

Turn = 5.
  012345678
0 t........
1 ....r....
2 .........
3 .......r.
4 .........
5 .........
6 ........t

*** Darwin 1x1 ***
Turn = 0.
  0
0 h

Turn = 1.
  0
0 h

Turn = 2.
  0
0 h

Turn = 3.
  0
0 h

*** Darwin 1x1 ***
Turn = 0.
  0
0 r

Turn = 1.
  0
0 r

Turn = 2.
  0
0 r

Turn = 3.
  0
0 r

*** Darwin 4x4 ***
Turn = 0.
  0123
0 r...
1 ....
2 ....
3 h...

Turn = 2.
  0123
0 ....
1 r...
2 r...
3 ....

Turn = 4.
  0123
0 ....
1 .r..
2 ..r.
3 ....

Turn = 6.
  0123
0 ....
1 ...r
2 ...r
3 ....

Turn = 8.
  0123
0 ....
1 ....
2 ...r
3 ...r

Turn = 10.
  0123
0 ....
1 ....
2 ..r.
3 .r..

*** Darwin 3x3 ***
Turn = 0.
  012
0 rtr
1 trt
2 rtr

Turn = 1.
  012
0 rrr
1 ttt
2 rrr

Turn = 2.
  012
0 rtt
1 ttt
2 rrr

Turn = 3.
  012
0 rrt
1 rrt
2 rrr

Turn = 4.
  012
0 rrr
1 rrr
2 rrr

Turn = 5.
  012
0 rrr
1 rrr
2 rrr

Turn = 6.
  012
0 rrr
1 rrr
2 rrr

Turn = 7.
  012
0 rrr
1 rrr
2 rrr

Turn = 8.
  012
0 rrr
1 rrr
2 rrr

Turn = 9.
  012
0 rrr
1 rrr
2 rrr

Turn = 10.
  012
0 rrr
1 rrr
2 rrr

*** Darwin 10x10 ***
Turn = 0.
  0123456789
0 t.........
1 .r........
2 ..ff..r...
3 .......t..
4 .....h....
5 ..........
6 ..f.......
7 ..t.......
8 ..........
9 .........h

Turn = 3.
  0123456789
0 tt........
1 ..........
2 ..ff...t..
3 .......t..
4 ..........
5 ..........
6 ..t.......
7 ..t..h....
8 ..........
9 ......h...

Turn = 6.
  0123456789
0 tt........
1 ..........
2 ..ff...t..
3 .......t..
4 ..........
5 ..........
6 ..t.......
7 ..t.......
8 ..........
9 ...h.h....

Turn = 9.
  0123456789
0 tt........
1 ..........
2 ..ff...t..
3 .......t..
4 ..........
5 ..........
6 ..t.......
7 ..t.......
8 ..........
9 h....h....

Turn = 12.
  0123456789
0 tt........
1 ..........
2 ..ff...t..
3 .......t..
4 ..........
5 ..........
6 ..t.......
7 ..t.......
8 ..........
9 h....h....

Turn = 15.
  0123456789
0 tt........
1 ..........
2 ..ff...t..
3 .......t..
4 ..........
5 ..........
6 ..t.......
7 ..t.......
8 ..........
9 h....h....

*** Darwin 10x10 ***
Turn = 0.
  0123456789
0 t.....t...
1 .r......r.
2 frff..r.f.
3 .t.....t..
4 .....h...h
5 ..........
6 ..f.....f.
7 ..t......t
8 ..........
9 .h.......h

Turn = 4.
  0123456789
0 tt....rr..
1 .......r..
2 ftt...r.t.
3 .t.....t..
4 ..........
5 ..........
6 ..t.....fh
7 ..t......t
8 .....h....
9 h....h....

Turn = 8.
  0123456789
0 ttrr.....r
1 .........r
2 ttt....t..
3 .t.....t..
4 ..........
5 ..........
6 ..t.....ft
7 ..t......t
8 ..........
9 hh...h....

Turn = 12.
  0123456789
0 rrr....r.r
1 .r........
2 t.t....t..
3 tr.....t..
4 ..........
5 ..........
6 ..t.....tt
7 ..t......t
8 ..........
9 hh...h....

Turn = 16.
  0123456789
0 .r.rr.r...
1 .r........
2 t.t....t..
3 t......t..
4 .r........
5 ..........
6 .tt.....tt
7 ..t......t
8 ..........
9 hh...h....

Turn = 20.
  0123456789
0 ..rr.r....
1 ..........
2 t.t..r.t..
3 t..r...t..
4 ..r.......
5 r.........
6 ..r.....tt
7 ..t......t
8 ..........
9 hh...h....

*** Darwin 10x10 ***
Turn = 0.
  0123456789
0 t.....h...
1 .r......f.
2 rhrt..f.t.
3 .h.....h..
4 .....r...t
5 ..........
6 ..f.....f.
7 ..r......f
8 ..........
9 .r.......f

Turn = 3.
  0123456789
0 tt.h...h..
1 ........t.
2 .r..rrr.t.
3 r.r.......
4 ..r......t
5 ..r.......
6 ........f.
7 .....r...f
8 r.........
9 .........f

Turn = 6.
  0123456789
0 ttt.r..h..
1 r.r.....t.
2 ..r.....t.
3 ....r.....
4 .....r...t
5 r.....r...
6 r.......f.
7 .........f
8 ..........
9 .....r...f

Turn = 9.
  0123456789
0 trr.r.rh..
1 tr......t.
2 r.......t.
3 ..........
4 .........t
5 r.........
6 ........f.
7 .....r...f
8 r.....r...
9 ..r......f

Turn = 12.
  0123456789
0 trrr...r..
1 tt....r.t.
2 ........t.
3 ..........
4 r........t
5 ..........
6 ........f.
7 .........f
8 r.........
9 rr...r.r.f

Turn = 15.
  0123456789
0 ttt..r..t.
1 tt......t.
2 ........t.
3 ..........
4 ......r..t
5 ..........
6 ........f.
7 r........f
8 r.........
9 ..rrr...rr

Turn = 18.
  0123456789
0 ttt....r.r
1 tt......t.
2 ........t.
3 ..........
4 .........t
5 ..........
6 r..r....r.
7 ..r...r.rr
8 ..r......r
9 .r........

*** Darwin 10x10 ***
Turn = 0.
  0123456789
0 f.........
1 .t........
2 ..h.......
3 ...r......
4 ....f.....
5 .....t....
6 ......h...
7 .......r..
8 ........f.
9 .........t

Turn = 1.
  0123456789
0 f.........
1 .t........
2 .h........
3 ..........
4 ...rf.....
5 .....t....
6 .....h....
7 ..........
8 .......rf.
9 .........t

Turn = 2.
  0123456789
0 f.........
1 .t........
2 h.........
3 ..........
4 ....f.....
5 ...r.t....
6 ....h.....
7 ..........
8 ........f.
9 .......r.t

Turn = 3.
  0123456789
0 f.........
1 .t........
2 h.........
3 ..........
4 ....f.....
5 .....t....
6 ...rh.....
7 ..........
8 ........f.
9 .......r.t

Turn = 4.
  0123456789
0 f.........
1 .t........
2 h.........
3 ..........
4 ....f.....
5 .....t....
6 ...h......
7 ...r......
8 ........f.
9 ......r..t

Turn = 5.
  0123456789
0 f.........
1 .t........
2 h.........
3 ..........
4 ....f.....
5 .....t....
6 ..h.......
7 ..........
8 ...r....f.
9 .....r...t

Turn = 6.
  0123456789
0 f.........
1 .t........
2 h.........
3 ..........
4 ....f.....
5 .....t....
6 .h........
7 ..........
8 ........f.
9 ...rr....t

Turn = 7.
  0123456789
0 f.........
1 .t........
2 h.........
3 ..........
4 ....f.....
5 .....t....
6 h.........
7 ..........
8 ........f.
9 ...rr....t

Turn = 8.
  0123456789
0 f.........
1 .t........
2 h.........
3 ..........
4 ....f.....
5 .....t....
6 h.........
7 ..........
8 ....r...f.
9 ...r.....t

Turn = 9.
  0123456789
0 f.........
1 .t........
2 h.........
3 ..........
4 ....f.....
5 .....t....
6 h.........
7 ....r.....
8 ........f.
9 ...r.....t

Turn = 10.
  0123456789
0 f.........
1 .t........
2 h.........
3 ..........
4 ....f.....
5 .....t....
6 h...r.....
7 ..........
8 ........f.
9 ..r......t

*** Darwin 10x10 ***
Turn = 0.
  0123456789
0 f........t
1 .t......h.
2 ..h....r..
3 ...r..f...
4 ....ft....
5 ....ht....
6 ...r..h...
7 ..f....r..
8 .t......f.
9 f........t

Turn = 1.
  0123456789
0 f........t
1 .t.....h..
2 .h........
3 ......fr..
4 ...rft....
5 ...h.t....
6 .....h....
7 ..fr......
8 .t.....rf.
9 f........t

Turn = 2.
  0123456789
0 f........t
1 .t....h...
2 h.........
3 ......f...
4 ...rtt.r..
5 ..r..t....
6 ....h.....
7 ..f.......
8 .t.r....f.
9 f......r.t

Turn = 3.
  0123456789
0 f........t
1 .t...h....
2 h.........
3 ......f...
4 ....tt....
5 .r.r.t.r..
6 ...h......
7 ..f.......
8 .t......f.
9 f..r...r.t

Turn = 4.
  0123456789
0 f........t
1 .t..h.....
2 h.........
3 ......f...
4 ....tt....
5 r..r.t....
6 ..r....r..
7 ..f.......
8 .t......f.
9 f..r..r..t

Turn = 5.
  0123456789
0 f........t
1 .t.h......
2 h.........
3 ......f...
4 ....tt....
5 r....t....
6 .r.r......
7 ..f....r..
8 .t......f.
9 f...rr...t

Turn = 6.
  0123456789
0 f........t
1 .th.......
2 h.........
3 ......f...
4 r...tt....
5 .....t....
6 r.........
7 ..fr......
8 .t.....rf.
9 f...rr...t

Turn = 7.
  0123456789
0 f........t
1 .th.......
2 h.........
3 r.....f...
4 ....tt....
5 .....t....
6 r.........
7 ..f.......
8 .t.r.r..f.
9 f...r..r.t

Turn = 8.
  0123456789
0 f........t
1 .tt.......
2 r.........
3 r.....f...
4 ....tt....
5 r....t....
6 ..........
7 ..f..r....
8 .t......f.
9 f..r.r.r.t

Turn = 9.
  0123456789
0 f........t
1 .tt.......
2 r.........
3 r.....f...
4 r...tt....
5 .....t....
6 .....r....
7 ..f.......
8 .t......f.
9 f..r..r.rt

Turn = 10.
  0123456789
0 f........t
1 rtt.......
2 ..........
3 rr....f...
4 ....tt....
5 .....r....
6 .....r....
7 ..f.......
8 .t......f.
9 f...r..rrr

*** Darwin 20x20 ***
Turn = 0.
  01234567890123456789
0 t........r..........
1 .f......r...........
2 ..r....t............
3 ...h..h.............
4 ....tf..............
5 ....rf..............
6 ...h..r.............
7 ..t....h............
8 .f......t...........
9 r........f..........
0 ....................
1 ....................
2 ....................
3 ....................
4 ....................
5 ....................
6 ....................
7 ....................
8 ....................
9 ....................

Turn = 2.
  01234567890123456789
0 t.........r.........
1 .f....r.............
2 r......t............
3 ........h...........
4 ...htt..............
5 ..r..f..............
6 ....r...............
7 ..tt................
8 .f......t...........
9 .......h.f..........
0 r...................
1 ....................
2 ....................
3 ....................
4 ....................
5 ....................
6 ....................
7 ....................
8 ....................
9 ....................

Turn = 4.
  01234567890123456789
0 t...........r.......
1 rf..r...............
2 .......t............
3 ..........h.........
4 ....tt..............
5 r..h.t..............
6 ..r.................
7 ..tt................
8 .f......t...........
9 .........f..........
0 ....................
1 .......h............
2 r...................
3 ....................
4 ....................
5 ....................
6 ....................
7 ....................
8 ....................
9 ....................

Turn = 6.
  01234567890123456789
0 r.............r.....
1 rfr.................
2 .......t............
3 ............h.......
4 r...tt..............
5 .....t..............
6 r..h................
7 ..tt................
8 .f......t...........
9 .........f..........
0 ....................
1 ....................
2 ....................
3 .......h............
4 r...................
5 ....................
6 ....................
7 ....................
8 ....................
9 ....................

Turn = 8.
  01234567890123456789
0 ..r.............r...
1 rr..................
2 r......t............
3 .r............h.....
4 ....tt..............
5 .....t..............
6 ...t................
7 r.tt................
8 .f......t...........
9 .........f..........
0 ....................
1 ....................
2 ....................
3 ....................
4 ....................
5 .......h............
6 r...................
7 ....................
8 ....................
9 ....................

Turn = 10.
  01234567890123456789
0 rr..r.............r.
1 r...................
2 .......t............
3 ................h...
4 ....tt..............
5 .r...t..............
6 ...t................
7 ..tt................
8 .f......t...........
9 r........f..........
0 ....................
1 ....................
2 ....................
3 ....................
4 ....................
5 ....................
6 ....................
7 .......h............
8 r...................
9 ....................

*** Darwin 4x4 ***
Turn = 0.
  0123
0 .tr.
1 .rt.
2 .tr.
3 .rt.

Turn = 1.
  0123
0 .tt.
1 .rr.
2 .tt.
3 .rr.

Turn = 2.
  0123
0 .tr.
1 .rr.
2 .tt.
3 .rr.

Turn = 3.
  0123
0 .tr.
1 .tr.
2 .tt.
3 .rr.

Turn = 4.
  0123
0 .rr.
1 .t.r
2 .tt.
3 .rr.

Turn = 5.
  0123
0 .rr.
1 ..rr
2 .tt.
3 .r.r

Turn = 6.
  0123
0 ..r.
1 .rr.
2 .ttr
3 .t.r

Turn = 7.
  0123
0 .r..
1 .rr.
2 .rrr
3 .r.r

Turn = 8.
  0123
0 r...
1 .rr.
2 .rr.
3 r.rr

Turn = 9.
  0123
0 r...
1 .r.r
2 .rrr
3 r.r.

Turn = 10.
  0123
0 ....
1 rr.r
2 ..rr
3 rr.r
