*** Darwin 8x8 ***
Turn = 0.
  01234567
0 f.......
1 ........
2 ........
3 ...hh...
4 ...hh...
5 ........
6 ........
7 .......f

Turn = 1.
  01234567
0 f.......
1 ........
2 ...h....
3 .....h..
4 ..h.....
5 ....h...
6 ........
7 .......f

Turn = 2.
  01234567
0 f.......
1 ...h....
2 ........
3 ......h.
4 .h......
5 ........
6 ....h...
7 .......f

Turn = 3.
  01234567
0 f..h....
1 ........
2 ........
3 .......h
4 h.......
5 ........
6 ........
7 ....h..f

Turn = 4.
  01234567
0 f..h....
1 ........
2 ........
3 .......h
4 h.......
5 ........
6 ........
7 ....h..f

Turn = 5.
  01234567
0 f..h....
1 ........
2 ........
3 .......h
4 h.......
5 ........
6 ........
7 ....h..f

*** Darwin 7x9 ***
Turn = 0.
  012345678
0 t........
1 .........
2 .........
3 ..h......
4 .........
5 ....r....
6 ........t

Turn = 1.
  012345678
0 t........
1 .........
2 .........
3 ...h.....
4 ....r....
5 .........
6 ........t

Turn = 2.
  012345678
0 t........
1 .........
2 .........
3 ....r....
4 ....r....
5 .........
6 ........t

Turn = 3.
  012345678
0 t........
1 .........
2 .........
3 ....rr...
4 .........
5 .........
6 ........t

Turn = 4.
  012345678
0 t........
1 .........
2 ....r....
3 ......r..
4 .........
5 .........
6 ........t

Turn = 5.
  012345678
0 t........
1 ....r....
2 .........
3 .......r.
4 .........
5 .........
6 ........t

*** Darwin 4x4 ***
Turn = 0.
  0123
0 thfr
1 thfr
2 thfr
3 thfr

Turn = 2.
  0123
0 thrr
1 thrr
2 thrr
3 thrr

Turn = 4.
  0123
0 ttrr
1 tttt
2 tttt
3 tttt

Turn = 6.
  0123
0 tttt
1 tttt
2 tttt
3 tttt

Turn = 8.
  0123
0 tttt
1 tttt
2 tttt
3 tttt

Turn = 10.
  0123
0 tttt
1 tttt
2 tttt
3 tttt

Turn = 12.
  0123
0 tttt
1 tttt
2 tttt
3 tttt

Turn = 14.
  0123
0 tttt
1 tttt
2 tttt
3 tttt

Turn = 16.
  0123
0 tttt
1 tttt
2 tttt
3 tttt

*** Darwin 5x5 ***
Turn = 0.
  01234
0 .hfr.
1 .hf.t
2 .hf.r
3 .hf..
4 ...r.

Turn = 3.
  01234
0 .hr..
1 .hrrt
2 .hrr.
3 .hf..
4 r....

Turn = 6.
  01234
0 .rr.r
1 .hr.r
2 .h..r
3 .hr..
4 .rr..

Turn = 9.
  01234
0 .rrr.
1 r..r.
2 .r.h.
3 .rrrr
4 ....r

Turn = 12.
  01234
0 rr...
1 rr...
2 r..rh
3 r.r..
4 ..rrr

*** Darwin 20x20 ***
Turn = 0.
  01234567890123456789
0 .....th.............
1 ....................
2 ....t....h..........
3 .......h........f..h
4 f......ff...........
5 .......t.h........f.
6 ....................
7 ........t.h.........
8 ..............rf....
9 .....fh.............
0 ..h.f.........f.....
1 ......f......r.h....
2 ....................
3 ......h........r....
4 ................h...
5 ................h...
6 ...............f....
7 r...f....fh.........
8 ..................f.
9 ...h..............f.

Turn = 5.
  01234567890123456789
0 .....tt..h..........
1 ....................
2 ....t.....h.........
3 .......t........f...
4 f......tf...........
5 ..h....t......h...f.
6 .............r......
7 ........t...........
8 .........r.....f...h
9 .....f.........h....
0 ....f.h.......f.....
1 ......f.............
2 r...................
3 ...................r
4 ...h............h...
5 ................h...
6 ...............f....
7 ....f....f.....h....
8 ......h...........f.
9 ..................f.

Turn = 10.
  01234567890123456789
0 ..h..tt..hh.........
1 .............r......
2 ....t...............
3 .......t........f...
4 f......tt...........
5 .......t.........hf.
6 ....................
7 r.......t...........
8 ....r..........f....
9 ...h.f.........h....
0 ....f.h.......f.....
1 ......f.............
2 ....................
3 ...................h
4 ................h...
5 ................h...
6 ...............f....
7 ....f....f........h.
8 ..................fr
9 ......h...........f.

Turn = 15.
  01234567890123456789
0 ..h..tt..hrr........
1 ....................
2 ....t...............
3 .......t........f...
4 r......tt...........
5 .r.h...t.........hf.
6 ....................
7 ........t...........
8 r..............f....
9 .....f.........h....
0 ....f.h.......f.....
1 ......f.............
2 ....................
3 ....................
4 ................h...
5 ................h...
6 ...............f...h
7 ....f....f.........h
8 .................rrr
9 ......h.............

Turn = 20.
  01234567890123456789
0 ..hh.tt..h..r.r.....
1 ....................
2 ....t...............
3 .......t........f...
4 .......tt...........
5 ......rt.........hf.
6 ....................
7 ........t...........
8 ...............f....
9 r....f.........h....
0 ....f.h.......f.....
1 ......f.............
2 ....................
3 r.................r.
4 ................h...
5 ................h...
6 ...............f...r
7 ....f....f........r.
8 ............r.....r.
9 ......h.............

Turn = 25.
  01234567890123456789
0 ..hh.tt..h.......r.r
1 ....................
2 ....t...............
3 .......r........f...
4 ....r..tt...........
5 ........r........hf.
6 ....................
7 ........t...........
8 ...............f..r.
9 .....f.........h....
0 ....f.h.......f.....
1 ......f............r
2 ....................
3 ....................
4 r...............h...
5 ................h...
6 ...............f....
7 ....f....f...r......
8 r......r.....r......
9 ......h.............

Turn = 30.
  01234567890123456789
0 ..hh.tt..h........r.
1 ....................
2 ....t..............r
3 ....t...........f...
4 r......tt...........
5 .............r...rr.
6 .................r.r
7 ........t...........
8 ...............f....
9 .....f.........h....
0 ....f.h.......f.....
1 ......f.............
2 ....................
3 ....................
4 ................h...
5 ................h...
6 ...............f....
7 ....f....rr.........
8 r.r.....r...........
9 r.....h.............

Turn = 35.
  01234567890123456789
0 r.hh.tt..h.......rrr
1 ....................
2 ....t...............
3 ....t...........f...
4 .......tt...........
5 .................r.r
6 ............r.....r.
7 ........t...........
8 ...............f....
9 .....f.........h....
0 ....f.h.......f.....
1 ......f.............
2 ..........r.........
3 ....................
4 ................h...
5 ................h...
6 r..............f....
7 ....f...............
8 ...rr...............
9 ....r.h...r.........

Turn = 40.
  01234567890123456789
0 ..hh.tt..h......r...
1 ....................
2 ....t...............
3 ....t...........fr..
4 r......tt..........r
5 ....................
6 .......r............
7 ........t.r.........
8 ...............f....
9 .....f.........h....
0 ....f.h.......f..r.r
1 r.....f...........r.
2 ....................
3 ....................
4 ...rr...........h...
5 ................h...
6 ...............f....
7 ........r...........
8 ....................
9 ....r..r.......r....

Turn = 45.
  01234567890123456789
0 ..hh.tt..h.r........
1 ....................
2 ....t.....r.........
3 ....t...........f...
4 .......tt...........
5 ....................
6 ..r.................
7 r.......t...........
8 r..............f.r..
9 ...r.f.........h...r
0 ....rrh.......f.....
1 ......f.............
2 ....................
3 ....................
4 ................h...
5 ................hr.r
6 ...............f..r.
7 .............r......
8 ....................
9 r...........r......r

Turn = 50.
  01234567890123456789
0 ..hh.ttr............
1 .............r......
2 ....t.....r.........
3 ....t...........f...
4 ...r...tt...........
5 ....r...............
6 .r..................
7 r...r...t...........
8 .....r.........f....
9 .......r.......h....
0 .....r........f.....
1 ..r.................
2 ....................
3 .................r..
4 ................h..r
5 ................h...
6 ...............f....
7 ..................r.
8 ..................r.
9 ....r...........rrrr

Turn = 55.
  01234567890123456789
0 ..hr.ttt............
1 ...r..............r.
2 ....t...............
3 .r..t...........f...
4 .......tt...........
5 ....................
6 ......r.............
7 .......tt.r.........
8 .r.............f....
9 ............r..h....
0 rr............f.....
1 ....................
2 ....................
3 r...................
4 ................r.r.
5 ................r...
6 ...............fr...
7 ...................r
8 .............r...r..
9 .........r..r.r....r

Turn = 60.
  01234567890123456789
0 ....rrtt............
1 r...................
2 .rr.t...............
3 ....t...........f...
4 .......tt..........r
5 rr..................
6 ........t...........
7 .......tt......r....
8 .............r......
9 ..............r...r.
0 ..............r.....
1 ....................
2 ..........r.........
3 ....................
4 ............r.......
5 r...........r......r
6 ...........r...f....
7 ....................
8 r.......r.rr....r...
9 ..............r....r

Turn = 65.
  01234567890123456789
0 rrr...rr............
1 r...r...............
2 ....r..........r....
3 ....t...........f...
4 ......rtt.........r.
5 ....................
6 ........t...........
7 ..r....tt...........
8 ........r...........
9 ..........r........r
0 ...................r
1 ...........r.......r
2 ....................
3 ....................
4 ............r......r
5 .......r..r.........
6 .......r.......f....
7 .......r............
8 r..r.......r........
9 .r.......r..........

Turn = 70.
  01234567890123456789
0 r....r.r..r......rr.
1 ...r................
2 r...................
3 ....tr..........f...
4 ......ttt...........
5 ....................
6 ........t..r.......r
7 ......ttt...........
8 ...r................
9 .....r..............
0 ................r...
1 ....................
2 ..r..............r..
3 ................r...
4 .................r..
5 ..r..r..............
6 ..r............f....
7 r.r.................
8 ......r.............
9 r....rr.............

Turn = 75.
  01234567890123456789
0 ..........r.r.rr....
1 ........r..r.......r
2 ....................
3 r...t...........f...
4 ......ttt.........r.
5 ....................
6 ........t...........
7 r.....ttt...........
8 .....r..............
9 rr..................
0 ...........r........
1 ....................
2 ............r.......
3 .r.r.......r........
4 ....................
5 r...................
6 r....r.........f...r
7 r.rr................
8 ..r.................
9 .........r..........

Turn = 80.
  01234567890123456789
0 ...............rrr..
1 .............r.r....
2 ....................
3 ....t...........f...
4 ......ttt...........
5 ..............rr....
6 ........t...........
7 ......ttt...........
8 r..r................
9 ..................r.
0 ......r.............
1 r..r................
2 .r.rrr.r............
3 ..r.r.r.............
4 ....................
5 .r..................
6 ...............f....
7 rr..................
8 ....................
9 ..r...........r....r

Turn = 85.
  01234567890123456789
0 ...............r....
1 ............r.......
2 ...............rr...
3 ...rt..............r
4 ......ttt.......r...
5 ....................
6 ........t...........
7 ...r..ttt...........
8 ....r...............
9 ....r...............
0 .r.r..........rr....
1 .r......r...........
2 r...r...............
3 rr..................
4 r.................rr
5 ....r...............
6 .......r.......f....
7 ......r.............
8 ....................
9 .......r...........r

Turn = 90.
  01234567890123456789
0 ..r................r
1 .......r............
2 ...r................
3 ....r...............
4 ....r.ttt...........
5 ...rr...............
6 ........t...........
7 r.....ttt......rr..r
8 r...................
9 ................r..r
0 ....................
1 .r...........r......
2 ....................
3 .r..................
4 .rr.................
5 ..............rr....
6 ...............f....
7 .r..................
8 ....................
9 ....r.r.r...r...r.r.

Turn = 95.
  01234567890123456789
0 .r...............r..
1 ..r.................
2 r...r.r.............
3 r...................
4 .r....ttt...........
5 rr..................
6 .r......t..........r
7 ......ttt...........
8 .r..................
9 .r.............r....
0 ................r...
1 ....................
2 ................r...
3 ...............r....
4 ................r...
5 ..................r.
6 ...............r...r
7 ....................
8 .............r......
9 r.r....r..r..rrr....

Turn = 100.
  01234567890123456789
0 ..r.........r.......
1 .r.................r
2 ....r....r.r........
3 rr..................
4 .r...rr.t...........
5 ......rr............
6 ........t...........
7 ......ttt...........
8 r...................
9 ..........r.........
0 r...................
1 ...................r
2 ...................r
3 ....................
4 ............r.r.....
5 ............rr......
6 ................r...
7 ................r...
8 ........r...........
9 ....r.r.....rr.rr...

*** Darwin 12x8 ***
Turn = 0.
  01234567
0 ...t...f
1 ....r..h
2 fhtft..f
3 .ffft.ff
4 ..r.....
5 ...h....
6 .r..t.h.
7 ..f.h..r
8 fttt.hh.
9 rfrft.h.
0 t.t.....
1 h....r..

Turn = 1.
  01234567
0 ...t...f
1 ....r..h
2 fhtrt..f
3 .ttft.ff
4 ...h....
5 ..r.....
6 r...t...
7 ..fh.hh.
8 fttt..hr
9 rr.ft.h.
0 ttt..r..
1 h.......

Turn = 2.
  01234567
0 ...t...f
1 ....r..h
2 fhtrt..f
3 .ttft.ff
4 ...h....
5 ........
6 r.r.th..
7 ..th..h.
8 fttt..h.
9 rr.ttrhr
0 ttt.....
1 h.......

Turn = 3.
  01234567
0 ...t...f
1 ....r..h
2 ftttr..f
3 .tttr.ff
4 ...h....
5 r....h..
6 ..r.t...
7 ..tr..h.
8 trtt.rh.
9 rr.tt.h.
0 rtt....r
1 h.......

Turn = 4.
  01234567
0 ...t...f
1 ....r..h
2 ftttr..f
3 .ttt.rff
4 r..h.h..
5 ........
6 ..r.t...
7 ..tr.rh.
8 trt.r.h.
9 rt.tt.h.
0 rtt.....
1 h......r

Turn = 5.
  01234567
0 ...t...f
1 ...r...h
2 ftttt..f
3 rttt.rrf
4 ...t.h..
5 ........
6 ..r.tr..
7 ..t...h.
8 tttt.rh.
9 rt.tt.h.
0 rtt.....
1 r......r

Turn = 6.
  01234567
0 ...t...f
1 ..r....h
2 rtttt.rf
3 rttt.r.f
4 ...t.h..
5 .....r..
6 ..r.t...
7 ...r..h.
8 tttt.rr.
9 tt.tt.r.
0 ttt.....
1 r......r

Turn = 7.
  01234567
0 ...t...f
1 rr....rh
2 rttttr.f
3 .ttt.h.f
4 ...t.r..
5 ........
6 ....t...
7 ..r.r.h.
8 tttt.rr.
9 tt.tt..r
0 rtt.....
1 r......r

Turn = 8.
  01234567
0 r..t..rf
1 r....r.h
2 rtttth.f
3 .ttt.r.f
4 ...t....
5 ........
6 ....t...
7 ..r.trh.
8 tt.t...r
9 rtrtt..r
0 rtt.....
1 r......r

Turn = 9.
  01234567
0 r..t.rrf
1 r.r..h.h
2 rr.ttr.f
3 .ttt...f
4 ...t....
5 ........
6 ....tr..
7 ....t...
8 tttt..hr
9 rtttt...
0 rtt....r
1 .r.....r

Turn = 10.
  01234567
0 r.rt.rrf
1 r....r.h
2 r.rttr.f
3 .ttt...f
4 ...t....
5 ........
6 ....tt..
7 ....t...
8 tttt....
9 ttttt.hr
0 ttt....r
1 ..r...r.

*** Darwin 16x65 ***
Turn = 0.
  01234567890123456789012345678901234567890123456789012345678901234
0 .............t.......hf..............................f..r........
1 ...............................h.r.t..r....................f.....
2 h................f.......f.....r.....r..fr.......................
3 ...h................ff..................................f.......f
4 ........t.........r................t..........hh...............f.
5 ...........................t........r....................f...f...
6 ......ff.....f.........f........h....r....................tf.....
7 ......h...f..f..h....f..........f..f...h.f....h..................
8 hf......................................h....f..f.......h.t.....h
9 .r........................h...............f......hh....f.........
0 .h.....h......f.......f..........f.h.............................
1 hhf........f....................r...............h............h...
2 .............h...h....f.......................................f..
3 .................................f...............................
4 ..........f........t...................h..f...........h...h......
5 ..............f...t.....tt.........h.............h....f..........

Turn = 10.
  01234567890123456789012345678901234567890123456789012345678901234
0 .............tt.......f..r....................h..r........r......
1 .......................r..h.......tt............r..........f.....
2 r................f......r...............f.........r..............
3 r...................ff..................................f.......f
4 r.......rr.........................tth.........................f.
5 ...........................t.................r...........f...f...
6 ......ff.....f.........fh.............................r...tt.h...
7 ..........f..f......hf..........f..fh....f.............h.........
8 .............................................f..f.........tt.....
9 .........r................................fh....h......f.........
0 ....hh........f.......f..........f...........h...................
1 h.f........f.....................................................
2 ...h.................hf.......................................f..
3 ...h.............................f...............................
4 ..........f........t.........h......r.....f.h...h................
5 .h....h.......f...t.....tt...........r..h....h...h....f.h........

Turn = 20.
  01234567890123456789012345678901234567890123456789012345678901234
0 ....r........tt..r..r.r.......................h............r.....
1 .............r....................tt......................rf.....
2 ........r......r........................f...................r...r
3 .r..................ffr.................................f......r.
4 ...................................ttt.........................f.
5 r..........................t...........................r.f...f...
6 ......ff.....f.........fh.................................tt.h...
7 ..........f..f......hf..........f..fh....f................t......
8 .............................................f..f.........tt.....
9 ...................r...................rr.fh....h......f.........
0 r...hh........f.......f..........f.....................h.........
1 r.f........f.....................................................
2 r....................hf.......................................f..
3 .................................f...............................
4 ..........f........th.....r...............fhh.........r..........
5 .h.h..h.......f...t.....tt......................hh...r..h........

Turn = 30.
  01234567890123456789012345678901234567890123456789012345678901234
0 ............rr.r.......................r......h....r.........r.rr
1 .............tr...................tt.........................r...
2 r.....................................r......................r...
3 r...................ff................r...............r..........
4 ...................................ttt.........................f.
5 ...........................t..................................r..
6 ......ff.....f.........fh...............................tttt.....
7 ..........f..f......hf..........f..fh....f................t......
8 ...........rr.....rr.........................f..f.........tt.....
9 .............................r............fh....h......f.........
0 ....hh........f........r.........f..............................h
1 ..f........f...........r.........................r...............
2 ..........r........r.rr.r.....................................f.r
3 r................................f...............................
4 r.........f...............................fhrr..rr...............
5 .h.h..h.......f...t.r...tt..............................h........

Turn = 40.
  01234567890123456789012345678901234567890123456789012345678901234
0 ...r.....................r........t.........r......r.............
1 .............tt...................tt.............r...r...........
2 .........r..................r....................................
3 ....................fr......r...............r.r..................
4 .....................r.............ttt...........r.............f.
5 ......................r....t.................r..r................
6 ......ff.....f.........fh...................rr..........tttt.....
7 ..........f..fr........h........f..fh....f................t..rr..
8 ............................................r.............tt....r
9 .r.....................................rrh.............f.......r.
0 r...hh......r.............r.....r.r.........rr...................
1 ..f..r...........................r...............................
2 .............r......r...........r.r...........................f.r
3 ..........r........r.............f...............................
4 ..........f.....rr.................r.............................
5 .h.h..h...r...f...r.....tt..............................h.r......

Turn = 50.
  01234567890123456789012345678901234567890123456789012345678901234
0 .................r...............ttt.........r.rrr...............
1 .............tt...................tt........r..r..............r..
2 r.................r.........................r....................
3 ..................rr..............r..........r..................r
4 ...r.......r....r..r...............ttt.........r...............f.
5 ...............................r.r...............................
6 ......ff.....f.r.......fh...............................tttt.....
7 ..........f..f.................hf..fh....f................t......
8 r.................................r......................rtt.....
9 ...........r..r.................h......................f.........
0 ....hh......r.......................r.....r.r....................
1 ..........r................................r.....................
2 .....r........................r...............................f..
3 .....r..............r............f............r..............r...
4 .........................r.............r.........................
5 .hr.r....rrr.r..........tt...........rr..rr.................rr..r