*** Darwin 8x8 ***
Turn = 0.
  01234567
0 f.......
1 ........
2 ........
3 ...hh...
4 ...hh...
5 ........
6 ........
7 .......f

Turn = 1.
  01234567
0 f.......
1 ........
2 ...h....
3 .....h..
4 ..h.....
5 ....h...
6 ........
7 .......f

Turn = 2.
  01234567
0 f.......
1 ...h....
2 ........
3 ......h.
4 .h......
5 ........
6 ....h...
7 .......f

Turn = 3.
  01234567
0 f..h....
1 ........
2 ........
3 .......h
4 h.......
5 ........
6 ........
7 ....h..f

Turn = 4.
  01234567
0 f..h....
1 ........
2 ........
3 .......h
4 h.......
5 ........
6 ........
7 ....h..f

Turn = 5.
  01234567
0 f..h....
1 ........
2 ........
3 .......h
4 h.......
5 ........
6 ........
7 ....h..f

*** Darwin 15x15 ***
Turn = 0.
  012345678901234
0 .fhrttfhrttfhrt
1 .fhrttfhrttfhrt
2 ...............
3 ...............
4 ...............
5 ...............
6 ...............
7 ...............
8 ...............
9 ...............
0 ...............
1 ...............
2 ...............
3 ...............
4 ...............

Turn = 3.
  012345678901234
0 .f.rrtrrrrtt.rr
1 .f.rrr..r.tt.rr
2 ..h...rh....h..
3 ...............
4 ..h....h....h..
5 ...............
6 ...............
7 ...............
8 ...............
9 ...............
0 ...............
1 ...............
2 ...............
3 ...............
4 ...............

Turn = 6.
  012345678901234
0 .rrrrtttrttt..r
1 .f.....tt.trrrr
2 ...............
3 ...............
4 ...r...........
5 ..h...rh....h..
6 ...............
7 ..h....h....h..
8 ...............
9 ...............
0 ...............
1 ...............
2 ...............
3 ...............
4 ...............

Turn = 9.
  012345678901234
0 .r..rr.ttttt...
1 ...r..rtt.ttrr.
2 .r............r
3 ...............
4 .r...........r.
5 ...............
6 ...............
7 ...r...........
8 ..h...rh....h..
9 ...............
0 ..h....h....h..
1 ...............
2 ...............
3 ...............
4 ...............

Turn = 12.
  012345678901234
0 r..r...ttttt...
1 .......tt.tttt.
2 ....r..........
3 ...............
4 ...r..r........
5 .r............r
6 ...............
7 .r...........r.
8 ...............
9 ...............
0 ...r...........
1 ..h...rh....h..
2 ...............
3 ..h....h....h..
4 ...............

*** Darwin 10x10 ***
Turn = 0.
  0123456789
0 t.....h...
1 .r......f.
2 rhrt..f.t.
3 .h.....h..
4 .....r...t
5 ..........
6 ..f.....f.
7 ..r......f
8 ..........
9 .r.......f

Turn = 3.
  0123456789
0 tt.h...h..
1 ........t.
2 .r..rrr.t.
3 r.r.......
4 ..r......t
5 ..r.......
6 ........f.
7 .....r...f
8 r.........
9 .........f

Turn = 6.
  0123456789
0 ttt.r..h..
1 r.r.....t.
2 ..r.....t.
3 ....r.....
4 .....r...t
5 r.....r...
6 r.......f.
7 .........f
8 ..........
9 .....r...f

Turn = 9.
  0123456789
0 trr.r.rh..
1 tr......t.
2 r.......t.
3 ..........
4 .........t
5 r.........
6 ........f.
7 .....r...f
8 r.....r...
9 ..r......f

Turn = 12.
  0123456789
0 trrr...r..
1 tt....r.t.
2 ........t.
3 ..........
4 r........t
5 ..........
6 ........f.
7 .........f
8 r.........
9 rr...r.r.f

Turn = 15.
  0123456789
0 ttt..r..t.
1 tt......t.
2 ........t.
3 ..........
4 ......r..t
5 ..........
6 ........f.
7 r........f
8 r.........
9 ..rrr...rr

Turn = 18.
  0123456789
0 ttt....r.r
1 tt......t.
2 ........t.
3 ..........
4 .........t
5 ..........
6 r..r....r.
7 ..r...r.rr
8 ..r......r
9 .r........

*** Darwin 4x4 ***
Turn = 0.
  0123
0 .tr.
1 .rt.
2 .tr.
3 .rt.

Turn = 1.
  0123
0 .tt.
1 .rr.
2 .tt.
3 .rr.

Turn = 2.
  0123
0 .tr.
1 .rr.
2 .tt.
3 .rr.

Turn = 3.
  0123
0 .tr.
1 .tr.
2 .tt.
3 .rr.

Turn = 4.
  0123
0 .rr.
1 .t.r
2 .tt.
3 .rr.

Turn = 5.
  0123
0 .rr.
1 ..rr
2 .tt.
3 .r.r

Turn = 6.
  0123
0 ..r.
1 .rr.
2 .ttr
3 .t.r

Turn = 7.
  0123
0 .r..
1 .rr.
2 .rrr
3 .r.r

Turn = 8.
  0123
0 r...
1 .rr.
2 .rr.
3 r.rr

Turn = 9.
  0123
0 r...
1 .r.r
2 .rrr
3 r.r.

Turn = 10.
  0123
0 ....
1 rr.r
2 ..rr
3 rr.r

*** Darwin 4x4 ***
Turn = 0.
  0123
0 thfr
1 thfr
2 thfr
3 thfr

Turn = 2.
  0123
0 thrr
1 thrr
2 thrr
3 thrr

Turn = 4.
  0123
0 ttrr
1 tttt
2 tttt
3 tttt

Turn = 6.
  0123
0 tttt
1 tttt
2 tttt
3 tttt

Turn = 8.
  0123
0 tttt
1 tttt
2 tttt
3 tttt

Turn = 10.
  0123
0 tttt
1 tttt
2 tttt
3 tttt

Turn = 12.
  0123
0 tttt
1 tttt
2 tttt
3 tttt

Turn = 14.
  0123
0 tttt
1 tttt
2 tttt
3 tttt

Turn = 16.
  0123
0 tttt
1 tttt
2 tttt
3 tttt

*** Darwin 16x65 ***
Turn = 0.
  01234567890123456789012345678901234567890123456789012345678901234
0 .............t.......hf..............................f..r........
1 ...............................h.r.t..r....................f.....
2 h................f.......f.....r.....r..fr.......................
3 ...h................ff..................................f.......f
4 ........t.........r................t..........hh...............f.
5 ...........................t........r....................f...f...
6 ......ff.....f.........f........h....r....................tf.....
7 ......h...f..f..h....f..........f..f...h.f....h..................
8 hf......................................h....f..f.......h.t.....h
9 .r........................h...............f......hh....f.........
0 .h.....h......f.......f..........f.h.............................
1 hhf........f....................r...............h............h...
2 .............h...h....f.......................................f..
3 .................................f...............................
4 ..........f........t...................h..f...........h...h......
5 ..............f...t.....tt.........h.............h....f..........

Turn = 10.
  01234567890123456789012345678901234567890123456789012345678901234
0 .............tt.......f..r....................h..r........r......
1 .......................r..h.......tt............r..........f.....
2 r................f......r...............f.........r..............
3 r...................ff..................................f.......f
4 r.......rr.........................tth.........................f.
5 ...........................t.................r...........f...f...
6 ......ff.....f.........fh.............................r...tt.h...
7 ..........f..f......hf..........f..fh....f.............h.........
8 .............................................f..f.........tt.....
9 .........r................................fh....h......f.........
0 ....hh........f.......f..........f...........h...................
1 h.f........f.....................................................
2 ...h.................hf.......................................f..
3 ...h.............................f...............................
4 ..........f........t.........h......r.....f.h...h................
5 .h....h.......f...t.....tt...........r..h....h...h....f.h........

Turn = 20.
  01234567890123456789012345678901234567890123456789012345678901234
0 ....r........tt..r..r.r.......................h............r.....
1 .............r....................tt......................rf.....
2 ........r......r........................f...................r...r
3 .r..................ffr.................................f......r.
4 ...................................ttt.........................f.
5 r..........................t...........................r.f...f...
6 ......ff.....f.........fh.................................tt.h...
7 ..........f..f......hf..........f..fh....f................t......
8 .............................................f..f.........tt.....
9 ...................r...................rr.fh....h......f.........
0 r...hh........f.......f..........f.....................h.........
1 r.f........f.....................................................
2 r....................hf.......................................f..
3 .................................f...............................
4 ..........f........th.....r...............fhh.........r..........
5 .h.h..h.......f...t.....tt......................hh...r..h........

Turn = 30.
  01234567890123456789012345678901234567890123456789012345678901234
0 ............rr.r.......................r......h....r.........r.rr
1 .............tr...................tt.........................r...
2 r.....................................r......................r...
3 r...................ff................r...............r..........
4 ...................................ttt.........................f.
5 ...........................t..................................r..
6 ......ff.....f.........fh...............................tttt.....
7 ..........f..f......hf..........f..fh....f................t......
8 ...........rr.....rr.........................f..f.........tt.....
9 .............................r............fh....h......f.........
0 ....hh........f........r.........f..............................h
1 ..f........f...........r.........................r...............
2 ..........r........r.rr.r.....................................f.r
3 r................................f...............................
4 r.........f...............................fhrr..rr...............
5 .h.h..h.......f...t.r...tt..............................h........

Turn = 40.
  01234567890123456789012345678901234567890123456789012345678901234
0 ...r.....................r........t.........r......r.............
1 .............tt...................tt.............r...r...........
2 .........r..................r....................................
3 ....................fr......r...............r.r..................
4 .....................r.............ttt...........r.............f.
5 ......................r....t.................r..r................
6 ......ff.....f.........fh...................rr..........tttt.....
7 ..........f..fr........h........f..fh....f................t..rr..
8 ............................................r.............tt....r
9 .r.....................................rrh.............f.......r.
0 r...hh......r.............r.....r.r.........rr...................
1 ..f..r...........................r...............................
2 .............r......r...........r.r...........................f.r
3 ..........r........r.............f...............................
4 ..........f.....rr.................r.............................
5 .h.h..h...r...f...r.....tt..............................h.r......

Turn = 50.
  01234567890123456789012345678901234567890123456789012345678901234
0 .................r...............ttt.........r.rrr...............
1 .............tt...................tt........r..r..............r..
2 r.................r.........................r....................
3 ..................rr..............r..........r..................r
4 ...r.......r....r..r...............ttt.........r...............f.
5 ...............................r.r...............................
6 ......ff.....f.r.......fh...............................tttt.....
7 ..........f..f.................hf..fh....f................t......
8 r.................................r......................rtt.....
9 ...........r..r.................h......................f.........
0 ....hh......r.......................r.....r.r....................
1 ..........r................................r.....................
2 .....r........................r...............................f..
3 .....r..............r............f............r..............r...
4 .........................r.............r.........................
5 .hr.r....rrr.r..........tt...........rr..rr.................rr..r
