*** Darwin 8x8 ***
Turn = 0.
  01234567
0 f.......
1 ........
2 ........
3 ...hh...
4 ...hh...
5 ........
6 ........
7 .......f

Turn = 1.
  01234567
0 f.......
1 ........
2 ...h....
3 .....h..
4 ..h.....
5 ....h...
6 ........
7 .......f

Turn = 2.
  01234567
0 f.......
1 ...h....
2 ........
3 ......h.
4 .h......
5 ........
6 ....h...
7 .......f

Turn = 3.
  01234567
0 f..h....
1 ........
2 ........
3 .......h
4 h.......
5 ........
6 ........
7 ....h..f

Turn = 4.
  01234567
0 f..h....
1 ........
2 ........
3 .......h
4 h.......
5 ........
6 ........
7 ....h..f

Turn = 5.
  01234567
0 f..h....
1 ........
2 ........
3 .......h
4 h.......
5 ........
6 ........
7 ....h..f

*** Darwin 7x9 ***
Turn = 0.
  012345678
0 t........
1 .........
2 .........
3 ..h......
4 .........
5 ....r....
6 ........t

Turn = 1.
  012345678
0 t........
1 .........
2 .........
3 ...h.....
4 ....r....
5 .........
6 ........t

Turn = 2.
  012345678
0 t........
1 .........
2 .........
3 ....r....
4 ....r....
5 .........
6 ........t

Turn = 3.
  012345678
0 t........
1 .........
2 .........
3 ....rr...
4 .........
5 .........
6 ........t

Turn = 4.
  012345678
0 t........
1 .........
2 ....r....
3 ......r..
4 .........
5 .........
6 ........t

Turn = 5.
  012345678
0 t........
1 ....r....
2 .........
3 .......r.
4 .........
5 .........
6 ........t

*** Darwin 1x1 ***
Turn = 0.
  0
0 h

Turn = 1.
  0
0 h

Turn = 2.
  0
0 h

Turn = 3.
  0
0 h

Turn = 4.
  0
0 h

Turn = 5.
  0
0 h

*** Darwin 11x11 ***
Turn = 0.
  01234567890
0 ...........
1 .r.........
2 ...........
3 ...r.......
4 ..t........
5 .....h.....
6 ...........
7 .......t...
8 ...........
9 ...........
0 ..........f

Turn = 1.
  01234567890
0 ...........
1 r..........
2 ...........
3 ....r......
4 ..t........
5 ...........
6 .....h.....
7 .......t...
8 ...........
9 ...........
0 ..........f

Turn = 2.
  01234567890
0 ...........
1 r..........
2 ...........
3 .....r.....
4 ..t........
5 ...........
6 ...........
7 .....h.t...
8 ...........
9 ...........
0 ..........f

Turn = 3.
  01234567890
0 r..........
1 ...........
2 ...........
3 ......r....
4 ..t........
5 ...........
6 ...........
7 .......t...
8 .....h.....
9 ...........
0 ..........f

Turn = 4.
  01234567890
0 r..........
1 ...........
2 ...........
3 .......r...
4 ..t........
5 ...........
6 ...........
7 .......t...
8 ...........
9 .....h.....
0 ..........f

Turn = 5.
  01234567890
0 r..........
1 ...........
2 ...........
3 ........r..
4 ..t........
5 ...........
6 ...........
7 .......t...
8 ...........
9 ...........
0 .....h....f

Turn = 6.
  01234567890
0 r..........
1 ...........
2 ...........
3 .........r.
4 ..t........
5 ...........
6 ...........
7 .......t...
8 ...........
9 ...........
0 .....h....f

Turn = 7.
  01234567890
0 .r.........
1 ...........
2 ...........
3 ..........r
4 ..t........
5 ...........
6 ...........
7 .......t...
8 ...........
9 ...........
0 .....h....f

Turn = 8.
  01234567890
0 ..r........
1 ...........
2 ...........
3 ..........r
4 ..t........
5 ...........
6 ...........
7 .......t...
8 ...........
9 ...........
0 .....h....f

Turn = 9.
  01234567890
0 ...r.......
1 ...........
2 ...........
3 ...........
4 ..t.......r
5 ...........
6 ...........
7 .......t...
8 ...........
9 ...........
0 .....h....f

Turn = 10.
  01234567890
0 ....r......
1 ...........
2 ...........
3 ...........
4 ..t........
5 ..........r
6 ...........
7 .......t...
8 ...........
9 ...........
0 .....h....f

*** Darwin 5x5 ***
Turn = 0.
  01234
0 h....
1 .h...
2 ..h..
3 .....
4 .....

Turn = 2.
  01234
0 .....
1 .....
2 h....
3 .h...
4 ..h..

Turn = 4.
  01234
0 .....
1 .....
2 .....
3 .....
4 hhh..

Turn = 6.
  01234
0 .....
1 .....
2 .....
3 .....
4 hhh..

Turn = 8.
  01234
0 .....
1 .....
2 .....
3 .....
4 hhh..

Turn = 10.
  01234
0 .....
1 .....
2 .....
3 .....
4 hhh..

*** Darwin 30x30 ***
Turn = 0.
  012345678901234567890123456789
0 r.............................
1 .f..................r.........
2 ....h................h........
3 .....t........................
4 ..............................
5 .....r..........r...f.........
6 .h...............h............
7 ............................t.
8 ................h.....h.......
9 ..............................
0 ..............................
1 ..............................
2 ..............................
3 ....t...........h.............
4 ...........................h..
5 .........r.....f..............
6 .............f................
7 ........f.......h.............
8 .......t......................
9 .................h............
0 ..............................
1 ....h.........................
2 ...............h..t...........
3 ...................h..........
4 ..............................
5 ....................r.........
6 ..............................
7 ..............................
8 ..............................
9 .............................f

Turn = 2.
  012345678901234567890123456789
0 ....h.........................
1 .f....................r.......
2 r......................h......
3 .....t........................
4 ..............................
5 ..............r.....f.........
6 ..............................
7 .....r......................t.
8 .h............h..h......h.....
9 ..............................
0 ..............................
1 ..............................
2 ...........................h..
3 ....t....r........h...........
4 ..............................
5 ...............fh.............
6 .............f................
7 ........f.....................
8 .......t......................
9 ...............h..............
0 ..............................
1 ...................h..........
2 ..................t...........
3 ....h.........................
4 ...............h..............
5 ..................r...........
6 ..............................
7 ..............................
8 ..............................
9 .............................f

Turn = 4.
  012345678901234567890123456789
0 ....h.........................
1 .f......................r.....
2 .........................h....
3 .....t........................
4 r.............................
5 ............r.......f.........
6 ..............................
7 ............................t.
8 ............h.............h...
9 .....r........................
0 .h...............h.........h..
1 .........r....................
2 ..............................
3 ....t...........h...h.........
4 ..............................
5 ...............f..............
6 .............f................
7 ........f.....................
8 .......t......................
9 .............h.....h..........
0 ..............................
1 ..............................
2 ..................t...........
3 ..............................
4 ..............................
5 ....h...........r.............
6 ...............h..............
7 ..............................
8 ..............................
9 .............................f

Turn = 6.
  012345678901234567890123456789
0 ....h.........................
1 .f........................r...
2 ...........................h..
3 .....t........................
4 ..............................
5 ..........r.........f.........
6 r.............................
7 ............................t.
8 ..........h................hh.
9 .........r....................
0 ..............................
1 .....r..........h.............
2 .h...............h............
3 ....t.................h.......
4 ..............................
5 ...............f..............
6 .............f................
7 ........f..........h..........
8 .......t......................
9 ...........h..................
0 ..............................
1 ..............................
2 ..................t...........
3 ..............................
4 ..............................
5 ..............r...............
6 ..............................
7 ....h.........................
8 ...............h..............
9 .............................f

Turn = 8.
  012345678901234567890123456789
0 ....h.........................
1 .f..........................r.
2 .............................h
3 .....t........................
4 ..............................
5 ........r...........f.........
6 ...........................h..
7 ............................t.
8 r.......rr...................h
9 ................h.............
0 ..............................
1 ..............................
2 ..............................
3 ....tr..................h.....
4 .h...............h............
5 ...............f...h..........
6 .............f................
7 ........f.....................
8 .......t......................
9 .........h....................
0 ..............................
1 ..............................
2 ..................t...........
3 ..............................
4 ..............................
5 ............r.................
6 ..............................
7 ..............................
8 ..............................
9 ....h..........h.............f

Turn = 10.
  012345678901234567890123456789
0 ....h.........................
1 .f...........................r
2 .............................h
3 .....t........................
4 ...........................h..
5 ......r.............f.........
6 .........r....................
7 ................h...........t.
8 ......r......................h
9 ..............................
0 r.............................
1 ..............................
2 ..............................
3 ....t..............h......h...
4 ..............................
5 .....r.........f..............
6 .h...........f...h............
7 ........f.....................
8 .......t......................
9 .......h......................
0 ..............................
1 ..............................
2 ..................t...........
3 ..............................
4 ..............................
5 ..........r...................
6 ..............................
7 ..............................
8 ..............................
9 ....h..........h.............f

*** Darwin 10x10 ***
Turn = 0.
  0123456789
0 ffffffffff
1 fh......hf
2 f...t....f
3 f...h....f
4 f.......rf
5 f.t.rh...f
6 fr...t...f
7 f..t...h.f
8 f.r.h....f
9 ffffffffff

Turn = 10.
  0123456789
0 fffffff.rr
1 fr....r.rr
2 fr..tt..r.
3 r......r.r
4 r......rrr
5 .rt......r
6 r.t..t...f
7 ...t....hf
8 ..rrrr...f
9 rrrrr.ffff

Turn = 20.
  0123456789
0 rrrrrrrr.r
1 rrrrrr.r..
2 r.rrr...r.
3 ...rrr....
4 r.....rr..
5 rr..r.rrr.
6 r..rr.....
7 ..r...r..r
8 .r..rr..rr
9 r.r...rrrr

*** Darwin 10x10 ***
Turn = 0.
  0123456789
0 ..........
1 ..........
2 ..........
3 ..........
4 ..........
5 ..........
6 ..........
7 ..........
8 ..........
9 ..........

Turn = 1.
  0123456789
0 ..........
1 ..........
2 ..........
3 ..........
4 ..........
5 ..........
6 ..........
7 ..........
8 ..........
9 ..........

*** Darwin 200x200 ***
Turn = 0.
  01234567890123456789012345678901234567890123456789012345678901234567890123456789012345678901234567890123456789012345678901234567890123456789012345678901234567890123456789012345678901234567890123456789
0 ........................................................................................................................................................................................................
1 ....................................................................................r...................................................................................................................
2 ........................................................................................................................................................................................................
3 ........................................................................................................................................................................................................
4 ........................................................................................................................................................................................................
5 ........................................................................................................................................................................................................
6 ...........................................r......................................................................................................r.....................................................
7 ........................................................................................................................................................................................................
8 ........................................................................................................................................................................................................
9 ........................................................................................................................................................................................................
0 ........................................................................................................................................................................................................
1 ..........................................................................................................................................................................................t.............
2 .......................................................................................................t................................................................................................
3 ........................................................................................................................................................................................................
4 ........................................................................................................................................................................................................
5 ...............................................................................................t........................................................................................................
6 ................................................................................................................................................r.......................................................
7 ........................................................................................................................................................................................................
8 ........................................................................................................................................................................................................
9 ........................................................................................................................................................................................................
0 ........................................................................................................................................................................................................
1 ........................................................................................................................................................................................................
2 ........................................................................................................................................................................................................
3 ........................................................................................................................................................................................................
4 ........................................................................................................................................................................................................
5 ........................................................................................................................................................................................................
6 ..................................................................................................................................r.....................................................................
7 ........................................................................................................................................................................................................
8 ........................................................................................................................................................................................................
9 ........................................................................................................................................................................................................
0 ........................................................................................................................................................................................................
1 ............................................................................................................r...........................................................................................
2 ........................................................................................................................................................................................................
3 ........................................................................................................................................................................................................
4 ........................................................................................................................................................................................................
5 ........................................................................................................................................................................................................
6 ......................................t.................................................................................................................................................................
7 ........................................................................................................................................................................................................
8 ........................................................................................................................................................................................................
9 ........................................................................................................................................................................................................
0 ................................t...............t.......................................................................................................................................................
1 .....................................................................................................................................t..................................................................
2 ...................h....................................................................................................................................................................................
3 ........................................................................................................................................................................................................
4 .........................................................................................................................................................h..............................................
5 ........................................................................................................................................................................................................
6 ........................................................................................................................................................................................................
7 ...........................................................................................r............................................................................................................
8 ..........................t.............................................................................................................................................................................
9 .............................................................................................................................................................................................h..........
0 ........................................................................................................................................................................................................
1 ......................................................................................................t....................................................h............................................
2 ........................................................................................................................................................................................................
3 ........................................................................................................................................................................................................
4 ........................................................................................................................................................................................................
5 ........................................................................................................................................................................................................
6 ........................................................................................................................................................................................................
7 ..............................................................................................................................................................................t.........................
8 ........................................................................................................................................................................................................
9 ........................................................................................................................................................................................................
0 ........................................................................................................................................................................................................
1 ........................................................................................................................................................................................................
2 ........................................................................................................................................................................................................
3 ........................................................................................................................................................................................................
4 ................................................................................t.......................................................................................................................
5 ........................................................................................................................................................................................................
6 ........................................................................................................................................................................................................
7 ........................................................................................................................................................................................................
8 .......................................................................................................................h.........h................................................................r.....
9 ........................................................................................................................................................................................................
0 ........................................................................................................................................................................................................
1 ........................................................................................................................................................................................................
2 ........................................................................................................................................................................................................
3 .........................................................................................................h..............................................................................................
4 ........................................................................................................................................................................................................
5 ........................................................................................................................................................................................................
6 .............h....................................................r......................................................................r..............................................................
7 ......................................................................................................................................................................................................h.
8 ........................................................................................................................................................................................................
9 ........................................................................................................................................................................................................
0 ........................................................................................................................................................................................................
1 ........................................................................................................................................................................................................
2 ........................................................................................................................r...............................................................................
3 ........................................................................................................................................................................................................
4 ........................................................................................................................................................................................................
5 ........................................................................................................................................................................................................
6 ........................................................................................................................................................................................................
7 ........................................................................................................................................................................................................
8 .........................................................................................................................................................r..............................................
9 ........................................................................................................................................................................................................
0 .......................................................................................................................................................................................h................
1 ........................................................................................................................................................................................................
2 ........................................................................................................................................................................................................
3 ........................................................................................................................................................................................................
4 ...................................................r....................................................................................................................................................
5 ........................................................................................................................................................................................................
6 ........................................................................................................................................................................................................
7 ......................................................................h.................................................................................................................................
8 ........................................................................................................................................................................................................
9 ......................................................h.................................................................................................................................................
0 ........................................................................................................................................................................................................
1 ....................................................................................................................r...................................................................................
2 .r......................................................................................................................................................................................................
3 ........................................................................................................................................................................................................
4 ........................................................................................................................................................................................................
5 ........................................................................................................................................................................................................
6 ........................................................................................................................................................................................................
7 .......................................................................................................r........................r.......................................................................
8 ........................................................................................................................................................................................................
9 ........................................................................................................................................................................................................
0 ........................................................................................................................................................................................................
1 ........................................................................................................................................................................................................
2 .................................................................................................................................r......................................................................
3 ........................................................................................................................................................................................................
4 ........................................................................................................................................................................................................
5 ........................................................................................................................................................................................................
6 ........................................................................................................................................................................................................
7 ..................................................................h.....................................................................................................................................
8 ........................................................................................................................................................................................................
9 ........................................................................................................................................................................................................
0 ...................................................................................................t....................................................................................................
1 ........................................................................................................................................................................................................
2 ...............................................................................................................................................................r........................................
3 ........................................................................................................................................................................................................
4 ........................................................................................................................................................................................................
5 ........................................................................................................................................................................................................
6 ........................................................................................................................................................................................................
7 h..............t........................................................................................................................................................................................
8 ........................................................................................................................................................................................................
9 ......................................................................................................................................................................................................t.
0 ........................................................................................................................................................................................................
1 ........................................................................................................................................................................................................
2 ........................................................................................................................................................................................................
3 ........................................................................................................................................................................................................
4 ........................................................................................................................................................................................................
5 ........................................................................................................................................................................................................
6 ................................................................................................................r.......................................................................................
7 ........................................................................................................................................................................................................
8 ........................................................................................................................................................................................................
9 ........................................................................................................................................................................................................
0 ........................................................................................................................................................................................................
1 ........................................................................................................................................................................................................
2 ........................................................................................................................................................................................................
3 ........................................................................................................................................................................................................
4 ........................................................................................................................................................................................................
5 ........................................................................................................................................................................................................
6 ........................................................................................................................................................................................................
7 ........................................................................................................................................................................................................
8 ........................................................................................................................................................................................................
9 ........................................................................................................................................................................................................
0 ........................................................................................................................................................................................................
1 ........................................................................................................................................................................................................
2 ........................................................................................................................................................................................................
3 ...t....................................................................................................................................................................................................
4 ........................................................................................................................................................................................................
5 ........................................................................................................................................................................................................
6 ........................................................................................................................................................................................................
7 ..................................................t.....................................................................................................................................................
8 ........................................................................................................................................................................................................
9 ........................................................................................................................................................................................................
0 ........................................................................................................................................................................................................
1 ........................................................................................................................................................................................................
2 .........................................................................................................................r....................r.........................................................
3 ........................................................................................................................................................................................................
4 ......................................................................................h.................................................................................................................
5 ........................................................................................................................................................................................................
6 ........................................................................................................................................................................................................
7 ........................................................................................................................................................................................................
8 ........................................................................................................................................................................................................
9 ........................................................................................................................................................................................................
0 ........................................................................................................................................................................................................
1 ............................................................................................................................................................................h...........................
2 ........................................................................................................................................................................................................
3 ........................................................................................................................................................................................................
4 .................................................................................................................................t......................................................................
5 ..........................................................................................................h.............................................................................................
6 ........................................................................................................................................................................................................
7 ........................................................................................................................................................................................................
8 ................................................................................................................................................................t.......................................
9 ........................................................................................................................................................................................................
0 ........................................................................................................................................................................................................
1 ........................................................................................................................................................................................................
2 ........................................................................................................................................................................................................
3 ........................................................................................................................................................................................................
4 ........................................................................................................................................................................................................
5 ........................................................................................................................................................................................................
6 ........................................................................................................................................................................................................
7 ........................................................................................................................................................................................................
8 ........................................................................................................................................................................................................
9 ........................................................................................................................................................................................................
0 ........................................................................................................................................................................................................
1 ........t...............................................................................................................................................................................................
2 ........................................................................................................................................................................................................
3 ................................................................................r.......................................................................................................................
4 ..............................r.........................................................................................................................................................................
5 ........................................................................................................................................................................................................
6 ..............................t.........................................................................................................................................................................
7 .......................................................................................................................................................t................................................
8 ........................................................................................................................................................................................................
9 ........................................................................................................t...............................................................................................

Turn = 200.
  01234567890123456789012345678901234567890123456789012345678901234567890123456789012345678901234567890123456789012345678901234567890123456789012345678901234567890123456789012345678901234567890123456789
0 ...................r.....r.....................................r.......................................................................................................................h................
1 ........................................................................................................................................................................................................
2 ........................................................................................................................................................................................................
3 ........................................................................................................................................................................................................
4 ........................................................................................................................................................................................................
5 ........................................................................................................................................................................................................
6 ........................................................................................................................................................................................................
7 ........................................................................................................................................................................................................
8 ........................................................................................................................................................................................................
9 ........................................................................................................................................................................................................
0 ........................................................................................................................................................................................................
1 ..........................................................................................................................................................................................t.............
2 .......................................................................................................t................................................................................................
3 ........................................................................................................................................................................................................
4 ........................................................................................................................................................................................................
5 ...............................................................................................t........................................................................................................
6 ........................................................................................................................................................................................................
7 ........................................................................................................................................................................................................
8 ........................................................................................................................................................................................................
9 ...................................rr...................................................................................................................................................................
0 ........................................................................................................................................................................................................
1 ........................................................................................................................................................................................................
2 ........................................................................................................................................................................................................
3 ........................................................................................................................................................................................................
4 ........................................................................................................................................................................................................
5 ........................................................................................................................................................................................................
6 ........................................................................................................................................................................................................
7 ........................................................................................................................................................................................................
8 ........................................................................................................................................................................................................
9 ........................................................................................................................................................................................................
0 ........................................................................................................................................................................................................
1 ........................................................................................................................................................................................................
2 ..................................................................................................................................................................r.....................................
3 ...................................................................................................................................................................r....................................
4 ........................................................................................................................................................................................................
5 ........................................................................................................................................................................................................
6 ......................................t.................................................................................................................................................................
7 ........................................................................................................................................................................................................
8 ........................................................................................................................................................................................................
9 .....................................................r..................................................................................................................................................
0 ................................t...............t.......................................................................................................................................................
1 r....................................................................................................................................t..................................................................
2 ........................................................................................................................................................................................................
3 .......................................................................................................................r................................................................................
4 .......................................................................................................................r................................................................................
5 ........................................................................................................................................................................................................
6 r.......................................................................................................................................................................................................
7 ........................................................................................................................................................................................................
8 ..........................t.............................................................................................................................................................................
9 .......................................................................................................................................................................................................r
0 ...r....................................................................................................................................................................................................
1 ......................................................................................................t.................................................................................................
2 ........................................................................................................................................................................................................
3 ........................................................................................................................................................................................................
4 ........................................................................................................................................................................................................
5 r........................................................................................................r..............................................................................................
6 ........................................................................................................................................................................................................
7 ..............................................................................................................................................................................t.........................
8 ........................................................................................................................................................................................................
9 ........................................................................................................................................................................................................
0 ........................................................................................................................................................................................................
1 ........................................................................................................................................................................................................
2 ........................................................................................................................................................................................................
3 ........................................................................................................................................................................................................
4 ................................................................................t..................................................................................................r....................
5 ..................................................................................................................................................................................r.....................
6 ........................................................................................................................................................................................................
7 ........................................................................................................................................................................................................
8 ...................r....................................................................................................................................................................................
9 ........................................................................................................................................................................................................
0 .................r......................................................................................................................................................................................
1 ........................................................................................................................................................................................................
2 ........................................................................................................................................................................................................
3 ........................................................................................................................................................................................................
4 r.................r.....................................................................................................................................................................................
5 ......................................................................................r.................................................................................................................
6 .......................................................................................................................................................................................................h
7 ........................................................................................................................................................................................................
8 ........................................................................................................................................................................................................
9 ........................................................................................................................................................................................................
0 ........................................................................................................................................................................................................
1 ........................................................................................................................................................................................................
2 ........................................................................................................................................................................................................
3 ........................................................................................................................................................................................................
4 ........................................................................................................................................................................................................
5 ........................................................................................................................................................................................................
6 ........................................................................................................................................................................................................
7 ........................................................................................................................................................................................................
8 ........................................................................................................................................................................................................
9 ........................................................................................................................................................................................................
0 ........................................................................................................................................................................................................
1 ........................................................................................................................................................................................................
2 ........................................................................................................................................................................................................
3 ........................................................................................................................................................................................................
4 ..........................................r.............................................................................................................................................................
5 ........................................................................................................................................................................................................
6 .........................................................r..............................................................................................................................................
7 ........................................................................................................................................................................................................
8 ........................................................................................................................................................................................................
9 ........................................................................................................................................................................................................
0 ........................................................................................................................................................................................................
1 ........................................................................................................................................................................................................
2 ....................................................r...................................................................................................................................................
3 ........................................................................................................................................................................................................
4 ........................................................................................................................................................................................................
5 ........................................................................................................................................................................................................
6 ........................................................................................................................................................................................................
7 ........................................................................................................................................................................................................
8 ........................................................................................................................................................................................................
9 ........................................................................................................................................................................................................
0 ........................................................................................................................................................................................................
1 ........................................................................................................................................................................................................
2 ........................................................................................................................................................................................................
3 ........................................................................................................................................................................................................
4 ........................................................................................................................................................................................................
5 ........................................................................................................................................................................................................
6 ........................................................................................................................................................................................................
7 .......................................................................................................................................................................................................h
8 ........................................................................................................................................................................................................
9 ........................................................................................................................................................................................................
0 ...................................................................................................t....................................................................................................
1 ........................................................................................................................................................................................................
2 ........................................................................................................................................................................................................
3 ........................................................................................................................................................................................................
4 ........................................................................................................................................................................................................
5 ........................................................................................................................................................................................................
6 ........................................................................................................................................................................................................
7 ...............t........................................................................................................................................................................................
8 ......................................................................................................................................................................................................tt
9 ......................................................................................................................................................................................................tt
0 ........................................................................................................................................................................................................
1 ........................................................................................................................................................................................................
2 ........................................................................................................................................................................................................
3 ........................................................................................................................................................................................................
4 ........................................................................................................................................................................................................
5 ........................................................................................................................................................................................................
6 ........................................................................................................................................................................................................
7 ........................................................................................................................................................................................................
8 ........................................................................................................................................................................................................
9 ........................................................................................................................................................................................................
0 ........................................................................................................................................................................................................
1 ........................................................................................................................................................................................................
2 ........................................................................................................................................................................................................
3 ........................................................................................................................................................................................................
4 ........................................................................................................................................................................................................
5 ........................................................................................................................................................................................................
6 ........................................................................................................................................................................................................
7 ........................................................................................................................................................................................................
8 ........................................................................................................................................................................................................
9 ........................................................................................................................................................................................................
0 .....................................................................r..................................................................................................................................
1 ........................................................................................................................................................................................................
2 ........................................................................................................................................................................................................
3 ...t....................................................................................................................................................................................................
4 ........................................................................................................................................................................................................
5 ........................................................................................................................................................................................................
6 ........................................................................................................................................................................................................
7 ..................................................t.....................................................................................................................................................
8 ........................................................................................................................................................................................................
9 ........................................................................................................................................................................................................
0 ........................................................................................................................................................................................................
1 ........................................................................................................................................................................................................
2 ........................................................................................................................................................................................................
3 ........................................................................................................................................................................................................
4 ........................................................................................................................................................................................................
5 ........................................................................................................................................................................................................
6 ........................................................................................................................................................................................................
7 ........................................................................................................................................................................................................
8 ........................................................................................................................................................................................................
9 ........................................................................................................................................................................................................
0 ........................................................................................................................................................................................................
1 .......................................................................................................................................................................................................h
2 ........................................................................................................................................................................................................
3 ........................................................................................................................................................................................................
4 .................................................................................................................................t......................................................................
5 ........................................................................................................................................................................................................
6 ........................................................................................................................................................................................................
7 ........................................................................................................................................................................................................
8 ................................................................................................................................................................t.......................................
9 ........................................................................................................................................................................................................
0 ........................................................................................................................................................................................................
1 ........................................................................................................................................................................................................
2 ........................................................................................................................................................................................................
3 ........................................................................................................................................................................................................
4 ........................................................................................................................................................................................................
5 ........................................................................................................................................................................................................
6 .......................................................................................................................................................................................................r
7 ........................................................................................................................................................................................................
8 ........................................................................................................................................................................................................
9 .......................................................................................................................................................................................................r
0 .r......................................................................................................................................................................................................
1 r.......t...............................................................................................................................................................................................
2 ........................................................................................................................................................................................................
3 ........................................................................................................................................................................................................
4 ........................................................................................................................................................................................................
5 ........................................................................................................................................................................................................
6 ..............................t.........................................................................................................................................................................
7 .......................................................................................................................................................t................................................
8 ........................................................................................................................................................................................................
9 ...r..................................r.................................................................................................................r..h............................................