*** Darwin 8x8 ***
Turn = 0.
  01234567
0 f.......
1 ........
2 ........
3 ...hh...
4 ...hh...
5 ........
6 ........
7 .......f

Turn = 1.
  01234567
0 f.......
1 ........
2 ...h....
3 .....h..
4 ..h.....
5 ....h...
6 ........
7 .......f

Turn = 2.
  01234567
0 f.......
1 ...h....
2 ........
3 ......h.
4 .h......
5 ........
6 ....h...
7 .......f

Turn = 3.
  01234567
0 f..h....
1 ........
2 ........
3 .......h
4 h.......
5 ........
6 ........
7 ....h..f

Turn = 4.
  01234567
0 f..h....
1 ........
2 ........
3 .......h
4 h.......
5 ........
6 ........
7 ....h..f

Turn = 5.
  01234567
0 f..h....
1 ........
2 ........
3 .......h
4 h.......
5 ........
6 ........
7 ....h..f

*** Darwin 7x9 ***
Turn = 0.
  012345678
0 t........
1 .........
2 .........
3 ..h......
4 .........
5 ....r....
6 ........t

Turn = 1.
  012345678
0 t........
1 .........
2 .........
3 ...h.....
4 ....r....
5 .........
6 ........t

Turn = 2.
  012345678
0 t........
1 .........
2 .........
3 ....r....
4 ....r....
5 .........
6 ........t

Turn = 3.
  012345678
0 t........
1 .........
2 .........
3 ....rr...
4 .........
5 .........
6 ........t

Turn = 4.
  012345678
0 t........
1 .........
2 ....r....
3 ......r..
4 .........
5 .........
6 ........t

Turn = 5.
  012345678
0 t........
1 ....r....
2 .........
3 .......r.
4 .........
5 .........
6 ........t

*** Darwin 4x4 ***
Turn = 0.
  0123
0 t...
1 ..r.
2 ....
3 ....

Turn = 1.
  0123
0 t.r.
1 ....
2 ....
3 ....

Turn = 2.
  0123
0 t.r.
1 ....
2 ....
3 ....

Turn = 3.
  0123
0 t..r
1 ....
2 ....
3 ....

Turn = 4.
  0123
0 t..r
1 ....
2 ....
3 ....

*** Darwin 4x4 ***
Turn = 0.
  0123
0 ....
1 .rr.
2 ....
3 ....

Turn = 1.
  0123
0 ....
1 .rr.
2 ....
3 ....

Turn = 2.
  0123
0 ....
1 ....
2 .rr.
3 ....

Turn = 3.
  0123
0 ....
1 ....
2 ....
3 .rr.

Turn = 4.
  0123
0 ....
1 ....
2 ....
3 .rr.

Turn = 5.
  0123
0 ....
1 ....
2 ....
3 rr..

*** Darwin 8x8 ***
Turn = 0.
  01234567
0 f.......
1 ........
2 ........
3 ...hh...
4 ...hh...
5 ........
6 ........
7 .......f

Turn = 2.
  01234567
0 f.......
1 ...h....
2 ........
3 ......h.
4 .h......
5 ........
6 ....h...
7 .......f

Turn = 4.
  01234567
0 f..h....
1 ........
2 ........
3 .......h
4 h.......
5 ........
6 ........
7 ....h..f

*** Darwin 10x11 ***
Turn = 0.
  01234567890
0 t.f........
1 ...........
2 ..........r
3 ...........
4 .....f.....
5 ...........
6 ...........
7 ...........
8 ...........
9 .h........t

Turn = 1.
  01234567890
0 t.f........
1 ...........
2 .........r.
3 ...........
4 .....f.....
5 ...........
6 ...........
7 ...........
8 .h.........
9 ..........t

Turn = 2.
  01234567890
0 t.f........
1 ...........
2 ........r..
3 ...........
4 .....f.....
5 ...........
6 ...........
7 .h.........
8 ...........
9 ..........t

Turn = 3.
  01234567890
0 t.f........
1 ...........
2 .......r...
3 ...........
4 .....f.....
5 ...........
6 .h.........
7 ...........
8 ...........
9 ..........t

Turn = 4.
  01234567890
0 t.f........
1 ...........
2 ......r....
3 ...........
4 .....f.....
5 .h.........
6 ...........
7 ...........
8 ...........
9 ..........t

Turn = 5.
  01234567890
0 t.f........
1 ...........
2 .....r.....
3 ...........
4 .h...f.....
5 ...........
6 ...........
7 ...........
8 ...........
9 ..........t

*** Darwin 10x11 ***
Turn = 0.
  01234567890
0 t.f........
1 ...........
2 ..........r
3 ...........
4 .....f.....
5 ...........
6 ...........
7 ...........
8 ...........
9 .h........t

Turn = 2.
  01234567890
0 t.f........
1 ...........
2 ........r..
3 ...........
4 .....f.....
5 ...........
6 ...........
7 .h.........
8 ...........
9 ..........t

Turn = 4.
  01234567890
0 t.f........
1 ...........
2 ......r....
3 ...........
4 .....f.....
5 .h.........
6 ...........
7 ...........
8 ...........
9 ..........t

Turn = 6.
  01234567890
0 t.f........
1 ...........
2 ....r......
3 .h.........
4 .....f.....
5 ...........
6 ...........
7 ...........
8 ...........
9 ..........t

Turn = 8.
  01234567890
0 t.f........
1 .h.........
2 ..r........
3 ...........
4 .....f.....
5 ...........
6 ...........
7 ...........
8 ...........
9 ..........t

Turn = 10.
  01234567890
0 thf........
1 ...........
2 r..........
3 ...........
4 .....f.....
5 ...........
6 ...........
7 ...........
8 ...........
9 ..........t

Turn = 12.
  01234567890
0 ttf........
1 r..........
2 ...........
3 ...........
4 .....f.....
5 ...........
6 ...........
7 ...........
8 ...........
9 ..........t

Turn = 14.
  01234567890
0 rtf........
1 r..........
2 ...........
3 ...........
4 .....f.....
5 ...........
6 ...........
7 ...........
8 ...........
9 ..........t

*** Darwin 10x10 ***
Turn = 0.
  0123456789
0 t........r
1 .r......t.
2 ....r.....
3 ..........
4 ..h.......
5 .....f....
6 ..........
7 ........h.
8 ........f.
9 ..........

Turn = 1.
  0123456789
0 t........r
1 ..r.....t.
2 ..........
3 ....r.....
4 ...h......
5 .....f....
6 ..........
7 .......h..
8 ........f.
9 ..........

Turn = 2.
  0123456789
0 t.........
1 ...r....tr
2 ..........
3 ..........
4 ...hr.....
5 .....f....
6 ..........
7 ......h...
8 ........f.
9 ..........

Turn = 3.
  0123456789
0 t.........
1 ....r...t.
2 .........r
3 ..........
4 ...h......
5 ....rf....
6 ..........
7 .....h....
8 ........f.
9 ..........

Turn = 4.
  0123456789
0 t.........
1 .....r..t.
2 ..........
3 .........r
4 ....h.....
5 .....f....
6 ....r.....
7 ....h.....
8 ........f.
9 ..........

Turn = 5.
  0123456789
0 t.........
1 ......r.t.
2 ..........
3 ..........
4 .....h...r
5 .....f....
6 ....r.....
7 ...r......
8 ........f.
9 ..........

*** Darwin 1x1 ***
Turn = 0.
  0
0 h

Turn = 1.
  0
0 h

*** Darwin 1x1 ***
Turn = 0.
  0
0 h

*** Darwin 5x5 ***
Turn = 0.
  01234
0 hhhhh
1 hhhhh
2 hhhhh
3 hhhhh
4 hhhhh

Turn = 1.
  01234
0 hhhhh
1 hhhhh
2 hhhhh
3 hhhhh
4 hhhhh

Turn = 2.
  01234
0 hhhhh
1 hhhhh
2 hhhhh
3 hhhhh
4 hhhhh

*** Darwin 8x8 ***
Turn = 0.
  01234567
0 ..h....r
1 .t......
2 ..t.....
3 ........
4 ....rh..
5 ...f..h.
6 f.......
7 .......r

Turn = 2.
  01234567
0 .....r..
1 .tt.....
2 ..t.....
3 ......h.
4 ..r.....
5 ...f....
6 f....h..
7 ......r.

Turn = 4.
  01234567
0 ...r....
1 .tt...h.
2 ..t.....
3 ........
4 r.......
5 ...f....
6 f.......
7 .....rr.

*** Darwin 15x15 ***
Turn = 0.
  012345678901234
0 ............r..
1 ...t...........
2 ..fhh...r......
3 ...thtf..r.....
4 ..h.f....r.....
5 ...............
6 ............t..
7 h..r...........
8 ...t...t...h...
9 t..t.....r...h.
0 ..........t....
1 ..........f....
2 ....rh......h..
3 ..t..........f.
4 ..tf..........r

Turn = 2.
  012345678901234
0 ....h........r.
1 ...th..........
2 ..fh.....rr....
3 ..ht.tt....r...
4 ....f..........
5 ...............
6 ............t..
7 .r.............
8 h..t...t.......
9 t..t.......h...
0 ..........th...
1 .........rt....
2 .......h......r
3 ..t..........f.
4 ..tfr.......h..

Turn = 4.
  012345678901234
0 ....h....r....r
1 ...th..........
2 ..ft........r..
3 ..tt.tt......r.
4 ....f..........
5 ...............
6 ............t..
7 r..............
8 t..t...t.......
9 t..t.....h.....
0 ..........tt..r
1 ..........t....
2 ........h......
3 ..t......r...f.
4 ..tt.r......h..

Turn = 6.
  012345678901234
0 ....t.....r....
1 ...tt..........
2 ..tt.........rr
3 ..tt.tt.......r
4 ....f..........
5 r..............
6 ............t..
7 ...............
8 t..t...t......r
9 t..t...h.......
0 ..........tt...
1 ..........t....
2 ..........h....
3 ..t..........f.
4 ..tt...r.r..h..

*** Darwin 10x10 ***
Turn = 0.
  0123456789
0 ..........
1 .h........
2 ..........
3 ..........
4 ..........
5 ..........
6 ..........
7 ..........
8 ..........
9 ..........

Turn = 2.
  0123456789
0 ..........
1 ...h......
2 ..........
3 ..........
4 ..........
5 ..........
6 ..........
7 ..........
8 ..........
9 ..........

Turn = 4.
  0123456789
0 ..........
1 .....h....
2 ..........
3 ..........
4 ..........
5 ..........
6 ..........
7 ..........
8 ..........
9 ..........

*** Darwin 5x5 ***
Turn = 0.
  01234
0 ...h.
1 .h...
2 ...tr
3 .f.f.
4 r.h.f

Turn = 10.
  01234
0 .r.t.
1 ...t.
2 ...tt
3 rf.t.
4 ....f

Turn = 20.
  01234
0 .r...
1 ...t.
2 ..rtt
3 .f.t.
4 ...tt

