*** Darwin 8x8 ***
Turn = 0.
  01234567
0 f.......
1 ........
2 ........
3 ...hh...
4 ...hh...
5 ........
6 ........
7 .......f

Turn = 1.
  01234567
0 f.......
1 ........
2 ...h....
3 .....h..
4 ..h.....
5 ....h...
6 ........
7 .......f

Turn = 2.
  01234567
0 f.......
1 ...h....
2 ........
3 ......h.
4 .h......
5 ........
6 ....h...
7 .......f

Turn = 3.
  01234567
0 f..h....
1 ........
2 ........
3 .......h
4 h.......
5 ........
6 ........
7 ....h..f

Turn = 4.
  01234567
0 f..h....
1 ........
2 ........
3 .......h
4 h.......
5 ........
6 ........
7 ....h..f

Turn = 5.
  01234567
0 f..h....
1 ........
2 ........
3 .......h
4 h.......
5 ........
6 ........
7 ....h..f

*** Darwin 7x9 ***
Turn = 0.
  012345678
0 t........
1 .........
2 .........
3 ..h......
4 .........
5 ....r....
6 ........t

Turn = 1.
  012345678
0 t........
1 .........
2 .........
3 ...h.....
4 ....r....
5 .........
6 ........t

Turn = 2.
  012345678
0 t........
1 .........
2 .........
3 ....r....
4 ....r....
5 .........
6 ........t

Turn = 3.
  012345678
0 t........
1 .........
2 .........
3 ....rr...
4 .........
5 .........
6 ........t

Turn = 4.
  012345678
0 t........
1 .........
2 ....r....
3 ......r..
4 .........
5 .........
6 ........t

Turn = 5.
  012345678
0 t........
1 ....r....
2 .........
3 .......r.
4 .........
5 .........
6 ........t

*** Darwin 10x10 ***
Turn = 0.
  0123456789
0 f.........
1 .h........
2 ..r.......
3 ...t......
4 ....f.....
5 .....h....
6 ......r...
7 .......t..
8 ........f.
9 .........f

Turn = 3.
  0123456789
0 f.........
1 ....h.....
2 r.........
3 ...t......
4 ....f.....
5 ..........
6 .......t..
7 .......t..
8 .....h..f.
9 .........f

Turn = 6.
  0123456789
0 rr........
1 .......h..
2 ..........
3 ...t......
4 ....f.....
5 ..........
6 .......t..
7 .......t..
8 ........f.
9 .....h...f

Turn = 9.
  0123456789
0 r...r.....
1 .........h
2 ..........
3 ...t......
4 ....f.....
5 ..........
6 .......t..
7 .......t..
8 ........f.
9 .....h...f

*** Darwin 3x3 ***
Turn = 0.
  012
0 f..
1 ...
2 ..r

Turn = 1.
  012
0 f..
1 ...
2 .r.

Turn = 2.
  012
0 f..
1 ...
2 r..

Turn = 3.
  012
0 f..
1 ...
2 r..

Turn = 4.
  012
0 f..
1 r..
2 ...

Turn = 5.
  012
0 r..
1 r..
2 ...

Turn = 6.
  012
0 rr.
1 ...
2 ...

Turn = 7.
  012
0 r.r
1 ...
2 ...

Turn = 8.
  012
0 r.r
1 ...
2 ...

Turn = 9.
  012
0 r..
1 ..r
2 ...

Turn = 10.
  012
0 .r.
1 ...
2 ..r

*** Darwin 3x3 ***
Turn = 0.
  012
0 ..r
1 ...
2 ...

Turn = 1.
  012
0 ..r
1 ...
2 ...

Turn = 2.
  012
0 ..r
1 ...
2 ...

Turn = 3.
  012
0 ..r
1 ...
2 ...

Turn = 4.
  012
0 ..r
1 ...
2 ...

Turn = 5.
  012
0 ...
1 ..r
2 ...

*** Darwin 3x5 ***
Turn = 0.
  01234
0 .....
1 rf..f
2 ..r..

Turn = 6.
  01234
0 .....
1 rf..f
2 ..r..

Turn = 12.
  01234
0 .r...
1 r...f
2 ..r..

Turn = 18.
  01234
0 ...rr
1 ...rr
2 .....

*** Darwin 4x1 ***
Turn = 0.
  0
0 t
1 h
2 t
3 t

Turn = 9.
  0
0 t
1 t
2 t
3 t

*** Darwin 4x4 ***
Turn = 0.
  0123
0 rf.h
1 .f.t
2 .hth
3 .ffh

Turn = 5.
  0123
0 .rrr
1 .f.t
2 .ttt
3 .ftt

Turn = 10.
  0123
0 ..rr
1 .rrr
2 ..tr
3 rrtt

*** Darwin 71x39 ***
Turn = 0.
  012345678901234567890123456789012345678
0 .......................rhh..r..........
1 .......h.f.............................
2 ........t............................r.
3 ........h...........f....t..t..........
4 ..........t...........h...........r....
5 ...............ff.f......h.............
6 ....................r..................
7 .............f...................h.....
8 ...f...........................h...h...
9 .................h...h...........tt...h
0 ...........h...........................
1 .....................t.....r.....r.....
2 ...f...................................
3 .......................................
4 .....................f.............h...
5 .......................................
6 ..............r..t.......f............f
7 .....h................rf...t...........
8 ..............h...................f....
9 .......................................
0 .........f...................h.........
1 .......................................
2 .r............................f........
3 .......h............h...r......r.......
4 ...f.............................r.....
5 ..f.......h..................th.....h..
6 .......................h..r..........f.
7 .............h.h.......h.r...........f.
8 ............r.........t................
9 ..........r......r.....................
0 .......................................
1 .h......................t..............
2 .................................r.....
3 ..................f.t...t...........t..
4 ...r..r......................f.........
5 .....................f.....r...r.......
6 ............f......r...................
7 h...r........h.....h..t..........h.....
8 ....r.........f..ht...h.....r..........
9 ...........h...............h.....h.....
0 .......h.....h...........f.............
1 .....................f......f..........
2 .......................f.....t.........
3 ..........t...............t.t..........
4 ............t.....h......hr........h...
5 .......................................
6 rr..........................r..........
7 ...............t.......................
8 ........................r..............
9 ..h....................................
0 ...t......................h..........r.
1 ...........t...........................
2 ........r....t......f..h...............
3 ...r......r......f...........h....h....
4 ....t...t..............................
5 ....................h..................
6 ...h....t.......................h......
7 rr.....................................
8 .....................t.......t.....r...
9 .........ft..r.........................
0 ............f.....h.........r......f...
1 ....r................................f.
2 ...........................f...........
3 ............t...................h......
4 ..........hr...t....................t..
5 ..............................t........
6 ............t..........................
7 .......t...............................
8 .t........r..r......h..h....r..........
9 ....f.............hf...........f.......
0 ................t..........r..f.....t..

Turn = 1.
  012345678901234567890123456789012345678
0 .......h...............r.h.r...........
1 .........f..............h..............
2 ........t..............................
3 .......h............f....t..t........r.
4 ..........t............h...............
5 ...............ff.f.....h.........r....
6 .................................h.....
7 .............f......r..................
8 ...f............................h.....h
9 ...........h....h...h............ttt...
0 .......................................
1 .....................t......r.....r....
2 ...f...................................
3 .......................................
4 .....................f..............h..
5 .......................................
6 .................t....r..f............f
7 ......h.......r........f...t...........
8 ..................................f....
9 ..............h..............h.........
0 .........f.............................
1 .......................................
2 ....................h.........fr.......
3 .r......h..............................
4 ...f....................r.........r.h..
5 ..f......h................r..tt........
6 ......................h..............f.
7 ..............h.h.....t.r............f.
8 ...........r..........t................
9 ................r......................
0 ..........r............................
1 ..h.....................t........r.....
2 .......................................
3 ..................f.t...t...........t..
4 ....rr.....................r.f.r.......
5 .....................f.................
6 h...r.......f.....r....................
7 ..............h..hh...t.........h......
8 ..............f...t...t....r...........
9 ....r.......................h.....h....
0 ...........hh............f.............
1 .......h.............f......f..........
2 .......................f.....t.........
3 ..........t...............t.t..........
4 ............t......h.....h.r...........
5 ...................................h...
6 rr.....................................
7 ...............t............r..........
8 .......................r...............
9 ...h......................h..........r.
0 ...t...................................
1 ...........t...........h...............
2 .......r.....t......f..................
3 ....r............f..........h....h.....
4 ....t...t.r............................
5 ...h...................................
6 .r......t...........h............h.....
7 r......................................
8 .....................t.......t....r....
9 .........ft............................
0 ............fr.....h...............f...
1 .....r......................r........f.
2 ...........................f...........
3 ............t..........................
4 .........hr....t................h...t..
5 ..............................t........
6 ............t..........................
7 .......t.....r..............r..........
8 .t................h..h..h..............
9 ....f.....r........f.......r...f.......
0 ................t.............f.....t..

Turn = 2.
  012345678901234567890123456789012345678
0 .......h................rhr............
1 .........f.............................
2 ........t...............h..............
3 ......h.............f....t..t..........
4 ..........t.............h............r.
5 ...............ff.f....h.........h.....
6 ..................................r....
7 .............f........................h
8 ...f.......h........r............h.....
9 ...............h...h.............ttt...
0 .......................................
1 .....................t.......r.....r...
2 ...f...................................
3 .......................................
4 .....................f...............h.
5 ......................r................
6 .................t.......f............f
7 .......h...............f...t...........
8 ..............r..............h....f....
9 .......................................
0 .........f....h........................
1 ....................h..........r.......
2 ..............................f........
3 .........h..........................h..
4 .r.f......................r........r...
5 ..f.....h...............r....tt........
6 .....................h...............f.
7 ...............h.h....tr.............f.
8 ..........r...........t................
9 ...............r.......................
0 .................................r.....
1 ...h......r.............t..............
2 .......................................
3 ..................f.t...t..r...r....t..
4 ....rr.......................f.........
5 h...r................f.................
6 ............f....r.....................
7 ...............h.hh...t........h.......
8 ..............f...t...t...r............
9 .............................h.....h...
0 ....r......h.............f.............
1 ...........h.........f......f..........
2 .......h...............f.....t.........
3 ..........t...............t.t..........
4 ............t.......h.....h.r..........
5 .r.....................................
6 ...................................h...
7 r..............t.......................
8 ......................r...h.r........r.
9 ....h..................................
0 ...t...................h...............
1 ...........t...........................
2 ......r......t......f..................
3 .....r...........f.........h....h......
4 ...ht...t..............................
5 .r........r............................
6 r.......t.........................h....
7 ....................h..................
8 .....................t.......t...r.....
9 .........ft............................
0 ............f.......h..............f...
1 ......r......r.......................f.
2 ...........................fr..........
3 ............t..........................
4 ........hr.....t....................t..
5 ..............................t.h......
6 ............tr..............r..........
7 .......t..........h....................
8 .t....................h..h.r...........
9 ....f..............f...........f.......
0 ..........r.....t.............f.....t..

Turn = 3.
  012345678901234567890123456789012345678
0 .......h................rrr............
1 .........f.............................
2 ........t..............................
3 .....h..............f...ht..t..........
4 ..........t..............h.......h.....
5 ...............ff.f...h..............r.
6 ......................................h
7 ...........h.f....................r....
8 ...f..............................t....
9 ..............h...h.r............ttt...
0 .......................................
1 .....................t........r.....r..
2 ...f...................................
3 .......................................
4 .....................fr...............h
5 .......................................
6 .................t.......f............f
7 ........h..............f...t.h.........
8 ..................................f....
9 ..............r........................
0 .........f..........h..........r.......
1 ..............h........................
2 ..............................f.....h..
3 ..........h...............r............
4 ...f................................r..
5 .rf....h.....................tt........
6 ....................h...r............f.
7 ................h.h...rr.............f.
8 .........r............t................
9 ..............r..................r.....
0 .......................................
1 ....h...................t..............
2 ..........r................r...r.......
3 .....r............f.t...t...........t..
4 h...r........................f.........
5 ....r................f.................
6 ............f...rh.....................
7 ................hh....t.......h........
8 ..............f...t...t..r.............
9 ..............................h.....h..
0 ..........h..............f.............
1 ....r................f......f..........
2 ...........h...........f.....t.........
3 .......h..t...............t.t..........
4 .r..........t........h....t..r.........
5 .......................................
6 .......................................
7 ...............t..........h........h.r.
8 r....................r.................
9 .....h.................h....r..........
0 ...t...................................
1 ...........t...........................
2 .....r.......t......f..................
3 ...h..r..........f........h....h.......
4 .r..t...t..............................
5 r......................................
6 ........t.r........................h...
7 .......................................
8 ....................ht.......t..r......
9 .........tt............................
0 ............f........h.............f...
1 .......r.............................f.
2 .............r.............f...........
3 ............t...............r..........
4 .......hr......t....................t..
5 ............................r.t........
6 ............tt....h.............h......
7 .......t...................r...........
8 .t.....................h..h............
9 ....f..............f...........f.......
0 ..........r.....t.............f.....t..

Turn = 4.
  012345678901234567890123456789012345678
0 .......h................rr.............
1 .........f................r............
2 ........t..............................
3 ....h...............f....t..t....h.....
4 ..........t.............h.h............
5 ...............ff.f..h................h
6 ...........h.........................r.
7 .............f....................r....
8 ...f...............................t...
9 .............h...h...............ttt...
0 ....................r..................
1 .....................t.........r.....r.
2 ...f...................................
3 ......................r................
4 .....................f................h
5 .......................................
6 .................t.......f...h........f
7 .........h.............f...t...........
8 ..................................f....
9 ....................h..........r.......
0 .........f....r........................
1 ....................................h..
2 ..............h...........r...f........
3 ...........h...........................
4 ...f.................................r.
5 ..f...h......................tt........
6 .r.................h.................f.
7 .................h.h..rrr............f.
8 ........r.............t..........r.....
9 .............r.........................
0 .......................................
1 .....h..................t..r...r.......
2 .....r.................................
3 h.........r.......f.t...t...........t..
4 ...r.........................f.........
5 .....r...........h...f.................
6 ............f..r.......................
7 ................hh....t......h.........
8 ..............f...t...t.r..............
9 ...............................h.....h.
0 .........h...............f.............
1 .....................f......f..........
2 ....r..................f.....t.........
3 .r........th..............t.t..........
4 .......h....t.........h...t...r........
5 .......................................
6 ..........................h..........r.
7 ...............t.......................
8 ....................r..h...........h...
9 r.....h................................
0 ...t........................r..........
1 ...........t...........................
2 ...hr........t......f..................
3 .r.....r.........f.......h....h........
4 r...t...t..............................
5 .......................................
6 ........t...........................h..
7 ..........r............................
8 .....................t.......t.r.......
9 .........tt.........h..................
0 ............f.........h............f...
1 ........r............................f.
2 ...........................f...........
3 ............tr.........................
4 ......hr.......t............r.......t..
5 ..................h.........r.t........
6 ............tt.............r...........
7 .......t........................h......
8 .t......................h..h...........
9 ....f..............f...........f.......
0 ...........r....t.............f.....t..

Turn = 5.
  012345678901234567890123456789012345678
0 .......h...............................
1 .........f..............rr.............
2 ........t.................r......h.....
3 ...h................f....t..t..........
4 ..........t................h..........h
5 ...........h...ff.f.h...h..............
6 .......................................
7 .............f.......................r.
8 ...f..............................rt...
9 ............h...h................ttt...
0 .......................................
1 ....................rt..........r.....r
2 ...f..................r................
3 .......................................
4 .....................f................h
5 .............................h.........
6 .................t.......f............f
7 ..........h............f...t...........
8 ....................h..........r..f....
9 .......................................
0 .........f..........................h..
1 ..............r...........r............
2 ..............................f........
3 ............h.h........................
4 ...f..................................r
5 ..f..h.......................tt........
6 ..................h....r.............f.
7 .r................h.h.r..........r...f.
8 .......r...............rr..............
9 ............r..........................
0 ...........................r...r.......
1 .....rh.................t..............
2 h......................................
3 ..................f.t...t...........t..
4 ..r.......r......h...........f.........
5 ......r..............f.................
6 ............f.r........................
7 ................hh....t.....h..........
8 ..............f...t...tr...............
9 ................................h.....h
0 ........h................f.............
1 .....................f......f..........
2 .r.....................f.....t.........
3 ....r.....tt..............t.t..........
4 ............t..........h..t....r.......
5 .......h..................h..........r.
6 .......................................
7 ...............t.......h...............
8 ...................r...................
9 .......h...........................h...
0 r..t...................................
1 ...h.......t................r..........
2 .r.r.........t......f..................
3 r.......r........f......h....h.........
4 ....t...t..............................
5 .......................................
6 ........t............................h.
7 .......................................
8 ..........r..........t.......tr........
9 .........tt............................
0 ............f.......h..h...........f...
1 .........r...........................f.
2 ...........................f...........
3 ............t..........................
4 .....hr......r.t..h.........r.......t..
5 ...........................r..t........
6 ............tt.............r...........
7 .......t...............................
8 .t.......................h..h...h......
9 ....f..............f...........f.......
0 ............r...t.............f.....t..

*** Darwin 4x4 ***
Turn = 0.
  0123
0 trtr
1 trtr
2 trtr
3 trtr

Turn = 1.
  0123
0 rrtt
1 rrtt
2 rrtt
3 rrtt

Turn = 2.
  0123
0 rrtt
1 rrtt
2 rrtt
3 rrtt

Turn = 3.
  0123
0 rrtt
1 rrtt
2 rrtt
3 rrtt

Turn = 4.
  0123
0 rttt
1 rrrt
2 rrrt
3 rrrt

Turn = 5.
  0123
0 rttt
1 rttt
2 rrrt
3 rrrt
