*** Darwin 15x15 ***
Turn = 0.
  012345678901234
0 ...............
1 ..r............
2 ...........h...
3 .......f.......
4 ............f..
5 .........f..h..
6 ..t............
7 ..f.......r....
8 ...............
9 ...r......f....
0 .........rt....
1 ...............
2 f..........t...
3 ...............
4 .............r.

Turn = 1.
  012345678901234
0 ...............
1 ...............
2 ..r.........h..
3 .......f.......
4 ............f..
5 .........f..h..
6 ..t............
7 ..t........r...
8 ...r...........
9 ..........r....
0 .........rr....
1 ...............
2 f..........t...
3 ...............
4 ............r..

Turn = 2.
  012345678901234
0 ...............
1 ...............
2 .............h.
3 ..r....f.......
4 ............f..
5 .........f..h..
6 ..t............
7 ..tr........r..
8 ..........r....
9 ..........r....
0 .........r.....
1 ...............
2 f..........t...
3 ...............
4 ...........r...

Turn = 3.
  012345678901234
0 ...............
1 ...............
2 ..............h
3 .......f.......
4 ..r.........f..
5 .........f..h..
6 ..tr...........
7 ..t.......r..r.
8 ..........r....
9 ...............
0 ...............
1 .........r.....
2 f..........t...
3 ...............
4 ..........r....

Turn = 4.
  012345678901234
0 ...............
1 ...............
2 ..............h
3 .......f.......
4 ............f..
5 ..tr.....f..h..
6 ..t.......r....
7 ..t.......r...r
8 ...............
9 ...............
0 ...............
1 ...............
2 f........r.t...
3 ...............
4 .........r.....

Turn = 5.
  012345678901234
0 ...............
1 ...............
2 ..............h
3 .......f.......
4 ...r........f..
5 ..t......fr.h..
6 ..t.......r....
7 ..t...........r
8 ...............
9 ...............
0 ...............
1 ...............
2 f..........t...
3 .........r.....
4 ........r......

Turn = 6.
  012345678901234
0 ...............
1 ...............
2 ..............h
3 ...r...f.......
4 ..........r.f..
5 ..t......fr.h..
6 ..t...........r
7 ..t............
8 ...............
9 ...............
0 ...............
1 ...............
2 f..........t...
3 ...............
4 .......r.r.....

*** Darwin 1x5 ***
Turn = 0.
  01234
0 rhhhh

Turn = 1.
  01234
0 rrhhh

Turn = 2.
  01234
0 rrrhh

Turn = 3.
  01234
0 rrrrh

Turn = 4.
  01234
0 rrrrr

Turn = 5.
  01234
0 rrrrr

*** Darwin 5x5 ***
Turn = 0.
  01234
0 h...f
1 .....
2 .....
3 .....
4 r...t

Turn = 2.
  01234
0 ..h.f
1 .....
2 r....
3 .....
4 ....t

Turn = 4.
  01234
0 r..hf
1 .....
2 .....
3 .....
4 ....t

Turn = 6.
  01234
0 .r.hf
1 .....
2 .....
3 .....
4 ....t

Turn = 8.
  01234
0 ..rrr
1 .....
2 .....
3 .....
4 ....t

*** Darwin 20x20 ***
Turn = 0.
  01234567890123456789
0 ft.................t
1 .rh.................
2 ....................
3 .......r.........f..
4 .....r............f.
5 .....t...........f..
6 ....................
7 .........r......h.h.
8 ..........r.r.......
9 .hh......rr.r...h...
0 ..........f.........
1 ..................r.
2 ..fr........h.......
3 ..h..............h..
4 ...r.............hh.
5 ....................
6 ................r..h
7 ..h.r...............
8 .rr.................
9 t..................h

Turn = 2.
  01234567890123456789
0 tt.................t
1 ..r.r...............
2 .....r..............
3 .....r...........f..
4 ..................f.
5 .....t...........f..
6 ..........r.........
7 .h........r.....h...
8 ...........r........
9 .......r.r......h...
0 ..........f.........
1 ..h.........r...h...
2 ..fr.r....h.......r.
3 ..h................r
4 ...............hr..h
5 ....................
6 .r...............h..
7 ....h.r............h
8 r...................
9 t...................

Turn = 4.
  01234567890123456789
0 tt.................t
1 ....r.r.............
2 ....r...............
3 ...r.............f..
4 ..........r.......f.
5 .h...t....r......f..
6 ....................
7 ..............h.....
8 .........r..........
9 .....r..............
0 ...r......f.........
1 ..h......r......h...
2 ..f....rh.......r...
3 ..h.........r...r..r
4 .r...........h....rr
5 ...................h
6 ...............h....
7 r.....h.r...........
8 ....................
9 t...................

Turn = 6.
  01234567890123456789
0 tt.................t
1 ......r.r...........
2 ..r.......r.........
3 .r........r......f..
4 .h................f.
5 .....t...........f..
6 ....................
7 ............h.......
8 ...r...r............
9 ...r................
0 ..........f.........
1 ..h.....r.......h...
2 .rf....r.........r..
3 ..h......r.....r..r.
4 ............h......r
5 r...........r......r
6 .............h....r.
7 ........h.r.........
8 ....................
9 t...................

Turn = 8.
  01234567890123456789
0 tt........r........t
1 ........rrr.........
2 rh..................
3 r................f..
4 ..................f.
5 .....t...........f..
6 ...r................
7 ..........h.........
8 .....r..............
9 .r......r...........
0 .r.....r..f.........
1 ..h.................
2 ..f................r
3 r.h..........r..rr.r
4 ..........h......r..
5 .........r..........
6 ............h.......
7 ..........hrr.......
8 ..................r.
9 t...................

Turn = 10.
  01234567890123456789
0 tt......rr.........t
1 .h.......r..........
2 r...................
3 .r.......r.......f..
4 ...r..............f.
5 .....t...........f..
6 ....................
7 ........r...........
8 .r.r...rr...........
9 r...................
0 ..........f.........
1 r.h................r
2 ..f.................
3 ..h........r...r.r.r
4 ........h...........
5 ................r...
6 ..........rr........
7 .........rh.........
8 ....................
9 t...........r.....r.

*** Darwin 1x16 ***
Turn = 0.
  0123456789012345
0 r.h..........h.r

Turn = 2.
  0123456789012345
0 ..r.h......h.r..

Turn = 4.
  0123456789012345
0 ....r.h..h.r....

Turn = 6.
  0123456789012345
0 ......rhhr......

Turn = 8.
  0123456789012345
0 ......rrrr......

Turn = 10.
  0123456789012345
0 ......rrrr......

*** Darwin 20x20 ***
Turn = 0.
  01234567890123456789
0 ....................
1 ....................
2 ....................
3 ...hhhhhhhhhhhhhh...
4 ...h.r..........h...
5 ...h............h...
6 ...h............h...
7 ...h............h...
8 ...h............h...
9 ...h............h...
0 ...h......r.....h...
1 ...h........r...h...
2 ...h............h...
3 ...h........r...h...
4 ...h............h...
5 ...h.r..........h...
6 ...hhhhhhhhhhhhhh...
7 ....................
8 ....................
9 ....................

Turn = 3.
  01234567890123456789
0 ....................
1 ....................
2 ....................
3 ...hhhhhhhhhhhhhh...
4 ...h....r.......h...
5 ...h............h...
6 ...h............h...
7 ...h......r.....h...
8 ...h............h...
9 ...h............h...
0 ...h............h...
1 ...h............h...
2 ...h.r..........h...
3 ...h.....r......h...
4 ...h........r...h...
5 ...h............h...
6 ...hhhhhhhhhhhhhh...
7 ....................
8 ....................
9 ....................

Turn = 6.
  01234567890123456789
0 ....................
1 ....................
2 ....................
3 ...hhhhhhhhhhhhhh...
4 ...h......rr....h...
5 ...h............h...
6 ...h............h...
7 ...h............h...
8 ...h............h...
9 ...h.r..........h...
0 ...h............h...
1 ...h............h...
2 ...h............h...
3 ...h..r.........h...
4 ...h............h...
5 ...h........r...h...
6 ...hhhhhhhrrrhhhh...
7 ....................
8 ....................
9 ....................

Turn = 9.
  01234567890123456789
0 ....................
1 ....................
2 ....................
3 ...hhhhhhhrrrrrrr...
4 ...h.......r..r.r...
5 ...h............r...
6 ...h.r..........r...
7 ...h............r...
8 ...h............r...
9 ...h............r...
0 ...h............r...
1 ...h............r...
2 ...h............r...
3 ...rr...........r...
4 ...h.......r........
5 ...h.....rr.....r...
6 ...hhhhrrrhhhh......
7 ................r...
8 ....................
9 ............r.......

Turn = 12.
  01234567890123456789
0 ...........rr..r....
1 ....................
2 ....................
3 ...hhrhh.h.hrr......
4 ...h.r...........r.r
5 ...h........rr......
6 ...h......r..rr.....
7 ...h...............r
8 ...h...............r
9 ...h...............r
0 ...r...............r
1 ...r.......r.......r
2 ...r......r..r......
3 ...hr....r.........r
4 ...h................
5 ...hr.rr............
6 ...hrr.hhhh.........
7 ....................
8 ........r.......r...
9 ..............r.r...

Turn = 15.
  01234567890123456789
0 .........r....r..r..
1 .............r......
2 ...........rr.......
3 ...hh...rrr...r...r.
4 ...rrr..............
5 ...h......r........r
6 ...h...............r
7 ...r................
8 ...r.......rr.....r.
9 ...r......r..r.....r
0 ..rh.....rr.......r.
1 ...h.r............r.
2 r..h...r..r.........
3 ......r.............
4 ....r...............
5 .....r.............r
6 hrr.rhhh............
7 ....................
8 ..................r.
9 .......r.........r.r

Turn = 18.
  01234567890123456789
0 ......r....rr.r..rrr
1 ..............r.....
2 ...r................
3 ...h.r.h............
4 ...r....r...........
5 ...r...r.r.r....r...
6 ...r......r.....r..r
7 ...h.r...r..........
8 .r.h...........r....
9 ...h..rrr..r........
0 r..............r....
1 ....r.r.....r..r....
2 .....r.r.....r......
3 ....................
4 r.r.................
5 r....r..............
6 .rrrr...............
7 .r.................r
8 ..................rr
9 ....r.............r.

Turn = 21.
  01234567890123456789
0 ...rr...r......rrrr.
1 ...h.......r........
2 ...........r........
3 ........r.h........r
4 r..h.r.............r
5 r..hr........r......
6 r..h...rr..r.r......
7 .......r............
8 ....r.......r.......
9 r....r....r.........
0 .....r......r.......
1 ..r...r..r..r.......
2 ..r.r...............
3 r...................
4 r...........r.......
5 r.r..........r......
6 ....................
7 rr.r............r...
8 .....r..........r...
9 .rr............r...r

Turn = 24.
  01234567890123456789
0 r..h.rr....r...r....
1 ...h....r...........
2 r..h...........r....
3 r......r...r.h..rrr.
4 ..rh.......r........
5 .r..r.....r.........
6 .....r....r........r
7 ....r...............
8 r.r......r..........
9 ..r.................
0 .........r.r........
1 r..........r........
2 rrr.......r.........
3 r....r..............
4 r.....r.............
5 ....................
6 ..r.................
7 r...........rr......
8 r............rr.....
9 rr.rr.......r...r...

Turn = 27.
  01234567890123456789
0 r..hr..rr...r.......
1 r..h.r..............
2 r..hr...............
3 ...h.r.......r.r....
4 r.......r...........
5 r.r....r.......r....
6 ..r....r........rrr.
7 .r..................
8 ......r.............
9 r.r................r
0 .r....r.r...........
1 r.............r.....
2 r...................
3 r.r.................
4 .r..................
5 ..........r.........
6 .....r..............
7 r.r...r...r.........
8 ..r............r....
9 rrrr.....r..rrr.....

Turn = 30.
  01234567890123456789
0 r.rrr....r..........
1 ...rr..r............
2 ..rh..r.r...........
3 ..rh............r.r.
4 .....r..............
5 r..r.r..............
6 r.r.r.r.............
7 rr..................
8 ...r...........r....
9 ................rrr.
0 .rrr.r..............
1 .r...............r..
2 ...................r
3 ....................
4 r...................
5 ...............r....
6 rr............r.....
7 .rr..r.r....r.......
8 r...rr....r.........
9 r....rrr.......r....

*** Darwin 17x19 ***
Turn = 0.
  0123456789012345678
0 ...................
1 ...................
2 ....tttttttttt.....
3 ...t..........t....
4 ..t..rr....rr..t...
5 .t...rr....rr...t..
6 t....rr....rr....t.
7 t................t.
8 t................t.
9 t.hhhhhhhhhhhhhh.t.
0 t.h............h.t.
1 t.h............h.t.
2 t..h..........h..t.
3 t...h........h...t.
4 .t...h......h...t..
5 ..t...hhhhhh...t...
6 ...tttttttttttt....

Turn = 2.
  0123456789012345678
0 ...................
1 ...................
2 ....trrtttttrt.....
3 ...t.rr....tr.t....
4 ..t............t...
5 .t.r....rr....r.t..
6 t................t.
7 t.h......hh...h..t.
8 t....rr....rr....t.
9 t...hhh....hh...tt.
0 t.hh.............t.
1 t...h..hh...h..h.t.
2 th..h.........h..t.
3 t.......h.hh..hh.t.
4 .t.....h......h.t..
5 ..t..t.t.h.....t...
6 ...tttttttttttt....

Turn = 4.
  0123456789012345678
0 .....r......r......
1 ......r............
2 ....tt.ttttttt.....
3 ...t..r....t..t....
4 ..t.....rr.....t...
5 .rr......hh...htt..
6 t.h..............t.
7 t................t.
8 t....rr....rr....t.
9 t...rrr.....r...tt.
0 t..hh......r.....t.
1 t.....h...hh.....t.
2 th.h....h.....h..t.
3 t......hh...h.hh.t.
4 .t.......h....htt..
5 ..t..t.t.t.....t...
6 ...tttttttttttt....

Turn = 6.
  0123456789012345678
0 .....rr....r.......
1 ...................
2 ....tt.ttrtttt.....
3 ...t...ttrht..t....
4 .rt......h....ht...
5 ..r............tt..
6 t.r..............t.
7 t...rr...........t.
8 t...h.r.rrr......t.
9 t...r.....h...r.tt.
0 t...h......r.....t.
1 t.......h.r......t.
2 tt......h.......ht.
3 t.......h.....ht.t.
4 .t.h...t...h..htt..
5 ..t..t.t.t..h..t...
6 ...tttttttttttt....

Turn = 8.
  0123456789012345678
0 ........rr.........
1 .....t...t.........
2 .r..tt.ttttttt.....
3 ...t...tthtt..t....
4 ..t...........tt...
5 ..t.rr.........tt..
6 t.t.h.r..........t.
7 t.......rrr......t.
8 t.........h.....rt.
9 t.r............r.t.
0 t.....h......r...t.
1 t........rr......t.
2 tt......h.......tt.
3 t.......h.....ht.t.
4 .t.....t.....httt..
5 ..tt.t.t.t..t..t...
6 ...tttttttttttt....

Turn = 10.
  0123456789012345678
0 .r......rr.........
1 .....t...r.........
2 ....tt.ttttttt.....
3 ...trr.ttttt..t....
4 ..t.h.r.......tt...
5 ..t.....rrr....tt..
6 t.t.......h.....rt.
7 t................t.
8 t................r.
9 tr..............rt.
0 t.......h......r.t.
1 t................t.
2 tt......h.......tt.
3 t.......hrr...tt.t.
4 .t.....t.....httt..
5 ..tt.t.t.t..t..t...
6 ...tttttttttttt....

Turn = 12.
  0123456789012345678
0 ..r.....rr.........
1 .....t.....r.......
2 ....rrrttttttt.....
3 ...trr.trrrt..t....
4 ..t.h...rrr...tt...
5 ..t.......h....tr..
6 t.t.............tt.
7 t................t.
8 t..............r.t.
9 tr...............r.
0 t.........h.....rr.
1 t................t.
2 tt......h.......tt.
3 t.......h.....tt.t.
4 .t.....t.r...tttt..
5 ..tt.t.t.tr.t..t...
6 ...tttttttttttt....

Turn = 14.
  0123456789012345678
0 ....r.r.r..........
1 .....tr......t.....
2 ..r..t.trrtttt.....
3 ...ttt.rrrrt..t....
4 ..t.h..r.rr...tt...
5 ..t.......h....tt..
6 t.t.............tt.
7 t................t.
8 t............r...t.
9 tt...............tr
0 t...........h......
1 t...............tt.
2 tt......h.......tt.
3 t.......h.....tt.t.
4 .t.....t.r...tttt..
5 ..tt.t.t.trrt..t...
6 ...tttttttr.ttt....

Turn = 16.
  0123456789012345678
0 .....rtr...........
1 .....tt......t.....
2 r....t.rrttrtt.....
3 ...ttt.rr.rr..t....
4 ..t.hr..r.r...tt...
5 ..t........r...tt..
6 t.t......r......tt.
7 t................t.
8 t..........r.....tt
9 tt...............t.
0 t.............h....
1 t...............tt.
2 tt......h.......tt.
3 t.......h..r..tt.t.
4 .t.....t.rr..tttt..
5 ..tt.t.t.t..t..t...
6 ...ttttttt.rrrr....

Turn = 18.
  0123456789012345678
0 .....rt.r..........
1 .....tt......t.....
2 .....tr.tttttt.....
3 r..tttr...rr..t....
4 ..t.rr........tt...
5 ..t....r..r..r.tt..
6 t.t.....r.......tt.
7 t................t.
8 t........rr......tt
9 tt...............t.
0 t...............h..
1 t..........r....tt.
2 tt......h.r.....tt.
3 t.......h.....tt.t.
4 .t.....t.r...tttt..
5 ..tt.t.t.t..r..t...
6 ...ttttttt.rrr.r...

Turn = 20.
  0123456789012345678
0 ...r..t...r........
1 .....tt......t.....
2 .....tt.tttttt.....
3 ...tttt.......t....
4 ..t.tt........tt...
5 t.t.......rr..rtt..
6 t.t.............tt.
7 t......r..r......t.
8 t.......r........tt
9 tt.........r.....t.
0 t........rr......t.
1 t.........r.....tt.
2 tt......h.......tt.
3 t.......h.....tt.t.
4 .t.....t.r...tttt..
5 ..tt.t.t.t...r.t...
6 ...ttttttt.r.r.r.r.
