*** Darwin 8x8 ***
Turn = 0.
  01234567
0 f.......
1 ........
2 ........
3 ...hh...
4 ...hh...
5 ........
6 ........
7 .......f

Turn = 1.
  01234567
0 f.......
1 ........
2 ...h....
3 .....h..
4 ..h.....
5 ....h...
6 ........
7 .......f

Turn = 2.
  01234567
0 f.......
1 ...h....
2 ........
3 ......h.
4 .h......
5 ........
6 ....h...
7 .......f

Turn = 3.
  01234567
0 f..h....
1 ........
2 ........
3 .......h
4 h.......
5 ........
6 ........
7 ....h..f

Turn = 4.
  01234567
0 f..h....
1 ........
2 ........
3 .......h
4 h.......
5 ........
6 ........
7 ....h..f

Turn = 5.
  01234567
0 f..h....
1 ........
2 ........
3 .......h
4 h.......
5 ........
6 ........
7 ....h..f

*** Darwin 7x9 ***
Turn = 0.
  012345678
0 r........
1 .........
2 .........
3 ..h......
4 .........
5 ....f....
6 ........f

Turn = 1.
  012345678
0 .........
1 r........
2 .........
3 ...h.....
4 .........
5 ....f....
6 ........f

Turn = 2.
  012345678
0 .........
1 .........
2 r........
3 ....h....
4 .........
5 ....f....
6 ........f

Turn = 3.
  012345678
0 .........
1 .........
2 .........
3 r....h...
4 .........
5 ....f....
6 ........f

Turn = 4.
  012345678
0 .........
1 .........
2 .........
3 ......h..
4 r........
5 ....f....
6 ........f

Turn = 5.
  012345678
0 .........
1 .........
2 .........
3 .......h.
4 .........
5 r...f....
6 ........f

*** Darwin 10x10 ***
Turn = 0.
  0123456789
0 r.........
1 ..........
2 ..........
3 ..........
4 ..........
5 .....h....
6 ..........
7 ..........
8 ..........
9 .........h

Turn = 1.
  0123456789
0 .r........
1 ..........
2 ..........
3 ..........
4 ..........
5 ....h.....
6 ..........
7 ..........
8 ..........
9 ........h.

Turn = 2.
  0123456789
0 ..r.......
1 ..........
2 ..........
3 ..........
4 ..........
5 ...h......
6 ..........
7 ..........
8 ..........
9 .......h..

Turn = 3.
  0123456789
0 ...r......
1 ..........
2 ..........
3 ..........
4 ..........
5 ..h.......
6 ..........
7 ..........
8 ..........
9 ......h...

Turn = 4.
  0123456789
0 ....r.....
1 ..........
2 ..........
3 ..........
4 ..........
5 .h........
6 ..........
7 ..........
8 ..........
9 .....h....

*** Darwin 10x10 ***
Turn = 0.
  0123456789
0 r...r.....
1 ........r.
2 ..........
3 ..........
4 ..........
5 ..........
6 ..........
7 ..........
8 ..........
9 ..........

Turn = 1.
  0123456789
0 .r........
1 ....r..r..
2 ..........
3 ..........
4 ..........
5 ..........
6 ..........
7 ..........
8 ..........
9 ..........

Turn = 2.
  0123456789
0 ..r.......
1 ......r...
2 ....r.....
3 ..........
4 ..........
5 ..........
6 ..........
7 ..........
8 ..........
9 ..........

Turn = 3.
  0123456789
0 ...r......
1 .....r....
2 ..........
3 ....r.....
4 ..........
5 ..........
6 ..........
7 ..........
8 ..........
9 ..........

Turn = 4.
  0123456789
0 ....r.....
1 ....r.....
2 ..........
3 ..........
4 ....r.....
5 ..........
6 ..........
7 ..........
8 ..........
9 ..........

*** Darwin 10x10 ***
Turn = 0.
  0123456789
0 h.........
1 ..........
2 ..........
3 ..........
4 ..........
5 .....h....
6 ..........
7 ..........
8 ........h.
9 ..........

Turn = 1.
  0123456789
0 ..........
1 h.........
2 ..........
3 ..........
4 ..........
5 ....h.....
6 ..........
7 ..........
8 .......h..
9 ..........

Turn = 2.
  0123456789
0 ..........
1 ..........
2 h.........
3 ..........
4 ..........
5 ...h......
6 ..........
7 ..........
8 ......h...
9 ..........

Turn = 3.
  0123456789
0 ..........
1 ..........
2 ..........
3 h.........
4 ..........
5 ..h.......
6 ..........
7 ..........
8 .....h....
9 ..........

*** Darwin 8x8 ***
Turn = 0.
  01234567
0 f.......
1 ........
2 ........
3 ...hh...
4 ...hh...
5 ........
6 ........
7 .......f

Turn = 1.
  01234567
0 f.......
1 ........
2 ...h....
3 .....h..
4 ..h.....
5 ....h...
6 ........
7 .......f

Turn = 2.
  01234567
0 f.......
1 ...h....
2 ........
3 ......h.
4 .h......
5 ........
6 ....h...
7 .......f

Turn = 3.
  01234567
0 f..h....
1 ........
2 ........
3 .......h
4 h.......
5 ........
6 ........
7 ....h..f

Turn = 4.
  01234567
0 f..h....
1 ........
2 ........
3 .......h
4 h.......
5 ........
6 ........
7 ....h..f

Turn = 5.
  01234567
0 f..h....
1 ........
2 ........
3 .......h
4 h.......
5 ........
6 ........
7 ....h..f

*** Darwin 7x9 ***
Turn = 0.
  012345678
0 f........
1 .........
2 .........
3 ..f......
4 .........
5 ....f....
6 ........f

Turn = 1.
  012345678
0 f........
1 .........
2 .........
3 ..f......
4 .........
5 ....f....
6 ........f

Turn = 2.
  012345678
0 f........
1 .........
2 .........
3 ..f......
4 .........
5 ....f....
6 ........f

Turn = 3.
  012345678
0 f........
1 .........
2 .........
3 ..f......
4 .........
5 ....f....
6 ........f

Turn = 4.
  012345678
0 f........
1 .........
2 .........
3 ..f......
4 .........
5 ....f....
6 ........f

Turn = 5.
  012345678
0 f........
1 .........
2 .........
3 ..f......
4 .........
5 ....f....
6 ........f

*** Darwin 10x10 ***
Turn = 0.
  0123456789
0 r.........
1 ..........
2 ..........
3 ..........
4 ..........
5 .....r....
6 ..........
7 ..........
8 ..........
9 .........r

Turn = 1.
  0123456789
0 .r........
1 ..........
2 ..........
3 ..........
4 ..........
5 ....r.....
6 ..........
7 ..........
8 ..........
9 ........r.

Turn = 2.
  0123456789
0 ..r.......
1 ..........
2 ..........
3 ..........
4 ..........
5 ...r......
6 ..........
7 ..........
8 ..........
9 .......r..

Turn = 3.
  0123456789
0 ...r......
1 ..........
2 ..........
3 ..........
4 ..........
5 ..r.......
6 ..........
7 ..........
8 ..........
9 ......r...

Turn = 4.
  0123456789
0 ....r.....
1 ..........
2 ..........
3 ..........
4 ..........
5 .r........
6 ..........
7 ..........
8 ..........
9 .....r....

*** Darwin 10x10 ***
Turn = 0.
  0123456789
0 f...h.....
1 ........f.
2 ..........
3 ..........
4 ..........
5 ..........
6 ..........
7 ..........
8 ..........
9 ..........

Turn = 1.
  0123456789
0 f.........
1 ....h...f.
2 ..........
3 ..........
4 ..........
5 ..........
6 ..........
7 ..........
8 ..........
9 ..........

Turn = 2.
  0123456789
0 f.........
1 ........f.
2 ....h.....
3 ..........
4 ..........
5 ..........
6 ..........
7 ..........
8 ..........
9 ..........

Turn = 3.
  0123456789
0 f.........
1 ........f.
2 ..........
3 ....h.....
4 ..........
5 ..........
6 ..........
7 ..........
8 ..........
9 ..........

Turn = 4.
  0123456789
0 f.........
1 ........f.
2 ..........
3 ..........
4 ....h.....
5 ..........
6 ..........
7 ..........
8 ..........
9 ..........

*** Darwin 10x10 ***
Turn = 0.
  0123456789
0 f.........
1 ..........
2 ..........
3 ..........
4 ..........
5 .....r....
6 ..........
7 ..........
8 ........f.
9 ..........

Turn = 1.
  0123456789
0 f.........
1 ..........
2 ..........
3 ..........
4 ..........
5 ....r.....
6 ..........
7 ..........
8 ........f.
9 ..........

Turn = 2.
  0123456789
0 f.........
1 ..........
2 ..........
3 ..........
4 ..........
5 ...r......
6 ..........
7 ..........
8 ........f.
9 ..........

Turn = 3.
  0123456789
0 f.........
1 ..........
2 ..........
3 ..........
4 ..........
5 ..r.......
6 ..........
7 ..........
8 ........f.
9 ..........

*** Darwin 6x6 ***
Turn = 0.
  012345
0 ......
1 .f....
2 ..hr..
3 ...h..
4 ....h.
5 .....h

Turn = 1.
  012345
0 ......
1 .fhr..
2 ......
3 ....h.
4 ......
5 ....hh

Turn = 2.
  012345
0 ..hr..
1 .f....
2 ......
3 .....h
4 ......
5 ....hh

Turn = 3.
  012345
0 ..hr..
1 .f....
2 ......
3 .....h
4 ......
5 ....hh

Turn = 4.
  012345
0 ..rr..
1 .f....
2 ......
3 .....h
4 ......
5 ....hh

Turn = 5.
  012345
0 ..rr..
1 .f....
2 ......
3 .....h
4 ......
5 ....hh

Turn = 6.
  012345
0 ..rr..
1 .f....
2 ......
3 .....h
4 ......
5 ....hh

*** Darwin 7x9 ***
Turn = 0.
  012345678
0 ........r
1 .........
2 ....f....
3 .........
4 ..f......
5 .....h...
6 .........

Turn = 1.
  012345678
0 .........
1 ........r
2 ....f....
3 .........
4 ..f......
5 ......h..
6 .........

Turn = 2.
  012345678
0 .........
1 .........
2 ....f...r
3 .........
4 ..f......
5 .......h.
6 .........

Turn = 3.
  012345678
0 .........
1 .........
2 ....f....
3 ........r
4 ..f......
5 ........h
6 .........

Turn = 4.
  012345678
0 .........
1 .........
2 ....f....
3 .........
4 ..f.....r
5 ........h
6 .........

Turn = 5.
  012345678
0 .........
1 .........
2 ....f....
3 .........
4 ..f.....r
5 ........r
6 .........

*** Darwin 10x10 ***
Turn = 0.
  0123456789
0 r.........
1 ..........
2 ..........
3 ..........
4 ..........
5 .....r....
6 ..........
7 ..........
8 ..........
9 .........r

Turn = 1.
  0123456789
0 .r........
1 ..........
2 ..........
3 ..........
4 ..........
5 ....r.....
6 ..........
7 ..........
8 ..........
9 ........r.

Turn = 2.
  0123456789
0 ..r.......
1 ..........
2 ..........
3 ..........
4 ..........
5 ...r......
6 ..........
7 ..........
8 ..........
9 .......r..

Turn = 3.
  0123456789
0 ...r......
1 ..........
2 ..........
3 ..........
4 ..........
5 ..r.......
6 ..........
7 ..........
8 ..........
9 ......r...

Turn = 4.
  0123456789
0 ....r.....
1 ..........
2 ..........
3 ..........
4 ..........
5 .r........
6 ..........
7 ..........
8 ..........
9 .....r....

*** Darwin 10x10 ***
Turn = 0.
  0123456789
0 f...h.....
1 ..........
2 ..f.......
3 ..........
4 ..........
5 ..........
6 ..........
7 ..........
8 ..........
9 ..........

Turn = 1.
  0123456789
0 f.........
1 ....h.....
2 ..f.......
3 ..........
4 ..........
5 ..........
6 ..........
7 ..........
8 ..........
9 ..........

Turn = 2.
  0123456789
0 f.........
1 ..........
2 ..f.h.....
3 ..........
4 ..........
5 ..........
6 ..........
7 ..........
8 ..........
9 ..........

Turn = 3.
  0123456789
0 f.........
1 ..........
2 ..f.......
3 ....h.....
4 ..........
5 ..........
6 ..........
7 ..........
8 ..........
9 ..........

Turn = 4.
  0123456789
0 f.........
1 ..........
2 ..f.......
3 ..........
4 ....h.....
5 ..........
6 ..........
7 ..........
8 ..........
9 ..........

*** Darwin 10x10 ***
Turn = 0.
  0123456789
0 f.........
1 ..........
2 ..r.......
3 ...h......
4 ..........
5 .....r....
6 ..........
7 ..........
8 ........f.
9 ..f.......

Turn = 1.
  0123456789
0 f.........
1 ..........
2 .r........
3 ..h.......
4 ..........
5 ....r.....
6 ..........
7 ..........
8 ........f.
9 ..f.......

Turn = 2.
  0123456789
0 f.........
1 ..........
2 r.........
3 .h........
4 ..........
5 ...r......
6 ..........
7 ..........
8 ........f.
9 ..f.......

Turn = 3.
  0123456789
0 f.........
1 ..........
2 r.........
3 h.........
4 ..........
5 ..r.......
6 ..........
7 ..........
8 ........f.
9 ..f.......

*** Darwin 6x6 ***
Turn = 0.
  012345
0 ......
1 .r....
2 ..rr..
3 ...r..
4 ....r.
5 .....r

Turn = 1.
  012345
0 ......
1 ..rr..
2 ..r...
3 ....r.
4 ......
5 ....rr

Turn = 2.
  012345
0 ...r..
1 ..r...
2 .r....
3 .....r
4 .....r
5 ....r.

Turn = 3.
  012345
0 ...r..
1 ......
2 r.r...
3 .....r
4 .....r
5 .....r

Turn = 4.
  012345
0 ....r.
1 ......
2 r.....
3 ..r..r
4 ....r.
5 .....r

Turn = 5.
  012345
0 .....r
1 r.....
2 ......
3 .....r
4 ..rr..
5 .....r

Turn = 6.
  012345
0 r....r
1 ......
2 .....r
3 ......
4 ..r...
5 ..r..r

*** Darwin 7x9 ***
Turn = 0.
  012345678
0 ........f
1 .........
2 ....r....
3 .........
4 ..h......
5 .....r...
6 .........

Turn = 1.
  012345678
0 ........f
1 .........
2 ...r.....
3 ..h......
4 .........
5 ......r..
6 .........

Turn = 2.
  012345678
0 ........f
1 .........
2 ..r......
3 ..h......
4 .........
5 .......r.
6 .........

Turn = 3.
  012345678
0 ........f
1 .........
2 .rh......
3 .........
4 .........
5 ........r
6 .........

Turn = 4.
  012345678
0 ........f
1 ..h......
2 r........
3 .........
4 .........
5 ........r
6 .........

Turn = 5.
  012345678
0 ..h.....f
1 .........
2 r........
3 .........
4 ........r
5 .........
6 .........

*** Darwin 10x10 ***
Turn = 0.
  0123456789
0 r.........
1 ..........
2 ..........
3 ..........
4 ..........
5 .....r....
6 ..........
7 ..........
8 ..........
9 .........h

Turn = 1.
  0123456789
0 .r........
1 ..........
2 ..........
3 ..........
4 ..........
5 ....r.....
6 ..........
7 ..........
8 ..........
9 ........h.

Turn = 2.
  0123456789
0 ..r.......
1 ..........
2 ..........
3 ..........
4 ..........
5 ...r......
6 ..........
7 ..........
8 ..........
9 .......h..

Turn = 3.
  0123456789
0 ...r......
1 ..........
2 ..........
3 ..........
4 ..........
5 ..r.......
6 ..........
7 ..........
8 ..........
9 ......h...

Turn = 4.
  0123456789
0 ....r.....
1 ..........
2 ..........
3 ..........
4 ..........
5 .r........
6 ..........
7 ..........
8 ..........
9 .....h....

Turn = 5.
  0123456789
0 .....r....
1 ..........
2 ..........
3 ..........
4 ..........
5 r.........
6 ..........
7 ..........
8 ..........
9 ....h.....

Turn = 6.
  0123456789
0 ......r...
1 ..........
2 ..........
3 ..........
4 ..........
5 r.........
6 ..........
7 ..........
8 ..........
9 ...h......

Turn = 7.
  0123456789
0 .......r..
1 ..........
2 ..........
3 ..........
4 ..........
5 ..........
6 r.........
7 ..........
8 ..........
9 ..h.......

Turn = 8.
  0123456789
0 ........r.
1 ..........
2 ..........
3 ..........
4 ..........
5 ..........
6 ..........
7 r.........
8 ..........
9 .h........

Turn = 9.
  0123456789
0 .........r
1 ..........
2 ..........
3 ..........
4 ..........
5 ..........
6 ..........
7 ..........
8 r.........
9 h.........

Turn = 10.
  0123456789
0 .........r
1 ..........
2 ..........
3 ..........
4 ..........
5 ..........
6 ..........
7 ..........
8 r.........
9 r.........

*** Darwin 10x10 ***
Turn = 0.
  0123456789
0 f...h.....
1 ..........
2 ..f.......
3 ..........
4 ..........
5 ..........
6 ..........
7 ..........
8 ..........
9 ..........

Turn = 1.
  0123456789
0 f.........
1 ....h.....
2 ..f.......
3 ..........
4 ..........
5 ..........
6 ..........
7 ..........
8 ..........
9 ..........

Turn = 2.
  0123456789
0 f.........
1 ..........
2 ..f.h.....
3 ..........
4 ..........
5 ..........
6 ..........
7 ..........
8 ..........
9 ..........

Turn = 3.
  0123456789
0 f.........
1 ..........
2 ..f.......
3 ....h.....
4 ..........
5 ..........
6 ..........
7 ..........
8 ..........
9 ..........

Turn = 4.
  0123456789
0 f.........
1 ..........
2 ..f.......
3 ..........
4 ....h.....
5 ..........
6 ..........
7 ..........
8 ..........
9 ..........

*** Darwin 10x10 ***
Turn = 0.
  0123456789
0 ..........
1 .f........
2 ..r.......
3 ..h.......
4 ..........
5 .....r....
6 ...h......
7 ..........
8 ........h.
9 ..........

Turn = 1.
  0123456789
0 ..........
1 .f........
2 .r........
3 ..........
4 ..h.......
5 ....r.....
6 ..h.......
7 ..........
8 .......h..
9 ..........

Turn = 2.
  0123456789
0 ..........
1 .f........
2 r.........
3 ..........
4 ..........
5 ..hr......
6 .h........
7 ..........
8 ......h...
9 ..........

Turn = 3.
  0123456789
0 ..........
1 .f........
2 r.........
3 ..........
4 ..........
5 ..r.......
6 h.h.......
7 ..........
8 .....h....
9 ..........

Turn = 4.
  0123456789
0 ..........
1 .f........
2 ..........
3 r.........
4 ..........
5 .r........
6 h.........
7 ..h.......
8 ....h.....
9 ..........

Turn = 5.
  0123456789
0 ..........
1 .f........
2 ..........
3 ..........
4 r.........
5 r.........
6 h.........
7 ..........
8 ..hh......
9 ..........

