*** Darwin 26x47 ***
Turn = 0.
  01234567890123456789012345678901234567890123456
0 t.......r...............h.....f................
1 r....hr...........r........h...................
2 ..r..................r......rh.................
3 ......................rf.t..........r....r.....
4 .....t...r.......fh.....f......................
5 .....................r.....f.............t.....
6 .....f......h...............h...........r......
7 ......h..ht..............h.....r.....t.........
8 r..................f...........r.f.............
9 .........................f.....................
0 ...........................h...................
1 f..............................................
2 ....................h...................f......
3 ......................t......f...h.............
4 ..........................................t....
5 ................................rr..ff..t......
6 .t........h...................t..............h.
7 .....r..........f.................t............
8 ....r......f.....h..........r.......tf...f.....
9 ...............h.....................f..r..t...
0 .ht.r.......ht........ht......................t
1 ...........f..r.r...f..h.............f...f.h...
2 ....................r........h..f..h...........
3 .....................................r.........
4 ..........................t...r......t.r.......
5 .........................tr....t...h...........

Turn = 2.
  01234567890123456789012345678901234567890123456
0 r.....r...........r.....h.....f................
1 r...r.................r........................
2 r..................r.......r...................
3 .....h.................f.t.r...................
4 .....t.r.........fh.....f...hh...........r.....
5 .........h.................f...r....r....r.....
6 .....f........h...........................r....
7 ........h.t..........r.....h.........t.........
8 ...................f............rr.............
9 .........................f.....................
0 r............................h.................
1 f..............................................
2 ......................h.................f......
3 ......................t......f.h.r.............
4 ..........................................t....
5 ....................................ff..t......
6 .t......h...................r.t.r..............
7 ...............hf.................t............
8 ...........f.......h................tt...f...h.
9 .....r...............................f....rt...
0 h.t.r.....h..t........tt.....h................t
1 ...........f...r....fh...............f...f...h.
2 ....r...........r.r.............fh.............
3 ...................................r...........
4 ..........................t........h.rr........
5 .........................tt...tt...............

Turn = 4.
  01234567890123456789012345678901234567890123456
0 ..r.r...............r.r.h.....f................
1 r.rr...........................................
2 .................r.......t..h..................
3 .....t...h.............f.t.....r...............
4 .....rr..........fh.....f..r..............r....
5 ..........................r............r.......
6 .....f..........h............h..............r..
7 .........tt..................h......rt.........
8 ...................f...........................
9 .....................r...f......r..............
0 r..............................h.r.............
1 .................................r.............
2 r.......................h...............f......
3 ......................t......fh................
4 ............................r.............t....
5 ...............h....................ff..t......
6 .t....h.......................t................
7 ................f.................t........r...
8 ...........f.........h.......h..r...tt...f.....
9 ...............r.....................t.....r...
0 h.t.....h....t........tt.....................ht
1 .....r.....f........fh...............f...f....h
2 ....r...........r...............fh.h...........
3 .................................r....r........
4 ....r...........r.........t....................
5 .........................tt...tt.....r.........

Turn = 6.
  01234567890123456789012345678901234567890123456
0 r..r.................r..h...h.f................
1 ....r....h............r........r...............
2 ..r............r.........t.....................
3 ...r.t.................f.t.....................
4 ...rr............fh.....f...................r..
5 ........................r............r.........
6 .....f............h........r..................r
7 .........tt..................h.h.....t.........
8 ...................f...........................
9 .........................f..........r..........
0 ..r............................h..r............
1 .....................r..........r.r............
2 ..........................h.r...........f......
3 ...............h......t......fh................
4 r.........................................t....
5 ....................................ff..t..r...
6 .t..h........................ht................
7 ...............rf.................t............
8 ...........f...........h............tt...f.....
9 .....................................t.......r.
0 h.t...h......t........tt........r..h..........t
1 ...........f........fh...............fr..f....t
2 ..............r.................fh...........h.
3 .....r.........................r...............
4 ....r.....................t....................
5 ....r...........r........tt...tt....r..........

*** Darwin 4x29 ***
Turn = 0.
  01234567890123456789012345678
0 ..f......h.th.th.h...........
1 h..t..f.....r......t.f......t
2 .........f........h..........
3 ..........r...f.............f

Turn = 2.
  01234567890123456789012345678
0 ..f......h.t..tt..h..........
1 ...t..f...r.h......t.f......t
2 .........f.......h...........
3 h...........r.f.............f

*** Darwin 4x26 ***
Turn = 0.
  01234567890123456789012345
0 .....r...t.r...r........t.
1 .f..h..r..rr.....r.t...r.r
2 .ft...t....h............t.
3 f..ff..h..........r.r.....

Turn = 1.
  01234567890123456789012345
0 .........tr...r.........t.
1 .f.h.r......r.....tt....tr
2 .ft...tt..r.h...........t.
3 f..ff..h..........r.r.....

Turn = 2.
  01234567890123456789012345
0 .........rr..r..........t.
1 .ft..........r....tt....tt
2 .ft..rtt.....h..........t.
3 f..ff..t..r........rr.....

Turn = 3.
  01234567890123456789012345
0 .........rr.r...........t.
1 .tt...........r...tt....tt
2 .ft...tt......h.....r...t.
3 f..ffr.t..r........r......

Turn = 4.
  01234567890123456789012345
0 ..........rr............t.
1 .tt......r.....r..ttr...tt
2 .tt...tt.......h...r....t.
3 f..ffr.t...r..............

Turn = 5.
  01234567890123456789012345
0 ..........rr........r...t.
1 .tt.............r.tr....tt
2 .tt...tt.r......h..r....t.
3 f..frr.t....r.............

Turn = 6.
  01234567890123456789012345
0 ..........rr........r...t.
1 .tt..............rtr....tt
2 .tt...tt.........h.r....t.
3 f..frr.t.r...r............

Turn = 7.
  01234567890123456789012345
0 .........r..r........r..t.
1 .tt..............rrr....tt
2 .tt.r.tt..........hr....t.
3 f..f.r.t.r....r...........

Turn = 8.
  01234567890123456789012345
0 ........r....r....r...r.t.
1 .tt.r............r..r...tt
2 .tt...tt..........rr....t.
3 f..fr..t..r....r..........

Turn = 9.
  01234567890123456789012345
0 ....r..r......r...r....tt.
1 .tt..................r..tt
2 .tt...tt.........rrr....t.
3 f..rr..t...r....r.........

*** Darwin 50x12 ***
Turn = 0.
  012345678901
0 ....h....f..
1 th.fh....r..
2 ...trf...t..
3 ......h.....
4 ........h...
5 .r.......fr.
6 .h..h.......
7 h..r.f.t...r
8 rr.t..rh...f
9 ..f.......f.
0 ....t..hf...
1 ...........t
2 .f.t....f...
3 .........t.t
4 ....hf...r..
5 ........t..h
6 fh.f.r..rr..
7 ...h.......t
8 .r......t...
9 ........h...
0 ....h..t..hf
1 t..........t
2 .t..t...rr..
3 ...r.....t..
4 t...r.h..h..
5 ...........f
6 h..........h
7 ...ftth...r.
8 .h.h.t....h.
9 h.r.f.......
0 r.....tt..r.
1 t..t.....tf.
2 rf..........
3 r.t.r..rh...
4 ......h.fr.t
5 ............
6 r.f.t....f..
7 .r.h...r....
8 ...t....r...
9 .t...h......
0 .........t..
1 ..t.......t.
2 ....r...t..h
3 .r.........t
4 .tf.h.t.....
5 r..r........
6 ...t..r..f..
7 h.....f.....
8 r...f..tr..r
9 ...f...f....

Turn = 1.
  012345678901
0 ....h....r..
1 th.f.h...r..
2 ...tr....t..
3 .....rh.....
4 .r.......h..
5 .........f.r
6 ..hh........
7 h...rfrt..r.
8 r.rt.......f
9 ..f....h..f.
0 ....t..hf...
1 ...........t
2 .f.t....f...
3 ....h....r.t
4 .....f...r..
5 ........t.h.
6 f.hf..r.t.r.
7 ..h........t
8 ........t...
9 .r......h...
0 .....h.t..hf
1 t.......r..t
2 .t..t....r..
3 .........r..
4 t..r.rh.h...
5 ...........f
6 h.........r.
7 ...ftt....r.
8 h.hh.tt...h.
9 r..rf.....r.
0 ......tt....
1 r..t.....tt.
2 rf..........
3 r.t....rr...
4 ....r..hr..t
5 r........r..
6 ..fht....f..
7 r...........
8 ...t.h.r.r..
9 .t..........
0 .........t..
1 ..t.......t.
2 ........t..t
3 ..r.r......t
4 .tfr..t.....
5 ...t........
6 r..t...r.f..
7 .h....f.....
8 r...f..rr..r
9 ...f...t....

Turn = 2.
  012345678901
0 ........rr..
1 th.fh.h.....
2 ...tt....t..
3 .r...h......
4 .....r....h.
5 .........f.r
6 ..hh..r.....
7 h..rrr.t.r..
8 ..r........f
9 r.f....h..f.
0 ....t..hf...
1 ...........t
2 .f.th...f...
3 ........rr.t
4 .....f......
5 ........th..
6 f.hf...rt..r
7 .h.........t
8 ........t...
9 ........t...
0 .r....htr.hf
1 t..........t
2 .t..t....r..
3 ........r...
4 t....rrh....
5 ...r.......f
6 h........rr.
7 h..ttt....h.
8 r.hh.tt...r.
9 ...r.r......
0 ......tt....
1 r..t.....tt.
2 rf..........
3 .rt....rr...
4 r......h.r.t
5 ...hr....r..
6 ..f.t.....r.
7 r....h......
8 ...t......r.
9 .t.....r....
0 .........t..
1 ..t.......t.
2 ........t..t
3 ...r.......t
4 .trtr.t.....
5 ...t........
6 ...t....rf..
7 r.h...f.....
8 r...f..rr...
9 ...f...r...r

Turn = 3.
  012345678901
0 .......r.r..
1 th.ft..h....
2 .r.tt....t..
3 ....h.......
4 ...........r
5 .....rr..f.r
6 ..hr.r......
7 h..rr..tr...
8 ...r.......f
9 ..f....h..f.
0 r...t..hf...
1 ...........t
2 .f.tt...fr..
3 .......r...t
4 .....f......
5 ........tt..
6 f.hf...r.r.t
7 h..........t
8 ........t...
9 ........r...
0 ......htr.ht
1 tr.........t
2 .t..t...r...
3 ......rr....
4 t....rh.....
5 ..........rf
6 h..r....r.h.
7 r..ttt....r.
8 r.hh.tt.....
9 ....r.t.....
0 ......tt....
1 .r.t.....tt.
2 rr.....r....
3 rr.r...r....
4 ...h....h.rt
5 ....r.......
6 r.f.rh...r.r
7 ............
8 ...t.......r
9 .t..........
0 .......r.t..
1 ..t.......t.
2 ........t..t
3 ....r......t
4 .ttt..t.....
5 ...tr.......
6 ...t....r...
7 r..h..f..r..
8 r...f..r....
9 ...f...rr..r

*** Darwin 5x12 ***
Turn = 0.
  012345678901
0 ....h..r....
1 h........t..
2 f.t.t.....ft
3 .hh..f......
4 ..........f.

Turn = 1.
  012345678901
0 h...h.......
1 .......r.t..
2 f.t.t.....ft
3 hh...f......
4 ..........f.

Turn = 2.
  012345678901
0 h...h.......
1 .........t..
2 f.t.t..r..ft
3 hh...f......
4 ..........f.

Turn = 3.
  012345678901
0 h...h.......
1 .........t..
2 f.t.t.....tt
3 hh...f.r....
4 ..........f.

Turn = 4.
  012345678901
0 h...h.......
1 .........t..
2 f.t.t.....tt
3 hh...f......
4 .......r..f.

Turn = 5.
  012345678901
0 h...h.......
1 .........t..
2 f.t.t.....tt
3 hh...f......
4 .......r..f.

Turn = 6.
  012345678901
0 h...h.......
1 .........t..
2 f.t.t.....tt
3 hh...f......
4 ......r...f.

Turn = 7.
  012345678901
0 h...h.......
1 .........t..
2 f.t.t.....tt
3 hh...f......
4 .....r....f.

Turn = 8.
  012345678901
0 h...h.......
1 .........t..
2 f.t.t.....tt
3 hh...f......
4 ....r.....f.

Turn = 9.
  012345678901
0 h...h.......
1 .........t..
2 f.t.t.....tt
3 hh...f......
4 ...r......f.

Turn = 10.
  012345678901
0 h...h.......
1 .........t..
2 f.t.t.....tt
3 hh...f......
4 ..r.......f.

Turn = 11.
  012345678901
0 h...h.......
1 .........t..
2 f.t.t.....tt
3 hh...f......
4 .r........f.

Turn = 12.
  012345678901
0 h...h.......
1 .........t..
2 f.t.t.....tt
3 hh...f......
4 r.........f.

Turn = 13.
  012345678901
0 h...h.......
1 .........t..
2 f.t.t.....tt
3 hh...f......
4 r.........f.

Turn = 14.
  012345678901
0 h...h.......
1 .........t..
2 f.t.t.....tt
3 hh...f......
4 r.........f.

Turn = 15.
  012345678901
0 h...h.......
1 .........t..
2 f.t.t.....tt
3 hh...f......
4 r.........f.

Turn = 16.
  012345678901
0 h...h.......
1 .........t..
2 f.t.t.....tt
3 rh...f......
4 r.........f.

*** Darwin 3x33 ***
Turn = 0.
  012345678901234567890123456789012
0 .....rf....fr.....rf........f....
1 ...............r.................
2 ..r..f.t.....................t..f

Turn = 1.
  012345678901234567890123456789012
0 .....r.....fr..r...f........f....
1 ..r...r...........r..............
2 .....f.t.....................t..f

Turn = 2.
  012345678901234567890123456789012
0 ..r...r....f.r.r...f........f....
1 .................................
2 .....ftt..........r..........t..f

*** Darwin 26x33 ***
Turn = 0.
  012345678901234567890123456789012
0 .....t.......h..h....rh..........
1 ................ff..........f..hf
2 ...........r....h....t...f.......
3 .........h.....r...f.............
4 rf.r..........th...........h.....
5 ..........t....r...f..hr......h..
6 .............................h...
7 ....r...h..........t...........f.
8 ................h.......h...f...r
9 ......t.................r....r...
0 .........tt.......th.h.........th
1 ..r.r..t...h.r...r..r....h.......
2 .......h..t.....r.......t....t.f.
3 .........f.......................
4 .t..........f.r......t.....t....r
5 ...h..............f.....r........
6 ..h.h...f...............t........
7 ....t................t.......t...
8 ....f......t............f...t....
9 r..tt..........fhr........f....h.
0 ..........r..f...........r.......
1 f.....hr.t.....f..............f..
2 ...........r............r........
3 .fh..........r.....f........f....
4 ...h..........r.h......t........f
5 ...................h.............

Turn = 4.
  012345678901234567890123456789012
0 r..r.t...h..r...hr....h..........
1 ................ff..........f...f
2 ................h....t...f.......
3 ........h..r.h.....f.............
4 .f............tt.......h.........
5 ..........t....t...rrr.........h.
6 .........................h......h
7 r.r................t...........f.
8 ....................h......hrrh..
9 ......t.........r...r....r.......
0 .........tt.......tt...........t.
1 .......t......h..............h...
2 .......t..t....r...r....t....t.f.
3 .........f..........rr...........
4 .t..........f.....r..r.....t.....
5 r...r..h........h.f.r............
6 ...tt...f...............t........
7 ....t................t.......t..r
8 ....t......t............f...t....
9 ...tt..........f..........f.....h
0 .............f...............r...
1 f.......ttt....f..............f..
2 .................................
3 .f....h.........rr.f........f....
4 h..........r......hh...tt.......f
5 .......r...r.....................

Turn = 8.
  012345678901234567890123456789012
0 ..r..t..hh.....rr.r...h..........
1 .r..............ff..........f...f
2 ................h...rt...f......h
3 ..r....r...........f.............
4 .f............tt...h.............
5 ..........t....tr...........r....
6 .....................h.........h.
7 .............h.....r.r.........f.
8 ........................h....h...
9 ......t............t.rr..........
0 r........tt.......tt...........t.
1 r......t........h.ht.........r..h
2 .......t..t.............t....thf.
3 .........f..............r........
4 .t..........f.......r......t.....
5 ......r....h.....r...............
6 ...t..r.f......r.....r..t........
7 ..................r.rr.......t...
8 ........r..t............f...t...r
9 ...tr.r........f..........f....r.
0 .............f..................r
1 f.......ttt....f..............f..
2 .................................
3 .f........h........f........f....
4 h......r..........hh...tt.......f
5 ....r..........rrr...............

*** Darwin 43x14 ***
Turn = 0.
  01234567890123
0 ...t..rt...r.f
1 r.............
2 h...t.....r...
3 ...........f..
4 h....f......ht
5 .t....r.t.fh.r
6 ..f..f....t...
7 .r.t.f.......f
8 ..r......h....
9 hht.f.rf....f.
0 ...h..f.....f.
1 .....f.f..th.t
2 .r.r...t...r..
3 ...t..........
4 ..thf.........
5 ..h....h..r..h
6 f.f.t......h.t
7 f.......ftt..r
8 rtt...t.....h.
9 ....r.h..h..f.
0 ...r.....r.t..
1 ht...frr.rf.rf
2 ht..r.t..f....
3 .t.....r.....h
4 ......f.ht....
5 .........h....
6 f.ff..h...r...
7 .h.......f...r
8 h.........t.t.
9 .rr...........
0 .......r...hf.
1 ..h.h.f...f.h.
2 .tr......f....
3 h..h....rtt...
4 t....rh.h.....
5 h.h........t.h
6 ......r..h.hh.
7 r.h..f....h.t.
8 ..t.....fh...h
9 h.............
0 ..hf..t.......
1 ..tt.t....ff.r
2 t.h..fr.......

Turn = 1.
  01234567890123
0 r..t..rt..r..f
1 h.........r...
2 ....t.........
3 ...........fh.
4 .....fr......t
5 tt......t.fh.t
6 .rf..f....t...
7 ...t.f.......f
8 h..r..r...h...
9 h.t.f..f....f.
0 ....h.f.....f.
1 .....f.t..th.t
2 r.r....t..r...
3 ...t..........
4 ..thf.........
5 .h......h..r.t
6 f.f.t......h.r
7 f.......ttt..r
8 rr.r..t.....h.
9 ...r.h...r..f.
0 ...r.....r.t..
1 ht...rr.rr.r.f
2 ht...rt..f..rh
3 .t....r.......
4 ......f..t....
5 ......h.hhr...
6 f.ff.........r
7 ..h......f....
8 .h........t.t.
9 .r............
0 ..r.....r.h.f.
1 ..hh..f...f.h.
2 .t.......f....
3 h.r..r.r.tt...
4 t..h..........
5 t.....r.h..thh
6 ..h...r...hh..
7 .rh..f.....ht.
8 h.t.....f.h...
9 .............h
0 ..hf..t.......
1 ..tt.t....ff.r
2 t.t..t.r......

Turn = 2.
  01234567890123
0 r..t..rr.rr..f
1 h.............
2 ....t.......h.
3 ......r....f..
4 .....f.......t
5 tr......t.th.t
6 .rf..f....t...
7 h..t.fr......f
8 ....r......h..
9 h.t.f..f....f.
0 .....hf.....f.
1 .....f.t..tt.t
2 rr.....t.r....
3 ...t..........
4 ..ttf.........
5 h........h.hrt
6 f.f.t........r
7 f.......ttt..r
8 r.r.r.t.....h.
9 ..r.h....r..f.
0 ..r......r.t..
1 tt...rr.r.rt.f
2 ht...rr..f...h
3 .t...r......r.
4 ......f..tr...
5 ......h..h...r
6 f.ff....h.....
7 ...h.....f....
8 ..h.......t.t.
9 ..............
0 .rr......rh.f.
1 ..h...f...f.h.
2 .tt..r...f....
3 h.....r..tt...
4 t.r.........h.
5 t..h..r....t.h
6 ..r...r.h.h.h.
7 hrt..f.....tt.
8 ..t.....f..h..
9 ..............
0 ..hf..t......h
1 ..tt.t....ff..
2 t.t..t..r....r

Turn = 3.
  01234567890123
0 hr.t..rrr.r..f
1 ............h.
2 ....t.r.......
3 ...........f..
4 .....f.......t
5 tt......t.th.t
6 htf..fr...t...
7 ...t.f.......f
8 .....r......h.
9 h.t.f..f....f.
0 .....hf.....f.
1 .....f.t..tt.t
2 r......tr.....
3 r..t..........
4 ..ttf......h..
5 h.........h.rr
6 f.f.t.......rr
7 r.......ttt...
8 r..r.tt.....h.
9 .r.h....r...f.
0 .r....r.r.rr..
1 tt...r....rr.f
2 ht...r.r.f...h
3 .t..r.....r...
4 ......f..t..rr
5 ......h..h....
6 f.ff..........
7 ....h...hf....
8 ...h......t.t.
9 ..............
0 ..r......rr.f.
1 .rr..rf...f.h.
2 .tt......t....
3 h....r...tt.h.
4 t.............
5 t.r..r.....t.h
6 h.rh.r.....h.h
7 .rt..f..h..tt.
8 ..t.....f...h.
9 ..............
0 ..hf..t.......
1 ..tt.t....ff.h
2 t.t..t...r...r

*** Darwin 46x22 ***
Turn = 0.
  0123456789012345678901
0 ..........h.......hf..
1 ........t..r.hth..r...
2 .r..f......h..........
3 ........h.ff.h........
4 ..rfr..t.rr.....h..h..
5 f...f......f.t..h.....
6 r........f.r..........
7 r....t.h.....t........
8 t..t.t..f......t.t.h.t
9 .tf.r...f.h.r......f..
0 ..h..t.r.fh.....f..t.t
1 ..hf.r.t.rf...........
2 .....t..t...t.r...ff.h
3 .........t.......rrtr.
4 ..thr..f...h.......f..
5 ...f.h.tt.f.........t.
6 ......rh....rtf..t.r..
7 ......f......rf..tf...
8 .f.h......hht....h....
9 .t....t....r.t..h....r
0 ...f.....t...frh..fr.f
1 .....f..h.....t.f.....
2 ...t.....t..t.........
3 .fh.fr...r.r.t...hrr..
4 ...h.t.tt.....rh....f.
5 ...t.f..ht.......f.tfh
6 ......f......h....ft..
7 ..r....t.......ff..ttf
8 ..r.......t..t.....tfh
9 .......t...r...f...ft.
0 .h.t..rr...ht.........
1 ...........h.....r....
2 ...r...f...t.....r.f..
3 ..h..tt.fft..fff..r...
4 h.r..t..t..t.t..fh.rf.
5 ...f........f.f.f.ft.r
6 .h.h...t..h...r...ff.r
7 .f.f............f..r..
8 t.rh.....h....r.......
9 h...t...rr......f.tr..
0 ...h..h.h..r..r.......
1 ......t........t..r.f.
2 ...f.f.....f...fhh....
3 h.....................
4 ............rtt.....h.
5 ...f...........r......

Turn = 7.
  0123456789012345678901
0 ......r.t..h.h.....f..
1 ........tt....tt......
2 .......r..............
3 ...r.r...hrf.......h..
4 r..r......r......r...r
5 r...r..r.rrf.t........
6 .........f........hh..
7 ...r.tr......t..t..h..
8 .r.tttr.f......ttt...t
9 r...r.r.f..........t..
0 rrr......f......f..t.t
1 r..f......f.t.........
2 .r...t.tt...tt....ff.h
3 r........t.rr.........
4 ..r....t..............
5 ...f...tt.f......r....
6 .......th.....r..r.r..
7 ......f....ttr.r.r.rr.
8 .t........ttt..rr.r..h
9 .trh..t.......r.r...r.
0 ...f.h...t...f..rrf..f
1 .....f.........r...r..
2 ...t.....t.rtrr.......
3 .tttt....t.....r......
4 r...tt.tt.......rrrtt.
5 ...t.t...t.......r.tt.
6 ......f........r...t.t
7 ........r.r...rrrr.ttt
8 ..........t..t....rttt
9 .......tt......r...ttr
0 ..tt.......tt.rr..r...
1 ..h........t..r.......
2 .....tt.....rr.....f..
3 .....trtttt..tt.......
4 h.....rrr..t.rr.....f.
5 ...f.....r..frrrrr....
6 r..h...t.......rrh.f..
7 rf.t.....r..r..r..rr..
8 ...tt..rr.......r.r...
9 ....t...........hrrtt.
0 ....t.................
1 ......t........t..r.r.
2 .r.f.f.....f...t.....r
3 .......h..............
4 .............trr......
5 h..f.....r...t...r....

Turn = 14.
  0123456789012345678901
0 ......r.r.r..h.....f..
1 rr...r..tt.r..tt......
2 ....r.........r.......
3 ....r...r..f.........r
4 ....rr..........r....r
5 ...........f.t........
6 r.r....r...........h.r
7 r..tr....r...t..t..h..
8 ...t....r.r....tttt...
9 .............r.....t.r
0 r.......rr.r....fr.t.r
1 r..f.t..r.f.t.........
2 ...rrt.tt...ttt...ff.h
3 ......r..t.......r....
4 .......t..............
5 ...f...tt.rr..r.......
6 .......tt..trr........
7 rrt...f....trrtt....r.
8 r.t.......t.r.r.rr...h
9 .ttt..t.....r........r
0 ...t.h...t.rr..r..r.r.
1 .....f.....r..trr...rr
2 ...t.....t..ttt.......
3 .tttt....t............
4 ....tt.tt..........tt.
5 ...t.t...t.r.......tt.
6 ......f..r...r.r..tt.t
7 ..............r....ttt
8 ......r...t.rrttr..ttt
9 .......tt.r........ttt
0 ..tt.....r.ttt........
1 ..t......r.tt..r..r...
2 .......rr....rr..r.f..
3 ..r..rr.t.t.....r.r...
4 h.....ttrrrr....rr..f.
5 ...f.r...rr.......r..r
6 ....t..rrr.r..r...r.r.
7 .f..t...r.........rr..
8 .r.rt......r.......r..
9 ....t...............rr
0 ....t........r.rr.....
1 ......t........t......
2 ...f.f.....f...t......
3 ..............tt......
4 rr...........tt.r.....
5 r.rr.........tt...r.r.