*** Darwin 8x8 ***
Turn = 0.
  01234567
0 f.......
1 ........
2 ........
3 ...hh...
4 ...hh...
5 ........
6 ........
7 .......f

Turn = 1.
  01234567
0 f.......
1 ........
2 ...h....
3 .....h..
4 ..h.....
5 ....h...
6 ........
7 .......f

Turn = 2.
  01234567
0 f.......
1 ...h....
2 ........
3 ......h.
4 .h......
5 ........
6 ....h...
7 .......f

Turn = 3.
  01234567
0 f..h....
1 ........
2 ........
3 .......h
4 h.......
5 ........
6 ........
7 ....h..f

Turn = 4.
  01234567
0 f..h....
1 ........
2 ........
3 .......h
4 h.......
5 ........
6 ........
7 ....h..f

Turn = 5.
  01234567
0 f..h....
1 ........
2 ........
3 .......h
4 h.......
5 ........
6 ........
7 ....h..f

*** Darwin 7x9 ***
Turn = 0.
  012345678
0 t........
1 .........
2 .........
3 ..h......
4 .........
5 ....r....
6 ........t

Turn = 1.
  012345678
0 t........
1 .........
2 .........
3 ...h.....
4 ....r....
5 .........
6 ........t

Turn = 2.
  012345678
0 t........
1 .........
2 .........
3 ....r....
4 ....r....
5 .........
6 ........t

Turn = 3.
  012345678
0 t........
1 .........
2 .........
3 ....rr...
4 .........
5 .........
6 ........t

Turn = 4.
  012345678
0 t........
1 .........
2 ....r....
3 ......r..
4 .........
5 .........
6 ........t

Turn = 5.
  012345678
0 t........
1 ....r....
2 .........
3 .......r.
4 .........
5 .........
6 ........t

*** Darwin 1x1 ***
Turn = 0.
  0
0 h

Turn = 1.
  0
0 h

Turn = 2.
  0
0 h

*** Darwin 4x4 ***
Turn = 0.
  0123
0 h...
1 ....
2 ....
3 ....

Turn = 1.
  0123
0 h...
1 ....
2 ....
3 ....

*** Darwin 2x2 ***
Turn = 0.
  01
0 t.
1 .t

Turn = 3.
  01
0 t.
1 .t

*** Darwin 22x5 ***
Turn = 0.
  01234
0 .....
1 .....
2 .....
3 .....
4 .....
5 .....
6 .....
7 .....
8 .....
9 .....
0 .....
1 .....
2 .....
3 ..t..
4 ...h.
5 ...r.
6 ....t
7 .....
8 .....
9 .....
0 ....f
1 .....

Turn = 2.
  01234
0 .....
1 .....
2 .....
3 .....
4 .....
5 .....
6 .....
7 .....
8 .....
9 .....
0 .....
1 .....
2 .....
3 ..t..
4 ...r.
5 ...r.
6 ....t
7 .....
8 .....
9 .....
0 ....f
1 .....

Turn = 4.
  01234
0 .....
1 .....
2 .....
3 .....
4 .....
5 .....
6 .....
7 .....
8 .....
9 .....
0 .....
1 .....
2 .....
3 ..t..
4 ..t..
5 .r...
6 ....t
7 .....
8 .....
9 .....
0 ....f
1 .....

Turn = 6.
  01234
0 .....
1 .....
2 .....
3 .....
4 .....
5 .....
6 .....
7 .....
8 .....
9 .....
0 .....
1 .....
2 .....
3 ..t..
4 ..t..
5 r....
6 ....t
7 .....
8 .....
9 .....
0 ....f
1 .....

*** Darwin 100x100 ***
Turn = 0.
  0123456789012345678901234567890123456789012345678901234567890123456789012345678901234567890123456789
0 fffffffffff.........................................................................................
1 ....................................................................................................
2 t.ttt.........................t.....................................................................
3 ....................................................................................................
4 ....................................................................................................
5 ....................................................................................................
6 ....................................................................................................
7 ....................................................................................................
8 ....................................................................................................
9 ....................................................................................................
0 ....................................................................................................
1 ....................................................................................................
2 ....................................................................................................
3 .............r......................................................................................
4 ..............r.....................................................................................
5 ....................................................................................................
6 ....................................................................................................
7 ....................................................................................................
8 ....................................................................................................
9 ....................................................................................................
0 ....................................................................................................
1 ....................................................................................................
2 ....................................................................................................
3 ....................................................................................................
4 ....................................................................................................
5 ....................................................................................................
6 ....................................................................................................
7 ....................................................................................................
8 ....................................................................................................
9 ....................................................................................................
0 ....................................................................................................
1 ....................................................................................................
2 ....................................................................................................
3 ....................................................................................................
4 ....................................................................................................
5 ....................................................................................................
6 ....................................................................................................
7 ....................................................................................................
8 ....................................................................................................
9 ....................................................................................................
0 ....................................................................................................
1 ....................................................................................................
2 ....................................................................................................
3 ....................................................................................................
4 ....................................................................................................
5 ....................................................................................................
6 ....................................................................................................
7 ....................................................................................................
8 ....................................................................................................
9 ....................................................................................................
0 ....................................................................................................
1 ....................................................................................................
2 ....................................................................................................
3 ....................................................................................................
4 ....................................................................................................
5 ....................................................................................................
6 ....................................................................................................
7 ....................................................................................................
8 ....................................................................................................
9 ....................................................................................................
0 ....................................................................................................
1 ....................................................................................................
2 ....................................................................................................
3 ....................................................................................................
4 ....................................................................................................
5 ....................................................................................................
6 ....................................................................................................
7 ....................................................................................................
8 ....................................................................................................
9 ....................................................................................................
0 ....................................................................................................
1 ....................................................................................................
2 ....................................................................................................
3 ....................................................................................................
4 ....................................................................................................
5 ....................................................................................................
6 ....................................................................................................
7 ....................................................................................................
8 ....................................................................................................
9 ....................................................................................................
0 ....................................................................................................
1 ....................................................................................................
2 ....................................................................................................
3 ....................................................................................................
4 ....................................................................................................
5 ....................................................................................................
6 ....................................................................................................
7 ....................................................................................................
8 ....................................................................................................
9 ....................................................................................................
0 ..........................................................................................r.r.......
1 ....................................................................................................
2 ....................................................................................................
3 ....................................................................................................
4 ....................................................................................................
5 ....................................................................................................
6 ....................................................................................................
7 ....................................................................................................
8 ....................................................................................................
9 ....................................................................................................

Turn = 10.
  0123456789012345678901234567890123456789012345678901234567890123456789012345678901234567890123456789
0 fffffffffff.........................................................................................
1 ....................................................................................................
2 t.ttt.........................t.....................................................................
3 ....................................................................................................
4 ..............r.....................................................................................
5 ....................................................................................................
6 ....................................................................................................
7 ....................................................................................................
8 ....................................................................................................
9 ....................................................................................................
0 ....................................................................................................
1 ....................................................................................................
2 ....................................................................................................
3 ....................................................................................................
4 ....................................................................................................
5 ....................................................................................................
6 ....................................................................................................
7 ....................................................................................................
8 ....................................................................................................
9 ....................................................................................................
0 ....................................................................................................
1 ....................................................................................................
2 ....................................................................................................
3 .............r......................................................................................
4 ....................................................................................................
5 ....................................................................................................
6 ....................................................................................................
7 ....................................................................................................
8 ....................................................................................................
9 ....................................................................................................
0 ....................................................................................................
1 ....................................................................................................
2 ....................................................................................................
3 ....................................................................................................
4 ....................................................................................................
5 ....................................................................................................
6 ....................................................................................................
7 ....................................................................................................
8 ....................................................................................................
9 ....................................................................................................
0 ....................................................................................................
1 ....................................................................................................
2 ....................................................................................................
3 ....................................................................................................
4 ....................................................................................................
5 ....................................................................................................
6 ....................................................................................................
7 ....................................................................................................
8 ....................................................................................................
9 ....................................................................................................
0 ....................................................................................................
1 ....................................................................................................
2 ....................................................................................................
3 ....................................................................................................
4 ....................................................................................................
5 ....................................................................................................
6 ....................................................................................................
7 ....................................................................................................
8 ....................................................................................................
9 ....................................................................................................
0 ....................................................................................................
1 ....................................................................................................
2 ....................................................................................................
3 ....................................................................................................
4 ....................................................................................................
5 ....................................................................................................
6 ....................................................................................................
7 ....................................................................................................
8 ....................................................................................................
9 ....................................................................................................
0 ....................................................................................................
1 ....................................................................................................
2 ....................................................................................................
3 ....................................................................................................
4 ....................................................................................................
5 ....................................................................................................
6 ....................................................................................................
7 ....................................................................................................
8 ....................................................................................................
9 ....................................................................................................
0 ....................................................................................................
1 ............................................................................................r.......
2 ...........................................................................................r........
3 ....................................................................................................
4 ....................................................................................................
5 ....................................................................................................
6 ....................................................................................................
7 ....................................................................................................
8 ....................................................................................................
9 ....................................................................................................
0 ....................................................................................................
1 ....................................................................................................
2 ....................................................................................................
3 ....................................................................................................
4 ....................................................................................................
5 ....................................................................................................
6 ....................................................................................................
7 ....................................................................................................
8 ....................................................................................................
9 ....................................................................................................

*** Darwin 50x50 ***
Turn = 0.
  01234567890123456789012345678901234567890123456789
0 t.................................................
1 .h................................................
2 ..h...............................................
3 ...h..............................................
4 ....h.............................................
5 .....h............................................
6 ......h...........................................
7 .......h..........................................
8 ........h.........................................
9 .........t........................................
0 ..........h.......................................
1 ...........h......................................
2 ............h.....................................
3 .............h....................................
4 ..............h...................................
5 ...............h..................................
6 ................h.................................
7 .................h................................
8 ..................h...............................
9 ...................t..............................
0 ....................h.............................
1 .....................h............................
2 ......................h...........................
3 .......................h..........................
4 ........................h.........................
5 .........................h........................
6 ..........................h.......................
7 ...........................h......................
8 ............................h.....................
9 .............................t....................
0 ..............................h...................
1 ...............................h..................
2 ................................h.................
3 .................................h................
4 ..................................h...............
5 ...................................h..............
6 ....................................h.............
7 .....................................h............
8 ......................................h...........
9 .......................................t..........
0 ........................................h.........
1 .........................................h........
2 ..........................................h.......
3 ...........................................h......
4 ............................................h.....
5 .............................................h....
6 ..............................................h...
7 ...............................................h..
8 ................................................h.
9 .................................................f

Turn = 50.
  01234567890123456789012345678901234567890123456789
0 t.................................................
1 .................................................h
2 .................................................h
3 .................................................h
4 .................................................h
5 .................................................h
6 .................................................h
7 .................................................h
8 .................................................h
9 .........t........................................
0 .................................................h
1 .................................................h
2 .................................................h
3 .................................................h
4 .................................................h
5 .................................................h
6 .................................................h
7 .................................................h
8 .................................................h
9 ...................t..............................
0 .................................................h
1 .................................................h
2 .................................................h
3 .................................................h
4 .................................................h
5 .................................................h
6 .................................................h
7 .................................................h
8 .................................................h
9 .............................t....................
0 .................................................h
1 .................................................h
2 .................................................h
3 .................................................h
4 .................................................h
5 .................................................h
6 .................................................h
7 .................................................h
8 .................................................h
9 .......................................t..........
0 .................................................h
1 .................................................h
2 .................................................h
3 .................................................h
4 .................................................h
5 .................................................h
6 .................................................h
7 .................................................h
8 .................................................h
9 .................................................f

*** Darwin 100x100 ***
Turn = 0.
  0123456789012345678901234567890123456789012345678901234567890123456789012345678901234567890123456789
0 f..................................................................................................f
1 ....................................................................................................
2 ....................................................................................................
3 ....................................................................................................
4 ....................................................................................................
5 ....................................................................................................
6 ....................................................................................................
7 ....................................................................................................
8 ....................................................................................................
9 ....................................................................................................
0 ....................................................................................................
1 ....................................................................................................
2 ....................................................................................................
3 ....................................................................................................
4 ....................................................................................................
5 ....................................................................................................
6 ....................................................................................................
7 ....................................................................................................
8 ....................................................................................................
9 ....................................................................................................
0 ....................................................................................................
1 ....................................................................................................
2 ....................................................................................................
3 ....................................................................................................
4 ....................................................................................................
5 ....................................................................................................
6 ....................................................................................................
7 ....................................................................................................
8 ....................................................................................................
9 ....................................................................................................
0 ....................................................................................................
1 ....................................................................................................
2 ....................................................................................................
3 ....................................................................................................
4 ....................................................................................................
5 ....................................................................................................
6 ....................................................................................................
7 ....................................................................................................
8 ....................................................................................................
9 ....................................................................................................
0 ....................................................................................................
1 ....................................................................................................
2 ....................................................................................................
3 ....................................................................................................
4 ....................................................................................................
5 ....................................................................................................
6 ....................................................................................................
7 ....................................................................................................
8 ....................................................................................................
9 ....................................................................................................
0 ....................................................................................................
1 ....................................................................................................
2 ....................................................................................................
3 ....................................................................................................
4 ....................................................................................................
5 ....................................................................................................
6 ....................................................................................................
7 ....................................................................................................
8 ....................................................................................................
9 ....................................................................................................
0 ....................................................................................................
1 ....................................................................................................
2 ....................................................................................................
3 ....................................................................................................
4 ....................................................................................................
5 ....................................................................................................
6 ....................................................................................................
7 ....................................................................................................
8 ....................................................................................................
9 ....................................................................................................
0 ....................................................................................................
1 ....................................................................................................
2 ....................................................................................................
3 ....................................................................................................
4 ....................................................................................................
5 ....................................................................................................
6 ....................................................................................................
7 ....................................................................................................
8 ....................................................................................................
9 ....................................................................................................
0 ....................................................................................................
1 ....................................................................................................
2 ....................................................................................................
3 ....................................................................................................
4 ....................................................................................................
5 ....................................................................................................
6 ....................................................................................................
7 ....................................................................................................
8 ....................................................................................................
9 ....................................................................................................
0 ....................................................................................................
1 ....................................................................................................
2 ....................................................................................................
3 ....................................................................................................
4 ....................................................................................................
5 ....................................................................................................
6 ....................................................................................................
7 ....................................................................................................
8 ....................................................................................................
9 f..................................................................................................f

Turn = 1.
  0123456789012345678901234567890123456789012345678901234567890123456789012345678901234567890123456789
0 f..................................................................................................f
1 ....................................................................................................
2 ....................................................................................................
3 ....................................................................................................
4 ....................................................................................................
5 ....................................................................................................
6 ....................................................................................................
7 ....................................................................................................
8 ....................................................................................................
9 ....................................................................................................
0 ....................................................................................................
1 ....................................................................................................
2 ....................................................................................................
3 ....................................................................................................
4 ....................................................................................................
5 ....................................................................................................
6 ....................................................................................................
7 ....................................................................................................
8 ....................................................................................................
9 ....................................................................................................
0 ....................................................................................................
1 ....................................................................................................
2 ....................................................................................................
3 ....................................................................................................
4 ....................................................................................................
5 ....................................................................................................
6 ....................................................................................................
7 ....................................................................................................
8 ....................................................................................................
9 ....................................................................................................
0 ....................................................................................................
1 ....................................................................................................
2 ....................................................................................................
3 ....................................................................................................
4 ....................................................................................................
5 ....................................................................................................
6 ....................................................................................................
7 ....................................................................................................
8 ....................................................................................................
9 ....................................................................................................
0 ....................................................................................................
1 ....................................................................................................
2 ....................................................................................................
3 ....................................................................................................
4 ....................................................................................................
5 ....................................................................................................
6 ....................................................................................................
7 ....................................................................................................
8 ....................................................................................................
9 ....................................................................................................
0 ....................................................................................................
1 ....................................................................................................
2 ....................................................................................................
3 ....................................................................................................
4 ....................................................................................................
5 ....................................................................................................
6 ....................................................................................................
7 ....................................................................................................
8 ....................................................................................................
9 ....................................................................................................
0 ....................................................................................................
1 ....................................................................................................
2 ....................................................................................................
3 ....................................................................................................
4 ....................................................................................................
5 ....................................................................................................
6 ....................................................................................................
7 ....................................................................................................
8 ....................................................................................................
9 ....................................................................................................
0 ....................................................................................................
1 ....................................................................................................
2 ....................................................................................................
3 ....................................................................................................
4 ....................................................................................................
5 ....................................................................................................
6 ....................................................................................................
7 ....................................................................................................
8 ....................................................................................................
9 ....................................................................................................
0 ....................................................................................................
1 ....................................................................................................
2 ....................................................................................................
3 ....................................................................................................
4 ....................................................................................................
5 ....................................................................................................
6 ....................................................................................................
7 ....................................................................................................
8 ....................................................................................................
9 ....................................................................................................
0 ....................................................................................................
1 ....................................................................................................
2 ....................................................................................................
3 ....................................................................................................
4 ....................................................................................................
5 ....................................................................................................
6 ....................................................................................................
7 ....................................................................................................
8 ....................................................................................................
9 f..................................................................................................f

*** Darwin 10x10 ***
Turn = 0.
  0123456789
0 h.........
1 .h........
2 ..h.......
3 ...h......
4 ....h.....
5 .....h....
6 ......h...
7 .......h..
8 ........h.
9 .........h

Turn = 10.
  0123456789
0 .........h
1 .........h
2 .........h
3 .........h
4 .........h
5 .........h
6 .........h
7 .........h
8 .........h
9 h.........

*** Darwin 15x15 ***
Turn = 0.
  012345678901234
0 r...r..........
1 ............h..
2 .....r.hr......
3 ....r........h.
4 ....t..........
5 t....f.f.......
6 ...f........t..
7 .rr.f..........
8 ....f.r........
9 .......r.r.h...
0 ..ft.........r.
1 ..........r..r.
2 ..t............
3 ....f..........
4 ...............

Turn = 4.
  012345678901234
0 ...rr.rr.r...h.
1 ...............
2 ...............
3 ...............
4 ....tt.........
5 t.....rr....h..
6 ...f..rr....t..
7 ....f..........
8 ....f.........r
9 ..r..r.h.......
0 ..tt...........
1 .r............r
2 ..t............
3 ....f..........
4 .............r.

Turn = 8.
  012345678901234
0 r....r......rr.
1 ...............
2 ......r........
3 ......r........
4 ...rtt........r
5 t...........t..
6 ...rr.......t..
7 ....f..........
8 ....f..r......r
9 rr.h...........
0 ...r..r........
1 ...............
2 .ttt...........
3 ....f..........
4 ..............r

Turn = 12.
  012345678901234
0 .rr...........r
1 ...............
2 ..........r....
3 ..........r.rr.
4 ....tt........r
5 tr..........t..
6 rr..........t..
7 ....f..........
8 ....f..........
9 h..............
0 .......r.......
1 .r.............
2 rrtt...r.......
3 ....f..........
4 ......r....r...

Turn = 16.
  012345678901234
0 .....r.......rr
1 ...............
2 .r............r
3 .r............r
4 r...tt.....r...
5 ..........r....
6 ............tt.
7 ....f..........
8 rr..f..........
9 h..............
0 ...........r...
1 r..............
2 r.tt..r........
3 ....f..........
4 r.....rr.......

Turn = 20.
  012345678901234
0 .........rrr..r
1 ...............
2 r..............
3 ....r..........
4 r...tt.r.......
5 ......r........
6 ............ttr
7 r...f..........
8 ....f.r........
9 ...............
0 r.............r
1 ...............
2 rrtt...........
3 ....f..........
4 r.rrr..........

Turn = 24.
  012345678901234
0 .......r..r....
1 ...............
2 ....r.....r....
3 ......r.r......
4 ....r.r...r....
5 r.rrr..........
6 ............ttr
7 ....f.........r
8 ....f..........
9 ...............
0 r...r..........
1 ....r..........
2 r.tt...........
3 r.t............
4 r...r..........

Turn = 28.
  012345678901234
0 ...r.rrr.......
1 r.....r........
2 ...............
3 ...............
4 r..............
5 r........r.....
6 r.........r.ttt
7 ....r..r.......
8 ...r......r....
9 ...r.r........r
0 r.....r........
1 r..............
2 ..tt...........
3 .tt............
4 ........r......

Turn = 32.
  012345678901234
0 r.......r.r....
1 rr........r....
2 .....r.........
3 ...............
4 ...............
5 ..r.....r......
6 r..r........ttt
7 r..............
8 r..............
9 .r......rr.....
0 .........rr....
1 ...t...........
2 ..tt......r....
3 .tt...........r
4 ............r..

Turn = 36.
  012345678901234
0 ....r.......r.r
1 r.......r.....r
2 r..............
3 ...............
4 ...............
5 .r......r......
6 r...rr.r....ttt
7 ...............
8 ...r...........
9 .....r......r..
0 ............r..
1 ...t...........
2 ..tt.........r.
3 .tt.......r....
4 .........r..r..

Turn = 40.
  012345678901234
0 .......r....r.r
1 ...r....r......
2 r..r....r....r.
3 ...............
4 ...............
5 ...............
6 ....r......rttt
7 ......r........
8 .............rr
9 .r.......r.....
0 .....r.........
1 ...t..........r
2 ..tt...........
3 .tt...r........
4 .....r..r......

*** Darwin 1x1 ***
Turn = 0.
  0
0 .

Turn = 1.
  0
0 .

*** Darwin 4x4 ***
Turn = 0.
  0123
0 h...
1 th..
2 .th.
3 ..th

Turn = 4.
  0123
0 ...h
1 t..t
2 .t.t
3 ..tt
