*** Darwin 37x28 ***
Turn = 0.
  0123456789012345678901234567
0 ........................h...
1 ............................
2 ............................
3 ............................
4 ............................
5 ............................
6 ............................
7 ............................
8 ............................
9 ............................
0 ............................
1 ............................
2 ............................
3 .....................h......
4 ............................
5 ............................
6 ............................
7 ............................
8 ...................f........
9 ............................
0 ............................
1 ............................
2 ............................
3 ...h........................
4 ............................
5 ............................
6 ............................
7 ............................
8 ............................
9 ............t......r........
0 ............................
1 ............................
2 ............................
3 ............................
4 ............................
5 ............................
6 ............................

*** Darwin 33x13 ***
Turn = 0.
  0123456789012
0 .............
1 ............f
2 .............
3 ..h..........
4 .............
5 .............
6 .............
7 .............
8 ..h..........
9 .............
0 .............
1 .........t...
2 ...........h.
3 .............
4 .............
5 .r..........h
6 ...t.........
7 .....t.......
8 .............
9 .....f.......
0 .............
1 ....f........
2 .............
3 .............
4 .............
5 .............
6 .............
7 .............
8 .............
9 ..........t..
0 ..h..........
1 .............
2 .............

*** Darwin 31x30 ***
Turn = 0.
  012345678901234567890123456789
0 ..............................
1 ..............................
2 ..............................
3 ..............................
4 ..............................
5 ..............................
6 ..............................
7 ..............................
8 ........f....f................
9 ..............................
0 ..............................
1 ..............................
2 ...h..........................
3 .............................f
4 ..............................
5 ..............................
6 ..............................
7 ..............................
8 ....................r.........
9 t.............................
0 ..............................
1 ..........................f...
2 ..............................
3 ..................r.f.........
4 ..............................
5 ..............................
6 ..............................
7 ..............................
8 ..............................
9 ..............................
0 ..............................

*** Darwin 3x37 ***
Turn = 0.
  0123456789012345678901234567890123456
0 ..r..h........h......................
1 .........h......ht...................
2 .......h...............hh........r...

Turn = 31.
  0123456789012345678901234567890123456
0 r.......r............................
1 ...............ttt...................
2 r.............rtt................r...

Turn = 62.
  0123456789012345678901234567890123456
0 .............r.r.................r..r
1 r........rr..........................
2 ............rrr......................

*** Darwin 36x24 ***
Turn = 0.
  012345678901234567890123
0 ........................
1 ........................
2 ........................
3 ........................
4 ..f.....................
5 ........................
6 ........................
7 ........................
8 ........................
9 ........................
0 ........................
1 ........................
2 ........................
3 ........................
4 ........................
5 ........................
6 ........................
7 ........................
8 t.......................
9 ........................
0 ........................
1 .....f.................r
2 ........................
3 ........................
4 ........................
5 ...........t............
6 ........................
7 ........................
8 ........................
9 ........................
0 ....h...................
1 ........................
2 ....h...................
3 ........................
4 ........................
5 ........................

Turn = 21.
  012345678901234567890123
0 ........................
1 ........................
2 ........................
3 ........................
4 ..f.....................
5 ........................
6 ........................
7 ........................
8 ........................
9 ........................
0 ........................
1 ........................
2 ........................
3 ........................
4 ........................
5 ........................
6 ........................
7 ........................
8 t....r..................
9 ........................
0 ........................
1 ...r....................
2 ........................
3 ........................
4 ........................
5 ...........t............
6 ........................
7 ........................
8 ........................
9 ........................
0 ........................
1 ........................
2 ........................
3 ........................
4 ....h...................
5 ....h...................

Turn = 42.
  012345678901234567890123
0 .......r................
1 ........................
2 ........................
3 ........................
4 ..f.....................
5 ........................
6 ........................
7 r.......................
8 ........................
9 ........................
0 ........................
1 ........................
2 ........................
3 ........................
4 ........................
5 ........................
6 ........................
7 ........................
8 ........................
9 .............r..........
0 ........................
1 ........................
2 ........................
3 ........................
4 ........................
5 ...........t............
6 ........................
7 ........................
8 ........................
9 ........................
0 ........................
1 ........................
2 ........................
3 ........................
4 ....h...................
5 ....h...................

*** Darwin 42x25 ***
Turn = 0.
  0123456789012345678901234
0 ..................r..h...
1 .........................
2 .........................
3 .........................
4 .f.......................
5 .........................
6 .................h.......
7 .........................
8 .........................
9 .........................
0 .........................
1 .........................
2 .........................
3 .........................
4 .........................
5 .........................
6 .........................
7 .........................
8 .........................
9 ................r........
0 .........................
1 .........................
2 .........................
3 .........................
4 .........................
5 .........................
6 ....r....................
7 .........................
8 .........................
9 .........................
0 h........................
1 .........................
2 ......................h..
3 .........................
4 .........................
5 ......................r..
6 .........................
7 ......t..................
8 .........................
9 .................t.......
0 .........................
1 .........................

*** Darwin 16x16 ***
Turn = 0.
  0123456789012345
0 ................
1 .......h........
2 .........h......
3 .....t..........
4 ................
5 ................
6 .....t......f...
7 h.r.............
8 ................
9 ................
0 ....h...........
1 ..........r.....
2 ................
3 .t.....f........
4 ..........f.....
5 .........h.f.r..

*** Darwin 9x28 ***
Turn = 0.
  0123456789012345678901234567
0 .h..........................
1 ...........t................
2 ...f..r.....................
3 ............................
4 ............................
5 ............................
6 ...............r.......f....
7 ......r........h............
8 ...........f............h...

Turn = 69.
  0123456789012345678901234567
0 ...........r................
1 r...........................
2 .....r.r....................
3 ......................r.....
4 ........r............r......
5 ...............r............
6 ............................
7 r...........................
8 ..................r.........

*** Darwin 28x38 ***
Turn = 0.
  01234567890123456789012345678901234567
0 ......................................
1 ......................................
2 ......................................
3 ......................................
4 ...................r..................
5 ........f.............................
6 ......................................
7 ......................................
8 ......................................
9 ......................................
0 ......................................
1 ......................................
2 ............r.........................
3 ......................................
4 ......................................
5 ......................................
6 ......................................
7 ......................................
8 ......................................
9 ......................................
0 ......................................
1 ......................................
2 ......................................
3 ......................................
4 .................................f....
5 ......................................
6 ......................................
7 ......t...............................

*** Darwin 36x5 ***
Turn = 0.
  01234
0 ....h
1 ..t..
2 .....
3 .....
4 .....
5 .r...
6 .....
7 r....
8 .....
9 .....
0 .....
1 .....
2 ..h..
3 .....
4 .....
5 ....h
6 .....
7 .....
8 ..h..
9 h....
0 .....
1 .....
2 h....
3 ..r..
4 .....
5 .rh..
6 f....
7 .....
8 .....
9 .....
0 .....
1 .....
2 .....
3 .....
4 .....
5 h....

*** Darwin 11x43 ***
Turn = 0.
  0123456789012345678901234567890123456789012
0 ...........................................
1 ...........................r...............
2 .............r...........r..h..............
3 ....................t......................
4 .................f.........................
5 .................r.........................
6 ..........t................................
7 .................................t...t.....
8 ..................r........................
9 .............r............t................
0 ...............r..............f.t..........

Turn = 22.
  0123456789012345678901234567890123456789012
0 ....rr................................r....
1 ...........................................
2 ...r.......................................
3 r...................t......................
4 .................f.........................
5 r..........................................
6 .......................r...................
7 .................................t...t.....
8 .....................................t.....
9 ..........................t................
0 ............................h.f.t..........

Turn = 44.
  0123456789012345678901234567890123456789012
0 .............r..rr.........................
1 ...........................................
2 ...........................................
3 ....................t......................
4 .................f.........................
5 ...........................................
6 ...........................................
7 .r...............................t...t.....
8 .....................................t....r
9 ..........................t................
0 ..r...........r.............h.f.t..........

*** Darwin 11x25 ***
Turn = 0.
  0123456789012345678901234
0 .........................
1 ..r......r...........t...
2 ...f...............h.....
3 .............h...........
4 f..r.....................
5 ......f..................
6 .........................
7 .........................
8 .f.......................
9 .........h.............r.
0 ...............tt........

*** Darwin 17x46 ***
Turn = 0.
  0123456789012345678901234567890123456789012345
0 ...........................r..................
1 ..............................................
2 .....f........................................
3 ................................f.............
4 ...............................r..............
5 ................f.............................
6 ..............................................
7 ..............................................
8 ..............................................
9 ..............................................
0 ..............................................
1 ..............................................
2 ...........r.........h........................
3 .......................t......................
4 .........t....................................
5 ..............................................
6 ..............................................

Turn = 82.
  0123456789012345678901234567890123456789012345
0 ..............r...............................
1 ..............................................
2 .....f........................................
3 ................................f.............
4 ..............................................
5 ................f.............................
6 ..............................................
7 ..............................................
8 ..............................................
9 ..............................................
0 ..............................................
1 ..............................................
2 ..............................................
3 r..r...................t......................
4 .........t....................................
5 ..............................................
6 ..............................r...............

*** Darwin 32x32 ***
Turn = 0.
  01234567890123456789012345678901
0 ................................
1 ................................
2 ................................
3 ...........t....................
4 ................................
5 ................................
6 ................................
7 ................................
8 ................................
9 ................................
0 ................................
1 ................................
2 ................................
3 ................................
4 ...........f....................
5 ................................
6 ..........................r.....
7 ................................
8 ................................
9 ................................
0 ....t...........................
1 ................................
2 ................................
3 .............t.h................
4 ................................
5 ................................
6 ................................
7 ................................
8 ..............................t.
9 ................................
0 ................................
1 ................................

Turn = 72.
  01234567890123456789012345678901
0 ................................
1 ................................
2 ................................
3 ...........t....................
4 ................................
5 ................................
6 ................................
7 ................................
8 ................................
9 ................................
0 ................................
1 ................................
2 ................................
3 ................................
4 ...........f....................
5 r...............................
6 ................................
7 ................................
8 ................................
9 ................................
0 ....t...........................
1 ................................
2 ................................
3 .............t.................h
4 ................................
5 ................................
6 ................................
7 ................................
8 ..............................t.
9 ................................
0 ................................
1 ................................
