*** Darwin 8x8 ***
Turn = 0.
  01234567
0 f.......
1 ........
2 ........
3 ...hh...
4 ...hh...
5 ........
6 ........
7 .......f

Turn = 1.
  01234567
0 f.......
1 ........
2 ...h....
3 .....h..
4 ..h.....
5 ....h...
6 ........
7 .......f

Turn = 2.
  01234567
0 f.......
1 ...h....
2 ........
3 ......h.
4 .h......
5 ........
6 ....h...
7 .......f

Turn = 3.
  01234567
0 f..h....
1 ........
2 ........
3 .......h
4 h.......
5 ........
6 ........
7 ....h..f

Turn = 4.
  01234567
0 f..h....
1 ........
2 ........
3 .......h
4 h.......
5 ........
6 ........
7 ....h..f

Turn = 5.
  01234567
0 f..h....
1 ........
2 ........
3 .......h
4 h.......
5 ........
6 ........
7 ....h..f

*** Darwin 7x9 ***
Turn = 0.
  012345678
0 t........
1 .........
2 .........
3 ..h......
4 .........
5 ....r....
6 ........t

Turn = 1.
  012345678
0 t........
1 .........
2 .........
3 ...h.....
4 ....r....
5 .........
6 ........t

Turn = 2.
  012345678
0 t........
1 .........
2 .........
3 ....r....
4 ....r....
5 .........
6 ........t

Turn = 3.
  012345678
0 t........
1 .........
2 .........
3 ....rr...
4 .........
5 .........
6 ........t

Turn = 4.
  012345678
0 t........
1 .........
2 ....r....
3 ......r..
4 .........
5 .........
6 ........t

Turn = 5.
  012345678
0 t........
1 ....r....
2 .........
3 .......r.
4 .........
5 .........
6 ........t

*** Darwin 10x10 ***
Turn = 0.
  0123456789
0 r.........
1 ..........
2 ..........
3 ..........
4 ..........
5 ..........
6 ..........
7 ..........
8 ..........
9 ..........

Turn = 2.
  0123456789
0 .r........
1 ..........
2 ..........
3 ..........
4 ..........
5 ..........
6 ..........
7 ..........
8 ..........
9 ..........

Turn = 4.
  0123456789
0 ...r......
1 ..........
2 ..........
3 ..........
4 ..........
5 ..........
6 ..........
7 ..........
8 ..........
9 ..........

*** Darwin 20x20 ***
Turn = 0.
  01234567890123456789
0 hhhhhhhhhh..........
1 ffffffffff..........
2 ..t.................
3 ...t................
4 ....t...............
5 .....t..............
6 ......t.............
7 .......t............
8 ........t...........
9 .........t..........
0 ..........t.........
1 ...........t........
2 ....................
3 ....................
4 ....................
5 ....................
6 ....................
7 ....................
8 ....................
9 rrrrrrrrrr..........

Turn = 1.
  01234567890123456789
0 hhhhhhhhhh..........
1 ffffffffff..........
2 ..t.................
3 ...t................
4 ....t...............
5 .....t..............
6 ......t.............
7 .......t............
8 ........t...........
9 .........t..........
0 ..........t.........
1 ...........t........
2 ....................
3 ....................
4 ....................
5 ....................
6 ....................
7 ....................
8 ...rr...............
9 rrr.r.rrrr..........

Turn = 2.
  01234567890123456789
0 hhhhhhhhhh..........
1 fftfffffff..........
2 ..t.................
3 ...t................
4 ....t...............
5 .....t..............
6 ......t.............
7 .......t............
8 ........t...........
9 .........t..........
0 ..........t.........
1 ...........t........
2 ....................
3 ....................
4 ....................
5 ....................
6 ....................
7 ...rr...............
8 ....................
9 rrrr..rrrr..........

Turn = 3.
  01234567890123456789
0 hhhhhhhhhh..........
1 fftfffffff..........
2 ..t.................
3 ...t................
4 ....t...............
5 .....t..............
6 ......t.............
7 .......t............
8 ........t...........
9 .........t..........
0 ..........t.........
1 ...........t........
2 ....................
3 ....................
4 ....................
5 ....................
6 ...rr...............
7 ....................
8 .......r............
9 rrrr..r.rr..........

Turn = 4.
  01234567890123456789
0 hhhhhhhhhh..........
1 fftttttttt..........
2 ..t.................
3 ...t................
4 ....t...............
5 .....t..............
6 ......t.............
7 .......t............
8 ........t...........
9 .........t..........
0 ..........t.........
1 ...........t........
2 ....................
3 ....................
4 ....................
5 ...rr...............
6 ....................
7 .......r............
8 ......r.rr..........
9 rrrr................

Turn = 5.
  01234567890123456789
0 hhhhhhhhht..........
1 fftttttttt..........
2 ..t.................
3 ...t................
4 ....t...............
5 .....t..............
6 ......t.............
7 .......t............
8 ........t...........
9 .........t..........
0 ..........t.........
1 ...........t........
2 ....................
3 ....................
4 ...rr...............
5 ....................
6 .......r............
7 ......r.rr..........
8 ....................
9 rrr.r...............

Turn = 6.
  01234567890123456789
0 hhtttttttt..........
1 fftttttttt..........
2 ..t.................
3 ...t................
4 ....t...............
5 .....t..............
6 ......t.............
7 .......t............
8 ........t...........
9 .........t..........
0 ..........t.........
1 ...........t........
2 ....................
3 ...rr...............
4 ....................
5 .......r............
6 ......r.rr..........
7 ....................
8 r.r.................
9 .r...r..............

Turn = 7.
  01234567890123456789
0 httttttttt..........
1 fftttttttt..........
2 ..t.................
3 ...t................
4 ....t...............
5 .....t..............
6 ......t.............
7 .......t............
8 ........t...........
9 .........t..........
0 ..........t.........
1 ...........t........
2 ...rr...............
3 ....................
4 .......r............
5 ......r.rr..........
6 ....................
7 r.r.................
8 ....................
9 .r....r.............

Turn = 8.
  01234567890123456789
0 httttttttt..........
1 fttttttttt..........
2 ..t.................
3 ...t................
4 ....t...............
5 .....t..............
6 ......t.............
7 .......t............
8 ........t...........
9 .........t..........
0 ..........t.........
1 ...rr......t........
2 ....................
3 .......r............
4 ......r.rr..........
5 ....................
6 r.r.................
7 ....................
8 ....................
9 r......r............

Turn = 9.
  01234567890123456789
0 httttttttt..........
1 fttttttttt..........
2 ..t.................
3 ...t................
4 ....t...............
5 .....t..............
6 ......t.............
7 .......t............
8 ........t...........
9 .........t..........
0 ...rr.....t.........
1 ...........t........
2 .......r............
3 ......r.rr..........
4 ....................
5 r.r.................
6 ....................
7 ....................
8 ....................
9 r.......r...........

Turn = 10.
  01234567890123456789
0 httttttttt..........
1 tttttttttt..........
2 ..t.................
3 ...t................
4 ....t...............
5 .....t..............
6 ......t.............
7 .......t............
8 ........t...........
9 ...rr....t..........
0 ..........t.........
1 .......r...t........
2 ......r.rr..........
3 ....................
4 r.r.................
5 ....................
6 ....................
7 ....................
8 r...................
9 .........r..........

Turn = 11.
  01234567890123456789
0 httttttttt..........
1 tttttttttt..........
2 ..t.................
3 ...t................
4 ....t...............
5 .....t..............
6 ......t.............
7 .......t............
8 ...rr...t...........
9 .........t..........
0 .......r..t.........
1 ......r.rr.t........
2 ....................
3 r.r.................
4 ....................
5 ....................
6 ....................
7 r...................
8 ....................
9 ..........r.........

Turn = 12.
  01234567890123456789
0 tttttttttt..........
1 tttttttttt..........
2 ..t.................
3 ...t................
4 ....t...............
5 .....t..............
6 ......t.............
7 ...rr..t............
8 ........t...........
9 .......r.t..........
0 ......r.rrt.........
1 ...........t........
2 r.r.................
3 ....................
4 ....................
5 ....................
6 r...................
7 ....................
8 ....................
9 ...........r........

Turn = 13.
  01234567890123456789
0 tttttttttt..........
1 tttttttttt..........
2 ..t.................
3 ...t................
4 ....t...............
5 .....t..............
6 ...rr.t.............
7 .......t............
8 .......rt...........
9 ......r.rr..........
0 .........rt.........
1 r.r........t........
2 ....................
3 ....................
4 ....................
5 r...................
6 ....................
7 ....................
8 ....................
9 ............r.......

Turn = 14.
  01234567890123456789
0 tttttttttt..........
1 tttttttttt..........
2 ..t.................
3 ...t................
4 ....t...............
5 ...rrt..............
6 ......t.............
7 .......t............
8 ......rtr...........
9 ........rr..........
0 r.r......rt.........
1 ...........t........
2 ....................
3 ....................
4 r...................
5 ....................
6 ....................
7 ....................
8 ....................
9 .............r......

Turn = 15.
  01234567890123456789
0 tttttttttt..........
1 tttttttttt..........
2 ..t.................
3 ...t................
4 ...rr...............
5 ....rt..............
6 ......t.............
7 ......rt............
8 .......tr...........
9 r.r.....rr..........
0 ........r.t.........
1 ...........t........
2 ....................
3 r...................
4 ....................
5 ....................
6 ....................
7 ....................
8 ....................
9 ..............r.....

Turn = 16.
  01234567890123456789
0 tttttttttt..........
1 tttttttttt..........
2 ..t.................
3 ...t................
4 ...rr...............
5 ....tt..............
6 ......r.............
7 ......rt............
8 r.r....t.r..........
9 ........rr..........
0 .......r..t.........
1 ...........t........
2 r...................
3 ....................
4 ....................
5 ....................
6 ....................
7 ....................
8 ....................
9 ...............r....

Turn = 17.
  01234567890123456789
0 tttttttttt..........
1 tttttttttt..........
2 ..t.................
3 ...t................
4 ...rr...............
5 ....tt..............
6 .....rr.............
7 r.r....t............
8 .......trrr.........
9 ....................
0 ......r...t.........
1 r..........t........
2 ....................
3 ....................
4 ....................
5 ....................
6 ....................
7 ....................
8 ....................
9 ................r...

Turn = 18.
  01234567890123456789
0 tttttttttt..........
1 tttttttttt..........
2 ..t.................
3 ...t................
4 ...rt...............
5 ....ttr.............
6 r.r..t..............
7 .......trr..........
8 .......t...r........
9 ....................
0 r....r....t.........
1 ...........t........
2 ....................
3 ....................
4 ....................
5 ....................
6 ....................
7 ....................
8 ....................
9 .................r..

Turn = 19.
  01234567890123456789
0 tttttttttt..........
1 tttttttttt..........
2 ..t.................
3 ...t................
4 ...tt.r.............
5 r.r.tt..............
6 .....t..rr..........
7 .......t............
8 .......t....r.......
9 r...................
0 ....r.....t.........
1 ...........t........
2 ....................
3 ....................
4 ....................
5 ....................
6 ....................
7 ....................
8 ....................
9 ..................r.

Turn = 20.
  01234567890123456789
0 tttttttttt..........
1 tttttttttt..........
2 ..t.................
3 ...t..r.............
4 r.rtt...............
5 ....tt..rr..........
6 .....t..............
7 .......t............
8 r......t.....r......
9 ....................
0 ...r......t.........
1 ...........t........
2 ....................
3 ....................
4 ....................
5 ....................
6 ....................
7 ....................
8 ....................
9 ...................r

*** Darwin 10x10 ***
Turn = 0.
  0123456789
0 t.........
1 ..........
2 ..........
3 ..........
4 ..........
5 ..........
6 ..........
7 ..........
8 ..........
9 ..........

Turn = 2.
  0123456789
0 t.........
1 ..........
2 ..........
3 ..........
4 ..........
5 ..........
6 ..........
7 ..........
8 ..........
9 ..........

Turn = 4.
  0123456789
0 t.........
1 ..........
2 ..........
3 ..........
4 ..........
5 ..........
6 ..........
7 ..........
8 ..........
9 ..........

*** Darwin 1x1 ***
Turn = 0.
  0
0 f

Turn = 1.
  0
0 f

Turn = 2.
  0
0 f

Turn = 3.
  0
0 f

Turn = 4.
  0
0 f

Turn = 5.
  0
0 f

Turn = 6.
  0
0 f

Turn = 7.
  0
0 f

Turn = 8.
  0
0 f

Turn = 9.
  0
0 f

Turn = 10.
  0
0 f

*** Darwin 5x5 ***
Turn = 0.
  01234
0 fhrtf
1 hrtfh
2 rtfhr
3 tfhrt
4 fhrtr

Turn = 1.
  01234
0 frttf
1 rttfh
2 ttfrr
3 tfrtt
4 frtrr

Turn = 2.
  01234
0 rtttf
1 tttfh
2 ttrrr
3 trttt
4 rtrrr

Turn = 3.
  01234
0 rtttf
1 ttttr
2 ttttr
3 ttttt
4 trrrt

Turn = 4.
  01234
0 rtttf
1 ttttt
2 ttttt
3 ttttt
4 ttttt

Turn = 5.
  01234
0 ttttt
1 ttttt
2 ttttt
3 ttttt
4 ttttt

Turn = 6.
  01234
0 ttttt
1 ttttt
2 ttttt
3 ttttt
4 ttttt

Turn = 7.
  01234
0 ttttt
1 ttttt
2 ttttt
3 ttttt
4 ttttt

Turn = 8.
  01234
0 ttttt
1 ttttt
2 ttttt
3 ttttt
4 ttttt

Turn = 9.
  01234
0 ttttt
1 ttttt
2 ttttt
3 ttttt
4 ttttt

Turn = 10.
  01234
0 ttttt
1 ttttt
2 ttttt
3 ttttt
4 ttttt

*** Darwin 3x3 ***
Turn = 0.
  012
0 fff
1 f.f
2 ffr

Turn = 3.
  012
0 frf
1 frf
2 rr.

*** Darwin 1x1 ***
Turn = 0.
  0
0 .

Turn = 1.
  0
0 .

Turn = 2.
  0
0 .

Turn = 3.
  0
0 .

Turn = 4.
  0
0 .

Turn = 5.
  0
0 .

*** Darwin 10x10 ***
Turn = 0.
  0123456789
0 fhrtf..ht.
1 hrtfh.....
2 rtfhr..h.r
3 tfhhrth..f
4 fhrtrh..r.
5 ......h...
6 ...t...f..
7 ......h.r.
8 t..rthhff.
9 h..rr....t

Turn = 5.
  0123456789
0 ttttthttt.
1 ttttt.....
2 ttttt.r...
3 tttt.r....
4 tttr.r....
5 ........h.
6 r...rr.f.r
7 .r..rr...r
8 t....r.rrr
9 .r....rrrr

Turn = 10.
  0123456789
0 ttttttttt.
1 ttttt...r.
2 ttttt.....
3 tttt.r...r
4 tttt.....r
5 .t.....rrr
6 tt.......r
7 .rr....r.r
8 .r..r..r..
9 .rr...rr.r

Turn = 15.
  0123456789
0 tttttttttt
1 tttttt.t..
2 ttttt.r...
3 tttt..r...
4 tttt....rr
5 .t....r.rr
6 tt...r....
7 rt.rr.....
8 r.........
9 ..rrr.r...

