*** Darwin 4x4 ***
Turn = 0.
  0123
0 trtr
1 trtr
2 trtr
3 trtr

Turn = 1.
  0123
0 rrtt
1 rrtt
2 rrtt
3 rrtt

Turn = 2.
  0123
0 rrtt
1 rrtt
2 rrtt
3 rrtt

Turn = 3.
  0123
0 rrtt
1 rrtt
2 rrtt
3 rrtt

Turn = 4.
  0123
0 rttt
1 rrrt
2 rrrt
3 rrrt

Turn = 5.
  0123
0 rttt
1 rttt
2 rrrt
3 rrrt

*** Darwin 5x5 ***
Turn = 0.
  01234
0 h...h
1 .....
2 .....
3 .....
4 h...h

Turn = 2.
  01234
0 ..h..
1 .....
2 h...h
3 .....
4 ..h..

Turn = 4.
  01234
0 h...h
1 .....
2 .....
3 .....
4 h...h

*** Darwin 5x5 ***
Turn = 0.
  01234
0 r.t.r
1 .....
2 t...t
3 .....
4 r.t.r

Turn = 1.
  01234
0 .rt..
1 ....r
2 t...t
3 r....
4 ..tr.

Turn = 2.
  01234
0 .r.r.
1 ....r
2 r....
3 r...r
4 ..rr.

Turn = 3.
  01234
0 ..r.r
1 .....
2 r...r
3 r....
4 ..rrr

Turn = 4.
  01234
0 ...rr
1 r....
2 .....
3 r..rr
4 .r..r

*** Darwin 15x15 ***
Turn = 0.
  012345678901234
0 ........h......
1 ..h............
2 ...f...........
3 ...............
4 .r.f..........r
5 ...t..t.....h..
6 .......r.......
7 ...............
8 ...............
9 ........h.....t
0 ........t....hf
1 .........r.....
2 f..............
3 .....r.........
4 t.............f

Turn = 5.
  012345678901234
0 ........h.....r
1 r......h.......
2 ...f...........
3 ...............
4 ...t...........
5 ...t..thh......
6 ...............
7 ...............
8 ...............
9 ..............t
0 .......tt.....t
1 ..............r
2 f..............
3 r..............
4 t............hf

Turn = 10.
  012345678901234
0 ...r....hr.....
1 ........h...h..
2 ...f...........
3 ...............
4 ...t...........
5 ...t..tt.......
6 ...............
7 ...............
8 ...............
9 ..............t
0 .......tt.....t
1 ..............t
2 r..............
3 r..............
4 r............hf

Turn = 15.
  012345678901234
0 ......r.rr.....
1 .......r......h
2 ...f...........
3 ...............
4 ...t...........
5 ...t..tt.......
6 ...............
7 ...............
8 ...............
9 r.............t
0 .......tt.....t
1 ..............t
2 ...............
3 ....r..........
4 ....r........hf

Turn = 20.
  012345678901234
0 .r.r.r.........
1 ..............h
2 ...f...........
3 ...............
4 r..t...........
5 ...t..tr.r.....
6 ...............
7 ...............
8 ...............
9 ..............t
0 .......tt.....t
1 ..............t
2 ...............
3 .........r.....
4 .........r...hf

*** Darwin 1x10 ***
Turn = 0.
  0123456789
0 h.........

Turn = 2.
  0123456789
0 ..h.......

Turn = 4.
  0123456789
0 ....h.....

Turn = 6.
  0123456789
0 ......h...

Turn = 8.
  0123456789
0 ........h.

Turn = 10.
  0123456789
0 .........h

*** Darwin 1x10 ***
Turn = 0.
  0123456789
0 r.h.......

Turn = 5.
  0123456789
0 .r.....h..

Turn = 10.
  0123456789
0 ......r..h

Turn = 15.
  0123456789
0 ........rr

Turn = 20.
  0123456789
0 .....r...r

*** Darwin 3x10 ***
Turn = 0.
  0123456789
0 r.h.......
1 r.h.......
2 .......r.h

Turn = 100.
  0123456789
0 r.r.......
1 ...r......
2 r.r.r.....

Turn = 200.
  0123456789
0 ....r..rr.
1 ..........
2 rr....r...

Turn = 300.
  0123456789
0 r...r.....
1 r.......r.
2 .......r.r

Turn = 400.
  0123456789
0 r.r.......
1 .....r....
2 ..rr...r..

*** Darwin 20x5 ***
Turn = 0.
  01234
0 ..r..
1 .r.r.
2 r.h.r
3 .hhh.
4 r...r
5 .....
6 .....
7 .....
8 .....
9 .....
0 .....
1 .....
2 .....
3 .....
4 .....
5 .....
6 .....
7 .....
8 .....
9 .....

Turn = 10.
  01234
0 .....
1 .....
2 .....
3 .....
4 .....
5 .....
6 .....
7 .....
8 .....
9 ..r..
0 .....
1 .rrr.
2 r...r
3 .hhh.
4 r...r
5 .....
6 .....
7 .....
8 .....
9 .....

Turn = 20.
  01234
0 .....
1 .....
2 .....
3 .....
4 .....
5 .....
6 .....
7 .....
8 .....
9 .....
0 .....
1 .....
2 .....
3 .....
4 .....
5 .....
6 .....
7 .r...
8 rrrrr
9 rrrrr

Turn = 30.
  01234
0 .....
1 .....
2 .....
3 .....
4 .....
5 .....
6 .....
7 .....
8 .rr..
9 r....
0 r....
1 .....
2 ..rr.
3 .....
4 .....
5 .....
6 ....r
7 .....
8 .....
9 rrrr.

Turn = 40.
  01234
0 rrr..
1 r....
2 ..rr.
3 .....
4 .....
5 .....
6 ....r
7 .....
8 .....
9 .....
0 .....
1 .r..r
2 .....
3 .....
4 .....
5 .....
6 ...rr
7 .....
8 .....
9 .....

*** Darwin 200x200 ***
Turn = 0.
  01234567890123456789012345678901234567890123456789012345678901234567890123456789012345678901234567890123456789012345678901234567890123456789012345678901234567890123456789012345678901234567890123456789
0 r...........................................................................................................................................................................................r...........
1 ....................................r.............h.........................................................................................................f..................................r........
2 ...........................................................................................................................................h............................................................
3 ...............................................................................................r..................................................r.....................................................
4 ........................................................................................................................................................................................................
5 ........................................................................................................................................................................................................
6 ..........h.............................................................................................................................................................................................
7 .....................................................................h................................................h.................................................................................
8 ........................................................................................................................................................................................................
9 ........................................................................................................................................................................................................
0 ..........f.......................................h.....................................................................................................................................................
1 ...................................................................................................................t....................................................................................
2 ........................................................................................................................................................................................................
3 .............................................h......................................................................h................................h..................................................
4 ........................................................................................................................................................................................................
5 ........................................................................................................................................................................................................
6 ........................................................................................................................................................................................................
7 ..............................................................................................................................t......................................r..................................
8 ...........................................h............................................................................................................................................................
9 ........................................................................................................................................................................................................
0 ....................f.............................................................................................................h...................r.......................t.......................h.
1 ................................................................................h.......................................................................................................................
2 ........................................................................................................................................................................................................
3 ........................................................................................................................................................................................................
4 ........................................................................................................................................................................................................
5 ........................................................................................................................................................................................................
6 .............................................................f.r........................................................................................................................................
7 .................................h..........................................................................................................t...........................................................
8 ...............................................................................................................................................r........................................................
9 ........................................................................................................................................................................................................
0 ..............................f............h..............................................................................r.............................................................................
1 .................................................................................................................r......................................................................................
2 ...............................h...................................................................r..............................................................................................h.....
3 ........................................................................................................................................................................................................
4 ........................................................................................................................................................................................................
5 .......................................................................................................................................................................................r................
6 ........................................................................................................................................................................................................
7 ........................................................................................................................................................................................................
8 ......................................................f.................................................................................................................................................
9 .......................................................................................................................................r.........................................f......................
0 ........................................f...........................f...................................................................................................................................
1 .........................t.........................................................................................................f....................................................................
2 ...........................................................................................................................................................................................r............
3 ........................................................................................................................................................................................................
4 ..............................................................................r.......................................................r.....................................................r...........
5 ........................................................................................................................................................................................................
6 ........................................................................................t...............................................................................................................
7 ........................................................................................................................................................................................................
8 ........................................................................................................................................................................................................
9 ....................................................................................................................r...................................................................................
0 ..................................................................r.....................................................................................................................................
1 ........................................................................................................................................................................................................
2 ............................................................................................................r...........................................................................................
3 ...................................h....................................................................................................................................................................
4 .......................................................................................................................................................................................h................
5 ........................................................................................................................................................................................................
6 ............................................................f...........................................................................................................................................
7 ........................................................................................................................................................................................................
8 ........................................................................................................................................................................................................
9 ........................................................................................................................................................................................................
0 ..................................................f...................f..............................................................................t.......................................t..........
1 ........................................................................................................................................................................................................
2 ........................................................................................................................................................................................................
3 ..................................................h.............................................................................................................................r..h....................
4 .............................................................................................................r..........................................................................................
5 .......................................................t................................................................................r...............................................................
6 ..............................r.........................................................................................................................................................................
7 ........................................................................................................................................................................................................
8 ........................................................................................................................................................................................................
9 ........................................................................................................................................................................................................
0 ........................................................................................................................................................................................................
1 ...........................h............................................................................................................................................................................
2 ........................................................................................................................................................................................................
3 ........................................................................................................................................................................................................
4 f.......................................................................................................................................................................................................
5 .............................h..........................................................................................................................................................................
6 .......................................................r................................................................r.......................r...f...................................................
7 ........................................................................................................................................................................................................
8 ........................................................t...............................................................................................................................................
9 ........................................................................................................................................................................................................
0 ....r.................................................................f...................f.................................................f...........................f...............................
1 .......................................................................t..............f.................................................................................................................
2 ........................................................................................................................................................................................................
3 ....................................................f...................................................................................................................................................
4 ....................................................................................................................................................................h...................................
5 ..........................................................................................................................................................................................r.............
6 ........................................................................................................................................................................................................
7 ...................................................................................................................................................................................................r....
8 ........................................................................................................................................................................................................
9 ............................r...........................................................................................................................................................................
0 ........................................................................................................................................................................................................
1 ...............................................................................r........................................................................................................................
2 ........................................................................................................................................................................................................
3 ........................................................................................................................................................................................................
4 ........................................................................................................................................................................................................
5 ........................................................................................................................................................................................................
6 ......................................................................................................................................t.................................................................
7 ........................................................................................t...............................................................................................................
8 ................................................................h..t............................................................................................h......................................h
9 ........................................................................................................................................................................................................
0 ..........................................................................................f...................f.........................................................................................
1 ...............................................................................................................................................................................r........................
2 ........................................................................................................................................................................................................
3 ........................................................................................................................................................................................................
4 ......................................................................................................................................................f.................................................
5 ........................................................................................................................................................................................................
6 ...............................................................................................................................................................................r........................
7 ...........................................................................................h............................................................................................................
8 .......................................................................................................................h................................................................................
9 .....................................................................................................................................................t..................................................
0 ........................................................................................................................................................................................................
1 .............................................................................................r..........................................................................................................
2 ..............................................................................................................................r............................................t............................
3 ........................................................................................................................................................................................................
4 ................................r.......................................................................................................................................................................
5 ........................................................................................................................................................................................................
6 ........................................................................................................................................................................................................
7 .....................................................................................................................................................................................f..................
8 ..................................................................................................r.....................................................................................................
9 ....r...................................................................................................................................................................................................
0 ........................................................t......................................r..............f...................f.....................................................................
1 ........................................................................................................................................................................................................
2 ........................................................................................................................................................................................................
3 ......................................................h.................................................................................................................................................
4 ........................................................................................................................................................................................................
5 ........................................................................................r...............................................................................................................
6 ........................................................................................................................................................................................................
7 .....................................................................................................................................................................t..................................
8 ........................................................................................................................................................................................................
9 ........................................................................................................................................................................................................
0 ........................................................................................................................................................................................................
1 .............................................................................................................................................................r..........................................
2 .......................................................................f............................................................................................h............r......................
3 .........................................................................................................................................................................r..............................
4 .............................................................................................................h..........................................................................................
5 ..........................r.......................................................................................................................................r.....................................
6 ........................................................................................................r...............................................................................................
7 ........................................................................................................................................................................................................
8 ..........................................................................................................................................................r.............................................
9 ...t.............................................................................................................................................r......................................................
0 ........................................................................................................................t.........f.....................................................................
1 ........................................................................................................................................................................................................
2 ........................................................................................................................................................................................................
3 ......................................................................................f.................................................................................................................
4 ............................f...........................................................................................................................................................................
5 ..........................................r.............................................................................................................................................................
6 ........................................................................................................................................................................................................
7 ........................................................................................................................................................................................................
8 .............r..........................................................................................................................................................................................
9 .......................................................................r................................................................................................................................
0 h........................................................................................................................................................................................h..............
1 ..............r.................................................................................................................................t.......................................................
2 ........................................................................................................................................................................................................
3 ........................................................................................................................................................................................................
4 ..........................................................................r............t.................................................................................t..............................
5 ...................................................................................t....................................................................................................................
6 ........................................................................................................................................................................................................
7 ........................................................................................................................................................................................................
8 ........................................................................................................................................................................................................
9 ............................................................................................................................................................r...........................................
0 ...........................................................h..........................................................................................f...................f.............................
1 ........................................................................t........h......................................................................................................................
2 ........................................................................................................................................................................................................
3 ..............................r.........................................................................................................................................................................
4 ........................................................................................................................................................................................................
5 ........................................................................................................................................................................................................
6 .......................t................................................................................................................................................................................
7 ........................................................................................................................................................................................................
8 .............................f..........................................................................................................................................................................
9 ..........................................................................r.............................................................................................................................
0 .........................................r..t...........................................................................................h...............................................................
1 ..................................................................................r.....................................................................................................................
2 ...........................................................................................h....................................................................................................f.......
3 ..........................................................................................................................................................r.............................................
4 ........................................................................................................................................................................................................
5 ...............................................t.................................................................................................................................t......................
6 ........................................................................................................................................................................................................
7 ............................r...........................................................................................................................................................................
8 ........................................................................................................................................................................................................
9 ................................................................................................................................t.......................................................................
0 ............r..............................................................r..............................................................................................f...................f.........
1 ...........................................................................h...................................................................................r........................................
2 .............................................................................................................................................................................f..........................
3 ....................................................................................................................................................................................................h...
4 .....................................h..................................................................................................................................................................
5 ...........................................................................................................................................................................................t............
6 ........................................................................................................................................................................................................
7 ....................................................r.........r.........................................................................................................................................
8 .............f............................................................................h................................................................................r....................t.......
9 ........................................................................................................................................................................................................
0 ........................................................................................................................................................................................................
1 ....................................r...................................................................................................................................................................
2 ...............................................................................................................h........................................................................................
3 .............r.............................................r...............................................................................................................................t............
4 ................h.......................................................................................................................................................................................
5 ................................................r............................................................................................................r..........................................
6 ........................................................................................................................................................................................................
7 ..........f.............................................................................................................................................................................................
8 ..f............................................................r.....................................................................................h...........................r............f.........
9 h.................................................h...................................................................................................................................................f.

Turn = 2000.
  01234567890123456789012345678901234567890123456789012345678901234567890123456789012345678901234567890123456789012345678901234567890123456789012345678901234567890123456789012345678901234567890123456789
0 .....................................r......................................r....................r.r.............r.........r........................................r.r.................................
1 ......................................r......................................................................................r..............................r......................................r....
2 ...................r.........................................................................................................r..................................r.......................................
3 ......................................................................................................................................................r.................................................
4 ........................................................................................................................................................................................................
5 ........................................................................................................................................................................................................
6 ........................................................................................................................................................................................................
7 ........................................................................................................................................................................................................
8 .........................................................................................................................................................r............................................r.
9 .....................r.......................r..r..................................................................................r....................................................................
0 ..................................................................................................................................r.....................................................................
1 .................................................................................................................................r......................................................................
2 ............................................................................................................................................r...........................................................
3 ........................................................................................................................................................................................................
4 ........................................................................................................................................................................................................
5 .................................rr.....................................................................................................................................................................
6 ........................................................................................................................................................................................................
7 .r......................................................................................................................................................................................................
8 .........................................................................................................................................................r..............................................
9 ........................................................................................................................................................................................................
0 ........................................................................................................................................................................................................
1 ........................................................................................................................................................................................................
2 ........................................................................................................................................................................................................
3 .............rrr...................................................................................................................................r....................................................
4 ........................................................................................................................................................................................................
5 ........................................................................................................................................................................................................
6 ........................................................................................................................................................................................................
7 ........................................................................................................................................................................................................
8 ........................................................................................................................................................................................................
9 .......................................................................................................................................................r................................................
0 ........................................................................................................................................................................................................
1 ...........................................................................................r............................................................................................................
2 ........................................................................................................................................................................................................
3 ............................................................................................................................................................................................r...........
4 .....................................................r.....................................................................................................................................r............
5 ..........................................................................................................................................................................................r.............
6 ...............................................................................................................................r............................................................r...........
7 .......................r................................................................................................................................................................................
8 ........................................................................................................................................................................................................
9 ........................................................................................................................................................................................................
0 r.......................................................................................................................................................................................................
1 ........................................................................................................................................................................................................
2 r.......................................................................................................................................................................................................
3 ........................................................................................................................................................................................................
4 ............................................................................................................................................................................r...........................
5 ...........................................................................................................................................................................r............................
6 ........................................................................................................................................................................................................
7 ..................................................................................r.....r...............................................................................................................
8 ...................................................................................r.....r..............................................................................................................
9 ........................................................................................................................................................................................................
0 ........................................................................................................................................................................................................
1 ........................................................................................................................................................................................................
2 ........................................................................................................................................................................................................
3 ........................................................................................................................................................................................................
4 ........................................................................................................................................................................................................
5 ........................................................................................................................................................................................................
6 ........................................................................................................................................................................................................
7 ........................................................................................................................................................................................................
8 ................................................................................................r.......................................................................................................
9 .................................................................................................................................................................................................r......
0 ........................................................................................................................................................................................................
1 ...................................r....................................................................................................................................................................
2 ............................................................................r...........................................................................................................................
3 ........................................................................................................................................................................................................
4 ...................................................................................................................................................................................r....................
5 .......................................................................................................................................................................................................r
6 ................................r.......................................................................................................................................................................
7 .................................r....................................................................................................................................r.................................
8 ......................................................................................................................................................................r.................................
9 ......................................................................................................................................................................r.................................
0 ........r.............................................................................................................................................................r.................................
1 .........................................................................................................................................r..............................................................
2 ..................................................................................................................................r.....r...............................................................
3 ...................................................................................................................................r....r...............................................................
4 ......................................r...................................................................................r.............................................................................
5 ..........................................................tt............................................................................................................................................
6 .........................................................tt..........................................................................................................................r..................
7 .........................................................tttt...........................................................................................................................................
8 .........................................................t.....................................r........................................................................................................
9 ........................................................................................................................................................................................................
0 ........................................................................................................................................................................................................
1 ...........................................................r........................................................r...................................................................................
2 ........................................................................................................................................................................................................
3 ..........................................................................................................................r.............................................................................
4 ........................................................................................................................................................................................................
5 ........................................................................................................................................................................................................
6 ........................................................................................................................................................................................................
7 ........................................................................................................................................................................................................
8 ........................................................................................................................................................................................................
9 r.......................................................................................................................................................................................................
0 ........................................................................................................................................................................................................
1 ...r....................................................................................................................................................................................................
2 ........................................................................................................................................................................................................
3 ...................................................................................................................................................................................................r....
4 .......................................................................................................................................................................................................r
5 .......................................................................................................................................................................................................r
6 ......................................................................................................................................................................................................r.
7 ........................................................................................................................................................................................................
8 ........................................................................................................................................................................................................
9 r...........................................r...........................................................................................................................................................
0 .............................................r.....r....................................................................................................................................................
1 r........................................r..............................................................................................................................................................
2 .r......................................r...............................................................................................................................................................
3 ........................................................................................................................................................................................................
4 ....r...................................................r...............................................................................................................................................
5 ........................................................................................................................................................................................................
6 r....................................................r..................................................................................................................................................
7 .r.......................................................................................r.............................................................................................................r
8 ..........................................................................................r.......................................................................................r.....................
9 .................................................................................................................................................................................r......................
0 ........................................................................................................................................................................r...............................
1 .....................................................r..................................................................................................................................................
2 ..............r.........................................................................................................................................................................................
3 .........r..............................................................................................................................................................................................
4 r.......................................................................................................................................................................r...r...........................
5 r.r...................................................................................................................................................................................r.................
6 ...................................r....................................................................................................................................................................
7 ..................r.................r...................................................................................................................................................................
8 ........................................................................................................................................................................................................
9 ........................................................................................................................................................................................................
0 ..................................................................................................................................................................................................r.....
1 .......r................................................................................................................................................................................................
2 ........................................................................................................................................................................................................
3 ........................................................................................................................................................................................................
4 ........................................................................................................................................................................................................
5 ........................................................................................................................................................................................................
6 ...........r....r..........................................................................................................r............................................................................
7 ..........r....r........................................................................................................................................................................................
8 r.......................................................................................................................................................................................................
9 ...........................r............................................................................................................................................................................
0 ..............r................r........................................................................................................................................................................
1 ..........................r.............................................................................................................................................................................
2 .....r............................................r.....................................................................................................................................................
3 ..................................................r.....................................................................................................................................................
4 ..................................................................................r.....................................................................................................................
5 ........................................................................................................................................................................................................
6 .........................................................................................................................................................................................r..r...........
7 r........................................................................................................................................................................................r..............
8 ........................r...............................................................................................................................................................................
9 ........................................................................................................................................................................................................
0 ........................................................................................................................................................................................................
1 ............................................................................................................................................................................................r...........
2 ...........................................................................................................................................................................................r............
3 ........................................................................................................................................................................................................
4 ......................................................................r.................................................................................................................................
5 ........................................................................................................................................................................................................
6 ........................................................................................................................................................................................................
7 ..................................................................................r.....................................................................................................................
8 ........................................................................................................................................................................................................
9 ........................................................................................................................................................................................................
0 ............r...........................................................................................................................................................................................
1 ........................................................................................................................................................................................................
2 ........................................................................................................................................................................................................
3 .........................................................................................................................................................................t...........................r..
4 ........................................................................................................................................................................tt..............................
5 .r.......................................................................................................................................................................t..............................
6 .........................................................................................................................................................................t..............................
7 .........................................................................................................................................................................t..............................
8 ........................................................................................................r....................r..........................................................................
9 ..........................................................r...................................................................r.r.......................................................................
0 .....................r..................................................................................................................................................................................
1 ................................................................................................................................r.......................................................................
2 .....................................................................................................................................................................................................rr.
3 .......................................................................................................................................r................................................................
4 .......................................................................................................................................r................................................................
5 ...................................................................................................r..............r.....................................................................................
6 ..................................................................................................................r................................................r....................................
7 ........................................................................................................................................................................................................
8 ........................................................................................................................................................................................................
9 ...................................................................................r....................................................................................................................
0 ....................................................................................................................r...................................................................................
1 ........................................................................................................................................................................................................
2 ........................................................................................................................................................................................................
3 .......................................................................r..........................................................r.....................................................................
4 .........................................................................................................r..............................................................................................
5 ........................................................................................................................................................................................................
6 ..............................................................................r.........................................................................................................................
7 ........................................................................................................................................................................................................
8 ..........................................................................................................................................r.............................................................
9 ........................................................................................................................................................................................................
0 ........................................................................................................................................................................................................
1 ........................................................................................................................................................................................................
2 r.......................................................................................................................................................................................................
3 ........................................................................................................................................................................................................
4 ........................................................................................................................................................................................................
5 ...................................................................................................................................r....................................................................
6 ..................................................................................................................................r.....................................................................
7 ........................................................................................................................................................................................................
8 ........................................................................................................................................................................................................
9 ........................................................................................................................................................................................................
0 ........................................................................................................................................................................................................
1 .......................................................................................................................................r................................................................
2 ........................................................................................................................................................................................................
3 .........................................................................................................................r..............................................................................
4 ........................................................................................................................................................................................................
5 ........................................................................................................................................................................................................
6 ........................................................................................................................................................................................................
7 ...................................................................................................................................r....................................................................
8 ...............................................................................................................................r.....................................................................rr.
9 ..........................................r.........r....r..r.r................r.r.............................r.....rr.................r......................r......................................r.

