*** Darwin 8x8 ***
Turn = 0.
  01234567
0 f.......
1 ........
2 ........
3 ...hh...
4 ...hh...
5 ........
6 ........
7 .......f

Turn = 1.
  01234567
0 f.......
1 ........
2 ...h....
3 .....h..
4 ..h.....
5 ....h...
6 ........
7 .......f

Turn = 2.
  01234567
0 f.......
1 ...h....
2 ........
3 ......h.
4 .h......
5 ........
6 ....h...
7 .......f

Turn = 3.
  01234567
0 f..h....
1 ........
2 ........
3 .......h
4 h.......
5 ........
6 ........
7 ....h..f

Turn = 4.
  01234567
0 f..h....
1 ........
2 ........
3 .......h
4 h.......
5 ........
6 ........
7 ....h..f

Turn = 5.
  01234567
0 f..h....
1 ........
2 ........
3 .......h
4 h.......
5 ........
6 ........
7 ....h..f

*** Darwin 7x9 ***
Turn = 0.
  012345678
0 t........
1 .........
2 .........
3 ..h......
4 .........
5 ....r....
6 ........t

Turn = 1.
  012345678
0 t........
1 .........
2 .........
3 ...h.....
4 ....r....
5 .........
6 ........t

Turn = 2.
  012345678
0 t........
1 .........
2 .........
3 ....r....
4 ....r....
5 .........
6 ........t

Turn = 3.
  012345678
0 t........
1 .........
2 .........
3 ....rr...
4 .........
5 .........
6 ........t

Turn = 4.
  012345678
0 t........
1 .........
2 ....r....
3 ......r..
4 .........
5 .........
6 ........t

Turn = 5.
  012345678
0 t........
1 ....r....
2 .........
3 .......r.
4 .........
5 .........
6 ........t

*** Darwin 2x2 ***
Turn = 0.
  01
0 h.
1 ..

Turn = 1.
  01
0 h.
1 ..

*** Darwin 5x5 ***
Turn = 0.
  01234
0 h....
1 .....
2 .....
3 .....
4 .....

Turn = 1.
  01234
0 .....
1 h....
2 .....
3 .....
4 .....

Turn = 2.
  01234
0 .....
1 .....
2 h....
3 .....
4 .....

*** Darwin 10x10 ***
Turn = 0.
  0123456789
0 h.........
1 ..........
2 ..fr......
3 ..f.......
4 ..........
5 ..........
6 ..........
7 ..........
8 ........f.
9 ...t......

Turn = 5.
  0123456789
0 .....r....
1 ..........
2 ..f.......
3 ..f.......
4 ..........
5 h.........
6 ..........
7 ..........
8 ........f.
9 ...t......

Turn = 10.
  0123456789
0 .........r
1 ..........
2 ..f.......
3 ..f.......
4 ..........
5 ..........
6 ..........
7 ..........
8 ........f.
9 h..t......

Turn = 15.
  0123456789
0 ..........
1 ..........
2 ..f.......
3 ..f......r
4 ..........
5 ..........
6 ..........
7 ..........
8 ........f.
9 h..t......

Turn = 20.
  0123456789
0 ..........
1 ..........
2 ..f.......
3 ..f.......
4 ..........
5 ..........
6 ..........
7 ..........
8 ........fr
9 h..t......

Turn = 25.
  0123456789
0 ..........
1 ..........
2 ..f.......
3 ..f.......
4 ..........
5 ..........
6 ..........
7 ..........
8 ........f.
9 h..t..r...

Turn = 30.
  0123456789
0 ..........
1 ..........
2 ..f.......
3 ..f.......
4 ..........
5 ..........
6 ..........
7 ..........
8 ........f.
9 h..tt.....

*** Darwin 100x100 ***
Turn = 0.
  0123456789012345678901234567890123456789012345678901234567890123456789012345678901234567890123456789
0 fffffffffff.........................................................................................
1 ....................................................................................................
2 t.ttt.........................t.....................................................................
3 ....................................................................................................
4 ....................................................................................................
5 ....................................................................................................
6 ....................................................................................................
7 ....................................................................................................
8 ....................................................................................................
9 ....................................................................................................
0 ....................................................................................................
1 ....................................................................................................
2 ....................................................................................................
3 .............r......................................................................................
4 ..............r.....................................................................................
5 ....................................................................................................
6 ....................................................................................................
7 ....................................................................................................
8 ....................................................................................................
9 ....................................................................................................
0 ....................................................................................................
1 ....................................................................................................
2 ....................................................................................................
3 ....................................................................................................
4 ....................................................................................................
5 ....................................................................................................
6 ....................................................................................................
7 ....................................................................................................
8 ....................................................................................................
9 ....................................................................................................
0 ....................................................................................................
1 ....................................................................................................
2 ....................................................................................................
3 ....................................................................................................
4 ....................................................................................................
5 ....................................................................................................
6 ....................................................................................................
7 ....................................................................................................
8 ....................................................................................................
9 ....................................................................................................
0 ....................................................................................................
1 ....................................................................................................
2 ....................................................................................................
3 ....................................................................................................
4 ....................................................................................................
5 ....................................................................................................
6 ....................................................................................................
7 ....................................................................................................
8 ....................................................................................................
9 ....................................................................................................
0 ....................................................................................................
1 ....................................................................................................
2 ....................................................................................................
3 ....................................................................................................
4 ....................................................................................................
5 ....................................................................................................
6 ....................................................................................................
7 ....................................................................................................
8 ....................................................................................................
9 ....................................................................................................
0 ....................................................................................................
1 ....................................................................................................
2 ....................................................................................................
3 ....................................................................................................
4 ....................................................................................................
5 ....................................................................................................
6 ....................................................................................................
7 ....................................................................................................
8 ....................................................................................................
9 ....................................................................................................
0 ....................................................................................................
1 ....................................................................................................
2 ....................................................................................................
3 ....................................................................................................
4 ....................................................................................................
5 ....................................................................................................
6 ....................................................................................................
7 ....................................................................................................
8 ....................................................................................................
9 ....................................................................................................
0 ....................................................................................................
1 ....................................................................................................
2 ....................................................................................................
3 ....................................................................................................
4 ....................................................................................................
5 ....................................................................................................
6 ....................................................................................................
7 ....................................................................................................
8 ....................................................................................................
9 ....................................................................................................
0 ..........................................................................................r.r.......
1 ....................................................................................................
2 ....................................................................................................
3 ....................................................................................................
4 ....................................................................................................
5 ....................................................................................................
6 ....................................................................................................
7 ....................................................................................................
8 ....................................................................................................
9 ....................................................................................................

Turn = 10.
  0123456789012345678901234567890123456789012345678901234567890123456789012345678901234567890123456789
0 fffffffffff.........................................................................................
1 ....................................................................................................
2 t.ttt.........................t.....................................................................
3 ....................................................................................................
4 ..............r.....................................................................................
5 ....................................................................................................
6 ....................................................................................................
7 ....................................................................................................
8 ....................................................................................................
9 ....................................................................................................
0 ....................................................................................................
1 ....................................................................................................
2 ....................................................................................................
3 ....................................................................................................
4 ....................................................................................................
5 ....................................................................................................
6 ....................................................................................................
7 ....................................................................................................
8 ....................................................................................................
9 ....................................................................................................
0 ....................................................................................................
1 ....................................................................................................
2 ....................................................................................................
3 .............r......................................................................................
4 ....................................................................................................
5 ....................................................................................................
6 ....................................................................................................
7 ....................................................................................................
8 ....................................................................................................
9 ....................................................................................................
0 ....................................................................................................
1 ....................................................................................................
2 ....................................................................................................
3 ....................................................................................................
4 ....................................................................................................
5 ....................................................................................................
6 ....................................................................................................
7 ....................................................................................................
8 ....................................................................................................
9 ....................................................................................................
0 ....................................................................................................
1 ....................................................................................................
2 ....................................................................................................
3 ....................................................................................................
4 ....................................................................................................
5 ....................................................................................................
6 ....................................................................................................
7 ....................................................................................................
8 ....................................................................................................
9 ....................................................................................................
0 ....................................................................................................
1 ....................................................................................................
2 ....................................................................................................
3 ....................................................................................................
4 ....................................................................................................
5 ....................................................................................................
6 ....................................................................................................
7 ....................................................................................................
8 ....................................................................................................
9 ....................................................................................................
0 ....................................................................................................
1 ....................................................................................................
2 ....................................................................................................
3 ....................................................................................................
4 ....................................................................................................
5 ....................................................................................................
6 ....................................................................................................
7 ....................................................................................................
8 ....................................................................................................
9 ....................................................................................................
0 ....................................................................................................
1 ....................................................................................................
2 ....................................................................................................
3 ....................................................................................................
4 ....................................................................................................
5 ....................................................................................................
6 ....................................................................................................
7 ....................................................................................................
8 ....................................................................................................
9 ....................................................................................................
0 ....................................................................................................
1 ............................................................................................r.......
2 ...........................................................................................r........
3 ....................................................................................................
4 ....................................................................................................
5 ....................................................................................................
6 ....................................................................................................
7 ....................................................................................................
8 ....................................................................................................
9 ....................................................................................................
0 ....................................................................................................
1 ....................................................................................................
2 ....................................................................................................
3 ....................................................................................................
4 ....................................................................................................
5 ....................................................................................................
6 ....................................................................................................
7 ....................................................................................................
8 ....................................................................................................
9 ....................................................................................................

*** Darwin 50x50 ***
Turn = 0.
  01234567890123456789012345678901234567890123456789
0 .........................................t........
1 rfr...............................................
2 ....f..................r..........................
3 ..h...............................................
4 f.h.................h....................h........
5 ht..r.............................................
6 .................................t.........h......
7 ...f..............................................
8 ...t..............................................
9 .........t........................................
0 ...f..t.......................r.t.................
1 ...t......................f.......................
2 ...fh.............................................
3 ..................................................
4 ..................................................
5 ..................................................
6 ..................................................
7 ..................................................
8 ..................................................
9 ..................................................
0 ..................................................
1 ..................................................
2 ..................................................
3 .r................................................
4 ..................................................
5 ...........f......................................
6 ..................................................
7 ..................................................
8 ..................................................
9 ..................................................
0 .f................................................
1 ..................................................
2 ................................t.................
3 h..t..............................................
4 ..................................................
5 ..................................................
6 ..................................................
7 ..................................................
8 ..................................................
9 ..................................................
0 ..................................................
1 ..................................................
2 ..................................................
3 ..................................................
4 .h........t.......................................
5 ..................................................
6 ..................................................
7 ..................................................
8 ..................................................
9 ...r..............................................

Turn = 2.
  01234567890123456789012345678901234567890123456789
0 r.r....................r.................t........
1 .f................................................
2 ....f.............................................
3 ....r.............................................
4 f.h...............................................
5 .t................................................
6 ..h.................h............t.......hh.......
7 h..f..............................................
8 ...t..........................r...................
9 .........t........................................
0 ...th.t.........................t.................
1 ...t......................f.......................
2 ...f..............................................
3 ..................................................
4 ..................................................
5 ..................................................
6 ..................................................
7 ..................................................
8 ..................................................
9 ..................................................
0 ..................................................
1 .r................................................
2 ..................................................
3 ..................................................
4 ..................................................
5 ...........f......................................
6 ..................................................
7 ..................................................
8 ..................................................
9 ..................................................
0 .f................................................
1 ..................................................
2 ................................t.................
3 ...t..............................................
4 ..................................................
5 h.................................................
6 ..................................................
7 ..................................................
8 ..................................................
9 ..................................................
0 ..................................................
1 ..................................................
2 ..................................................
3 ..................................................
4 ..........t.......................................
5 ..................................................
6 .h................................................
7 ..................................................
8 ..................................................
9 .r................................................

Turn = 4.
  01234567890123456789012345678901234567890123456789
0 .rr.....................r................t........
1 .f................................................
2 ...rr.............................................
3 ..................................................
4 f.................................................
5 .tt...............................................
6 ..............................r..t......h.........
7 ...t..............................................
8 ..hth...............h....................h........
9 h........t........................................
0 ...t..t.........................t.................
1 ...t......................f.......................
2 ...f..............................................
3 ..................................................
4 ..................................................
5 ..................................................
6 ..................................................
7 ..................................................
8 ..................................................
9 .r................................................
0 ..................................................
1 ..................................................
2 ..................................................
3 ..................................................
4 ..................................................
5 ...........f......................................
6 ..................................................
7 ..................................................
8 ..................................................
9 ..................................................
0 .f................................................
1 ..................................................
2 ................................t.................
3 ...t..............................................
4 ..................................................
5 ..................................................
6 ..................................................
7 h.................................................
8 ..................................................
9 ..................................................
0 ..................................................
1 ..................................................
2 ..................................................
3 ..................................................
4 ..........t.......................................
5 ..................................................
6 ..................................................
7 ..................................................
8 .h................................................
9 r.................................................

Turn = 6.
  01234567890123456789012345678901234567890123456789
0 .r..r.....................r..............t........
1 r...r.............................................
2 .r................................................
3 ..................................................
4 f.............................r...................
5 .tt...............................................
6 ....h............................t....h...........
7 ...t..............................................
8 ...t..............................................
9 .........t........................................
0 ..tt..t.............h...........t........h........
1 h..t......................f.......................
2 ...t..............................................
3 ..................................................
4 ..................................................
5 ..................................................
6 ..................................................
7 .r................................................
8 ..................................................
9 ..................................................
0 ..................................................
1 ..................................................
2 ..................................................
3 ..................................................
4 ..................................................
5 ...........f......................................
6 ..................................................
7 ..................................................
8 ..................................................
9 ..................................................
0 .f................................................
1 ..................................................
2 ................................t.................
3 ...t..............................................
4 ..................................................
5 ..................................................
6 ..................................................
7 ..................................................
8 ..................................................
9 h.................................................
0 ..................................................
1 ..................................................
2 ..................................................
3 ..................................................
4 ..........t.......................................
5 ..................................................
6 ..................................................
7 ..................................................
8 ..................................................
9 rh................................................

Turn = 8.
  01234567890123456789012345678901234567890123456789
0 r.....r.....................r............t........
1 r.r...............................................
2 r.............................r...................
3 ..................................................
4 f...h.............................................
5 .tt...............................................
6 .................................t..h.............
7 ...t..............................................
8 ...t..............................................
9 .........t........................................
0 ..tt..t.........................t.................
1 ...t......................f.......................
2 ...t................h....................h........
3 h.................................................
4 ..................................................
5 .r................................................
6 ..................................................
7 ..................................................
8 ..................................................
9 ..................................................
0 ..................................................
1 ..................................................
2 ..................................................
3 ..................................................
4 ..................................................
5 ...........f......................................
6 ..................................................
7 ..................................................
8 ..................................................
9 ..................................................
0 .f................................................
1 ..................................................
2 ................................t.................
3 ...t..............................................
4 ..................................................
5 ..................................................
6 ..................................................
7 ..................................................
8 ..................................................
9 ..................................................
0 ..................................................
1 h.................................................
2 ..................................................
3 ..................................................
4 ..........t.......................................
5 ..................................................
6 ..................................................
7 r.................................................
8 ..................................................
9 .h................................................

Turn = 10.
  01234567890123456789012345678901234567890123456789
0 r.......r.....................r..........t........
1 r.............................r...................
2 r...h.............................................
3 r.................................................
4 r.................................................
5 .tt...............................................
6 .................................th...............
7 ...t..............................................
8 ...t..............................................
9 .........t........................................
0 ..tt..t.........................t.................
1 ...t......................f.......................
2 ...t..............................................
3 .r................................................
4 ....................h....................h........
5 h.................................................
6 ..................................................
7 ..................................................
8 ..................................................
9 ..................................................
0 ..................................................
1 ..................................................
2 ..................................................
3 ..................................................
4 ..................................................
5 ...........f......................................
6 ..................................................
7 ..................................................
8 ..................................................
9 ..................................................
0 .f................................................
1 ..................................................
2 ................................t.................
3 ...t..............................................
4 ..................................................
5 ..................................................
6 ..................................................
7 ..................................................
8 ..................................................
9 ..................................................
0 ..................................................
1 ..................................................
2 ..................................................
3 h.................................................
4 ..........t.......................................
5 r.................................................
6 ..................................................
7 ..................................................
8 ..................................................
9 .h................................................

Turn = 12.
  01234567890123456789012345678901234567890123456789
0 rr..h.....r.....................r........t........
1 ............................r.....................
2 r.................................................
3 .r................................................
4 r.................................................
5 .tt...............................................
6 .................................tt...............
7 ...t..............................................
8 ...t..............................................
9 .........t........................................
0 ..tt..t.........................t.................
1 .r.t......................f.......................
2 ...t..............................................
3 ..................................................
4 ..................................................
5 ..................................................
6 ....................h....................h........
7 h.................................................
8 ..................................................
9 ..................................................
0 ..................................................
1 ..................................................
2 ..................................................
3 ..................................................
4 ..................................................
5 ...........f......................................
6 ..................................................
7 ..................................................
8 ..................................................
9 ..................................................
0 .f................................................
1 ..................................................
2 ................................t.................
3 ...t..............................................
4 ..................................................
5 ..................................................
6 ..................................................
7 ..................................................
8 ..................................................
9 ..................................................
0 ..................................................
1 ..................................................
2 ..................................................
3 ..................................................
4 r.........t.......................................
5 r.................................................
6 ..................................................
7 ..................................................
8 ..................................................
9 .h................................................

Turn = 14.
  01234567890123456789012345678901234567890123456789
0 .r.rh.......r.....................r......t........
1 ..........................r.......................
2 ..................................................
3 r..r..............................................
4 r.................................................
5 .tt...............................................
6 .................................tt...............
7 ...t..............................................
8 ...t..............................................
9 .r.......t........................................
0 ..tt..t.........................t.................
1 ...t......................f.......................
2 ...t..............................................
3 ..................................................
4 ..................................................
5 ..................................................
6 ..................................................
7 ..................................................
8 ....................h....................h........
9 h.................................................
0 ..................................................
1 ..................................................
2 ..................................................
3 ..................................................
4 ..................................................
5 ...........f......................................
6 ..................................................
7 ..................................................
8 ..................................................
9 ..................................................
0 .f................................................
1 ..................................................
2 ................................t.................
3 ...t..............................................
4 ..................................................
5 ..................................................
6 ..................................................
7 ..................................................
8 ..................................................
9 ..................................................
0 ..................................................
1 ..................................................
2 ..................................................
3 ..................................................
4 ..........t.......................................
5 r.r...............................................
6 ..................................................
7 ..................................................
8 ..................................................
9 .h................................................

Turn = 16.
  01234567890123456789012345678901234567890123456789
0 ..rr.r........r.....................r....t........
1 ........................r.........................
2 r.................................................
3 ..r..r............................................
4 ..................................................
5 .tt...............................................
6 .................................tt...............
7 .r.t..............................................
8 ...t..............................................
9 .........t........................................
0 ..tt..t.........................t.................
1 ...t......................f.......................
2 ...t..............................................
3 ..................................................
4 ..................................................
5 ..................................................
6 ..................................................
7 ..................................................
8 ..................................................
9 ..................................................
0 ....................h....................h........
1 h.................................................
2 ..................................................
3 ..................................................
4 ..................................................
5 ...........f......................................
6 ..................................................
7 ..................................................
8 ..................................................
9 ..................................................
0 .f................................................
1 ..................................................
2 ................................t.................
3 ...t..............................................
4 ..................................................
5 ..................................................
6 ..................................................
7 ..................................................
8 ..................................................
9 ..................................................
0 ..................................................
1 ..................................................
2 ..................................................
3 ..................................................
4 ..........t.......................................
5 ....r.............................................
6 ..................................................
7 r.................................................
8 ..................................................
9 .h................................................

Turn = 18.
  01234567890123456789012345678901234567890123456789
0 r...r..r........r.....................r..t........
1 ......................r...........................
2 ..r...............................................
3 ....r..r..........................................
4 ..................................................
5 .rt...............................................
6 .r...............................tt...............
7 ...t..............................................
8 ...t..............................................
9 .........t........................................
0 ..tt..t.........................t.................
1 ...t......................f.......................
2 ...t..............................................
3 ..................................................
4 ..................................................
5 ..................................................
6 ..................................................
7 ..................................................
8 ..................................................
9 ..................................................
0 ..................................................
1 ..................................................
2 ....................h....................h........
3 h.................................................
4 ..................................................
5 ...........f......................................
6 ..................................................
7 ..................................................
8 ..................................................
9 ..................................................
0 .f................................................
1 ..................................................
2 ................................t.................
3 ...t..............................................
4 ..................................................
5 ..................................................
6 ..................................................
7 ..................................................
8 ..................................................
9 ..................................................
0 ..................................................
1 ..................................................
2 ..................................................
3 ..................................................
4 ..........t.......................................
5 ......r...........................................
6 ..................................................
7 ..................................................
8 ..................................................
9 rh................................................

Turn = 20.
  01234567890123456789012345678901234567890123456789
0 r.....r..r........r.....................rt........
1 ....................r.............................
2 ..................................................
3 ......r..r........................................
4 .rr...............................................
5 r.t...............................................
6 .................................tt...............
7 ...t..............................................
8 ...t..............................................
9 .........t........................................
0 ..tt..t.........................t.................
1 ...t......................f.......................
2 ...t..............................................
3 ..................................................
4 ..................................................
5 ..................................................
6 ..................................................
7 ..................................................
8 ..................................................
9 ..................................................
0 ..................................................
1 ..................................................
2 ..................................................
3 ..................................................
4 ....................h....................h........
5 h..........f......................................
6 ..................................................
7 ..................................................
8 ..................................................
9 ..................................................
0 .f................................................
1 ..................................................
2 ................................t.................
3 ...t..............................................
4 ..................................................
5 ..................................................
6 ..................................................
7 ..................................................
8 ..................................................
9 ..................................................
0 ..................................................
1 ..................................................
2 ..................................................
3 ..................................................
4 ..........t.......................................
5 ........r.........................................
6 ..................................................
7 ..................................................
8 ..................................................
9 rh................................................

*** Darwin 22x22 ***
Turn = 0.
  0123456789012345678901
0 ......................
1 ......................
2 .hhhhhh.h.hfffhhh.....
3 ......................
4 ...h.r..........h.....
5 ...h............h.....
6 ...h............t.....
7 ...h............t.....
8 ...h............t.....
9 ...f............t.....
0 ...h......r.....h.....
1 ...f........r...h.....
2 ...h............h.....
3 ...f........r...h.....
4 ...t............h.....
5 ...h.r..........h.....
6 ...thhrhhhhhhhh.h...h.
7 ......................
8 ......................
9 ......................
0 ......................
1 ......................

Turn = 5.
  0123456789012345678901
0 ..h............h......
1 ...h..................
2 ..hh.h.hhhhfff....h...
3 ...h..................
4 ...h......r.....h.....
5 ...h......r.....t....h
6 ......h.........t.....
7 ................t.....
8 ................t.....
9 ...f............t.....
0 ...h.r..........t.....
1 ...f..r......h..t....h
2 ...t..................
3 ...t...r..............
4 ...t............h.....
5 ...t............h....h
6 ...tthhhhhhhr..hhh....
7 ......................
8 ......................
9 ......................
0 ......................
1 ......................

Turn = 10.
  0123456789012345678901
0 ..hh...........h......
1 ...h..................
2 ..hh..hhhrrfff.......h
3 ...h.......r..........
4 ...h...........tt.....
5 .....r..........t....h
6 .............h..t.....
7 ................t.....
8 .......r........t.....
9 ...t...r........t.....
0 ...t............t.....
1 ...t............t....h
2 ...t..................
3 ...tt.................
4 ...t............h.....
5 ...t............h....h
6 ...tttthhhhh...hhh....
7 ......................
8 ......................
9 ......................
0 ......................
1 ............r.........

Turn = 15.
  0123456789012345678901
0 ..hh.r..r......h......
1 ...h..................
2 ..hh....hhhfff.......h
3 ...h.........h..r.....
4 ...h...........tt.....
5 ................t....h
6 ................t.....
7 .........r......t.....
8 ............r...t.....
9 ...t........r...t.....
0 ...t............t.....
1 ...t............t....h
2 ...t..................
3 ...tt.................
4 ...t............h.....
5 ...t............h....h
6 ...ttttttthh...hhh....
7 ......................
8 ......................
9 ......................
0 ......................
1 ........r.............

Turn = 20.
  0123456789012345678901
0 ..hrr..........h......
1 ...h.r................
2 ..hh....hhhfff.......h
3 ...h.........h.......r
4 ...h...........tt.....
5 ................t....h
6 ................t.....
7 ................t.....
8 ...............tt.....
9 ...t............r.r...
0 ...t............t.....
1 ...t............t....h
2 ...t.....r............
3 ...tt.................
4 ...t............h.....
5 ...t............h....h
6 ...ttttttttt...hhh....
7 ......................
8 ......................
9 ......................
0 ......................
1 ...r..................

Turn = 25.
  0123456789012345678901
0 ..hhr..........h......
1 ...h...r..............
2 ..hhr...hhhfff......r.
3 .............h.....r..
4 ...............tt.....
5 ................t....h
6 .....r..........t.....
7 ................t.....
8 ...............tt....r
9 ...t................r.
0 ...t............t.....
1 ...t............t....h
2 ...t..................
3 ...tt.................
4 ...t............h.....
5 ...t.....t......h....h
6 ...ttttttttt...hhh....
7 ......................
8 ......................
9 ......................
0 ......................
1 r.....................

Turn = 30.
  0123456789012345678901
0 ..hh.....r.....h......
1 ...h........r.........
2 ..hh....hhhfff.r......
3 .............hr.......
4 ...............tt...r.
5 ................t....r
6 ................t....r
7 ....r...........t.....
8 ...............tt.....
9 ...t..................
0 ...t............t.....
1 ...t.r..........t....h
2 ...t..................
3 ...tt.................
4 ...t............h.....
5 ...t.....t......h....h
6 ...ttttttttt...hhh....
7 r.....................
8 ......................
9 ......................
0 ......................
1 ......................

Turn = 35.
  0123456789012345678901
0 ..hh..........rh....r.
1 ...h.............r...r
2 ..hh....hhhrrrr.......
3 ................r....r
4 ...............tt.....
5 .............r..t.....
6 ................t.....
7 ................t.....
8 ...............tt.....
9 ...tt.................
0 ...t............t.....
1 ...t............t....h
2 r..t..................
3 ...tt.................
4 ...t............h.....
5 ...t.r...t......h....h
6 ...ttrtttttt...hhh....
7 ......................
8 ......................
9 ......................
0 ......................
1 ......................

Turn = 40.
  0123456789012345678901
0 ..hh.......r....r....r
1 ...h.......r..........
2 ..hh....h.h.........rr
3 ...............t....r.
4 ..........r....tt....r
5 ................t.....
6 ................t.....
7 r..........r.r..t.....
8 ...............tt.....
9 ...tt.................
0 ...t.........r..t.....
1 ...t............t....h
2 ...t..................
3 ...tt.................
4 ...t............h.....
5 ...t..t..t......h....h
6 ...ttttttttt...hhh....
7 ......................
8 ......................
9 ......................
0 ......................
1 ......................

*** Darwin 35x35 ***
Turn = 0.
  01234567890123456789012345678901234
0 t..................................
1 r..................................
2 f..................................
3 f..................................
4 f..................................
5 f..................................
6 f.....t............................
7 f......t...........................
8 f.......t..........................
9 r........t.........................
0 r..................................
1 f..................................
2 f..................................
3 f..................................
4 f..................................
5 ...................................
6 ...................................
7 ...................................
8 ...................................
9 ...................................
0 ...................................
1 ...................................
2 ...................................
3 ...................................
4 ...................................
5 ...................................
6 ...................................
7 ...................................
8 ...................................
9 ...................................
0 ...................................
1 ...................................
2 ...................................
3 ...................................
4 ...................................

Turn = 1.
  01234567890123456789012345678901234
0 r..................................
1 r..................................
2 f..................................
3 f..................................
4 f..................................
5 f..................................
6 f.....t............................
7 f......t...........................
8 f.......t..........................
9 .r.......t.........................
0 r..................................
1 f..................................
2 f..................................
3 f..................................
4 f..................................
5 ...................................
6 ...................................
7 ...................................
8 ...................................
9 ...................................
0 ...................................
1 ...................................
2 ...................................
3 ...................................
4 ...................................
5 ...................................
6 ...................................
7 ...................................
8 ...................................
9 ...................................
0 ...................................
1 ...................................
2 ...................................
3 ...................................
4 ...................................

Turn = 2.
  01234567890123456789012345678901234
0 r..................................
1 r..................................
2 f..................................
3 f..................................
4 f..................................
5 f..................................
6 f.....t............................
7 f......t...........................
8 f.......t..........................
9 r.r......t.........................
0 ...................................
1 f..................................
2 f..................................
3 f..................................
4 f..................................
5 ...................................
6 ...................................
7 ...................................
8 ...................................
9 ...................................
0 ...................................
1 ...................................
2 ...................................
3 ...................................
4 ...................................
5 ...................................
6 ...................................
7 ...................................
8 ...................................
9 ...................................
0 ...................................
1 ...................................
2 ...................................
3 ...................................
4 ...................................

Turn = 3.
  01234567890123456789012345678901234
0 r..................................
1 .r.................................
2 f..................................
3 f..................................
4 f..................................
5 f..................................
6 f.....t............................
7 f......t...........................
8 r.......t..........................
9 r..r.....t.........................
0 ...................................
1 f..................................
2 f..................................
3 f..................................
4 f..................................
5 ...................................
6 ...................................
7 ...................................
8 ...................................
9 ...................................
0 ...................................
1 ...................................
2 ...................................
3 ...................................
4 ...................................
5 ...................................
6 ...................................
7 ...................................
8 ...................................
9 ...................................
0 ...................................
1 ...................................
2 ...................................
3 ...................................
4 ...................................

Turn = 4.
  01234567890123456789012345678901234
0 r..................................
1 ..r................................
2 f..................................
3 f..................................
4 f..................................
5 f..................................
6 f.....t............................
7 f......t...........................
8 r.......t..........................
9 r...r....t.........................
0 ...................................
1 f..................................
2 f..................................
3 f..................................
4 f..................................
5 ...................................
6 ...................................
7 ...................................
8 ...................................
9 ...................................
0 ...................................
1 ...................................
2 ...................................
3 ...................................
4 ...................................
5 ...................................
6 ...................................
7 ...................................
8 ...................................
9 ...................................
0 ...................................
1 ...................................
2 ...................................
3 ...................................
4 ...................................

Turn = 5.
  01234567890123456789012345678901234
0 r..................................
1 ...r...............................
2 f..................................
3 f..................................
4 f..................................
5 f..................................
6 f.....t............................
7 r......t...........................
8 r.......t..........................
9 r....r...t.........................
0 ...................................
1 f..................................
2 f..................................
3 f..................................
4 f..................................
5 ...................................
6 ...................................
7 ...................................
8 ...................................
9 ...................................
0 ...................................
1 ...................................
2 ...................................
3 ...................................
4 ...................................
5 ...................................
6 ...................................
7 ...................................
8 ...................................
9 ...................................
0 ...................................
1 ...................................
2 ...................................
3 ...................................
4 ...................................

*** Darwin 70x70 ***
Turn = 0.
  0123456789012345678901234567890123456789012345678901234567890123456789
0 ....f.................................................................
1 ..f...................................................................
2 ......................................................................
3 ......................................................................
4 ......................................................................
5 ......................................................................
6 ......................................................................
7 ......................................................................
8 ......................................................................
9 ......................................................................
0 ......................................................................
1 ......................................................................
2 ......................................................................
3 ......................................................................
4 ......................................................................
5 .......................f..............................................
6 ......................................................................
7 ......................................................................
8 ......................................................................
9 ......................................................................
0 ....................r.................................................
1 ......................................................................
2 ......................................................................
3 ......................................................................
4 ......................................................................
5 ......................................................................
6 ......................................................................
7 ......................................................................
8 ......................................................................
9 ......................................................................
0 ......................................................................
1 ......................................................................
2 ......................................................................
3 ......................................................................
4 ......................................................................
5 ......................................................................
6 ......................................................................
7 ......................................................................
8 ......................................................................
9 ......................................................................
0 ...f..................................................................
1 ......................................................................
2 ......................................................................
3 ......................................................................
4 ......................................................................
5 ......................................................................
6 ......................................................................
7 ......................................................................
8 ......................................................................
9 ......................................................................
0 ......................................................................
1 ......................................................................
2 ......................................................................
3 ......................................................................
4 ......................................................................
5 ......................................................................
6 ......................................................................
7 ......................................................................
8 ......................................................................
9 ......................................................................
0 ......................................................................
1 ......................................................................
2 ......................................................................
3 ......................................................................
4 ......................................................................
5 ......................................................................
6 ......................................................................
7 ......................................................................
8 ......................................................................
9 ......................................................................

Turn = 2.
  0123456789012345678901234567890123456789012345678901234567890123456789
0 ....f.................................................................
1 ..f...................................................................
2 ......................................................................
3 ......................................................................
4 ......................................................................
5 ......................................................................
6 ......................................................................
7 ......................................................................
8 ......................................................................
9 ......................................................................
0 ......................................................................
1 ......................................................................
2 ......................................................................
3 ......................................................................
4 ......................................................................
5 .......................f..............................................
6 ......................................................................
7 ......................................................................
8 ......................................................................
9 ......................................................................
0 ..................r...................................................
1 ......................................................................
2 ......................................................................
3 ......................................................................
4 ......................................................................
5 ......................................................................
6 ......................................................................
7 ......................................................................
8 ......................................................................
9 ......................................................................
0 ......................................................................
1 ......................................................................
2 ......................................................................
3 ......................................................................
4 ......................................................................
5 ......................................................................
6 ......................................................................
7 ......................................................................
8 ......................................................................
9 ......................................................................
0 ...f..................................................................
1 ......................................................................
2 ......................................................................
3 ......................................................................
4 ......................................................................
5 ......................................................................
6 ......................................................................
7 ......................................................................
8 ......................................................................
9 ......................................................................
0 ......................................................................
1 ......................................................................
2 ......................................................................
3 ......................................................................
4 ......................................................................
5 ......................................................................
6 ......................................................................
7 ......................................................................
8 ......................................................................
9 ......................................................................
0 ......................................................................
1 ......................................................................
2 ......................................................................
3 ......................................................................
4 ......................................................................
5 ......................................................................
6 ......................................................................
7 ......................................................................
8 ......................................................................
9 ......................................................................

Turn = 4.
  0123456789012345678901234567890123456789012345678901234567890123456789
0 ....f.................................................................
1 ..f...................................................................
2 ......................................................................
3 ......................................................................
4 ......................................................................
5 ......................................................................
6 ......................................................................
7 ......................................................................
8 ......................................................................
9 ......................................................................
0 ......................................................................
1 ......................................................................
2 ......................................................................
3 ......................................................................
4 ......................................................................
5 .......................f..............................................
6 ......................................................................
7 ......................................................................
8 ......................................................................
9 ......................................................................
0 ................r.....................................................
1 ......................................................................
2 ......................................................................
3 ......................................................................
4 ......................................................................
5 ......................................................................
6 ......................................................................
7 ......................................................................
8 ......................................................................
9 ......................................................................
0 ......................................................................
1 ......................................................................
2 ......................................................................
3 ......................................................................
4 ......................................................................
5 ......................................................................
6 ......................................................................
7 ......................................................................
8 ......................................................................
9 ......................................................................
0 ...f..................................................................
1 ......................................................................
2 ......................................................................
3 ......................................................................
4 ......................................................................
5 ......................................................................
6 ......................................................................
7 ......................................................................
8 ......................................................................
9 ......................................................................
0 ......................................................................
1 ......................................................................
2 ......................................................................
3 ......................................................................
4 ......................................................................
5 ......................................................................
6 ......................................................................
7 ......................................................................
8 ......................................................................
9 ......................................................................
0 ......................................................................
1 ......................................................................
2 ......................................................................
3 ......................................................................
4 ......................................................................
5 ......................................................................
6 ......................................................................
7 ......................................................................
8 ......................................................................
9 ......................................................................

Turn = 6.
  0123456789012345678901234567890123456789012345678901234567890123456789
0 ....f.................................................................
1 ..f...................................................................
2 ......................................................................
3 ......................................................................
4 ......................................................................
5 ......................................................................
6 ......................................................................
7 ......................................................................
8 ......................................................................
9 ......................................................................
0 ......................................................................
1 ......................................................................
2 ......................................................................
3 ......................................................................
4 ......................................................................
5 .......................f..............................................
6 ......................................................................
7 ......................................................................
8 ......................................................................
9 ......................................................................
0 ..............r.......................................................
1 ......................................................................
2 ......................................................................
3 ......................................................................
4 ......................................................................
5 ......................................................................
6 ......................................................................
7 ......................................................................
8 ......................................................................
9 ......................................................................
0 ......................................................................
1 ......................................................................
2 ......................................................................
3 ......................................................................
4 ......................................................................
5 ......................................................................
6 ......................................................................
7 ......................................................................
8 ......................................................................
9 ......................................................................
0 ...f..................................................................
1 ......................................................................
2 ......................................................................
3 ......................................................................
4 ......................................................................
5 ......................................................................
6 ......................................................................
7 ......................................................................
8 ......................................................................
9 ......................................................................
0 ......................................................................
1 ......................................................................
2 ......................................................................
3 ......................................................................
4 ......................................................................
5 ......................................................................
6 ......................................................................
7 ......................................................................
8 ......................................................................
9 ......................................................................
0 ......................................................................
1 ......................................................................
2 ......................................................................
3 ......................................................................
4 ......................................................................
5 ......................................................................
6 ......................................................................
7 ......................................................................
8 ......................................................................
9 ......................................................................