*** Darwin 8x8 ***
Turn = 0.
  01234567
0 f.......
1 ........
2 ........
3 ...hh...
4 ...hh...
5 ........
6 ........
7 .......f

Turn = 1.
  01234567
0 f.......
1 ........
2 ...h....
3 .....h..
4 ..h.....
5 ....h...
6 ........
7 .......f

Turn = 2.
  01234567
0 f.......
1 ...h....
2 ........
3 ......h.
4 .h......
5 ........
6 ....h...
7 .......f

Turn = 3.
  01234567
0 f..h....
1 ........
2 ........
3 .......h
4 h.......
5 ........
6 ........
7 ....h..f

Turn = 4.
  01234567
0 f..h....
1 ........
2 ........
3 .......h
4 h.......
5 ........
6 ........
7 ....h..f

Turn = 5.
  01234567
0 f..h....
1 ........
2 ........
3 .......h
4 h.......
5 ........
6 ........
7 ....h..f

*** Darwin 7x9 ***
Turn = 0.
  012345678
0 t........
1 .........
2 .........
3 ..h......
4 .........
5 ....r....
6 ........t

Turn = 1.
  012345678
0 t........
1 .........
2 .........
3 ...h.....
4 ....r....
5 .........
6 ........t

Turn = 2.
  012345678
0 t........
1 .........
2 .........
3 ....r....
4 ....r....
5 .........
6 ........t

Turn = 3.
  012345678
0 t........
1 .........
2 .........
3 ....rr...
4 .........
5 .........
6 ........t

Turn = 4.
  012345678
0 t........
1 .........
2 ....r....
3 ......r..
4 .........
5 .........
6 ........t

Turn = 5.
  012345678
0 t........
1 ....r....
2 .........
3 .......r.
4 .........
5 .........
6 ........t

*** Darwin 20x20 ***
Turn = 0.
  01234567890123456789
0 ....................
1 ....................
2 ....................
3 ....................
4 ....................
5 ....................
6 ....................
7 ....................
8 ....................
9 ....................
0 ....................
1 ...........f........
2 ....................
3 ....................
4 ....................
5 ....................
6 ....................
7 ....................
8 ....................
9 ....................

Turn = 1.
  01234567890123456789
0 ....................
1 ....................
2 ....................
3 ....................
4 ....................
5 ....................
6 ....................
7 ....................
8 ....................
9 ....................
0 ....................
1 ...........f........
2 ....................
3 ....................
4 ....................
5 ....................
6 ....................
7 ....................
8 ....................
9 ....................

*** Darwin 5x5 ***
Turn = 0.
  01234
0 fffff
1 fffff
2 fffff
3 fffff
4 fffff

Turn = 1.
  01234
0 fffff
1 fffff
2 fffff
3 fffff
4 fffff

*** Darwin 8x8 ***
Turn = 0.
  01234567
0 f.......
1 ........
2 ........
3 ...hh...
4 ...hh...
5 ........
6 ........
7 .......f

Turn = 2.
  01234567
0 f.......
1 ...h....
2 ........
3 ......h.
4 .h......
5 ........
6 ....h...
7 .......f

Turn = 4.
  01234567
0 f..h....
1 ........
2 ........
3 .......h
4 h.......
5 ........
6 ........
7 ....h..f

*** Darwin 8x8 ***
Turn = 0.
  01234567
0 f.......
1 ........
2 ........
3 ...hh...
4 ...hh...
5 ........
6 ........
7 .......f

Turn = 3.
  01234567
0 f..h....
1 ........
2 ........
3 .......h
4 h.......
5 ........
6 ........
7 ....h..f

*** Darwin 8x8 ***
Turn = 0.
  01234567
0 f.......
1 ........
2 ........
3 ...hh...
4 ...hh...
5 ........
6 ........
7 .......f

Turn = 4.
  01234567
0 f..h....
1 ........
2 ........
3 .......h
4 h.......
5 ........
6 ........
7 ....h..f

*** Darwin 8x8 ***
Turn = 0.
  01234567
0 f.......
1 ........
2 ........
3 ...hh...
4 ...hh...
5 ........
6 ........
7 .......f

Turn = 5.
  01234567
0 f..h....
1 ........
2 ........
3 .......h
4 h.......
5 ........
6 ........
7 ....h..f

*** Darwin 4x8 ***
Turn = 0.
  01234567
0 .h.h.h.h
1 h.h.h.h.
2 .h.h.h.h
3 h.h.h.h.

Turn = 1.
  01234567
0 ........
1 hhhhhhhh
2 ........
3 hhhhhhhh

Turn = 2.
  01234567
0 ........
1 h.h.h.h.
2 .h.h.h.h
3 hhhhhhhh

*** Darwin 5x5 ***
Turn = 0.
  01234
0 t...h
1 .....
2 ..f..
3 .....
4 ..r..

Turn = 1.
  01234
0 t...h
1 .....
2 ..f..
3 .....
4 ..r..

*** Darwin 5x1 ***
Turn = 0.
  0
0 h
1 .
2 f
3 f
4 .

Turn = 1.
  0
0 .
1 h
2 f
3 f
4 .

*** Darwin 2x2 ***
Turn = 0.
  01
0 rr
1 rr

Turn = 1.
  01
0 rr
1 rr

*** Darwin 5x5 ***
Turn = 0.
  01234
0 fr...
1 fr...
2 fr...
3 fr...
4 fr...

Turn = 1.
  01234
0 rr...
1 rr...
2 rr...
3 rr...
4 rr...

*** Darwin 12x12 ***
Turn = 0.
  012345678901
0 fh........t.
1 h...........
2 ............
3 ...........t
4 ..h.h.......
5 ...........r
6 ....h.......
7 ............
8 .....f.....r
9 ............
0 ....f.......
1 fr.........f

Turn = 1.
  012345678901
0 f.h.......t.
1 h...........
2 ............
3 ...........t
4 ...hh......r
5 ....h.......
6 ............
7 ............
8 .....f......
9 ...........r
0 ....f.......
1 rr.........f

Turn = 2.
  012345678901
0 f..h......t.
1 h...........
2 ............
3 ...........r
4 ...hh......r
5 ....h.......
6 ............
7 ............
8 .....f......
9 ............
0 r...f......r
1 r..........f