*** Darwin 8x8 ***
Turn = 0.
  01234567
0 f.......
1 ........
2 ........
3 ...hh...
4 ...hh...
5 ........
6 ........
7 .......f

Turn = 1.
  01234567
0 f.......
1 ........
2 ...h....
3 .....h..
4 ..h.....
5 ....h...
6 ........
7 .......f

Turn = 2.
  01234567
0 f.......
1 ...h....
2 ........
3 ......h.
4 .h......
5 ........
6 ....h...
7 .......f

Turn = 3.
  01234567
0 f..h....
1 ........
2 ........
3 .......h
4 h.......
5 ........
6 ........
7 ....h..f

Turn = 4.
  01234567
0 f..h....
1 ........
2 ........
3 .......h
4 h.......
5 ........
6 ........
7 ....h..f

Turn = 5.
  01234567
0 f..h....
1 ........
2 ........
3 .......h
4 h.......
5 ........
6 ........
7 ....h..f

*** Darwin 7x9 ***
Turn = 0.
  012345678
0 t........
1 .........
2 .........
3 ..h......
4 .........
5 ....r....
6 ........t

Turn = 1.
  012345678
0 t........
1 .........
2 .........
3 ...h.....
4 ....r....
5 .........
6 ........t

Turn = 2.
  012345678
0 t........
1 .........
2 .........
3 ....r....
4 ....r....
5 .........
6 ........t

Turn = 3.
  012345678
0 t........
1 .........
2 .........
3 ....rr...
4 .........
5 .........
6 ........t

Turn = 4.
  012345678
0 t........
1 .........
2 ....r....
3 ......r..
4 .........
5 .........
6 ........t

Turn = 5.
  012345678
0 t........
1 ....r....
2 .........
3 .......r.
4 .........
5 .........
6 ........t

*** Darwin 1x1 ***
Turn = 0.
  0
0 r

Turn = 10.
  0
0 r

*** Darwin 2x2 ***
Turn = 0.
  01
0 r.
1 ..

Turn = 1.
  01
0 r.
1 ..

Turn = 2.
  01
0 r.
1 ..

Turn = 3.
  01
0 r.
1 ..

Turn = 4.
  01
0 r.
1 ..

Turn = 5.
  01
0 .r
1 ..

*** Darwin 50x50 ***
Turn = 0.
  01234567890123456789012345678901234567890123456789
0 ..................................................
1 .........................r........................
2 ....h.............................................
3 ..t........f......................................
4 hhh.........................................h.....
5 .r.r................f.............................
6 ...t.............................t................
7 f.............................f...................
8 ..................................................
9 ...t...h...................................t......
0 ...f..........................r.t.................
1 rtt...............................................
2 ..................................................
3 ..................................................
4 ..................................................
5 ...............f..................................
6 ..........t..f....................................
7 ........f.........................................
8 ..................................................
9 ..................................................
0 ..................................................
1 ..................................................
2 ..................................................
3 ..................................................
4 ..................................................
5 .......................r..........................
6 ..................................................
7 ..................................................
8 ..................................................
9 .............................f....................
0 .f................................................
1 ..................................................
2 ..................................................
3 ...........f......................................
4 ..t...............................................
5 ..................................................
6 ..................................................
7 ..................................................
8 ..................................................
9 ..................................................
0 ..................................................
1 ..................................................
2 ..................................................
3 ..................................................
4 .h................................................
5 ..................................................
6 ..................................................
7 ..................................................
8 ..................................................
9 .f................................................

Turn = 5.
  01234567890123456789012345678901234567890123456789
0 .h..........................r.....................
1 ..................................................
2 .........h........................................
3 ..t........f......................................
4 r.t...............................................
5 r...................f.............................
6 ...t.............................t................
7 f.............................f...................
8 r.r...............................................
9 r..th......................................th.....
0 ...t............................t.................
1 ...r..............................................
2 ..................................................
3 ..................................................
4 ..................................................
5 ...............f..............r...................
6 ..........t..f....................................
7 ........f.........................................
8 ..................................................
9 ..................................................
0 ..................................................
1 ..................................................
2 ..................................................
3 ..................................................
4 ..................................................
5 ..................................................
6 ..................................................
7 ..................................................
8 ..................................................
9 .............................f....................
0 .f.....................r..........................
1 ..................................................
2 ..................................................
3 ...........f......................................
4 ..t...............................................
5 ..................................................
6 ..................................................
7 ..................................................
8 ..................................................
9 ..................................................
0 ..................................................
1 ..................................................
2 ..................................................
3 ..................................................
4 h.................................................
5 ..................................................
6 ..................................................
7 ..................................................
8 ..................................................
9 .f................................................

Turn = 10.
  01234567890123456789012345678901234567890123456789
0 rh...............................r................
1 ..................................................
2 r.............h...................................
3 ..r........f......................................
4 ..r...............................................
5 ..r.................f.............................
6 ...t.............................t................
7 f.............................f...................
8 ...r..............................................
9 ..rtt......................................t......
0 ...t............................t.................
1 ........r.........................................
2 ..................................................
3 ..................................................
4 ............................................h.....
5 ...............f..................................
6 ..........t..f....................................
7 ........f.........................................
8 ..................................................
9 ..................................................
0 ..............................r...................
1 ..................................................
2 ..................................................
3 ..................................................
4 ..................................................
5 ..................................................
6 ..................................................
7 ..................................................
8 ..................................................
9 .............................f....................
0 .f................................................
1 ..................................................
2 ..................................................
3 ...........f......................................
4 ..t...............................................
5 .......................r..........................
6 ..................................................
7 ..................................................
8 ..................................................
9 ..................................................
0 ..................................................
1 ..................................................
2 ..................................................
3 ..................................................
4 h.................................................
5 ..................................................
6 ..................................................
7 ..................................................
8 ..................................................
9 .f................................................

*** Darwin 2x2 ***
Turn = 0.
  01
0 r.
1 ..

Turn = 1.
  01
0 .r
1 ..

Turn = 2.
  01
0 .r
1 ..

Turn = 3.
  01
0 ..
1 .r

Turn = 4.
  01
0 ..
1 .r

Turn = 5.
  01
0 ..
1 .r

*** Darwin 100x100 ***
Turn = 0.
  0123456789012345678901234567890123456789012345678901234567890123456789012345678901234567890123456789
0 ............................................h...........t...........................................
1 .................................................................................................f..
2 ....................................................................................................
3 ...............................h.....................................r..............................
4 .................................................................................h..................
5 ..................................................................................r.................
6 ..............................h...............................r.....................................
7 ...............f......................f..........t..................................................
8 ............................................r................................r...................f..
9 ....................................................................................................
0 ....................................................................................................
1 ....................................................................................................
2 ....................................................................................................
3 ....................................................................................................
4 ....................................................................................................
5 ..............................................................................................r.....
6 ..................................................................................................h.
7 .........................t.....................................................................f....
8 ....................................................................................................
9 .....................................r.....................................r........................
0 ..................................................................................t.................
1 ....................................................................................................
2 ....................................................................................................
3 ......r.............r...............................................................................
4 ................................................................................................h...
5 ..........t.........................................................................................
6 ....................................................................................................
7 .............................f......................................................................
8 ....................................................................................................
9 .......................f............................................................................
0 .......................................................t................t...........................
1 ....................................................................................................
2 ....................................................................................................
3 ....................................................................................................
4 ....................................................................................................
5 ......f........t....................................................f...............................
6 ....................................................................................................
7 .............................................f............h.........................................
8 ....................................................................................................
9 ....................................................................................................
0 ....................................................................t...............................
1 ....................................................................................................
2 ...........r.......................................................................................f
3 ....................................................................................................
4 ...............................................................................................r....
5 ....................................................................................................
6 ....................................................................................................
7 ....................................................................................................
8 ....f................................................................................h..............
9 ...............................f....................................................................
0 ...............................h...........................t........................................
1 ..................................................................................................r.
2 ....................................................................................................
3 ........................h..........................................................r................
4 ............................................................t.......................................
5 ....................................................................................................
6 ....................................................................................................
7 ...........h................................................................h.......................
8 ....................................................................................................
9 ....................................................................................................
0 .................................f.......................f..........................................
1 ....................................................................................................
2 ....................................................................................................
3 ..f.................................r.f.............................................................
4 ....................................................................................................
5 ....................................................................................................
6 ..................................h.................................................................
7 ........................................................................r...........................
8 ....................................................................................................
9 ....................................................................................................
0 ....................r...............................................................................
1 ....................................................................................................
2 ....................................................................................................
3 ...................f..t.............................................................................
4 ....................................................................................................
5 ....................................................................................................
6 ............t.......................................................................................
7 ....r...............................................................................................
8 ...................................................................................................r
9 .................................................t..................................................
0 ..............................t................................................f....................
1 ....................................................................................................
2 ....................................................t...............................................
3 ....................................................................................................
4 ....................................................................................................
5 .................r...........................f......................................................
6 ....................................................................................................
7 ....................................................................................................
8 ....................................................................................................
9 ....................................................................................................
0 ...............................h....................................................................
1 ....................................................................................................
2 ...............t....................................................................................
3 ....................................................................................................
4 ....h...............................................................................h...............
5 ....................................................................t...............................
6 ....................................................................................................
7 ....................................................................................................
8 ....................................................................................................
9 ....................................................................................................

Turn = 25.
  0123456789012345678901234567890123456789012345678901234567890123456789012345678901234567890123456789
0 ............................................rrr.......................r......................r....h.
1 .................................................................................................f..
2 ....................................................................................................
3 ........................................................h...........................................
4 ....................................................................................................
5 ....................................................................................................
6 ....................................................................................................
7 ...............f......................f..........t..................................................
8 .....................................................................r...........................f..
9 ....................................................................................................
0 ....................................................................................................
1 ................................................................................r...................
2 ..........................................................h........................................r
3 ....................................................................................................
4 ....................................................................................................
5 ....................................................................................................
6 ....................................................................................................
7 .........................t.....................................................................f....
8 ....................................................................................................
9 ............r.......................................................................................
0 ..................................................................................t.................
1 ....................................................................................................
2 ....................................................................................................
3 ...............................r....................................................................
4 ...................................................................................................h
5 ..........t.........................................................................................
6 ....................................................................................................
7 .............................f......................................................................
8 ........................h............................................r..............................
9 .......................f............................................................................
0 .......................................................t................t...........................
1 ..............................h.....................................................................
2 ............................................................................h.......................
3 ....................................................................................................
4 ....................................................................................................
5 ......f........t....................................................f...............................
6 ....................................................................................................
7 .............................................f......................................................
8 ....................................r...............................................................
9 ....................................................................................................
0 ....................................................................t.........................r.....
1 ....................................................................................................
2 ...................................................................................................f
3 ....................................................................................................
4 ....................................................................................................
5 ....................................................................................................
6 ...................r................................................................................
7 ...................r................................................................................
8 ....f...............................................................................................
9 ...............................f....................................................................
0 ......h....................................................t........................................
1 .........................................................................r..........................
2 ....................................................................................................
3 ..........................................................r.........................................
4 ............................................................t.......................................
5 ....................................................................................................
6 ....................................................................................................
7 h...................................................................................................
8 ....................................................................................................
9 ....................................................................................................
0 .................................f.......................f..........................................
1 ....................................................................................................
2 ....................................................................................................
3 ..f...................................f.............................................................
4 ....................................................................................................
5 ....................................................................................................
6 ...........................................................h........................................
7 ...........r........................................................................................
8 ....................................................................................................
9 ....................................................................................h.........rr....
0 ....................................................................................................
1 ....................................................................................................
2 ....................................................................................................
3 ...................f..t..............................................................h..............
4 ....................................................................................................
5 ....................................................................................................
6 ............t.......................................................................................
7 ....................................................................................................
8 ....................................................................................................
9 .................................................t..................................................
0 ..............................t................................................f....................
1 ....................................................................................................
2 ....................................................t...............................................
3 ....................................................................................................
4 ....................................................................................................
5 .............................................f......................................................
6 ....................................................................................................
7 ....................................................................................................
8 ....................................................................................................
9 ....................................................................................................
0 ....................................................................................................
1 ....................................................................................................
2 r..............t....................................................................................
3 ....................................................................................................
4 h...................................................................................................
5 ....................................................................t...............................
6 ....................................................................................................
7 ....................................................................................................
8 ....................................................................................................
9 ..r............................h...................................................................r

Turn = 50.
  0123456789012345678901234567890123456789012345678901234567890123456789012345678901234567890123456789
0 ....................r.r......................r............h.........................................
1 .................................................................................................f..
2 ....................................................................................................
3 ........................h........................................................h..................
4 ....................................................................................................
5 ....................................................................................................
6 ....................................................................................................
7 r..............f......................f..........t..........................h.......................
8 ..............................................................................................r..f..
9 ....................................................................................................
0 ....................................................................................................
1 ....................................................................................................
2 ....................................................................................................
3 ....................................r.............................................................r.
4 ..................................................................................................r.
5 ....................................................................................................
6 ....................................................................................................
7 .........................t.....................................................................f....
8 ....................................................................................................
9 ..................................................................................................r.
0 ..................................................................................t.................
1 ....................................................................................................
2 ....................................................................................................
3 ........................................................r...........................................
4 .............................................r......................................................
5 ..........t.........................................................................................
6 ....................................................................................................
7 .............................f......................................................................
8 ....................................................................................................
9 .......................f............................................................................
0 .......................................................t................t...........................
1 ....................................................................................................
2 ....................................................................................................
3 ....................................................................................................
4 ....................................................................................................
5 ......f........t....................................................f...............................
6 ................................................................................r...................
7 .............................................f.....................................................r
8 ....................................................................................................
9 ....................................................................................................
0 ....................................................................t...............................
1 ....................................................................................................
2 ...................................................................................................f
3 ....................................................................................................
4 ....................................................................................h...............
5 ....................................................................................................
6 ....................................................................................................
7 ....r...............................................................................................
8 ....f...............................................................................................
9 r..............................f....................................................................
0 h..........................................................t........................................
1 ................................................r...................................................
2 ....................................................................................................
3 .................................r...................................r..............................
4 ............................................................t.......................................
5 ....................................................................................................
6 ..............................h.....................................................................
7 h...................................................................................................
8 ....................................................................................................
9 ....................................................................................................
0 .................................f.......................f..........................................
1 ....................................................................................................
2 ....................................................................................................
3 ..f...................................f.............................................................
4 ....................................................................................................
5 ..............................................................................................r.....
6 ....................................................................................h...............
7 ....................................................................................................
8 ....................................................................................................
9 ....................................................................................................
0 ....................................................................................................
1 ....................................................................................................
2 ....................................................................................................
3 ...................f..t.............................................................................
4 ....................................................................................................
5 ...................................................................................................r
6 ...........tt.......................................................................................
7 r...................................................................................................
8 ....................................................................................................
9 .................................................t..................................................
0 ..............................t................................................f....................
1 ....................................................................................................
2 ....................................................t...............................................
3 ....................................................................................................
4 ....................................................................................................
5 .............................................f......................................................
6 ....................................................................................................
7 ....................................................................................................
8 ....................................................................................................
9 ....................................................................................................
0 ....................................................................................................
1 ....................................................................................................
2 ...............t....................................................................................
3 ...............t....................................................................................
4 ......................r.......................................................................rr....
5 ....................................................................t...............................
6 ....................................................................................................
7 ....................................................................................................
8 .....................................................................................h..............
9 ...............................h....................................................................

*** Darwin 1x20 ***
Turn = 0.
  01234567890123456789
0 rrrrrrrrrrrrrrrrrrrr

Turn = 1.
  01234567890123456789
0 rrrrrrrrrrrrrrrrrrrr

Turn = 2.
  01234567890123456789
0 rrrrrrrrrrrrrrrrrrrr

Turn = 3.
  01234567890123456789
0 rrrrrrrrrrrrrrrrrrrr

Turn = 4.
  01234567890123456789
0 rrrrrrrrrrrrrrrrrrrr

Turn = 5.
  01234567890123456789
0 rrrrrrrrrrrrrrrrrrrr

*** Darwin 10x10 ***
Turn = 0.
  0123456789
0 h.........
1 .r........
2 ..t.......
3 ...h......
4 ....f.....
5 .....r....
6 ......t...
7 .......h..
8 ........f.
9 .........r

Turn = 2.
  0123456789
0 h.........
1 ...t......
2 ..tt......
3 ..........
4 ....f.....
5 ......t...
6 ......t...
7 ..........
8 ........f.
9 .......rr.

Turn = 4.
  0123456789
0 h.........
1 ...t......
2 ..tt......
3 ..........
4 ....f.....
5 ......t...
6 ......t...
7 ..........
8 ........f.
9 ......r.r.

Turn = 6.
  0123456789
0 h.........
1 ...t......
2 ..tt......
3 ..........
4 ....f.....
5 ......t...
6 ......t...
7 ..........
8 ........f.
9 ....r.r...

Turn = 8.
  0123456789
0 h.........
1 ...t......
2 ..tt......
3 ..........
4 ....f.....
5 ......t...
6 ......t...
7 ..........
8 ........f.
9 ..r.r.....

Turn = 10.
  0123456789
0 h.........
1 ...t......
2 ..tt......
3 ..........
4 ....f.....
5 ......t...
6 ......t...
7 ..........
8 ........f.
9 r.r.......