*** Darwin 8x8 ***
Turn = 0.
  01234567
0 f.......
1 ........
2 ........
3 ...hh...
4 ...hh...
5 ........
6 ........
7 .......f

Turn = 1.
  01234567
0 f.......
1 ........
2 ...h....
3 .....h..
4 ..h.....
5 ....h...
6 ........
7 .......f

Turn = 2.
  01234567
0 f.......
1 ...h....
2 ........
3 ......h.
4 .h......
5 ........
6 ....h...
7 .......f

Turn = 3.
  01234567
0 f..h....
1 ........
2 ........
3 .......h
4 h.......
5 ........
6 ........
7 ....h..f

Turn = 4.
  01234567
0 f..h....
1 ........
2 ........
3 .......h
4 h.......
5 ........
6 ........
7 ....h..f

Turn = 5.
  01234567
0 f..h....
1 ........
2 ........
3 .......h
4 h.......
5 ........
6 ........
7 ....h..f

*** Darwin 7x9 ***
Turn = 0.
  012345678
0 t........
1 .........
2 .........
3 ..h......
4 .........
5 ....r....
6 ........t

Turn = 1.
  012345678
0 t........
1 .........
2 .........
3 ...h.....
4 ....r....
5 .........
6 ........t

Turn = 2.
  012345678
0 t........
1 .........
2 .........
3 ....r....
4 ....r....
5 .........
6 ........t

Turn = 3.
  012345678
0 t........
1 .........
2 .........
3 ....rr...
4 .........
5 .........
6 ........t

Turn = 4.
  012345678
0 t........
1 .........
2 ....r....
3 ......r..
4 .........
5 .........
6 ........t

Turn = 5.
  012345678
0 t........
1 ....r....
2 .........
3 .......r.
4 .........
5 .........
6 ........t

*** Darwin 8x8 ***
Turn = 0.
  01234567
0 rrrrrr..
1 ........
2 ........
3 ........
4 ........
5 ........
6 ........
7 ........

Turn = 1.
  01234567
0 rrrrr.r.
1 ........
2 ........
3 ........
4 ........
5 ........
6 ........
7 ........

Turn = 2.
  01234567
0 .r.....r
1 r.rrr...
2 ........
3 ........
4 ........
5 ........
6 ........
7 ........

Turn = 3.
  01234567
0 ..r....r
1 ........
2 r.rrr...
3 ........
4 ........
5 ........
6 ........
7 ........

Turn = 4.
  01234567
0 ...r...r
1 ........
2 ........
3 r.rrr...
4 ........
5 ........
6 ........
7 ........

Turn = 5.
  01234567
0 ....r.r.
1 ........
2 ........
3 ........
4 r.rrr...
5 ........
6 ........
7 ........

*** Darwin 8x8 ***
Turn = 0.
  01234567
0 rtrtrt..
1 ........
2 ........
3 ........
4 ........
5 ........
6 ........
7 ........

Turn = 1.
  01234567
0 rrrrr.r.
1 ........
2 ........
3 ........
4 ........
5 ........
6 ........
7 ........

Turn = 2.
  01234567
0 r.rr.r.r
1 .r......
2 ........
3 ........
4 ........
5 ........
6 ........
7 ........

Turn = 3.
  01234567
0 ....r.rr
1 r.r.....
2 .r......
3 ........
4 ........
5 ........
6 ........
7 ........

Turn = 4.
  01234567
0 .....rr.
1 .......r
2 r.r.....
3 .r......
4 ........
5 ........
6 ........
7 ........

Turn = 5.
  01234567
0 .....rr.
1 ........
2 .......r
3 r.r.....
4 .r......
5 ........
6 ........
7 ........

*** Darwin 8x8 ***
Turn = 0.
  01234567
0 hrfrfr..
1 ........
2 ........
3 ........
4 ........
5 ........
6 ........
7 ........

Turn = 1.
  01234567
0 hrrrr.r.
1 ........
2 ........
3 ........
4 ........
5 ........
6 ........
7 ........

Turn = 2.
  01234567
0 hr.rr..r
1 ..r.....
2 ........
3 ........
4 ........
5 ........
6 ........
7 ........

Turn = 3.
  01234567
0 h....r.r
1 .r.r....
2 ..r.....
3 ........
4 ........
5 ........
6 ........
7 ........

Turn = 4.
  01234567
0 .h....r.
1 .......r
2 .r.r....
3 ..r.....
4 ........
5 ........
6 ........
7 ........

Turn = 5.
  01234567
0 ..h....r
1 ........
2 .......r
3 .r.r....
4 ..r.....
5 ........
6 ........
7 ........

*** Darwin 21x17 ***
Turn = 0.
  01234567890123456
0 f................
1 ........r........
2 .................
3 .................
4 ...........r.....
5 ..............f..
6 ......r..........
7 .t...............
8 .t...............
9 ..............f..
0 .................
1 ................r
2 .................
3 .................
4 .........h...t...
5 ............h....
6 .................
7 ................h
8 ........f........
9 ........h........
0 .................

Turn = 4.
  01234567890123456
0 f................
1 ............r....
2 ............r....
3 .................
4 .................
5 ..............f..
6 .................
7 .t...............
8 .t...............
9 ..............f..
0 ......r..........
1 ............r....
2 .................
3 .................
4 .............t...
5 ........h........
6 .................
7 ............h....
8 ........fh.......
9 ........h........
0 .................

Turn = 8.
  01234567890123456
0 f................
1 ................r
2 ................r
3 .................
4 .................
5 ..............f..
6 .................
7 .t...............
8 .t...............
9 ..............f..
0 .................
1 ........r........
2 .................
3 .................
4 ......r......t...
5 ....h............
6 .................
7 ........h........
8 ........f........
9 ........h........
0 .........h.......

Turn = 12.
  01234567890123456
0 f...............r
1 .................
2 .................
3 .................
4 .................
5 ..............f.r
6 .................
7 .t...............
8 .t...............
9 ..............f..
0 .................
1 ....r............
2 .................
3 .................
4 .............t...
5 h................
6 .................
7 ....r.r..........
8 ........f........
9 ........h........
0 .........h.......

Turn = 16.
  01234567890123456
0 f................
1 .................
2 .................
3 .................
4 ................r
5 ..............f..
6 .................
7 .t...............
8 .t...............
9 ..............f.r
0 .................
1 r................
2 .................
3 .................
4 .............t...
5 h................
6 .................
7 r................
8 ........f........
9 ........h........
0 ......r..h.......

Turn = 20.
  01234567890123456
0 f................
1 .................
2 .................
3 .................
4 .................
5 ..............f..
6 .................
7 .t...............
8 .t..............r
9 ..............f..
0 .................
1 .................
2 .................
3 ................r
4 r............t...
5 h................
6 .................
7 .................
8 ........f........
9 ........h........
0 r.r......h.......

Turn = 24.
  01234567890123456
0 f................
1 .................
2 .................
3 .................
4 .................
5 ..............f..
6 .................
7 .t...............
8 .t...............
9 ..............f..
0 .................
1 .................
2 ................r
3 .................
4 ..r..........t...
5 ..r..............
6 .................
7 ................r
8 .r......f........
9 ........h........
0 r........h.......

*** Darwin 21x17 ***
Turn = 0.
  01234567890123456
0 f................
1 ........r........
2 .................
3 .................
4 ...........r.....
5 ..............f..
6 ......r..........
7 .t...............
8 .t...............
9 ..............f..
0 .................
1 ................r
2 .................
3 .................
4 .........h...t...
5 ............h....
6 .................
7 ................h
8 ........f........
9 ........h........
0 .................

Turn = 7.
  01234567890123456
0 f................
1 ...............r.
2 ...............r.
3 .................
4 .................
5 ..............f..
6 .................
7 .t...............
8 .t...............
9 ..............f..
0 .................
1 .........r.......
2 .................
3 ......r..........
4 .............t...
5 .....h...........
6 .................
7 .........h.......
8 ........f........
9 ........h........
0 .........h.......

Turn = 14.
  01234567890123456
0 f................
1 .................
2 ................r
3 .................
4 .................
5 ..............f..
6 .................
7 .t..............r
8 .t...............
9 ..............f..
0 .................
1 ..r..............
2 .................
3 .................
4 .............t...
5 h................
6 .................
7 ..r..............
8 ........f........
9 ......r.h........
0 .........h.......

Turn = 21.
  01234567890123456
0 f................
1 .................
2 .................
3 .................
4 .................
5 ..............f..
6 .................
7 .t...............
8 .t...............
9 ..............f.r
0 .................
1 .................
2 .................
3 .................
4 r............t..r
5 r................
6 .................
7 .................
8 ........f........
9 ........h........
0 rr.......h.......

*** Darwin 27x13 ***
Turn = 0.
  0123456789012
0 ..t.rt...r...
1 ...........h.
2 .tf..h.......
3 ...........r.
4 f.h..tf....rr
5 h.t...t..rfrf
6 .....t...h..r
7 .........f...
8 ..h.t..t.....
9 ....hr.....r.
0 tr.ft.h..rh..
1 hr.t..h......
2 ..f.fh..h..f.
3 ..t.......h..
4 t.f........hh
5 .f..rh..httfh
6 r............
7 .............
8 .tt.......hrr
9 ....r.......f
0 f.r.ttt....t.
1 t....h..h.h.r
2 ........t....
3 .............
4 .h...h......f
5 ....hrt......
6 .t..t...f....

*** Darwin 10x10 ***
Turn = 0.
  0123456789
0 ..........
1 ..........
2 .f........
3 .r........
4 ......r...
5 ..ht......
6 .......rt.
7 rr........
8 r.r.......
9 .r........

Turn = 20.
  0123456789
0 ..........
1 .........r
2 .f........
3 ..........
4 .........r
5 ...t.....t
6 r.......tt
7 r.......tt
8 ..........
9 .r........

