*** Darwin 8x8 ***
Turn = 0.
  01234567
0 f.......
1 ........
2 ........
3 ...hh...
4 ...hh...
5 ........
6 ........
7 .......f

Turn = 1.
  01234567
0 f.......
1 ........
2 ...h....
3 .....h..
4 ..h.....
5 ....h...
6 ........
7 .......f

Turn = 2.
  01234567
0 f.......
1 ...h....
2 ........
3 ......h.
4 .h......
5 ........
6 ....h...
7 .......f

Turn = 3.
  01234567
0 f..h....
1 ........
2 ........
3 .......h
4 h.......
5 ........
6 ........
7 ....h..f

Turn = 4.
  01234567
0 f..h....
1 ........
2 ........
3 .......h
4 h.......
5 ........
6 ........
7 ....h..f

Turn = 5.
  01234567
0 f..h....
1 ........
2 ........
3 .......h
4 h.......
5 ........
6 ........
7 ....h..f

*** Darwin 7x9 ***
Turn = 0.
  012345678
0 t........
1 .........
2 .........
3 ..h......
4 .........
5 ....r....
6 ........t

Turn = 1.
  012345678
0 t........
1 .........
2 .........
3 ...h.....
4 ....r....
5 .........
6 ........t

Turn = 2.
  012345678
0 t........
1 .........
2 .........
3 ....r....
4 ....r....
5 .........
6 ........t

Turn = 3.
  012345678
0 t........
1 .........
2 .........
3 ....rr...
4 .........
5 .........
6 ........t

Turn = 4.
  012345678
0 t........
1 .........
2 ....r....
3 ......r..
4 .........
5 .........
6 ........t

Turn = 5.
  012345678
0 t........
1 ....r....
2 .........
3 .......r.
4 .........
5 .........
6 ........t

*** Darwin 4x4 ***
Turn = 0.
  0123
0 ....
1 ....
2 ..f.
3 ....

Turn = 1.
  0123
0 ....
1 ....
2 ..f.
3 ....

*** Darwin 4x4 ***
Turn = 0.
  0123
0 h...
1 ....
2 ....
3 ....

Turn = 1.
  0123
0 .h..
1 ....
2 ....
3 ....

*** Darwin 4x4 ***
Turn = 0.
  0123
0 tfff
1 ....
2 ....
3 ....

Turn = 1.
  0123
0 tttt
1 ....
2 ....
3 ....

*** Darwin 4x4 ***
Turn = 0.
  0123
0 ..h.
1 .hth
2 ..h.
3 ....

Turn = 6.
  0123
0 ..t.
1 .ttt
2 ..h.
3 ....

*** Darwin 4x4 ***
Turn = 0.
  0123
0 h...
1 .h..
2 ..h.
3 ...h

Turn = 6.
  0123
0 ...h
1 ...h
2 ...h
3 ...h

*** Darwin 4x5 ***
Turn = 0.
  01234
0 ...t.
1 ..r..
2 .r...
3 r....

Turn = 6.
  01234
0 ...t.
1 ....r
2 ...r.
3 ....r

*** Darwin 8x7 ***
Turn = 0.
  0123456
0 .......
1 .r.....
2 ..f.f..
3 ...h...
4 ....r..
5 ....h..
6 .....h.
7 .......

Turn = 5.
  0123456
0 .r.....
1 .......
2 ..f.f..
3 .......
4 .......
5 .......
6 ...r...
7 ...hrr.

Turn = 10.
  0123456
0 ......r
1 .......
2 ..f.f..
3 .......
4 .......
5 r......
6 .......
7 ...rr.r

Turn = 15.
  0123456
0 r..r...
1 .......
2 ..f.f.r
3 .......
4 .......
5 .......
6 r.....r
7 .......

Turn = 20.
  0123456
0 .rr.r..
1 r.....r
2 ..f.f..
3 .......
4 .......
5 .......
6 .......
7 .......

*** Darwin 21x11 ***
Turn = 0.
  01234567890
0 h..........
1 .r.........
2 ...........
3 ...........
4 .....f.....
5 ......t....
6 ...........
7 ...........
8 ...........
9 .........t.
0 ...........
1 ...........
2 ...........
3 ...........
4 ...........
5 ...........
6 ....f......
7 ...........
8 .........f.
9 .......f...
0 ...........

Turn = 3.
  01234567890
0 r..h.......
1 ...........
2 ...........
3 ...........
4 .....f.....
5 ......t....
6 ...........
7 ...........
8 ...........
9 .........t.
0 ...........
1 ...........
2 ...........
3 ...........
4 ...........
5 ...........
6 ....f......
7 ...........
8 .........f.
9 .......f...
0 ...........

Turn = 6.
  01234567890
0 r.....h....
1 ...........
2 ...........
3 ...........
4 .....f.....
5 ......t....
6 ...........
7 ...........
8 ...........
9 .........t.
0 ...........
1 ...........
2 ...........
3 ...........
4 ...........
5 ...........
6 ....f......
7 ...........
8 .........f.
9 .......f...
0 ...........

Turn = 9.
  01234567890
0 ...r.....h.
1 ...........
2 ...........
3 ...........
4 .....f.....
5 ......t....
6 ...........
7 ...........
8 ...........
9 .........t.
0 ...........
1 ...........
2 ...........
3 ...........
4 ...........
5 ...........
6 ....f......
7 ...........
8 .........f.
9 .......f...
0 ...........

Turn = 12.
  01234567890
0 ......r...h
1 ...........
2 ...........
3 ...........
4 .....f.....
5 ......t....
6 ...........
7 ...........
8 ...........
9 .........t.
0 ...........
1 ...........
2 ...........
3 ...........
4 ...........
5 ...........
6 ....f......
7 ...........
8 .........f.
9 .......f...
0 ...........

Turn = 15.
  01234567890
0 .........rh
1 ...........
2 ...........
3 ...........
4 .....f.....
5 ......t....
6 ...........
7 ...........
8 ...........
9 .........t.
0 ...........
1 ...........
2 ...........
3 ...........
4 ...........
5 ...........
6 ....f......
7 ...........
8 .........f.
9 .......f...
0 ...........

Turn = 18.
  01234567890
0 ...........
1 .........r.
2 ..........r
3 ...........
4 .....f.....
5 ......t....
6 ...........
7 ...........
8 ...........
9 .........t.
0 ...........
1 ...........
2 ...........
3 ...........
4 ...........
5 ...........
6 ....f......
7 ...........
8 .........f.
9 .......f...
0 ...........

*** Darwin 100x100 ***
Turn = 0.
  0123456789012345678901234567890123456789012345678901234567890123456789012345678901234567890123456789
0 ....................................................................................................
1 ....f...f.ff........................................................................................
2 ....f.....f....fff.f................................................................................
3 ..........f...f.ff..................................................................................
4 .....fff..........f.................................................................................
5 ................ft.f................................................................................
6 .......f...f........................................................................................
7 ..ffrf....r......t..................................................................................
8 ......f.......f.....................................................................................
9 ........f....f...f.t................................................................................
0 .f....t.......fff.f.................................................................................
1 ..f..f....f......f..f...............................................................................
2 ..f...f.f...........f...............................................................................
3 ........f...........f...............................................................................
4 .....f.....ft......r................................................................................
5 ....f...ffft.f...fftf...............................................................................
6 ..f.f.f...........f.................................................................................
7 .f....ff...f.f......................................................................................
8 ....f....ff...f....f................................................................................
9 ....f...f.......f...................................................................................
0 ......f.....ff......................................................................................
1 ....................................................................................................
2 ....................................................................................................
3 ....................................................................................................
4 ....................................................................................................
5 ....................................................................................................
6 ....................................................................................................
7 ....................................................................................................
8 ....................................................................................................
9 ....................................................................................................
0 ....................................................................................................
1 ....................................................................................................
2 ....................................................................................................
3 ....................................................................................................
4 ....................................................................................................
5 ....................................................................................................
6 ....................................................................................................
7 ....................................................................................................
8 ....................................................................................................
9 ....................................................................................................
0 ....................................................................................................
1 ....................................................................................................
2 ....................................................................................................
3 ....................................................................................................
4 ....................................................................................................
5 ....................................................................................................
6 ....................................................................................................
7 ....................................................................................................
8 ....................................................................................................
9 ....................................................................................................
0 ....................................................................................................
1 ....................................................................................................
2 ....................................................................................................
3 ....................................................................................................
4 ....................................................................................................
5 ....................................................................................................
6 ....................................................................................................
7 ....................................................................................................
8 ....................................................................................................
9 ....................................................................................................
0 ....................................................................................................
1 ....................................................................................................
2 ....................................................................................................
3 ....................................................................................................
4 ....................................................................................................
5 ....................................................................................................
6 ....................................................................................................
7 ....................................................................................................
8 ....................................................................................................
9 ....................................................................................................
0 ....................................................................................................
1 ....................................................................................................
2 ....................................................................................................
3 ....................................................................................................
4 ....................................................................................................
5 ....................................................................................................
6 ....................................................................................................
7 ....................................................................................................
8 ....................................................................................................
9 ....................................................................................................
0 ....................................................................................................
1 ....................................................................................................
2 ....................................................................................................
3 ....................................................................................................
4 ....................................................................................................
5 ....................................................................................................
6 ....................................................................................................
7 ....................................................................................................
8 ....................................................................................................
9 ....................................................................................................
0 ....................................................................................................
1 ....................................................................................................
2 ....................................................................................................
3 ....................................................................................................
4 ....................................................................................................
5 ....................................................................................................
6 ....................................................................................................
7 ....................................................................................................
8 ....................................................................................................
9 ....................................................................................................

Turn = 25.
  0123456789012345678901234567890123456789012345678901234567890123456789012345678901234567890123456789
0 ...r..r............r................................................................................
1 ................r...................................................................................
2 ...............fff.f................................................................................
3 ..............f.ff..................................................................................
4 .....fff..........f.................................................................................
5 ................tt.f................................................................................
6 .......f.r.f........................................................................................
7 ..ff.f..........tt..................................................................................
8 ......f.......f.....................................................................................
9 ........r....f...f.t................................................................................
0 .f....t.......fff.f.................................................................................
1 ..f..f..r........r.rf...............................................................................
2 ..f...f.r...........f...............................................................................
3 ........f...........f...............................................................................
4 r....f....ttt.............................r.........................................................
5 ....f...tttt.f...ff.......................r.........................................................
6 ..f.f.f...........f.................................................................................
7 .f....ff...f.f......................................................................................
8 ....f....ff...f........................r............................................................
9 ....f...f.......f...................................................................................
0 ......f.....ff......................................................................................
1 ....................................................................................................
2 ....................................................................................................
3 ....................................................................................................
4 ....................................................................................................
5 ....................................................................................................
6 ....................................................................................................
7 ....................................................................................................
8 ....................................................................................................
9 ....................................................................................................
0 ....................................................................................................
1 ....................................................................................................
2 ....................................................................................................
3 ....................................................................................................
4 ....................................................................................................
5 ....................................................................................................
6 ...................r................................................................................
7 ....................................................................................................
8 ....................................................................................................
9 ....................................................................................................
0 ....................................................................................................
1 ....................................................................................................
2 ....................................................................................................
3 ....................................................................................................
4 ....................................................................................................
5 ....................................................................................................
6 ....................................................................................................
7 ....................................................................................................
8 ....................................................................................................
9 ....................................................................................................
0 ....................................................................................................
1 ....................................................................................................
2 ....................................................................................................
3 ....................................................................................................
4 ....................................................................................................
5 ....................................................................................................
6 ....................................................................................................
7 ....................................................................................................
8 ....................................................................................................
9 ....................................................................................................
0 ....................................................................................................
1 ....................................................................................................
2 ....................................................................................................
3 ....................................................................................................
4 ....................................................................................................
5 ....................................................................................................
6 ....................................................................................................
7 ....................................................................................................
8 ....................................................................................................
9 ....................................................................................................
0 ....................................................................................................
1 ....................................................................................................
2 ....................................................................................................
3 ....................................................................................................
4 ....................................................................................................
5 ....................................................................................................
6 ....................................................................................................
7 ....................................................................................................
8 ....................................................................................................
9 ....................................................................................................
0 ....................................................................................................
1 ....................................................................................................
2 ....................................................................................................
3 ....................................................................................................
4 ....................................................................................................
5 ....................................................................................................
6 ....................................................................................................
7 ....................................................................................................
8 ....................................................................................................
9 ....................................................................................................
0 ....................................................................................................
1 ....................................................................................................
2 ....................................................................................................
3 ....................................................................................................
4 ....................................................................................................
5 ....................................................................................................
6 ....................................................................................................
7 ....................................................................................................
8 ....................................................................................................
9 ....................................................................................................

Turn = 50.
  0123456789012345678901234567890123456789012345678901234567890123456789012345678901234567890123456789
0 ........rr..................................r.......................................................
1 .........................................r..........................................................
2 .............r.fff.f................................................................................
3 ..r...........f.ff..................................................................................
4 .rr...ff..........t.................................................................................
5 ...........r....tttf................................................................................
6 .......f...f....t...................................................................................
7 ...f............tt..................................................................................
8 ......f......rf.....................................................................................
9 .rr.................................................................................................
0 r.....tt............................................................................................
1 ..........r...................r............r.r......................................................
2 ....................f...............................................................................
3 .....r..f...........f...............................................................................
4 ......r...ttt......................................................r................................
5 ....f...tttt.f...............r.r...................................r................................
6 ..f.f.f....t......f.................................................................................
7 .f....ff...t.f.....r................................................................................
8 ....rr.....t....................................................r...................................
9 ....f...f.......f...................................................................................
0 ......f.....ff......................................................................................
1 .................r..................................................................................
2 ....................................................................................................
3 ....................................................................................................
4 .........r..........................................................................................
5 ....................................................................................................
6 ....................................................................................................
7 ..............r.....................................................................................
8 r...................................................................................................
9 ....................................................................................................
0 ....................................................................................................
1 ....................................................................................................
2 ....................................................................................................
3 ....................................................................................................
4 ....................................................................................................
5 ....................................................................................................
6 ....................................................................................................
7 ....................................................................................................
8 ....................................................................................................
9 r...................................................................................................
0 ....................................................................................................
1 ....................................................................................................
2 ....................................................................................................
3 ....................................................................................................
4 ....................................................................................................
5 ....................................................................................................
6 ....................................................................................................
7 ....................................................................................................
8 ....................................................................................................
9 ....................................................................................................
0 ....................................................................................................
1 ....................................................................................................
2 ....................................................................................................
3 ....................................................................................................
4 ....................................................................................................
5 ....................................................................................................
6 ....................................................................................................
7 ....................................................................................................
8 ....................................................................................................
9 ....................................................................................................
0 ....................................................................................................
1 ...................r................................................................................
2 ....................................................................................................
3 ....................................................................................................
4 ....................................................................................................
5 ....................................................................................................
6 ....................................................................................................
7 ....................................................................................................
8 ....................................................................................................
9 ....................................................................................................
0 ....................................................................................................
1 ....................................................................................................
2 ....................................................................................................
3 ....................................................................................................
4 ....................................................................................................
5 ....................................................................................................
6 ....................................................................................................
7 ....................................................................................................
8 ....................................................................................................
9 ....................................................................................................
0 ....................................................................................................
1 ....................................................................................................
2 ....................................................................................................
3 ....................................................................................................
4 ....................................................................................................
5 ....................................................................................................
6 ....................................................................................................
7 ....................................................................................................
8 ....................................................................................................
9 ....................................................................................................
0 ....................................................................................................
1 ....................................................................................................
2 ....................................................................................................
3 ....................................................................................................
4 ....................................................................................................
5 ....................................................................................................
6 ....................................................................................................
7 ....................................................................................................
8 ....................................................................................................
9 ....................................................................................................
