*** Darwin 20x10 ***
Turn = 0.
  0123456789
0 ..........
1 .....r....
2 ..........
3 ..........
4 ..........
5 ........h.
6 .....h.f..
7 .........h
8 ..........
9 .....f....
0 ..........
1 ....t.....
2 ..........
3 ..f.......
4 ..........
5 ........f.
6 ..........
7 ..........
8 ..........
9 h.........

Turn = 1.
  0123456789
0 ..........
1 ......r...
2 ..........
3 ..........
4 ..........
5 .......h..
6 ......hf..
7 .........h
8 ..........
9 .....f....
0 ..........
1 ....t.....
2 ..........
3 ..f.......
4 ..........
5 ........f.
6 ..........
7 ..........
8 ..........
9 h.........

Turn = 2.
  0123456789
0 ..........
1 .......r..
2 ..........
3 ..........
4 ..........
5 ......h...
6 ......hf..
7 .........h
8 ..........
9 .....f....
0 ..........
1 ....t.....
2 ..........
3 ..f.......
4 ..........
5 ........f.
6 ..........
7 ..........
8 ..........
9 h.........

Turn = 3.
  0123456789
0 ..........
1 ........r.
2 ..........
3 ..........
4 ..........
5 .....h....
6 ......hf..
7 .........h
8 ..........
9 .....f....
0 ..........
1 ....t.....
2 ..........
3 ..f.......
4 ..........
5 ........f.
6 ..........
7 ..........
8 ..........
9 h.........

Turn = 4.
  0123456789
0 ..........
1 .........r
2 ..........
3 ..........
4 ..........
5 ....h.....
6 ......hf..
7 .........h
8 ..........
9 .....f....
0 ..........
1 ....t.....
2 ..........
3 ..f.......
4 ..........
5 ........f.
6 ..........
7 ..........
8 ..........
9 h.........

Turn = 5.
  0123456789
0 ..........
1 .........r
2 ..........
3 ..........
4 ..........
5 ...h......
6 ......hf..
7 .........h
8 ..........
9 .....f....
0 ..........
1 ....t.....
2 ..........
3 ..f.......
4 ..........
5 ........f.
6 ..........
7 ..........
8 ..........
9 h.........

Turn = 6.
  0123456789
0 ..........
1 ..........
2 .........r
3 ..........
4 ..........
5 ..h.......
6 ......hf..
7 .........h
8 ..........
9 .....f....
0 ..........
1 ....t.....
2 ..........
3 ..f.......
4 ..........
5 ........f.
6 ..........
7 ..........
8 ..........
9 h.........

Turn = 7.
  0123456789
0 ..........
1 ..........
2 ..........
3 .........r
4 ..........
5 .h........
6 ......hf..
7 .........h
8 ..........
9 .....f....
0 ..........
1 ....t.....
2 ..........
3 ..f.......
4 ..........
5 ........f.
6 ..........
7 ..........
8 ..........
9 h.........

Turn = 8.
  0123456789
0 ..........
1 ..........
2 ..........
3 ..........
4 .........r
5 h.........
6 ......hf..
7 .........h
8 ..........
9 .....f....
0 ..........
1 ....t.....
2 ..........
3 ..f.......
4 ..........
5 ........f.
6 ..........
7 ..........
8 ..........
9 h.........

Turn = 9.
  0123456789
0 ..........
1 ..........
2 ..........
3 ..........
4 ..........
5 h........r
6 ......hf..
7 .........h
8 ..........
9 .....f....
0 ..........
1 ....t.....
2 ..........
3 ..f.......
4 ..........
5 ........f.
6 ..........
7 ..........
8 ..........
9 h.........

Turn = 10.
  0123456789
0 ..........
1 ..........
2 ..........
3 ..........
4 ..........
5 h.........
6 ......hf.r
7 .........h
8 ..........
9 .....f....
0 ..........
1 ....t.....
2 ..........
3 ..f.......
4 ..........
5 ........f.
6 ..........
7 ..........
8 ..........
9 h.........

Turn = 11.
  0123456789
0 ..........
1 ..........
2 ..........
3 ..........
4 ..........
5 h.........
6 ......hf.r
7 .........r
8 ..........
9 .....f....
0 ..........
1 ....t.....
2 ..........
3 ..f.......
4 ..........
5 ........f.
6 ..........
7 ..........
8 ..........
9 h.........

Turn = 12.
  0123456789
0 ..........
1 ..........
2 ..........
3 ..........
4 ..........
5 h.........
6 ......hf.r
7 .........r
8 ..........
9 .....f....
0 ..........
1 ....t.....
2 ..........
3 ..f.......
4 ..........
5 ........f.
6 ..........
7 ..........
8 ..........
9 h.........

Turn = 13.
  0123456789
0 ..........
1 ..........
2 ..........
3 ..........
4 ..........
5 h.........
6 ......hfr.
7 .........r
8 ..........
9 .....f....
0 ..........
1 ....t.....
2 ..........
3 ..f.......
4 ..........
5 ........f.
6 ..........
7 ..........
8 ..........
9 h.........

Turn = 14.
  0123456789
0 ..........
1 ..........
2 ..........
3 ..........
4 ..........
5 h.........
6 ......hrr.
7 ..........
8 .........r
9 .....f....
0 ..........
1 ....t.....
2 ..........
3 ..f.......
4 ..........
5 ........f.
6 ..........
7 ..........
8 ..........
9 h.........

Turn = 15.
  0123456789
0 ..........
1 ..........
2 ..........
3 ..........
4 ..........
5 h......r..
6 ......hr..
7 ..........
8 ..........
9 .....f...r
0 ..........
1 ....t.....
2 ..........
3 ..f.......
4 ..........
5 ........f.
6 ..........
7 ..........
8 ..........
9 h.........

Turn = 16.
  0123456789
0 ..........
1 ..........
2 ..........
3 ..........
4 .......r..
5 h.........
6 ......rr..
7 ..........
8 ..........
9 .....f....
0 .........r
1 ....t.....
2 ..........
3 ..f.......
4 ..........
5 ........f.
6 ..........
7 ..........
8 ..........
9 h.........

Turn = 17.
  0123456789
0 ..........
1 ..........
2 ..........
3 .......r..
4 ..........
5 h.........
6 ......rr..
7 ..........
8 ..........
9 .....f....
0 ..........
1 ....t....r
2 ..........
3 ..f.......
4 ..........
5 ........f.
6 ..........
7 ..........
8 ..........
9 h.........

Turn = 18.
  0123456789
0 ..........
1 ..........
2 .......r..
3 ..........
4 ..........
5 h.........
6 ..........
7 ......rr..
8 ..........
9 .....f....
0 ..........
1 ....t.....
2 .........r
3 ..f.......
4 ..........
5 ........f.
6 ..........
7 ..........
8 ..........
9 h.........

Turn = 19.
  0123456789
0 ..........
1 .......r..
2 ..........
3 ..........
4 ..........
5 h.........
6 ..........
7 ..........
8 ......rr..
9 .....f....
0 ..........
1 ....t.....
2 ..........
3 ..f......r
4 ..........
5 ........f.
6 ..........
7 ..........
8 ..........
9 h.........

Turn = 20.
  0123456789
0 .......r..
1 ..........
2 ..........
3 ..........
4 ..........
5 h.........
6 ..........
7 ..........
8 ..........
9 .....frr..
0 ..........
1 ....t.....
2 ..........
3 ..f.......
4 .........r
5 ........f.
6 ..........
7 ..........
8 ..........
9 h.........

Turn = 21.
  0123456789
0 .......r..
1 ..........
2 ..........
3 ..........
4 ..........
5 h.........
6 ..........
7 ..........
8 ..........
9 .....f....
0 ......rr..
1 ....t.....
2 ..........
3 ..f.......
4 ..........
5 ........fr
6 ..........
7 ..........
8 ..........
9 h.........

Turn = 22.
  0123456789
0 ......r...
1 ..........
2 ..........
3 ..........
4 ..........
5 h.........
6 ..........
7 ..........
8 ..........
9 .....f....
0 ..........
1 ....t.rr..
2 ..........
3 ..f.......
4 ..........
5 ........f.
6 .........r
7 ..........
8 ..........
9 h.........

Turn = 23.
  0123456789
0 .....r....
1 ..........
2 ..........
3 ..........
4 ..........
5 h.........
6 ..........
7 ..........
8 ..........
9 .....f....
0 ..........
1 ....t.....
2 ......rr..
3 ..f.......
4 ..........
5 ........f.
6 ..........
7 .........r
8 ..........
9 h.........

Turn = 24.
  0123456789
0 ....r.....
1 ..........
2 ..........
3 ..........
4 ..........
5 h.........
6 ..........
7 ..........
8 ..........
9 .....f....
0 ..........
1 ....t.....
2 ..........
3 ..f...rr..
4 ..........
5 ........f.
6 ..........
7 ..........
8 .........r
9 h.........

Turn = 25.
  0123456789
0 ...r......
1 ..........
2 ..........
3 ..........
4 ..........
5 h.........
6 ..........
7 ..........
8 ..........
9 .....f....
0 ..........
1 ....t.....
2 ..........
3 ..f.......
4 ......rr..
5 ........f.
6 ..........
7 ..........
8 ..........
9 h........r

Turn = 26.
  0123456789
0 ..r.......
1 ..........
2 ..........
3 ..........
4 ..........
5 h.........
6 ..........
7 ..........
8 ..........
9 .....f....
0 ..........
1 ....t.....
2 ..........
3 ..f.......
4 ..........
5 ......rrf.
6 ..........
7 ..........
8 ..........
9 h........r

Turn = 27.
  0123456789
0 .r........
1 ..........
2 ..........
3 ..........
4 ..........
5 h.........
6 ..........
7 ..........
8 ..........
9 .....f....
0 ..........
1 ....t.....
2 ..........
3 ..f.......
4 ..........
5 ........f.
6 ......rr..
7 ..........
8 ..........
9 h.......r.

Turn = 28.
  0123456789
0 r.........
1 ..........
2 ..........
3 ..........
4 ..........
5 h.........
6 ..........
7 ..........
8 ..........
9 .....f....
0 ..........
1 ....t.....
2 ..........
3 ..f.......
4 ..........
5 ........f.
6 ..........
7 ......rr..
8 ..........
9 h......r..

Turn = 29.
  0123456789
0 r.........
1 ..........
2 ..........
3 ..........
4 ..........
5 h.........
6 ..........
7 ..........
8 ..........
9 .....f....
0 ..........
1 ....t.....
2 ..........
3 ..f.......
4 ..........
5 ........f.
6 ..........
7 ..........
8 ......rr..
9 h.....r...

Turn = 30.
  0123456789
0 r.........
1 ..........
2 ..........
3 ..........
4 ..........
5 h.........
6 ..........
7 ..........
8 ..........
9 .....f....
0 ..........
1 ....t.....
2 ..........
3 ..f.......
4 ..........
5 ........f.
6 ..........
7 ..........
8 ......r...
9 h....r.r..

Turn = 31.
  0123456789
0 r.........
1 ..........
2 ..........
3 ..........
4 ..........
5 h.........
6 ..........
7 ..........
8 ..........
9 .....f....
0 ..........
1 ....t.....
2 ..........
3 ..f.......
4 ..........
5 ........f.
6 ..........
7 ..........
8 .....r....
9 h...r..r..

Turn = 32.
  0123456789
0 ..........
1 r.........
2 ..........
3 ..........
4 ..........
5 h.........
6 ..........
7 ..........
8 ..........
9 .....f....
0 ..........
1 ....t.....
2 ..........
3 ..f.......
4 ..........
5 ........f.
6 ..........
7 ..........
8 ....r.....
9 h..r..r...

Turn = 33.
  0123456789
0 ..........
1 ..........
2 r.........
3 ..........
4 ..........
5 h.........
6 ..........
7 ..........
8 ..........
9 .....f....
0 ..........
1 ....t.....
2 ..........
3 ..f.......
4 ..........
5 ........f.
6 ..........
7 ..........
8 ...r......
9 h.r..r....

Turn = 34.
  0123456789
0 ..........
1 ..........
2 ..........
3 r.........
4 ..........
5 h.........
6 ..........
7 ..........
8 ..........
9 .....f....
0 ..........
1 ....t.....
2 ..........
3 ..f.......
4 ..........
5 ........f.
6 ..........
7 ..........
8 ..r.......
9 hr..r.....

Turn = 35.
  0123456789
0 ..........
1 ..........
2 ..........
3 ..........
4 r.........
5 h.........
6 ..........
7 ..........
8 ..........
9 .....f....
0 ..........
1 ....t.....
2 ..........
3 ..f.......
4 ..........
5 ........f.
6 ..........
7 ..........
8 .r........
9 rr.r......

Turn = 36.
  0123456789
0 ..........
1 ..........
2 ..........
3 ..........
4 r.........
5 r.........
6 ..........
7 ..........
8 ..........
9 .....f....
0 ..........
1 ....t.....
2 ..........
3 ..f.......
4 ..........
5 ........f.
6 ..........
7 ..........
8 r.........
9 rrr.......

Turn = 37.
  0123456789
0 ..........
1 ..........
2 ..........
3 ..........
4 r.........
5 r.........
6 ..........
7 ..........
8 ..........
9 .....f....
0 ..........
1 ....t.....
2 ..........
3 ..f.......
4 ..........
5 ........f.
6 ..........
7 ..........
8 r.........
9 rrr.......

Turn = 38.
  0123456789
0 ..........
1 ..........
2 ..........
3 ..........
4 .r........
5 r.........
6 ..........
7 ..........
8 ..........
9 .....f....
0 ..........
1 ....t.....
2 ..........
3 ..f.......
4 ..........
5 ........f.
6 ..........
7 ..........
8 r.r.......
9 rr........

Turn = 39.
  0123456789
0 ..........
1 ..........
2 ..........
3 ..........
4 r.r.......
5 ..........
6 ..........
7 ..........
8 ..........
9 .....f....
0 ..........
1 ....t.....
2 ..........
3 ..f.......
4 ..........
5 ........f.
6 ..........
7 ..r.......
8 .r........
9 rr........

Turn = 40.
  0123456789
0 ..........
1 ..........
2 ..........
3 r.........
4 ...r......
5 ..........
6 ..........
7 ..........
8 ..........
9 .....f....
0 ..........
1 ....t.....
2 ..........
3 ..f.......
4 ..........
5 ........f.
6 ..r.......
7 ..........
8 ..r.......
9 r.r.......

Turn = 41.
  0123456789
0 ..........
1 ..........
2 r.........
3 ..........
4 ....r.....
5 ..........
6 ..........
7 ..........
8 ..........
9 .....f....
0 ..........
1 ....t.....
2 ..........
3 ..f.......
4 ..........
5 ..r.....f.
6 ..........
7 ..........
8 r..r......
9 ...r......

Turn = 42.
  0123456789
0 ..........
1 r.........
2 ..........
3 ..........
4 .....r....
5 ..........
6 ..........
7 ..........
8 ..........
9 .....f....
0 ..........
1 ....t.....
2 ..........
3 ..f.......
4 ..r.......
5 ........f.
6 ..........
7 r.........
8 ....r.....
9 ....r.....

Turn = 43.
  0123456789
0 r.........
1 ..........
2 ..........
3 ..........
4 ......r...
5 ..........
6 ..........
7 ..........
8 ..........
9 .....f....
0 ..........
1 ....t.....
2 ..........
3 ..r.......
4 ..r.......
5 ........f.
6 r.........
7 ..........
8 .....r....
9 .....r....

Turn = 44.
  0123456789
0 r.........
1 ..........
2 ..........
3 ..........
4 .......r..
5 ..........
6 ..........
7 ..........
8 ..........
9 .....f....
0 ..........
1 ....t.....
2 ..........
3 .rr.......
4 ..........
5 r.......f.
6 ..........
7 ..........
8 ......r...
9 ......r...

Turn = 45.
  0123456789
0 .r........
1 ..........
2 ..........
3 ..........
4 ........r.
5 ..........
6 ..........
7 ..........
8 ..........
9 .....f....
0 ..........
1 ....t.....
2 ..r.......
3 r.........
4 r.........
5 ........f.
6 ..........
7 ..........
8 .......r..
9 .......r..

Turn = 46.
  0123456789
0 ..r.......
1 ..........
2 ..........
3 ..........
4 .........r
5 ..........
6 ..........
7 ..........
8 ..........
9 .....f....
0 ..........
1 ..r.t.....
2 ..........
3 r.........
4 r.........
5 ........f.
6 ..........
7 ..........
8 ........r.
9 ........r.

Turn = 47.
  0123456789
0 ...r......
1 ..........
2 ..........
3 ..........
4 .........r
5 ..........
6 ..........
7 ..........
8 ..........
9 .....f....
0 ..r.......
1 ....t.....
2 ..........
3 r.........
4 r.........
5 ........f.
6 ..........
7 ..........
8 .........r
9 .........r

Turn = 48.
  0123456789
0 ....r.....
1 ..........
2 ..........
3 .........r
4 ..........
5 ..........
6 ..........
7 ..........
8 ..........
9 ..r..f....
0 ..........
1 ....t.....
2 ..........
3 r.........
4 r.........
5 ........f.
6 ..........
7 ..........
8 .........r
9 .........r

Turn = 49.
  0123456789
0 .....r....
1 ..........
2 .........r
3 ..........
4 ..........
5 ..........
6 ..........
7 ..........
8 ..r.......
9 .....f....
0 ..........
1 ....t.....
2 r.........
3 ..........
4 r.........
5 ........f.
6 ..........
7 ..........
8 .........r
9 .........r

Turn = 50.
  0123456789
0 ......r...
1 .........r
2 ..........
3 ..........
4 ..........
5 ..........
6 ..........
7 ..r.......
8 ..........
9 .....f....
0 ..........
1 r...t.....
2 ..........
3 r.........
4 ..........
5 ........f.
6 ..........
7 ..........
8 ........r.
9 .........r

Turn = 51.
  0123456789
0 .......r.r
1 ..........
2 ..........
3 ..........
4 ..........
5 ..........
6 ..r.......
7 ..........
8 ..........
9 .....f....
0 r.........
1 ....t.....
2 r.........
3 ..........
4 ..........
5 ........f.
6 ..........
7 ..........
8 .......r..
9 .........r

Turn = 52.
  0123456789
0 ........rr
1 ..........
2 ..........
3 ..........
4 ..........
5 ..r.......
6 ..........
7 ..........
8 ..........
9 r....f....
0 ..........
1 r...t.....
2 ..........
3 ..........
4 ..........
5 ........f.
6 ..........
7 ..........
8 ......r...
9 .........r

Turn = 53.
  0123456789
0 ........rr
1 ..........
2 ..........
3 ..........
4 ..r.......
5 ..........
6 ..........
7 ..........
8 r.........
9 .....f....
0 r.........
1 ....t.....
2 ..........
3 ..........
4 ..........
5 ........f.
6 ..........
7 ..........
8 .....r...r
9 ..........

Turn = 54.
  0123456789
0 ........r.
1 .........r
2 ..........
3 ..r.......
4 ..........
5 ..........
6 ..........
7 r.........
8 ..........
9 r....f....
0 ..........
1 ....t.....
2 ..........
3 ..........
4 ..........
5 ........f.
6 ..........
7 .........r
8 ....r.....
9 ..........

Turn = 55.
  0123456789
0 .......r..
1 ..........
2 ..r......r
3 ..........
4 ..........
5 ..........
6 r.........
7 ..........
8 r.........
9 .....f....
0 ..........
1 ....t.....
2 ..........
3 ..........
4 ..........
5 ........f.
6 .........r
7 ..........
8 ...r......
9 ..........

Turn = 56.
  0123456789
0 ......r...
1 ..r.......
2 ..........
3 .........r
4 ..........
5 r.........
6 ..........
7 r.........
8 ..........
9 .....f....
0 ..........
1 ....t.....
2 ..........
3 ..........
4 ..........
5 ........fr
6 ..........
7 ..........
8 ..r.......
9 ..........

Turn = 57.
  0123456789
0 ..r..r....
1 ..........
2 ..........
3 ..........
4 r........r
5 ..........
6 r.........
7 ..........
8 ..........
9 .....f....
0 ..........
1 ....t.....
2 ..........
3 ..........
4 .........r
5 ........f.
6 ..........
7 ..........
8 .r........
9 ..........

Turn = 58.
  0123456789
0 ..r.r.....
1 ..........
2 ..........
3 r.........
4 ..........
5 r........r
6 ..........
7 ..........
8 ..........
9 .....f....
0 ..........
1 ....t.....
2 ..........
3 .........r
4 ..........
5 ........f.
6 ..........
7 ..........
8 r.........
9 ..........

Turn = 59.
  0123456789
0 ...rr.....
1 ..........
2 r.........
3 ..........
4 r.........
5 ..........
6 .........r
7 ..........
8 ..........
9 .....f....
0 ..........
1 ....t.....
2 .........r
3 ..........
4 ..........
5 ........f.
6 ..........
7 ..........
8 r.........
9 ..........

Turn = 60.
  0123456789
0 ...r......
1 r...r.....
2 ..........
3 r.........
4 ..........
5 ..........
6 ..........
7 .........r
8 ..........
9 .....f....
0 ..........
1 ....t....r
2 ..........
3 ..........
4 ..........
5 ........f.
6 ..........
7 r.........
8 ..........
9 ..........

Turn = 61.
  0123456789
0 r..r......
1 ..........
2 r...r.....
3 ..........
4 ..........
5 ..........
6 ..........
7 ..........
8 .........r
9 .....f....
0 .........r
1 ....t.....
2 ..........
3 ..........
4 ..........
5 ........f.
6 r.........
7 ..........
8 ..........
9 ..........

Turn = 62.
  0123456789
0 r.r.......
1 r.........
2 ..........
3 ....r.....
4 ..........
5 ..........
6 ..........
7 ..........
8 ..........
9 .....f...r
0 .........r
1 ....t.....
2 ..........
3 ..........
4 ..........
5 r.......f.
6 ..........
7 ..........
8 ..........
9 ..........

Turn = 63.
  0123456789
0 rrr.......
1 ..........
2 ..........
3 ..........
4 ....r.....
5 ..........
6 ..........
7 ..........
8 ..........
9 .....f...r
0 ........r.
1 ....t.....
2 ..........
3 ..........
4 r.........
5 ........f.
6 ..........
7 ..........
8 ..........
9 ..........

Turn = 64.
  0123456789
0 rr........
1 ..r.......
2 ..........
3 ..........
4 ..........
5 ....r.....
6 ..........
7 ..........
8 ..........
9 .....f...r
0 .......r..
1 ....t.....
2 ..........
3 r.........
4 ..........
5 ........f.
6 ..........
7 ..........
8 ..........
9 ..........

Turn = 65.
  0123456789
0 r.........
1 .r........
2 ..r.......
3 ..........
4 ..........
5 ..........
6 ....r.....
7 ..........
8 ..........
9 .....f....
0 ......r..r
1 ....t.....
2 r.........
3 ..........
4 ..........
5 ........f.
6 ..........
7 ..........
8 ..........
9 ..........

Turn = 66.
  0123456789
0 r.........
1 ..........
2 .r........
3 ..r.......
4 ..........
5 ..........
6 ..........
7 ....r.....
8 ..........
9 .....f....
0 .....r....
1 r...t....r
2 ..........
3 ..........
4 ..........
5 ........f.
6 ..........
7 ..........
8 ..........
9 ..........

Turn = 67.
  0123456789
0 .r........
1 ..........
2 ..........
3 .r........
4 ..r.......
5 ..........
6 ..........
7 ..........
8 ....r.....
9 .....f....
0 r...r.....
1 ....t.....
2 .........r
3 ..........
4 ..........
5 ........f.
6 ..........
7 ..........
8 ..........
9 ..........

*** Darwin 23x15 ***
Turn = 0.
  012345678901234
0 ...............
1 .......rh......
2 .......r.......
3 .f.............
4 ..f............
5 ........r......
6 .......r.......
7 ..............r
8 ...............
9 ........t......
0 .f.........f...
1 ...............
2 ...............
3 ...............
4 .............h.
5 ...rf..........
6 ..f........r...
7 ...............
8 ...............
9 ..........h....
0 .............h.
1 ...............
2 .....f.........

Turn = 4.
  012345678901234
0 ........h......
1 ....r..........
2 .......r...r...
3 .f.............
4 ..f............
5 ............r..
6 ...............
7 ..........r....
8 ...............
9 ........t......
0 .f.........f...
1 ...............
2 ...............
3 ...............
4 .........h.....
5 ....f..........
6 ..f...........r
7 ...............
8 ...............
9 ...r...........
0 .........h.....
1 ...............
2 .....f....h....

*** Darwin 9x25 ***
Turn = 0.
  0123456789012345678901234
0 ............t............
1 .........................
2 ...t....h.......t........
3 h....r.................r.
4 .........................
5 ................h........
6 ............tt...........
7 .........t...............
8 .....t...................

Turn = 6.
  0123456789012345678901234
0 h.......h...t............
1 .........................
2 ...t............t........
3 r........................
4 .........................
5 ..........h..............
6 ............tt...........
7 .........t..............r
8 .....t...................

Turn = 12.
  0123456789012345678901234
0 h.......h...t............
1 .........................
2 ...t............t........
3 .........................
4 .........................
5 ....h....................
6 ............tt...........
7 .........t...............
8 r....t..............r....

Turn = 18.
  0123456789012345678901234
0 h.......h...t............
1 .........................
2 ...t............t........
3 .........................
4 r........................
5 .........................
6 r...........tt...........
7 .........t...............
8 .....t........r..........

Turn = 24.
  0123456789012345678901234
0 r.......h...t............
1 .r.......................
2 ...t............t........
3 .........................
4 .........................
5 .........................
6 r...........tt...........
7 .........t...............
8 .....t...t...............

Turn = 30.
  0123456789012345678901234
0 ........h...t............
1 .......r.................
2 ...t............t........
3 .........................
4 r..r.....................
5 .........................
6 ............tt...........
7 .........t...............
8 .....t...t...............

Turn = 36.
  0123456789012345678901234
0 ........h...t............
1 .............r...........
2 ...t............t........
3 .........................
4 .........r...............
5 .........................
6 ............tt...........
7 .........t...............
8 .r...t...t...............

Turn = 42.
  0123456789012345678901234
0 ........h...t............
1 ................t........
2 ...t............t........
3 .........................
4 ...............r.........
5 .........................
6 ............tt...........
7 ....r....t...............
8 ......r..t...............

*** Darwin 22x8 ***
Turn = 0.
  01234567
0 ....h...
1 ......f.
2 ........
3 ........
4 ........
5 ........
6 ........
7 ........
8 ........
9 ........
0 ........
1 ........
2 ........
3 ........
4 ......t.
5 ........
6 .....rfr
7 .....t..
8 ...h.r..
9 ........
0 .....f..
1 ........

Turn = 7.
  01234567
0 h.......
1 ......f.
2 ........
3 ........
4 ........
5 ........
6 ........
7 ........
8 ........
9 ........
0 ......r.
1 ........
2 ........
3 ........
4 .r......
5 ........
6 .r.....r
7 r..r....
8 ........
9 ........
0 .....f..
1 ...h....

Turn = 14.
  01234567
0 h.......
1 ......f.
2 ........
3 ......r.
4 ........
5 ........
6 ........
7 ........
8 ........
9 r......r
0 ........
1 r.......
2 ........
3 ........
4 ........
5 ........
6 ........
7 ........
8 ........
9 ........
0 r....f..
1 r..h....

Turn = 21.
  01234567
0 h...r...
1 .r......
2 r......r
3 ........
4 r.......
5 ........
6 ........
7 ........
8 ........
9 ........
0 ........
1 ........
2 ........
3 ........
4 ........
5 ........
6 ........
7 ........
8 ........
9 ........
0 ....rf..
1 ..rr....

Turn = 28.
  01234567
0 r..r....
1 ....r...
2 .r..r.r.
3 ........
4 ........
5 ........
6 ........
7 ........
8 ........
9 ........
0 ........
1 ........
2 ........
3 ........
4 ..rr....
5 ........
6 ........
7 ........
8 ........
9 ........
0 ........
1 .....r.r

Turn = 35.
  01234567
0 .....rr.
1 ........
2 ........
3 ........
4 .r.....r
5 ........
6 ........
7 ..rr...r
8 ........
9 .r......
0 ........
1 ........
2 ........
3 ........
4 ........
5 .......r
6 ........
7 ........
8 ........
9 ........
0 ........
1 r.......

Turn = 42.
  01234567
0 ..rr....
1 ........
2 ........
3 ........
4 ........
5 ........
6 ........
7 .....rr.
8 ........
9 ........
0 .......r
1 .r.....r
2 ....r...
3 ........
4 ........
5 ........
6 .r......
7 ........
8 ........
9 ........
0 ........
1 r.......

Turn = 49.
  01234567
0 .......r
1 ........
2 ........
3 ........
4 ........
5 ..r.....
6 ........
7 ........
8 .......r
9 ........
0 r.......
1 r.......
2 ........
3 ........
4 ......r.
5 ........
6 ........
7 .......r
8 .r......
9 ........
0 ........
1 r.....r.

Turn = 56.
  01234567
0 ........
1 ........
2 .......r
3 .......r
4 ........
5 ........
6 ........
7 ........
8 ........
9 r.......
0 .....r..
1 ........
2 ........
3 ........
4 ........
5 ........
6 r.......
7 r.......
8 .......r
9 ........
0 .......r
1 ....r.r.

*** Darwin 16x28 ***
Turn = 0.
  0123456789012345678901234567
0 .......f...f......h.........
1 .................t..........
2 ...h...r.....t..............
3 ............................
4 ............................
5 ...............t............
6 ............................
7 ....r.............f.........
8 ............................
9 ...............f............
0 ............................
1 ............................
2 .............r...f.r........
3 .....................t......
4 ........h.............f.....
5 .r..........................

Turn = 4.
  0123456789012345678901234567
0 ...h.r.r...f................
1 .................t..........
2 .............t..............
3 ............................
4 ..................h.........
5 ...............t............
6 ............................
7 r.................f.........
8 ...................r........
9 ...............f............
0 ............................
1 ............................
2 .................f..........
3 r....................t......
4 ....h.................f.....
5 .............r..............

Turn = 8.
  0123456789012345678901234567
0 ...rr......f................
1 .....r...........t..........
2 .............t..............
3 ............................
4 r..................r........
5 ...............t............
6 ..................h.........
7 ..................f.........
8 ............................
9 r..............f............
0 ............................
1 ............................
2 .................f..........
3 .....................t......
4 h.....................f.....
5 .........r..................

*** Darwin 16x29 ***
Turn = 0.
  01234567890123456789012345678
0 ..............r..............
1 .............................
2 .............................
3 .........r......f............
4 ....t........................
5 ....t........................
6 ...................f........t
7 ........................h....
8 .........................h...
9 .............................
0 ........................r....
1 .............................
2 r............................
3 ..................r..........
4 ....f........................
5 .............................

Turn = 10.
  01234567890123456789012345678
0 .............................
1 .............................
2 .............................
3 r...............f............
4 r...t.............r..........
5 ....t........................
6 ...................f........t
7 ..............r.............t
8 .............................
9 .............................
0 ..............r..............
1 .............................
2 .............................
3 .............................
4 ....f........................
5 .........................h...

Turn = 20.
  01234567890123456789012345678
0 ....r.r................r.....
1 .............................
2 .............................
3 ................f............
4 ....t........................
5 ....t........................
6 ...................f........t
7 ....r.......................t
8 .............................
9 .............................
0 .............................
1 .............................
2 .............................
3 .............................
4 ....f........................
5 ..................r......h...

Turn = 30.
  01234567890123456789012345678
0 ..............r.r............
1 .............................
2 .............................
3 ................f............
4 ....t.......................r
5 ....t........................
6 ...................f........t
7 ............................t
8 .............................
9 .............................
0 .............................
1 .............................
2 r............................
3 .............................
4 ....f........................
5 .......................r....r

Turn = 40.
  01234567890123456789012345678
0 ........................r.r.r
1 .............................
2 .............................
3 ................f............
4 ....t........................
5 ....t........................
6 ...................fr........
7 ............................t
8 ............................t
9 .............................
0 .............................
1 .............................
2 .............................
3 .............................
4 ....f........................
5 ......r......r...............

Turn = 50.
  01234567890123456789012345678
0 ....................r........
1 .............................
2 .............................
3 ................f............
4 ....t........................
5 ....t.......................r
6 ..........rr.................
7 ............................t
8 ...........................rt
9 ..........r..................
0 .............................
1 .............................
2 .............................
3 .............................
4 ....f........................
5 ..............r..............

Turn = 60.
  01234567890123456789012345678
0 ..........rr................r
1 .............................
2 .............................
3 ................f............
4 ....t........................
5 ....t........................
6 r...t........................
7 .............................
8 ...................r.........
9 .............................
0 .............................
1 .............................
2 .............................
3 .............................
4 ....f........................
5 ........................rr..r

Turn = 70.
  01234567890123456789012345678
0 ..r................rr........
1 r............................
2 .............................
3 ................f............
4 ....t........................
5 ....t........................
6 ....t....................r...
7 .............................
8 .........r...................
9 .............................
0 .............................
1 .............................
2 .............................
3 .............................
4 ....f........................
5 ................r..r.........

Turn = 80.
  01234567890123456789012345678
0 ............................r
1 .............................
2 .............................
3 r...............f............
4 ....t........................
5 ....t........................
6 ....t........................
7 .............................
8 r............................
9 .............................
0 ...................rr........
1 r............................
2 .............................
3 .............................
4 ....f........................
5 ......r..r...................

*** Darwin 25x25 ***
Turn = 0.
  0123456789012345678901234
0 ....h....................
1 .......f.................
2 .........................
3 .........................
4 .........................
5 .........................
6 .........................
7 .........................
8 .........................
9 ..........r........h.....
0 ....f....................
1 .........................
2 ................h........
3 ............t............
4 .........................
5 .....f...................
6 ........t................
7 ....................r....
8 .........................
9 .........f...............
0 .........................
1 .........................
2 .............t...........
3 ..t....................f.
4 .........................

Turn = 3.
  0123456789012345678901234
0 .h.......................
1 .......f.................
2 .........................
3 .........................
4 .........................
5 .........................
6 ...................h.....
7 .........................
8 .........................
9 .............r..h........
0 ....f....................
1 .........................
2 .........................
3 ............t............
4 .........................
5 .....f...................
6 ........t................
7 .........................
8 .........................
9 .........f...............
0 ....................r....
1 .........................
2 .............t...........
3 ..t....................f.
4 .........................

Turn = 6.
  0123456789012345678901234
0 h........................
1 .......f.................
2 .........................
3 ...................h.....
4 .........................
5 .........................
6 ................h........
7 .........................
8 .........................
9 ................r........
0 ....f....................
1 .........................
2 .........................
3 ............t............
4 .........................
5 .....f...................
6 ........t................
7 .........................
8 .........................
9 .........f...............
0 .........................
1 .........................
2 .............t...........
3 ..t.................r..f.
4 .........................

Turn = 9.
  0123456789012345678901234
0 h..................h.....
1 .......f.................
2 .........................
3 ................h........
4 .........................
5 .........................
6 .........................
7 .........................
8 .........................
9 ...................r.....
0 ....f....................
1 .........................
2 .........................
3 ............t............
4 .........................
5 .....f...................
6 ........t................
7 .........................
8 .........................
9 .........f...............
0 .........................
1 .........................
2 .............t...........
3 ..t....................f.
4 ...................r.....

Turn = 12.
  0123456789012345678901234
0 h...............h..h.....
1 .......f.................
2 .........................
3 .........................
4 .........................
5 .........................
6 .........................
7 .........................
8 .........................
9 ......................r..
0 ....f....................
1 .........................
2 .........................
3 ............t............
4 .........................
5 .....f...................
6 ........t................
7 .........................
8 .........................
9 .........f...............
0 .........................
1 .........................
2 .............t...........
3 ..t....................f.
4 ................r........

Turn = 15.
  0123456789012345678901234
0 h...............h..h.....
1 .......f.................
2 .........................
3 .........................
4 .........................
5 .........................
6 .........................
7 .........................
8 .........................
9 ........................r
0 ....f....................
1 .........................
2 .........................
3 ............t............
4 .........................
5 .....f...................
6 ........t................
7 .........................
8 .........................
9 .........f...............
0 .........................
1 .........................
2 .............t...........
3 ..t....................f.
4 .............r...........

Turn = 18.
  0123456789012345678901234
0 h...............h..h.....
1 .......f.................
2 .........................
3 .........................
4 .........................
5 .........................
6 ........................r
7 .........................
8 .........................
9 .........................
0 ....f....................
1 .........................
2 .........................
3 ............t............
4 .........................
5 .....f...................
6 ........t................
7 .........................
8 .........................
9 .........f...............
0 .........................
1 .........................
2 .............t...........
3 ..t....................f.
4 ..........r..............

Turn = 21.
  0123456789012345678901234
0 h...............h..h.....
1 .......f.................
2 .........................
3 ........................r
4 .........................
5 .........................
6 .........................
7 .........................
8 .........................
9 .........................
0 ....f....................
1 .........................
2 .........................
3 ............t............
4 .........................
5 .....f...................
6 ........t................
7 .........................
8 .........................
9 .........f...............
0 .........................
1 .........................
2 .............t...........
3 ..t....................f.
4 .......r.................

Turn = 24.
  0123456789012345678901234
0 h...............h..h....r
1 .......f.................
2 .........................
3 .........................
4 .........................
5 .........................
6 .........................
7 .........................
8 .........................
9 .........................
0 ....f....................
1 .........................
2 .........................
3 ............t............
4 .........................
5 .....f...................
6 ........t................
7 .........................
8 .........................
9 .........f...............
0 .........................
1 .........................
2 .............t...........
3 ..t....................f.
4 ....r....................

Turn = 27.
  0123456789012345678901234
0 h...............h..h.....
1 .......f................r
2 .........................
3 .........................
4 .........................
5 .........................
6 .........................
7 .........................
8 .........................
9 .........................
0 ....f....................
1 .........................
2 .........................
3 ............t............
4 .........................
5 .....f...................
6 ........t................
7 .........................
8 .........................
9 .........f...............
0 .........................
1 .........................
2 .............t...........
3 ..t....................f.
4 ..t......................

Turn = 30.
  0123456789012345678901234
0 h...............h..h.....
1 .......f.................
2 .........................
3 .........................
4 ........................r
5 .........................
6 .........................
7 .........................
8 .........................
9 .........................
0 ....f....................
1 .........................
2 .........................
3 ............t............
4 .........................
5 .....f...................
6 ........t................
7 .........................
8 .........................
9 .........f...............
0 .........................
1 .........................
2 .............t...........
3 ..t....................f.
4 ..t......................

*** Darwin 11x23 ***
Turn = 0.
  01234567890123456789012
0 .....t.........f...r...
1 .....f.................
2 ............f..........
3 f.......f..............
4 .......................
5 ....................t..
6 .......................
7 .....................fr
8 ...............f.f.....
9 ...............t.......
0 ....f..r.......h.......

Turn = 3.
  01234567890123456789012
0 .....t.........fr......
1 .....t.................
2 ............f..........
3 f.......f..............
4 .......................
5 ....................t..
6 .......................
7 .....................f.
8 ...............t.f.....
9 ...............t......r
0 ....rr......h..........

Turn = 6.
  01234567890123456789012
0 .....t.......rr........
1 .....t.................
2 ............f..........
3 f.......f..............
4 .......................
5 ....................t..
6 .......................
7 .....................f.
8 ...............t.f.....
9 ...............t.......
0 .rr......h............r

Turn = 9.
  01234567890123456789012
0 .....t....rr...........
1 .....t.................
2 ............f..........
3 f.......f..............
4 .......................
5 ....................t..
6 .......................
7 .....................f.
8 ...............t.f.....
9 rr.............t.......
0 ......h.............r..

Turn = 12.
  01234567890123456789012
0 .....t.rr..............
1 .....t.................
2 ............f..........
3 f.......f..............
4 .......................
5 ....................t..
6 rr.....................
7 .....................f.
8 ...............t.f.....
9 ...............t.......
0 ...h.............r.....

Turn = 15.
  01234567890123456789012
0 .....tt................
1 .....t.r...............
2 ............f..........
3 rr......f..............
4 r......................
5 ....................t..
6 .......................
7 .....................f.
8 ...............t.f.....
9 ...............t.......
0 h.............r........

Turn = 18.
  01234567890123456789012
0 rr...tt................
1 r....t.................
2 ............f..........
3 ........f..............
4 .......r...............
5 ....................t..
6 .......................
7 .....................f.
8 ...............t.f.....
9 ...............t.......
0 h..........r...........

Turn = 21.
  01234567890123456789012
0 ...r.tt................
1 r.r..t.................
2 ............f..........
3 ........f..............
4 .......................
5 ....................t..
6 .......................
7 .......r.............f.
8 ...............t.f.....
9 ...............t.......
0 h.......r..............

Turn = 24.
  01234567890123456789012
0 ....ttt................
1 ....rr.................
2 ............f..........
3 ........f..............
4 r......................
5 ....................t..
6 .......................
7 .....................f.
8 ...............t.f.....
9 ...............t.......
0 h....r.r...............

Turn = 27.
  01234567890123456789012
0 ....trr................
1 ....rr.................
2 ............f..........
3 ........f..............
4 .......................
5 ....................t..
6 .......................
7 r....................f.
8 ...............t.f.....
9 ...............t.......
0 h.r..r.................

Turn = 30.
  01234567890123456789012
0 ....ttt................
1 ..r....................
2 ............f..........
3 ........f..............
4 ....r..................
5 ....................t..
6 .......................
7 .....................f.
8 ...............t.f.....
9 r..............t.......
0 rrr....................

Turn = 33.
  01234567890123456789012
0 ....ttt................
1 r......................
2 ............f..........
3 ........f..............
4 .......................
5 ....................t..
6 .......................
7 ....r................f.
8 ...............t.f.....
9 rr.r...........t.......
0 .r.....................

Turn = 36.
  01234567890123456789012
0 ....ttt................
1 .......................
2 ............f..........
3 ........f..............
4 r......................
5 ....................t..
6 rr.....................
7 .....................f.
8 ...r...........t.f.....
9 r.....r........t.......
0 .......................

Turn = 39.
  01234567890123456789012
0 ....ttt................
1 .......................
2 ............f..........
3 .r......f..............
4 .......................
5 r...................t..
6 r.r....................
7 .....................f.
8 r..............t.f.....
9 .........r.....t.......
0 .......................

Turn = 42.
  01234567890123456789012
0 .r..ttt................
1 .......................
2 ............f..........
3 ........f..............
4 .......................
5 r.r.................t..
6 r....r.................
7 .....................f.
8 ...............t.f.....
9 ............r..t.......
0 .......................

Turn = 45.
  01234567890123456789012
0 ...rttt................
1 .......................
2 r...........f..........
3 r.......f..............
4 .......................
5 .....r..............t..
6 ........r..............
7 .....................f.
8 ...............t.f.....
9 ..............r.r......
0 .......................

Turn = 48.
  01234567890123456789012
0 r...ttt................
1 r..r...................
2 ............f..........
3 ........f..............
4 .......................
5 ........r...........t..
6 ...........r...........
7 .....................f.
8 ...............t.f.....
9 .................r.r...
0 .......................

Turn = 51.
  01234567890123456789012
0 ...tttt................
1 ...r...................
2 ............f..........
3 ........f..............
4 ...r...................
5 ...........r........t..
6 ..............r........
7 .....................f.
8 ...............t.f.....
9 ....................r.r
0 .......................

Turn = 54.
  01234567890123456789012
0 ...tttt................
1 ....t..................
2 ............f..........
3 ........f..............
4 .......................
5 ..............r.....t..
6 .................r.....
7 ...r.................f.
8 ...............t.f.....
9 .......................
0 .....................rr

Turn = 57.
  01234567890123456789012
0 ...tttt................
1 ....t..................
2 ............f..........
3 ........f..............
4 .......................
5 .................r..t..
6 ....................r..
7 .....................f.
8 ...............t.f....r
9 .......................
0 ...r...............r...

*** Darwin 12x17 ***
Turn = 0.
  01234567890123456
0 .........f.......
1 .................
2 .................
3 ......h..........
4 ..t..........f...
5 ...h.......ft....
6 .................
7 ..........f.r....
8 .....t.......h...
9 .................
0 .................
1 .t.........f...t.

Turn = 1.
  01234567890123456
0 .........f.......
1 .................
2 .................
3 .......h.........
4 ..t..........f...
5 ....h......tt....
6 .................
7 ..........f..r...
8 .....t......h....
9 .................
0 .................
1 .t.........f...t.

Turn = 2.
  01234567890123456
0 .........f.......
1 .................
2 .................
3 ........h........
4 ..t..........f...
5 .....h.....tt....
6 .................
7 ..........f...r..
8 .....t.....h.....
9 .................
0 .................
1 .t.........f...t.

Turn = 3.
  01234567890123456
0 .........f.......
1 .................
2 .................
3 .........h.......
4 ..t..........f...
5 ......h....tt....
6 .................
7 ..........f....r.
8 .....t....h......
9 .................
0 .................
1 .t.........f...t.

Turn = 4.
  01234567890123456
0 .........f.......
1 .................
2 .................
3 ..........h......
4 ..t..........f...
5 .......h...tt....
6 .................
7 ..........f.....r
8 .....t...h.......
9 .................
0 .................
1 .t.........f...t.

Turn = 5.
  01234567890123456
0 .........f.......
1 .................
2 .................
3 ...........h.....
4 ..t..........f...
5 ........h..tt....
6 .................
7 ..........f.....r
8 .....t..h........
9 .................
0 .................
1 .t.........f...t.

Turn = 6.
  01234567890123456
0 .........f.......
1 .................
2 .................
3 ............h....
4 ..t..........f...
5 .........h.tt....
6 .................
7 ..........f......
8 .....t.h........r
9 .................
0 .................
1 .t.........f...t.

Turn = 7.
  01234567890123456
0 .........f.......
1 .................
2 .................
3 .............h...
4 ..t..........f...
5 ..........htt....
6 .................
7 ..........f......
8 .....th..........
9 ................r
0 .................
1 .t.........f...t.

Turn = 8.
  01234567890123456
0 .........f.......
1 .................
2 .................
3 ..............h..
4 ..t..........f...
5 ..........ttt....
6 .................
7 ..........f......
8 .....th..........
9 .................
0 ................r
1 .t.........f...t.

Turn = 9.
  01234567890123456
0 .........f.......
1 .................
2 .................
3 ...............h.
4 ..t..........f...
5 ..........ttt....
6 .................
7 ..........f......
8 .....th..........
9 .................
0 .................
1 .t.........f...tr

Turn = 10.
  01234567890123456
0 .........f.......
1 .................
2 .................
3 ................h
4 ..t..........f...
5 ..........ttt....
6 .................
7 ..........f......
8 .....th..........
9 .................
0 .................
1 .t.........f...tr

Turn = 11.
  01234567890123456
0 .........f.......
1 .................
2 .................
3 ................h
4 ..t..........f...
5 ..........ttt....
6 .................
7 ..........f......
8 .....tt..........
9 .................
0 .................
1 .t.........f...tt

Turn = 12.
  01234567890123456
0 .........f.......
1 .................
2 .................
3 ................h
4 ..t..........f...
5 ..........ttt....
6 .................
7 ..........f......
8 .....tt..........
9 .................
0 .................
1 .t.........f...tt

Turn = 13.
  01234567890123456
0 .........f.......
1 .................
2 .................
3 ................h
4 ..t..........f...
5 ..........ttt....
6 .................
7 ..........f......
8 .....tt..........
9 .................
0 .................
1 .t.........f...tt

Turn = 14.
  01234567890123456
0 .........f.......
1 .................
2 .................
3 ................h
4 ..t..........f...
5 ..........ttt....
6 .................
7 ..........f......
8 .....tt..........
9 .................
0 .................
1 .t.........f...tt

Turn = 15.
  01234567890123456
0 .........f.......
1 .................
2 .................
3 ................h
4 ..t..........f...
5 ..........ttt....
6 .................
7 ..........f......
8 .....tt..........
9 .................
0 .................
1 .t.........f...tt

Turn = 16.
  01234567890123456
0 .........f.......
1 .................
2 .................
3 ................h
4 ..t..........f...
5 ..........ttt....
6 .................
7 ..........f......
8 .....tt..........
9 .................
0 .................
1 .t.........f...tt

Turn = 17.
  01234567890123456
0 .........f.......
1 .................
2 .................
3 ................h
4 ..t..........f...
5 ..........ttt....
6 .................
7 ..........f......
8 .....tt..........
9 .................
0 .................
1 .t.........f...tt

Turn = 18.
  01234567890123456
0 .........f.......
1 .................
2 .................
3 ................h
4 ..t..........f...
5 ..........ttt....
6 .................
7 ..........f......
8 .....tt..........
9 .................
0 .................
1 .t.........f...tt

Turn = 19.
  01234567890123456
0 .........f.......
1 .................
2 .................
3 ................h
4 ..t..........f...
5 ..........ttt....
6 .................
7 ..........f......
8 .....tt..........
9 .................
0 .................
1 .t.........f...tt

Turn = 20.
  01234567890123456
0 .........f.......
1 .................
2 .................
3 ................h
4 ..t..........f...
5 ..........ttt....
6 .................
7 ..........f......
8 .....tt..........
9 .................
0 .................
1 .t.........f...tt

Turn = 21.
  01234567890123456
0 .........f.......
1 .................
2 .................
3 ................h
4 ..t..........f...
5 ..........ttt....
6 .................
7 ..........f......
8 .....tt..........
9 .................
0 .................
1 .t.........f...tt

Turn = 22.
  01234567890123456
0 .........f.......
1 .................
2 .................
3 ................h
4 ..t..........f...
5 ..........ttt....
6 .................
7 ..........f......
8 .....tt..........
9 .................
0 .................
1 .t.........f...tt

Turn = 23.
  01234567890123456
0 .........f.......
1 .................
2 .................
3 ................h
4 ..t..........f...
5 ..........ttt....
6 .................
7 ..........f......
8 .....tt..........
9 .................
0 .................
1 .t.........f...tt

Turn = 24.
  01234567890123456
0 .........f.......
1 .................
2 .................
3 ................h
4 ..t..........f...
5 ..........ttt....
6 .................
7 ..........f......
8 .....tt..........
9 .................
0 .................
1 .t.........f...tt

Turn = 25.
  01234567890123456
0 .........f.......
1 .................
2 .................
3 ................h
4 ..t..........f...
5 ..........ttt....
6 .................
7 ..........f......
8 .....tt..........
9 .................
0 .................
1 .t.........f...tt

Turn = 26.
  01234567890123456
0 .........f.......
1 .................
2 .................
3 ................h
4 ..t..........f...
5 ..........ttt....
6 .................
7 ..........f......
8 .....tt..........
9 .................
0 .................
1 .t.........f...tt

Turn = 27.
  01234567890123456
0 .........f.......
1 .................
2 .................
3 ................h
4 ..t..........f...
5 ..........ttt....
6 .................
7 ..........f......
8 .....tt..........
9 .................
0 .................
1 .t.........f...tt

Turn = 28.
  01234567890123456
0 .........f.......
1 .................
2 .................
3 ................h
4 ..t..........f...
5 ..........ttt....
6 .................
7 ..........f......
8 .....tt..........
9 .................
0 .................
1 .t.........f...tt

Turn = 29.
  01234567890123456
0 .........f.......
1 .................
2 .................
3 ................h
4 ..t..........f...
5 ..........ttt....
6 .................
7 ..........f......
8 .....tt..........
9 .................
0 .................
1 .t.........f...tt

Turn = 30.
  01234567890123456
0 .........f.......
1 .................
2 .................
3 ................h
4 ..t..........f...
5 ..........ttt....
6 .................
7 ..........f......
8 .....tt..........
9 .................
0 .................
1 .t.........f...tt

Turn = 31.
  01234567890123456
0 .........f.......
1 .................
2 .................
3 ................h
4 ..t..........f...
5 ..........ttt....
6 .................
7 ..........f......
8 .....tt..........
9 .................
0 .................
1 .t.........f...tt

Turn = 32.
  01234567890123456
0 .........f.......
1 .................
2 .................
3 ................h
4 ..t..........f...
5 ..........ttt....
6 .................
7 ..........f......
8 .....tt..........
9 .................
0 .................
1 .t.........f...tt

Turn = 33.
  01234567890123456
0 .........f.......
1 .................
2 .................
3 ................h
4 ..t..........f...
5 ..........ttt....
6 .................
7 ..........f......
8 .....tt..........
9 .................
0 .................
1 .t.........f...tt

Turn = 34.
  01234567890123456
0 .........f.......
1 .................
2 .................
3 ................h
4 ..t..........f...
5 ..........ttt....
6 .................
7 ..........f......
8 .....tt..........
9 .................
0 .................
1 .t.........f...tt

Turn = 35.
  01234567890123456
0 .........f.......
1 .................
2 .................
3 ................h
4 ..t..........f...
5 ..........ttt....
6 .................
7 ..........f......
8 .....tt..........
9 .................
0 .................
1 .t.........f...tt

Turn = 36.
  01234567890123456
0 .........f.......
1 .................
2 .................
3 ................h
4 ..t..........f...
5 ..........ttt....
6 .................
7 ..........f......
8 .....tt..........
9 .................
0 .................
1 .t.........f...tt

Turn = 37.
  01234567890123456
0 .........f.......
1 .................
2 .................
3 ................h
4 ..t..........f...
5 ..........ttt....
6 .................
7 ..........f......
8 .....tt..........
9 .................
0 .................
1 .t.........f...tt

Turn = 38.
  01234567890123456
0 .........f.......
1 .................
2 .................
3 ................h
4 ..t..........f...
5 ..........ttt....
6 .................
7 ..........f......
8 .....tt..........
9 .................
0 .................
1 .t.........f...tt

Turn = 39.
  01234567890123456
0 .........f.......
1 .................
2 .................
3 ................h
4 ..t..........f...
5 ..........ttt....
6 .................
7 ..........f......
8 .....tt..........
9 .................
0 .................
1 .t.........f...tt

Turn = 40.
  01234567890123456
0 .........f.......
1 .................
2 .................
3 ................h
4 ..t..........f...
5 ..........ttt....
6 .................
7 ..........f......
8 .....tt..........
9 .................
0 .................
1 .t.........f...tt

Turn = 41.
  01234567890123456
0 .........f.......
1 .................
2 .................
3 ................h
4 ..t..........f...
5 ..........ttt....
6 .................
7 ..........f......
8 .....tt..........
9 .................
0 .................
1 .t.........f...tt

Turn = 42.
  01234567890123456
0 .........f.......
1 .................
2 .................
3 ................h
4 ..t..........f...
5 ..........ttt....
6 .................
7 ..........f......
8 .....tt..........
9 .................
0 .................
1 .t.........f...tt

Turn = 43.
  01234567890123456
0 .........f.......
1 .................
2 .................
3 ................h
4 ..t..........f...
5 ..........ttt....
6 .................
7 ..........f......
8 .....tt..........
9 .................
0 .................
1 .t.........f...tt

Turn = 44.
  01234567890123456
0 .........f.......
1 .................
2 .................
3 ................h
4 ..t..........f...
5 ..........ttt....
6 .................
7 ..........f......
8 .....tt..........
9 .................
0 .................
1 .t.........f...tt

Turn = 45.
  01234567890123456
0 .........f.......
1 .................
2 .................
3 ................h
4 ..t..........f...
5 ..........ttt....
6 .................
7 ..........f......
8 .....tt..........
9 .................
0 .................
1 .t.........f...tt

Turn = 46.
  01234567890123456
0 .........f.......
1 .................
2 .................
3 ................h
4 ..t..........f...
5 ..........ttt....
6 .................
7 ..........f......
8 .....tt..........
9 .................
0 .................
1 .t.........f...tt

Turn = 47.
  01234567890123456
0 .........f.......
1 .................
2 .................
3 ................h
4 ..t..........f...
5 ..........ttt....
6 .................
7 ..........f......
8 .....tt..........
9 .................
0 .................
1 .t.........f...tt

Turn = 48.
  01234567890123456
0 .........f.......
1 .................
2 .................
3 ................h
4 ..t..........f...
5 ..........ttt....
6 .................
7 ..........f......
8 .....tt..........
9 .................
0 .................
1 .t.........f...tt

Turn = 49.
  01234567890123456
0 .........f.......
1 .................
2 .................
3 ................h
4 ..t..........f...
5 ..........ttt....
6 .................
7 ..........f......
8 .....tt..........
9 .................
0 .................
1 .t.........f...tt

Turn = 50.
  01234567890123456
0 .........f.......
1 .................
2 .................
3 ................h
4 ..t..........f...
5 ..........ttt....
6 .................
7 ..........f......
8 .....tt..........
9 .................
0 .................
1 .t.........f...tt

Turn = 51.
  01234567890123456
0 .........f.......
1 .................
2 .................
3 ................h
4 ..t..........f...
5 ..........ttt....
6 .................
7 ..........f......
8 .....tt..........
9 .................
0 .................
1 .t.........f...tt

Turn = 52.
  01234567890123456
0 .........f.......
1 .................
2 .................
3 ................h
4 ..t..........f...
5 ..........ttt....
6 .................
7 ..........f......
8 .....tt..........
9 .................
0 .................
1 .t.........f...tt

Turn = 53.
  01234567890123456
0 .........f.......
1 .................
2 .................
3 ................h
4 ..t..........f...
5 ..........ttt....
6 .................
7 ..........f......
8 .....tt..........
9 .................
0 .................
1 .t.........f...tt

Turn = 54.
  01234567890123456
0 .........f.......
1 .................
2 .................
3 ................h
4 ..t..........f...
5 ..........ttt....
6 .................
7 ..........f......
8 .....tt..........
9 .................
0 .................
1 .t.........f...tt

Turn = 55.
  01234567890123456
0 .........f.......
1 .................
2 .................
3 ................h
4 ..t..........f...
5 ..........ttt....
6 .................
7 ..........f......
8 .....tt..........
9 .................
0 .................
1 .t.........f...tt

Turn = 56.
  01234567890123456
0 .........f.......
1 .................
2 .................
3 ................h
4 ..t..........f...
5 ..........ttt....
6 .................
7 ..........f......
8 .....tt..........
9 .................
0 .................
1 .t.........f...tt

Turn = 57.
  01234567890123456
0 .........f.......
1 .................
2 .................
3 ................h
4 ..t..........f...
5 ..........ttt....
6 .................
7 ..........f......
8 .....tt..........
9 .................
0 .................
1 .t.........f...tt

Turn = 58.
  01234567890123456
0 .........f.......
1 .................
2 .................
3 ................h
4 ..t..........f...
5 ..........ttt....
6 .................
7 ..........f......
8 .....tt..........
9 .................
0 .................
1 .t.........f...tt

Turn = 59.
  01234567890123456
0 .........f.......
1 .................
2 .................
3 ................h
4 ..t..........f...
5 ..........ttt....
6 .................
7 ..........f......
8 .....tt..........
9 .................
0 .................
1 .t.........f...tt

Turn = 60.
  01234567890123456
0 .........f.......
1 .................
2 .................
3 ................h
4 ..t..........f...
5 ..........ttt....
6 .................
7 ..........f......
8 .....tt..........
9 .................
0 .................
1 .t.........f...tt

Turn = 61.
  01234567890123456
0 .........f.......
1 .................
2 .................
3 ................h
4 ..t..........f...
5 ..........ttt....
6 .................
7 ..........f......
8 .....tt..........
9 .................
0 .................
1 .t.........f...tt

Turn = 62.
  01234567890123456
0 .........f.......
1 .................
2 .................
3 ................h
4 ..t..........f...
5 ..........ttt....
6 .................
7 ..........f......
8 .....tt..........
9 .................
0 .................
1 .t.........f...tt

Turn = 63.
  01234567890123456
0 .........f.......
1 .................
2 .................
3 ................h
4 ..t..........f...
5 ..........ttt....
6 .................
7 ..........f......
8 .....tt..........
9 .................
0 .................
1 .t.........f...tt

Turn = 64.
  01234567890123456
0 .........f.......
1 .................
2 .................
3 ................h
4 ..t..........f...
5 ..........ttt....
6 .................
7 ..........f......
8 .....tt..........
9 .................
0 .................
1 .t.........f...tt

Turn = 65.
  01234567890123456
0 .........f.......
1 .................
2 .................
3 ................h
4 ..t..........f...
5 ..........ttt....
6 .................
7 ..........f......
8 .....tt..........
9 .................
0 .................
1 .t.........f...tt

Turn = 66.
  01234567890123456
0 .........f.......
1 .................
2 .................
3 ................h
4 ..t..........f...
5 ..........ttt....
6 .................
7 ..........f......
8 .....tt..........
9 .................
0 .................
1 .t.........f...tt

Turn = 67.
  01234567890123456
0 .........f.......
1 .................
2 .................
3 ................h
4 ..t..........f...
5 ..........ttt....
6 .................
7 ..........f......
8 .....tt..........
9 .................
0 .................
1 .t.........f...tt

Turn = 68.
  01234567890123456
0 .........f.......
1 .................
2 .................
3 ................h
4 ..t..........f...
5 ..........ttt....
6 .................
7 ..........f......
8 .....tt..........
9 .................
0 .................
1 .t.........f...tt

Turn = 69.
  01234567890123456
0 .........f.......
1 .................
2 .................
3 ................h
4 ..t..........f...
5 ..........ttt....
6 .................
7 ..........f......
8 .....tt..........
9 .................
0 .................
1 .t.........f...tt

Turn = 70.
  01234567890123456
0 .........f.......
1 .................
2 .................
3 ................h
4 ..t..........f...
5 ..........ttt....
6 .................
7 ..........f......
8 .....tt..........
9 .................
0 .................
1 .t.........f...tt

Turn = 71.
  01234567890123456
0 .........f.......
1 .................
2 .................
3 ................h
4 ..t..........f...
5 ..........ttt....
6 .................
7 ..........f......
8 .....tt..........
9 .................
0 .................
1 .t.........f...tt

Turn = 72.
  01234567890123456
0 .........f.......
1 .................
2 .................
3 ................h
4 ..t..........f...
5 ..........ttt....
6 .................
7 ..........f......
8 .....tt..........
9 .................
0 .................
1 .t.........f...tt

Turn = 73.
  01234567890123456
0 .........f.......
1 .................
2 .................
3 ................h
4 ..t..........f...
5 ..........ttt....
6 .................
7 ..........f......
8 .....tt..........
9 .................
0 .................
1 .t.........f...tt

Turn = 74.
  01234567890123456
0 .........f.......
1 .................
2 .................
3 ................h
4 ..t..........f...
5 ..........ttt....
6 .................
7 ..........f......
8 .....tt..........
9 .................
0 .................
1 .t.........f...tt

Turn = 75.
  01234567890123456
0 .........f.......
1 .................
2 .................
3 ................h
4 ..t..........f...
5 ..........ttt....
6 .................
7 ..........f......
8 .....tt..........
9 .................
0 .................
1 .t.........f...tt

Turn = 76.
  01234567890123456
0 .........f.......
1 .................
2 .................
3 ................h
4 ..t..........f...
5 ..........ttt....
6 .................
7 ..........f......
8 .....tt..........
9 .................
0 .................
1 .t.........f...tt

Turn = 77.
  01234567890123456
0 .........f.......
1 .................
2 .................
3 ................h
4 ..t..........f...
5 ..........ttt....
6 .................
7 ..........f......
8 .....tt..........
9 .................
0 .................
1 .t.........f...tt

Turn = 78.
  01234567890123456
0 .........f.......
1 .................
2 .................
3 ................h
4 ..t..........f...
5 ..........ttt....
6 .................
7 ..........f......
8 .....tt..........
9 .................
0 .................
1 .t.........f...tt

Turn = 79.
  01234567890123456
0 .........f.......
1 .................
2 .................
3 ................h
4 ..t..........f...
5 ..........ttt....
6 .................
7 ..........f......
8 .....tt..........
9 .................
0 .................
1 .t.........f...tt

Turn = 80.
  01234567890123456
0 .........f.......
1 .................
2 .................
3 ................h
4 ..t..........f...
5 ..........ttt....
6 .................
7 ..........f......
8 .....tt..........
9 .................
0 .................
1 .t.........f...tt

Turn = 81.
  01234567890123456
0 .........f.......
1 .................
2 .................
3 ................h
4 ..t..........f...
5 ..........ttt....
6 .................
7 ..........f......
8 .....tt..........
9 .................
0 .................
1 .t.........f...tt

Turn = 82.
  01234567890123456
0 .........f.......
1 .................
2 .................
3 ................h
4 ..t..........f...
5 ..........ttt....
6 .................
7 ..........f......
8 .....tt..........
9 .................
0 .................
1 .t.........f...tt

Turn = 83.
  01234567890123456
0 .........f.......
1 .................
2 .................
3 ................h
4 ..t..........f...
5 ..........ttt....
6 .................
7 ..........f......
8 .....tt..........
9 .................
0 .................
1 .t.........f...tt

*** Darwin 7x25 ***
Turn = 0.
  0123456789012345678901234
0 ...t.......t.............
1 ...h........t........t...
2 .....................t...
3 .........................
4 h........................
5 .....t.f...........t.....
6 ........t.t..............

Turn = 1.
  0123456789012345678901234
0 ...t.......t.............
1 ...h........t........t...
2 .....................t...
3 .........................
4 h........................
5 .....t.f...........t.....
6 ........t.t..............

Turn = 2.
  0123456789012345678901234
0 ...t.......t.............
1 ...t........t........t...
2 .....................t...
3 .........................
4 h........................
5 .....t.f...........t.....
6 ........t.t..............

Turn = 3.
  0123456789012345678901234
0 ...t.......t.............
1 ...t........t........t...
2 .....................t...
3 .........................
4 h........................
5 .....t.f...........t.....
6 ........t.t..............

Turn = 4.
  0123456789012345678901234
0 ...t.......t.............
1 ...t........t........t...
2 .....................t...
3 .........................
4 h........................
5 .....t.f...........t.....
6 ........t.t..............

Turn = 5.
  0123456789012345678901234
0 ...t.......t.............
1 ...t........t........t...
2 .....................t...
3 .........................
4 h........................
5 .....t.f...........t.....
6 ........t.t..............

Turn = 6.
  0123456789012345678901234
0 ...t.......t.............
1 ...t........t........t...
2 .....................t...
3 .........................
4 h........................
5 .....t.f...........t.....
6 ........t.t..............

Turn = 7.
  0123456789012345678901234
0 ...t.......t.............
1 ...t........t........t...
2 .....................t...
3 .........................
4 h........................
5 .....t.f...........t.....
6 ........t.t..............

Turn = 8.
  0123456789012345678901234
0 ...t.......t.............
1 ...t........t........t...
2 .....................t...
3 .........................
4 h........................
5 .....t.f...........t.....
6 ........t.t..............

Turn = 9.
  0123456789012345678901234
0 ...t.......t.............
1 ...t........t........t...
2 .....................t...
3 .........................
4 h........................
5 .....t.f...........t.....
6 ........t.t..............

Turn = 10.
  0123456789012345678901234
0 ...t.......t.............
1 ...t........t........t...
2 .....................t...
3 .........................
4 h........................
5 .....t.f...........t.....
6 ........t.t..............

Turn = 11.
  0123456789012345678901234
0 ...t.......t.............
1 ...t........t........t...
2 .....................t...
3 .........................
4 h........................
5 .....t.f...........t.....
6 ........t.t..............

Turn = 12.
  0123456789012345678901234
0 ...t.......t.............
1 ...t........t........t...
2 .....................t...
3 .........................
4 h........................
5 .....t.f...........t.....
6 ........t.t..............

Turn = 13.
  0123456789012345678901234
0 ...t.......t.............
1 ...t........t........t...
2 .....................t...
3 .........................
4 h........................
5 .....t.f...........t.....
6 ........t.t..............

Turn = 14.
  0123456789012345678901234
0 ...t.......t.............
1 ...t........t........t...
2 .....................t...
3 .........................
4 h........................
5 .....t.f...........t.....
6 ........t.t..............

Turn = 15.
  0123456789012345678901234
0 ...t.......t.............
1 ...t........t........t...
2 .....................t...
3 .........................
4 h........................
5 .....t.f...........t.....
6 ........t.t..............

*** Darwin 17x27 ***
Turn = 0.
  012345678901234567890123456
0 ..h...................f....
1 ...........................
2 ........................r..
3 ......r....................
4 ...........................
5 ..........r.h..............
6 ...........................
7 .............t.h..........t
8 ...........................
9 ....r.......t..............
0 ...........................
1 ...........................
2 ...........................
3 ...........................
4 ............t.......h......
5 ................h..........
6 ......................r....

Turn = 5.
  012345678901234567890123456
0 ..h..r................f...r
1 ...........................
2 ...............h...........
3 ...........................
4 ...........................
5 ...........................
6 ...........................
7 .............t............t
8 ............t..............
9 ............t..............
0 ..........r................
1 ......................r....
2 ...........................
3 ...........................
4 ....r.......t..............
5 ...........h...............
6 ....................h......

Turn = 10.
  012345678901234567890123456
0 ..rr...........h......f....
1 ...........................
2 ...........................
3 ...........................
4 ..........................r
5 ...........................
6 ......................r....
7 .............t............t
8 ............t..............
9 ............t..............
0 ...........................
1 ...........................
2 ...........................
3 ...........................
4 ............t..............
5 ......h...r................
6 ..r.................h......

Turn = 15.
  012345678901234567890123456
0 ....r.r........h......f....
1 ......................r....
2 ...........................
3 ...........................
4 ...........................
5 ...........................
6 ...........................
7 .............t.............
8 ............t.............r
9 ............t..............
0 ..........................r
1 ...........................
2 ...........................
3 ...........................
4 r...........t..............
5 .h.........................
6 .............r......h......

Turn = 20.
  012345678901234567890123456
0 .........r.r...h...r.......
1 ...................r.......
2 ...........................
3 ...........................
4 ...........................
5 ...........................
6 ...........................
7 .............t.............
8 ............t..............
9 r...........t..............
0 ...........................
1 ...........................
2 ...........................
3 ..........................r
4 ............t..............
5 h.........................r
6 ..................r.h......

Turn = 25.
  012345678901234567890123456
0 .............rrrr..........
1 ..............r............
2 ...........................
3 ...........................
4 r..........................
5 ...........................
6 ...........................
7 .............t.............
8 ............t..............
9 ............t..............
0 ...........................
1 ...........................
2 ...........................
3 ...........................
4 ............t.............r
5 h..........................
6 ....................r..r.r.

*** Darwin 19x21 ***
Turn = 0.
  012345678901234567890
0 ..f..................
1 .....................
2 .....................
3 .....................
4 ......fr.....f.......
5 .....................
6 .....................
7 .....................
8 .....................
9 ..........h..........
0 ..f..................
1 ......f..............
2 .....................
3 .....................
4 ............f.....ff.
5 .................r...
6 ....h................
7 .....................
8 .tr..................

Turn = 4.
  012345678901234567890
0 ..f..................
1 .....................
2 .....................
3 .....................
4 ......f......f.......
5 .....................
6 .....................
7 .....................
8 .......r.............
9 ......h..............
0 ..f..................
1 ......f..........r...
2 .....................
3 .....................
4 ............f.....ff.
5 .....................
6 h....................
7 .rr..................
8 .....................

Turn = 8.
  012345678901234567890
0 ..f..................
1 .....................
2 .....................
3 .....................
4 ......f......f.......
5 .....................
6 .....................
7 .................r...
8 .....................
9 ..h..................
0 ..f..................
1 ......f..............
2 .......r.............
3 .rr..................
4 ............f.....ff.
5 .....................
6 h....................
7 .....................
8 .....................

Turn = 12.
  012345678901234567890
0 ..f..................
1 .....................
2 .....................
3 .................r...
4 ......f......f.......
5 .....................
6 .....................
7 .....................
8 .....................
9 hr...................
0 ..r..................
1 ..r...f..............
2 .....................
3 .....................
4 ............f.....ff.
5 .....................
6 h......r.............
7 .....................
8 .....................

Turn = 16.
  012345678901234567890
0 ..f..............r...
1 .....................
2 .....................
3 .....................
4 ......f......f.......
5 .r...................
6 .....................
7 .....................
8 .....................
9 r....................
0 r....................
1 .....rr..............
2 .....................
3 .....................
4 ............f.....ff.
5 .....................
6 h....................
7 .....................
8 ........r............

Turn = 20.
  012345678901234567890
0 ..f..........r.......
1 .r...................
2 .....................
3 .....................
4 ......f......f.......
5 .....................
6 r....................
7 ......r..............
8 .....................
9 .....................
0 .....................
1 .....................
2 r....................
3 .....................
4 .....r......f.....ff.
5 .....................
6 h....................
7 .....................
8 ............r........

Turn = 24.
  012345678901234567890
0 .r.r.....r...........
1 .....................
2 r....................
3 .....................
4 ......rr.....f.......
5 .....................
6 .....................
7 .....................
8 .....................
9 .....................
0 .....................
1 .....................
2 .....................
3 .....................
4 ............f.....ff.
5 r....................
6 r....................
7 .....................
8 .....r..........r....

Turn = 28.
  012345678901234567890
0 ......rr.............
1 r.r...r..............
2 .....................
3 .....................
4 ...........r.f.......
5 .....................
6 .....................
7 .....................
8 .....................
9 .....................
0 .....................
1 .....................
2 .....................
3 .....................
4 ............f.....ff.
5 ...r.................
6 .....................
7 .....................
8 r.......r...........r

