*** Darwin 8x8 ***
Turn = 0.
  01234567
0 .......r
1 ..ff....
2 .h....r.
3 ........
4 ....h...
5 t.h.....
6 ........
7 t......f

Turn = 1.
  01234567
0 .......r
1 ..ff..r.
2 ..h.....
3 ........
4 .....h..
5 t..h....
6 ........
7 t......f

Turn = 2.
  01234567
0 ......rr
1 ..ff....
2 ...h....
3 ........
4 ......h.
5 t...h...
6 ........
7 t......f

Turn = 3.
  01234567
0 ......rr
1 ..ff....
2 ....h...
3 ........
4 .......h
5 t....h..
6 ........
7 t......f

Turn = 4.
  01234567
0 ......rr
1 ..ff....
2 .....h..
3 ........
4 .......h
5 t.....h.
6 ........
7 t......f

Turn = 5.
  01234567
0 ........
1 ..ff..rr
2 ......h.
3 ........
4 .......h
5 t......h
6 ........
7 t......f

*** Darwin 6x6 ***
Turn = 0.
  012345
0 f.....
1 .f....
2 ..f.f.
3 ..ff..
4 ....ff
5 ....ff

Turn = 1.
  012345
0 f.....
1 .f....
2 ..f.f.
3 ..ff..
4 ....ff
5 ....ff

Turn = 2.
  012345
0 f.....
1 .f....
2 ..f.f.
3 ..ff..
4 ....ff
5 ....ff

Turn = 3.
  012345
0 f.....
1 .f....
2 ..f.f.
3 ..ff..
4 ....ff
5 ....ff

Turn = 4.
  012345
0 f.....
1 .f....
2 ..f.f.
3 ..ff..
4 ....ff
5 ....ff

Turn = 5.
  012345
0 f.....
1 .f....
2 ..f.f.
3 ..ff..
4 ....ff
5 ....ff

*** Darwin 1x10 ***
Turn = 0.
  0123456789
0 f...ttf..f

Turn = 3.
  0123456789
0 f...ttt..f

Turn = 6.
  0123456789
0 f...ttt..f

Turn = 9.
  0123456789
0 f...ttt..f

*** Darwin 1x1 ***
Turn = 0.
  0
0 t

Turn = 10.
  0
0 t

*** Darwin 12x4 ***
Turn = 0.
  0123
0 .f..
1 ....
2 ....
3 ..t.
4 hhh.
5 .r.r
6 ...t
7 f...
8 ....
9 ...t
0 ....
1 rttf

Turn = 2.
  0123
0 .f..
1 ....
2 ....
3 ..tr
4 .r..
5 .r..
6 h.ht
7 f...
8 ....
9 r..t
0 ....
1 .ttt

Turn = 4.
  0123
0 .f..
1 ...r
2 ....
3 ..t.
4 r...
5 r...
6 h..t
7 r...
8 r.h.
9 ...t
0 ....
1 .ttt

Turn = 6.
  0123
0 .f.r
1 ....
2 r...
3 r.t.
4 ....
5 ....
6 r..t
7 r...
8 .r..
9 ..tt
0 ....
1 .ttt

*** Darwin 50x50 ***
Turn = 0.
  01234567890123456789012345678901234567890123456789
0 .f.......................................f........
1 ..................................................
2 ....h.............................................
3 ..t...............................................
4 hhh.....................h................h........
5 .r.r..............................................
6 ...t.............................t.........t......
7 f.............................f...................
8 ..................................................
9 ...t.......................................t......
0 ...f............t.............r.t.................
1 rttf......................t...r..f................
2 ..................................................
3 ..................................................
4 ..................................................
5 ..................................................
6 ..................................................
7 ..................................................
8 ..................................................
9 ..................................................
0 ..................................................
1 ..................................................
2 ..................................................
3 ..................................................
4 ..................................................
5 .r.........r...........r..........................
6 ..................................................
7 ..................................................
8 ..................................................
9 ..................................................
0 .f................................................
1 ..................................................
2 ................................t.................
3 ..................................................
4 h.t...............................................
5 ..................................................
6 ..................................................
7 ..................................................
8 ..................................................
9 ..................................................
0 ..................................................
1 ..................................................
2 ..................................................
3 ..................................................
4 .h........h.......................................
5 ..................................................
6 ..................................................
7 f.................................................
8 ..................................................
9 ...t..............................................

Turn = 10.
  01234567890123456789012345678901234567890123456789
0 rrr......................................f........
1 r.............................r...................
2 ..................................................
3 ..t...............................................
4 ..................................................
5 ...r..............................................
6 ..r..............................t.........t......
7 ....r................................r............
8 .....r............................................
9 ..ttt................................r.....t......
0 ...t............t...............t.................
1 .ttt......................t......f................
2 ..................................................
3 ..................................................
4 ........................h................h........
5 .r.........r...........r..........................
6 ..................................................
7 ..................................................
8 ..................................................
9 ..................................................
0 ..................................................
1 ..................................................
2 ..................................................
3 ..................................................
4 ..................................................
5 ..................................................
6 ..................................................
7 ..................................................
8 ..................................................
9 ..................................................
0 .f................................................
1 ..................................................
2 ................................t.................
3 ..................................................
4 ..t...............................................
5 ..................................................
6 ..................................................
7 ..................................................
8 ..................................................
9 ..................................................
0 ..................................................
1 ..................................................
2 ..................................................
3 ..................................................
4 h.................................................
5 ..................................................
6 ..................................................
7 f.................................................
8 ..................................................
9 .h.t......h.......................................

*** Darwin 20x20 ***
Turn = 0.
  01234567890123456789
0 ....................
1 .t..................
2 ..t.................
3 ....................
4 ....................
5 ....................
6 ....................
7 ....................
8 ........t...........
9 ....................
0 ..........t.........
1 ....................
2 ....................
3 ....................
4 ....................
5 ...............t....
6 ....................
7 ....................
8 ....................
9 ....................

Turn = 1.
  01234567890123456789
0 ....................
1 .t..................
2 ..t.................
3 ....................
4 ....................
5 ....................
6 ....................
7 ....................
8 ........t...........
9 ....................
0 ..........t.........
1 ....................
2 ....................
3 ....................
4 ....................
5 ...............t....
6 ....................
7 ....................
8 ....................
9 ....................

Turn = 2.
  01234567890123456789
0 ....................
1 .t..................
2 ..t.................
3 ....................
4 ....................
5 ....................
6 ....................
7 ....................
8 ........t...........
9 ....................
0 ..........t.........
1 ....................
2 ....................
3 ....................
4 ....................
5 ...............t....
6 ....................
7 ....................
8 ....................
9 ....................

Turn = 3.
  01234567890123456789
0 ....................
1 .t..................
2 ..t.................
3 ....................
4 ....................
5 ....................
6 ....................
7 ....................
8 ........t...........
9 ....................
0 ..........t.........
1 ....................
2 ....................
3 ....................
4 ....................
5 ...............t....
6 ....................
7 ....................
8 ....................
9 ....................

Turn = 4.
  01234567890123456789
0 ....................
1 .t..................
2 ..t.................
3 ....................
4 ....................
5 ....................
6 ....................
7 ....................
8 ........t...........
9 ....................
0 ..........t.........
1 ....................
2 ....................
3 ....................
4 ....................
5 ...............t....
6 ....................
7 ....................
8 ....................
9 ....................

Turn = 5.
  01234567890123456789
0 ....................
1 .t..................
2 ..t.................
3 ....................
4 ....................
5 ....................
6 ....................
7 ....................
8 ........t...........
9 ....................
0 ..........t.........
1 ....................
2 ....................
3 ....................
4 ....................
5 ...............t....
6 ....................
7 ....................
8 ....................
9 ....................

Turn = 6.
  01234567890123456789
0 ....................
1 .t..................
2 ..t.................
3 ....................
4 ....................
5 ....................
6 ....................
7 ....................
8 ........t...........
9 ....................
0 ..........t.........
1 ....................
2 ....................
3 ....................
4 ....................
5 ...............t....
6 ....................
7 ....................
8 ....................
9 ....................

Turn = 7.
  01234567890123456789
0 ....................
1 .t..................
2 ..t.................
3 ....................
4 ....................
5 ....................
6 ....................
7 ....................
8 ........t...........
9 ....................
0 ..........t.........
1 ....................
2 ....................
3 ....................
4 ....................
5 ...............t....
6 ....................
7 ....................
8 ....................
9 ....................

Turn = 8.
  01234567890123456789
0 ....................
1 .t..................
2 ..t.................
3 ....................
4 ....................
5 ....................
6 ....................
7 ....................
8 ........t...........
9 ....................
0 ..........t.........
1 ....................
2 ....................
3 ....................
4 ....................
5 ...............t....
6 ....................
7 ....................
8 ....................
9 ....................

Turn = 9.
  01234567890123456789
0 ....................
1 .t..................
2 ..t.................
3 ....................
4 ....................
5 ....................
6 ....................
7 ....................
8 ........t...........
9 ....................
0 ..........t.........
1 ....................
2 ....................
3 ....................
4 ....................
5 ...............t....
6 ....................
7 ....................
8 ....................
9 ....................

Turn = 10.
  01234567890123456789
0 ....................
1 .t..................
2 ..t.................
3 ....................
4 ....................
5 ....................
6 ....................
7 ....................
8 ........t...........
9 ....................
0 ..........t.........
1 ....................
2 ....................
3 ....................
4 ....................
5 ...............t....
6 ....................
7 ....................
8 ....................
9 ....................

Turn = 11.
  01234567890123456789
0 ....................
1 .t..................
2 ..t.................
3 ....................
4 ....................
5 ....................
6 ....................
7 ....................
8 ........t...........
9 ....................
0 ..........t.........
1 ....................
2 ....................
3 ....................
4 ....................
5 ...............t....
6 ....................
7 ....................
8 ....................
9 ....................

Turn = 12.
  01234567890123456789
0 ....................
1 .t..................
2 ..t.................
3 ....................
4 ....................
5 ....................
6 ....................
7 ....................
8 ........t...........
9 ....................
0 ..........t.........
1 ....................
2 ....................
3 ....................
4 ....................
5 ...............t....
6 ....................
7 ....................
8 ....................
9 ....................

Turn = 13.
  01234567890123456789
0 ....................
1 .t..................
2 ..t.................
3 ....................
4 ....................
5 ....................
6 ....................
7 ....................
8 ........t...........
9 ....................
0 ..........t.........
1 ....................
2 ....................
3 ....................
4 ....................
5 ...............t....
6 ....................
7 ....................
8 ....................
9 ....................

Turn = 14.
  01234567890123456789
0 ....................
1 .t..................
2 ..t.................
3 ....................
4 ....................
5 ....................
6 ....................
7 ....................
8 ........t...........
9 ....................
0 ..........t.........
1 ....................
2 ....................
3 ....................
4 ....................
5 ...............t....
6 ....................
7 ....................
8 ....................
9 ....................

Turn = 15.
  01234567890123456789
0 ....................
1 .t..................
2 ..t.................
3 ....................
4 ....................
5 ....................
6 ....................
7 ....................
8 ........t...........
9 ....................
0 ..........t.........
1 ....................
2 ....................
3 ....................
4 ....................
5 ...............t....
6 ....................
7 ....................
8 ....................
9 ....................

*** Darwin 15x15 ***
Turn = 0.
  012345678901234
0 .fhrttfhrttfhrt
1 .fhrttfhrttfhrt
2 ...............
3 ...............
4 ...............
5 ...............
6 ...............
7 ...............
8 ...............
9 ...............
0 ...............
1 ...............
2 ...............
3 ...............
4 ...............

Turn = 3.
  012345678901234
0 .f.rrtrrrrtt.rr
1 .f.rrr..r.tt.rr
2 ..h...rh....h..
3 ...............
4 ..h....h....h..
5 ...............
6 ...............
7 ...............
8 ...............
9 ...............
0 ...............
1 ...............
2 ...............
3 ...............
4 ...............

Turn = 6.
  012345678901234
0 .rrrrtttrttt..r
1 .f.....tt.trrrr
2 ...............
3 ...............
4 ...r...........
5 ..h...rh....h..
6 ...............
7 ..h....h....h..
8 ...............
9 ...............
0 ...............
1 ...............
2 ...............
3 ...............
4 ...............

Turn = 9.
  012345678901234
0 .r..rr.ttttt...
1 ...r..rtt.ttrr.
2 .r............r
3 ...............
4 .r...........r.
5 ...............
6 ...............
7 ...r...........
8 ..h...rh....h..
9 ...............
0 ..h....h....h..
1 ...............
2 ...............
3 ...............
4 ...............

Turn = 12.
  012345678901234
0 r..r...ttttt...
1 .......tt.tttt.
2 ....r..........
3 ...............
4 ...r..r........
5 .r............r
6 ...............
7 .r...........r.
8 ...............
9 ...............
0 ...r...........
1 ..h...rh....h..
2 ...............
3 ..h....h....h..
4 ...............

*** Darwin 6x6 ***
Turn = 0.
  012345
0 tttttt
1 tttttt
2 tttttt
3 tttttt
4 tttttt
5 tttttt

Turn = 1.
  012345
0 tttttt
1 tttttt
2 tttttt
3 tttttt
4 tttttt
5 tttttt

Turn = 2.
  012345
0 tttttt
1 tttttt
2 tttttt
3 tttttt
4 tttttt
5 tttttt

Turn = 3.
  012345
0 tttttt
1 tttttt
2 tttttt
3 tttttt
4 tttttt
5 tttttt

Turn = 4.
  012345
0 tttttt
1 tttttt
2 tttttt
3 tttttt
4 tttttt
5 tttttt

Turn = 5.
  012345
0 tttttt
1 tttttt
2 tttttt
3 tttttt
4 tttttt
5 tttttt

Turn = 6.
  012345
0 tttttt
1 tttttt
2 tttttt
3 tttttt
4 tttttt
5 tttttt

Turn = 7.
  012345
0 tttttt
1 tttttt
2 tttttt
3 tttttt
4 tttttt
5 tttttt

Turn = 8.
  012345
0 tttttt
1 tttttt
2 tttttt
3 tttttt
4 tttttt
5 tttttt

Turn = 9.
  012345
0 tttttt
1 tttttt
2 tttttt
3 tttttt
4 tttttt
5 tttttt

Turn = 10.
  012345
0 tttttt
1 tttttt
2 tttttt
3 tttttt
4 tttttt
5 tttttt

*** Darwin 5x5 ***
Turn = 0.
  01234
0 .....
1 .....
2 ...f.
3 .....
4 .....

Turn = 1.
  01234
0 .....
1 .....
2 ...f.
3 .....
4 .....

Turn = 2.
  01234
0 .....
1 .....
2 ...f.
3 .....
4 .....

Turn = 3.
  01234
0 .....
1 .....
2 ...f.
3 .....
4 .....

Turn = 4.
  01234
0 .....
1 .....
2 ...f.
3 .....
4 .....

Turn = 5.
  01234
0 .....
1 .....
2 ...f.
3 .....
4 .....
